2026-04-14 15:41:57,529 | INFO | STARTING R-NETS TRAINING | User: accurate_not_trusting | DS: compas
2026-04-14 15:41:57,530 | INFO | --- Calibrating for iteration 1 ---
2026-04-14 15:41:57,530 | INFO | --- Training r-net for Beta: 0.1
2026-04-14 15:41:57,530 | INFO | Training r-net | User: accurate_not_trusting | Beta: 0.1 | Iter: 1
2026-04-14 15:41:57,657 | DEBUG | Input Tensor Shape: torch.Size([703, 8])
2026-04-14 15:41:57,671 | INFO | Epoch 1/20 - Loss: 1.0421
2026-04-14 15:41:57,682 | INFO | Epoch 2/20 - Loss: 1.0370
2026-04-14 15:41:57,694 | INFO | Epoch 3/20 - Loss: 1.0311
2026-04-14 15:41:57,705 | INFO | Epoch 4/20 - Loss: 1.0248
2026-04-14 15:41:57,717 | INFO | Epoch 5/20 - Loss: 1.0200
2026-04-14 15:41:57,728 | INFO | Epoch 6/20 - Loss: 1.0158
2026-04-14 15:41:57,739 | INFO | Epoch 7/20 - Loss: 1.0096
2026-04-14 15:41:57,750 | INFO | Epoch 8/20 - Loss: 1.0042
2026-04-14 15:41:57,761 | INFO | Epoch 9/20 - Loss: 0.9991
2026-04-14 15:41:57,773 | INFO | Epoch 10/20 - Loss: 0.9962
2026-04-14 15:41:57,784 | INFO | Epoch 11/20 - Loss: 0.9929
2026-04-14 15:41:57,796 | INFO | Epoch 12/20 - Loss: 0.9913
2026-04-14 15:41:57,809 | INFO | Epoch 13/20 - Loss: 0.9854
2026-04-14 15:41:57,821 | INFO | Epoch 14/20 - Loss: 0.9845
2026-04-14 15:41:57,831 | INFO | Epoch 15/20 - Loss: 0.9857
2026-04-14 15:41:57,843 | INFO | Epoch 16/20 - Loss: 0.9844
2026-04-14 15:41:57,855 | INFO | Epoch 17/20 - Loss: 0.9900
2026-04-14 15:41:57,866 | INFO | Epoch 18/20 - Loss: 0.9847
2026-04-14 15:41:57,877 | INFO | Epoch 19/20 - Loss: 0.9885
2026-04-14 15:41:57,889 | INFO | Epoch 20/20 - Loss: 0.9835
2026-04-14 15:41:57,894 | INFO | r-net saved to: ./r_nets/compas\iter_1\beta_01\r_net_accurate_not_trusting.pth
2026-04-14 15:41:57,908 | INFO | --- Training r-net for Beta: 0.15
2026-04-14 15:41:57,908 | INFO | Training r-net | User: accurate_not_trusting | Beta: 0.15 | Iter: 1
2026-04-14 15:41:58,027 | DEBUG | Input Tensor Shape: torch.Size([703, 8])
2026-04-14 15:41:58,039 | INFO | Epoch 1/20 - Loss: 0.9809
2026-04-14 15:41:58,050 | INFO | Epoch 2/20 - Loss: 0.9782
2026-04-14 15:41:58,062 | INFO | Epoch 3/20 - Loss: 0.9759
2026-04-14 15:41:58,076 | INFO | Epoch 4/20 - Loss: 0.9735
2026-04-14 15:41:58,089 | INFO | Epoch 5/20 - Loss: 0.9719
2026-04-14 15:41:58,100 | INFO | Epoch 6/20 - Loss: 0.9707
2026-04-14 15:41:58,112 | INFO | Epoch 7/20 - Loss: 0.9694
2026-04-14 15:41:58,123 | INFO | Epoch 8/20 - Loss: 0.9686
2026-04-14 15:41:58,134 | INFO | Epoch 9/20 - Loss: 0.9678
2026-04-14 15:41:58,145 | INFO | Epoch 10/20 - Loss: 0.9671
2026-04-14 15:41:58,157 | INFO | Epoch 11/20 - Loss: 0.9662
2026-04-14 15:41:58,169 | INFO | Epoch 12/20 - Loss: 0.9653
2026-04-14 15:41:58,180 | INFO | Epoch 13/20 - Loss: 0.9639
2026-04-14 15:41:58,192 | INFO | Epoch 14/20 - Loss: 0.9623
2026-04-14 15:41:58,203 | INFO | Epoch 15/20 - Loss: 0.9601
2026-04-14 15:41:58,214 | INFO | Epoch 16/20 - Loss: 0.9582
2026-04-14 15:41:58,224 | INFO | Epoch 17/20 - Loss: 0.9563
2026-04-14 15:41:58,237 | INFO | Epoch 18/20 - Loss: 0.9548
2026-04-14 15:41:58,248 | INFO | Epoch 19/20 - Loss: 0.9543
2026-04-14 15:41:58,260 | INFO | Epoch 20/20 - Loss: 0.9539
2026-04-14 15:41:58,266 | INFO | r-net saved to: ./r_nets/compas\iter_1\beta_015\r_net_accurate_not_trusting.pth
2026-04-14 15:41:58,279 | INFO | --- Training r-net for Beta: 0.2
2026-04-14 15:41:58,279 | INFO | Training r-net | User: accurate_not_trusting | Beta: 0.2 | Iter: 1
2026-04-14 15:41:58,398 | DEBUG | Input Tensor Shape: torch.Size([703, 8])
2026-04-14 15:41:58,410 | INFO | Epoch 1/20 - Loss: 1.0098
2026-04-14 15:41:58,423 | INFO | Epoch 2/20 - Loss: 0.9991
2026-04-14 15:41:58,435 | INFO | Epoch 3/20 - Loss: 0.9899
2026-04-14 15:41:58,447 | INFO | Epoch 4/20 - Loss: 0.9820
2026-04-14 15:41:58,461 | INFO | Epoch 5/20 - Loss: 0.9745
2026-04-14 15:41:58,471 | INFO | Epoch 6/20 - Loss: 0.9671
2026-04-14 15:41:58,482 | INFO | Epoch 7/20 - Loss: 0.9623
2026-04-14 15:41:58,494 | INFO | Epoch 8/20 - Loss: 0.9586
2026-04-14 15:41:58,506 | INFO | Epoch 9/20 - Loss: 0.9516
2026-04-14 15:41:58,517 | INFO | Epoch 10/20 - Loss: 0.9482
2026-04-14 15:41:58,528 | INFO | Epoch 11/20 - Loss: 0.9442
2026-04-14 15:41:58,540 | INFO | Epoch 12/20 - Loss: 0.9430
2026-04-14 15:41:58,551 | INFO | Epoch 13/20 - Loss: 0.9380
2026-04-14 15:41:58,564 | INFO | Epoch 14/20 - Loss: 0.9357
2026-04-14 15:41:58,576 | INFO | Epoch 15/20 - Loss: 0.9359
2026-04-14 15:41:58,588 | INFO | Epoch 16/20 - Loss: 0.9321
2026-04-14 15:41:58,599 | INFO | Epoch 17/20 - Loss: 0.9306
2026-04-14 15:41:58,610 | INFO | Epoch 18/20 - Loss: 0.9275
2026-04-14 15:41:58,621 | INFO | Epoch 19/20 - Loss: 0.9275
2026-04-14 15:41:58,632 | INFO | Epoch 20/20 - Loss: 0.9325
2026-04-14 15:41:58,637 | INFO | r-net saved to: ./r_nets/compas\iter_1\beta_02\r_net_accurate_not_trusting.pth
2026-04-14 15:41:58,649 | INFO | --- Training r-net for Beta: 0.25
2026-04-14 15:41:58,650 | INFO | Training r-net | User: accurate_not_trusting | Beta: 0.25 | Iter: 1
2026-04-14 15:41:58,773 | DEBUG | Input Tensor Shape: torch.Size([703, 8])
2026-04-14 15:41:58,785 | INFO | Epoch 1/20 - Loss: 0.8975
2026-04-14 15:41:58,796 | INFO | Epoch 2/20 - Loss: 0.8972
2026-04-14 15:41:58,807 | INFO | Epoch 3/20 - Loss: 0.8950
2026-04-14 15:41:58,819 | INFO | Epoch 4/20 - Loss: 0.8968
2026-04-14 15:41:58,830 | INFO | Epoch 5/20 - Loss: 0.8968
2026-04-14 15:41:58,839 | INFO | Epoch 6/20 - Loss: 0.8966
2026-04-14 15:41:58,848 | INFO | Epoch 7/20 - Loss: 0.8968
2026-04-14 15:41:58,859 | INFO | Epoch 8/20 - Loss: 0.8964
2026-04-14 15:41:58,870 | INFO | Epoch 9/20 - Loss: 0.8968
2026-04-14 15:41:58,881 | INFO | Epoch 10/20 - Loss: 0.8953
2026-04-14 15:41:58,892 | INFO | Epoch 11/20 - Loss: 0.8965
2026-04-14 15:41:58,904 | INFO | Epoch 12/20 - Loss: 0.8960
2026-04-14 15:41:58,915 | INFO | Epoch 13/20 - Loss: 0.8964
2026-04-14 15:41:58,925 | INFO | Epoch 14/20 - Loss: 0.8964
2026-04-14 15:41:58,938 | INFO | Epoch 15/20 - Loss: 0.8970
2026-04-14 15:41:58,952 | INFO | Epoch 16/20 - Loss: 0.8963
2026-04-14 15:41:58,963 | INFO | Epoch 17/20 - Loss: 0.8955
2026-04-14 15:41:58,974 | INFO | Epoch 18/20 - Loss: 0.8962
2026-04-14 15:41:58,985 | INFO | Epoch 19/20 - Loss: 0.8964
2026-04-14 15:41:58,996 | INFO | Epoch 20/20 - Loss: 0.8959
2026-04-14 15:41:58,998 | INFO | r-net saved to: ./r_nets/compas\iter_1\beta_025\r_net_accurate_not_trusting.pth
2026-04-14 15:41:59,009 | INFO | --- Training r-net for Beta: 0.3
2026-04-14 15:41:59,009 | INFO | Training r-net | User: accurate_not_trusting | Beta: 0.3 | Iter: 1
2026-04-14 15:41:59,131 | DEBUG | Input Tensor Shape: torch.Size([703, 8])
2026-04-14 15:41:59,143 | INFO | Epoch 1/20 - Loss: 0.8703
2026-04-14 15:41:59,154 | INFO | Epoch 2/20 - Loss: 0.8698
2026-04-14 15:41:59,167 | INFO | Epoch 3/20 - Loss: 0.8690
2026-04-14 15:41:59,178 | INFO | Epoch 4/20 - Loss: 0.8686
2026-04-14 15:41:59,189 | INFO | Epoch 5/20 - Loss: 0.8682
2026-04-14 15:41:59,202 | INFO | Epoch 6/20 - Loss: 0.8679
2026-04-14 15:41:59,214 | INFO | Epoch 7/20 - Loss: 0.8675
2026-04-14 15:41:59,226 | INFO | Epoch 8/20 - Loss: 0.8673
2026-04-14 15:41:59,237 | INFO | Epoch 9/20 - Loss: 0.8672
2026-04-14 15:41:59,248 | INFO | Epoch 10/20 - Loss: 0.8671
2026-04-14 15:41:59,259 | INFO | Epoch 11/20 - Loss: 0.8660
2026-04-14 15:41:59,271 | INFO | Epoch 12/20 - Loss: 0.8669
2026-04-14 15:41:59,282 | INFO | Epoch 13/20 - Loss: 0.8665
2026-04-14 15:41:59,294 | INFO | Epoch 14/20 - Loss: 0.8669
2026-04-14 15:41:59,305 | INFO | Epoch 15/20 - Loss: 0.8659
2026-04-14 15:41:59,315 | INFO | Epoch 16/20 - Loss: 0.8666
2026-04-14 15:41:59,328 | INFO | Epoch 17/20 - Loss: 0.8668
2026-04-14 15:41:59,340 | INFO | Epoch 18/20 - Loss: 0.8670
2026-04-14 15:41:59,352 | INFO | Epoch 19/20 - Loss: 0.8654
2026-04-14 15:41:59,363 | INFO | Epoch 20/20 - Loss: 0.8658
2026-04-14 15:41:59,367 | INFO | r-net saved to: ./r_nets/compas\iter_1\beta_03\r_net_accurate_not_trusting.pth
2026-04-14 15:41:59,379 | INFO | --- R-NET TRAINING FINISHED | User: accurate_not_trusting | DS: compas
2026-04-14 15:41:59,382 | INFO | STARTING R-NETS TRAINING | User: accurate_not_trusting | DS: compas
2026-04-14 15:41:59,383 | INFO | --- Calibrating for iteration 2 ---
2026-04-14 15:41:59,384 | INFO | --- Training r-net for Beta: 0.1
2026-04-14 15:41:59,384 | INFO | Training r-net | User: accurate_not_trusting | Beta: 0.1 | Iter: 2
2026-04-14 15:41:59,510 | DEBUG | Input Tensor Shape: torch.Size([710, 8])
2026-04-14 15:41:59,522 | INFO | Epoch 1/20 - Loss: 1.0667
2026-04-14 15:41:59,535 | INFO | Epoch 2/20 - Loss: 1.0581
2026-04-14 15:41:59,551 | INFO | Epoch 3/20 - Loss: 1.0500
2026-04-14 15:41:59,565 | INFO | Epoch 4/20 - Loss: 1.0418
2026-04-14 15:41:59,580 | INFO | Epoch 5/20 - Loss: 1.0314
2026-04-14 15:41:59,593 | INFO | Epoch 6/20 - Loss: 1.0245
2026-04-14 15:41:59,607 | INFO | Epoch 7/20 - Loss: 1.0167
2026-04-14 15:41:59,620 | INFO | Epoch 8/20 - Loss: 1.0075
2026-04-14 15:41:59,633 | INFO | Epoch 9/20 - Loss: 0.9973
2026-04-14 15:41:59,647 | INFO | Epoch 10/20 - Loss: 0.9906
2026-04-14 15:41:59,663 | INFO | Epoch 11/20 - Loss: 0.9825
2026-04-14 15:41:59,678 | INFO | Epoch 12/20 - Loss: 0.9755
2026-04-14 15:41:59,691 | INFO | Epoch 13/20 - Loss: 0.9677
2026-04-14 15:41:59,706 | INFO | Epoch 14/20 - Loss: 0.9633
2026-04-14 15:41:59,717 | INFO | Epoch 15/20 - Loss: 0.9594
2026-04-14 15:41:59,728 | INFO | Epoch 16/20 - Loss: 0.9523
2026-04-14 15:41:59,741 | INFO | Epoch 17/20 - Loss: 0.9552
2026-04-14 15:41:59,753 | INFO | Epoch 18/20 - Loss: 0.9536
2026-04-14 15:41:59,763 | INFO | Epoch 19/20 - Loss: 0.9564
2026-04-14 15:41:59,774 | INFO | Epoch 20/20 - Loss: 0.9576
2026-04-14 15:41:59,779 | INFO | r-net saved to: ./r_nets/compas\iter_2\beta_01\r_net_accurate_not_trusting.pth
2026-04-14 15:41:59,791 | INFO | --- Training r-net for Beta: 0.15
2026-04-14 15:41:59,791 | INFO | Training r-net | User: accurate_not_trusting | Beta: 0.15 | Iter: 2
2026-04-14 15:41:59,914 | DEBUG | Input Tensor Shape: torch.Size([710, 8])
2026-04-14 15:41:59,928 | INFO | Epoch 1/20 - Loss: 0.9293
2026-04-14 15:41:59,939 | INFO | Epoch 2/20 - Loss: 0.9290
2026-04-14 15:41:59,955 | INFO | Epoch 3/20 - Loss: 0.9278
2026-04-14 15:41:59,971 | INFO | Epoch 4/20 - Loss: 0.9274
2026-04-14 15:41:59,984 | INFO | Epoch 5/20 - Loss: 0.9270
2026-04-14 15:41:59,997 | INFO | Epoch 6/20 - Loss: 0.9266
2026-04-14 15:42:00,006 | INFO | Epoch 7/20 - Loss: 0.9263
2026-04-14 15:42:00,013 | INFO | Epoch 8/20 - Loss: 0.9260
2026-04-14 15:42:00,030 | INFO | Epoch 9/20 - Loss: 0.9258
2026-04-14 15:42:00,045 | INFO | Epoch 10/20 - Loss: 0.9254
2026-04-14 15:42:00,057 | INFO | Epoch 11/20 - Loss: 0.9257
2026-04-14 15:42:00,069 | INFO | Epoch 12/20 - Loss: 0.9254
2026-04-14 15:42:00,079 | INFO | Epoch 13/20 - Loss: 0.9254
2026-04-14 15:42:00,091 | INFO | Epoch 14/20 - Loss: 0.9254
2026-04-14 15:42:00,102 | INFO | Epoch 15/20 - Loss: 0.9255
2026-04-14 15:42:00,113 | INFO | Epoch 16/20 - Loss: 0.9247
2026-04-14 15:42:00,124 | INFO | Epoch 17/20 - Loss: 0.9252
2026-04-14 15:42:00,136 | INFO | Epoch 18/20 - Loss: 0.9253
2026-04-14 15:42:00,147 | INFO | Epoch 19/20 - Loss: 0.9248
2026-04-14 15:42:00,158 | INFO | Epoch 20/20 - Loss: 0.9251
2026-04-14 15:42:00,160 | INFO | r-net saved to: ./r_nets/compas\iter_2\beta_015\r_net_accurate_not_trusting.pth
2026-04-14 15:42:00,171 | INFO | --- Training r-net for Beta: 0.2
2026-04-14 15:42:00,171 | INFO | Training r-net | User: accurate_not_trusting | Beta: 0.2 | Iter: 2
2026-04-14 15:42:00,293 | DEBUG | Input Tensor Shape: torch.Size([710, 8])
2026-04-14 15:42:00,305 | INFO | Epoch 1/20 - Loss: 0.9001
2026-04-14 15:42:00,316 | INFO | Epoch 2/20 - Loss: 0.8996
2026-04-14 15:42:00,327 | INFO | Epoch 3/20 - Loss: 0.8994
2026-04-14 15:42:00,339 | INFO | Epoch 4/20 - Loss: 0.8990
2026-04-14 15:42:00,351 | INFO | Epoch 5/20 - Loss: 0.8978
2026-04-14 15:42:00,362 | INFO | Epoch 6/20 - Loss: 0.8985
2026-04-14 15:42:00,374 | INFO | Epoch 7/20 - Loss: 0.8996
2026-04-14 15:42:00,385 | INFO | Epoch 8/20 - Loss: 0.8996
2026-04-14 15:42:00,396 | INFO | Epoch 9/20 - Loss: 0.8982
2026-04-14 15:42:00,407 | INFO | Epoch 10/20 - Loss: 0.8991
2026-04-14 15:42:00,419 | INFO | Epoch 11/20 - Loss: 0.8984
2026-04-14 15:42:00,430 | INFO | Epoch 12/20 - Loss: 0.8986
2026-04-14 15:42:00,441 | INFO | Epoch 13/20 - Loss: 0.8986
2026-04-14 15:42:00,452 | INFO | Epoch 14/20 - Loss: 0.8982
2026-04-14 15:42:00,464 | INFO | Epoch 15/20 - Loss: 0.8973
2026-04-14 15:42:00,477 | INFO | Epoch 16/20 - Loss: 0.8994
2026-04-14 15:42:00,489 | INFO | Epoch 17/20 - Loss: 0.8987
2026-04-14 15:42:00,500 | INFO | Epoch 18/20 - Loss: 0.8989
2026-04-14 15:42:00,512 | INFO | Epoch 19/20 - Loss: 0.8982
2026-04-14 15:42:00,525 | INFO | Epoch 20/20 - Loss: 0.8985
2026-04-14 15:42:00,529 | INFO | r-net saved to: ./r_nets/compas\iter_2\beta_02\r_net_accurate_not_trusting.pth
2026-04-14 15:42:00,541 | INFO | --- Training r-net for Beta: 0.25
2026-04-14 15:42:00,542 | INFO | Training r-net | User: accurate_not_trusting | Beta: 0.25 | Iter: 2
2026-04-14 15:42:00,662 | DEBUG | Input Tensor Shape: torch.Size([710, 8])
2026-04-14 15:42:00,675 | INFO | Epoch 1/20 - Loss: 0.8907
2026-04-14 15:42:00,688 | INFO | Epoch 2/20 - Loss: 0.8888
2026-04-14 15:42:00,700 | INFO | Epoch 3/20 - Loss: 0.8873
2026-04-14 15:42:00,711 | INFO | Epoch 4/20 - Loss: 0.8857
2026-04-14 15:42:00,725 | INFO | Epoch 5/20 - Loss: 0.8840
2026-04-14 15:42:00,738 | INFO | Epoch 6/20 - Loss: 0.8829
2026-04-14 15:42:00,749 | INFO | Epoch 7/20 - Loss: 0.8811
2026-04-14 15:42:00,761 | INFO | Epoch 8/20 - Loss: 0.8799
2026-04-14 15:42:00,775 | INFO | Epoch 9/20 - Loss: 0.8784
2026-04-14 15:42:00,787 | INFO | Epoch 10/20 - Loss: 0.8775
2026-04-14 15:42:00,798 | INFO | Epoch 11/20 - Loss: 0.8748
2026-04-14 15:42:00,809 | INFO | Epoch 12/20 - Loss: 0.8747
2026-04-14 15:42:00,822 | INFO | Epoch 13/20 - Loss: 0.8728
2026-04-14 15:42:00,833 | INFO | Epoch 14/20 - Loss: 0.8746
2026-04-14 15:42:00,844 | INFO | Epoch 15/20 - Loss: 0.8711
2026-04-14 15:42:00,855 | INFO | Epoch 16/20 - Loss: 0.8710
2026-04-14 15:42:00,866 | INFO | Epoch 17/20 - Loss: 0.8718
2026-04-14 15:42:00,877 | INFO | Epoch 18/20 - Loss: 0.8723
2026-04-14 15:42:00,888 | INFO | Epoch 19/20 - Loss: 0.8720
2026-04-14 15:42:00,900 | INFO | Epoch 20/20 - Loss: 0.8711
2026-04-14 15:42:00,905 | INFO | r-net saved to: ./r_nets/compas\iter_2\beta_025\r_net_accurate_not_trusting.pth
2026-04-14 15:42:00,916 | INFO | --- Training r-net for Beta: 0.3
2026-04-14 15:42:00,916 | INFO | Training r-net | User: accurate_not_trusting | Beta: 0.3 | Iter: 2
2026-04-14 15:42:01,037 | DEBUG | Input Tensor Shape: torch.Size([710, 8])
2026-04-14 15:42:01,049 | INFO | Epoch 1/20 - Loss: 0.8471
2026-04-14 15:42:01,060 | INFO | Epoch 2/20 - Loss: 0.8464
2026-04-14 15:42:01,072 | INFO | Epoch 3/20 - Loss: 0.8444
2026-04-14 15:42:01,083 | INFO | Epoch 4/20 - Loss: 0.8431
2026-04-14 15:42:01,094 | INFO | Epoch 5/20 - Loss: 0.8442
2026-04-14 15:42:01,105 | INFO | Epoch 6/20 - Loss: 0.8433
2026-04-14 15:42:01,117 | INFO | Epoch 7/20 - Loss: 0.8420
2026-04-14 15:42:01,131 | INFO | Epoch 8/20 - Loss: 0.8437
2026-04-14 15:42:01,144 | INFO | Epoch 9/20 - Loss: 0.8424
2026-04-14 15:42:01,156 | INFO | Epoch 10/20 - Loss: 0.8411
2026-04-14 15:42:01,167 | INFO | Epoch 11/20 - Loss: 0.8402
2026-04-14 15:42:01,178 | INFO | Epoch 12/20 - Loss: 0.8402
2026-04-14 15:42:01,190 | INFO | Epoch 13/20 - Loss: 0.8414
2026-04-14 15:42:01,202 | INFO | Epoch 14/20 - Loss: 0.8418
2026-04-14 15:42:01,213 | INFO | Epoch 15/20 - Loss: 0.8424
2026-04-14 15:42:01,224 | INFO | Epoch 16/20 - Loss: 0.8431
2026-04-14 15:42:01,236 | INFO | Epoch 17/20 - Loss: 0.8425
2026-04-14 15:42:01,248 | INFO | Epoch 18/20 - Loss: 0.8425
2026-04-14 15:42:01,260 | INFO | Epoch 19/20 - Loss: 0.8412
2026-04-14 15:42:01,271 | INFO | Epoch 20/20 - Loss: 0.8404
2026-04-14 15:42:01,275 | INFO | r-net saved to: ./r_nets/compas\iter_2\beta_03\r_net_accurate_not_trusting.pth
2026-04-14 15:42:01,287 | INFO | --- R-NET TRAINING FINISHED | User: accurate_not_trusting | DS: compas
2026-04-14 15:42:01,291 | INFO | STARTING R-NETS TRAINING | User: accurate_not_trusting | DS: compas
2026-04-14 15:42:01,292 | INFO | --- Calibrating for iteration 3 ---
2026-04-14 15:42:01,292 | INFO | --- Training r-net for Beta: 0.1
2026-04-14 15:42:01,292 | INFO | Training r-net | User: accurate_not_trusting | Beta: 0.1 | Iter: 3
2026-04-14 15:42:01,412 | DEBUG | Input Tensor Shape: torch.Size([712, 8])
2026-04-14 15:42:01,424 | INFO | Epoch 1/20 - Loss: 0.9698
2026-04-14 15:42:01,435 | INFO | Epoch 2/20 - Loss: 0.9659
2026-04-14 15:42:01,445 | INFO | Epoch 3/20 - Loss: 0.9621
2026-04-14 15:42:01,457 | INFO | Epoch 4/20 - Loss: 0.9574
2026-04-14 15:42:01,469 | INFO | Epoch 5/20 - Loss: 0.9541
2026-04-14 15:42:01,480 | INFO | Epoch 6/20 - Loss: 0.9505
2026-04-14 15:42:01,491 | INFO | Epoch 7/20 - Loss: 0.9478
2026-04-14 15:42:01,504 | INFO | Epoch 8/20 - Loss: 0.9456
2026-04-14 15:42:01,516 | INFO | Epoch 9/20 - Loss: 0.9433
2026-04-14 15:42:01,527 | INFO | Epoch 10/20 - Loss: 0.9415
2026-04-14 15:42:01,538 | INFO | Epoch 11/20 - Loss: 0.9388
2026-04-14 15:42:01,549 | INFO | Epoch 12/20 - Loss: 0.9373
2026-04-14 15:42:01,561 | INFO | Epoch 13/20 - Loss: 0.9348
2026-04-14 15:42:01,572 | INFO | Epoch 14/20 - Loss: 0.9320
2026-04-14 15:42:01,584 | INFO | Epoch 15/20 - Loss: 0.9309
2026-04-14 15:42:01,595 | INFO | Epoch 16/20 - Loss: 0.9295
2026-04-14 15:42:01,608 | INFO | Epoch 17/20 - Loss: 0.9275
2026-04-14 15:42:01,620 | INFO | Epoch 18/20 - Loss: 0.9257
2026-04-14 15:42:01,630 | INFO | Epoch 19/20 - Loss: 0.9259
2026-04-14 15:42:01,641 | INFO | Epoch 20/20 - Loss: 0.9254
2026-04-14 15:42:01,643 | INFO | r-net saved to: ./r_nets/compas\iter_3\beta_01\r_net_accurate_not_trusting.pth
2026-04-14 15:42:01,655 | INFO | --- Training r-net for Beta: 0.15
2026-04-14 15:42:01,655 | INFO | Training r-net | User: accurate_not_trusting | Beta: 0.15 | Iter: 3
2026-04-14 15:42:01,780 | DEBUG | Input Tensor Shape: torch.Size([712, 8])
2026-04-14 15:42:01,792 | INFO | Epoch 1/20 - Loss: 0.9630
2026-04-14 15:42:01,803 | INFO | Epoch 2/20 - Loss: 0.9545
2026-04-14 15:42:01,815 | INFO | Epoch 3/20 - Loss: 0.9464
2026-04-14 15:42:01,827 | INFO | Epoch 4/20 - Loss: 0.9411
2026-04-14 15:42:01,837 | INFO | Epoch 5/20 - Loss: 0.9350
2026-04-14 15:42:01,848 | INFO | Epoch 6/20 - Loss: 0.9307
2026-04-14 15:42:01,860 | INFO | Epoch 7/20 - Loss: 0.9287
2026-04-14 15:42:01,870 | INFO | Epoch 8/20 - Loss: 0.9212
2026-04-14 15:42:01,892 | INFO | Epoch 9/20 - Loss: 0.9205
2026-04-14 15:42:01,906 | INFO | Epoch 10/20 - Loss: 0.9158
2026-04-14 15:42:01,918 | INFO | Epoch 11/20 - Loss: 0.9137
2026-04-14 15:42:01,932 | INFO | Epoch 12/20 - Loss: 0.9082
2026-04-14 15:42:01,945 | INFO | Epoch 13/20 - Loss: 0.9072
2026-04-14 15:42:01,957 | INFO | Epoch 14/20 - Loss: 0.9061
2026-04-14 15:42:01,972 | INFO | Epoch 15/20 - Loss: 0.9035
2026-04-14 15:42:01,984 | INFO | Epoch 16/20 - Loss: 0.9038
2026-04-14 15:42:02,000 | INFO | Epoch 17/20 - Loss: 0.9007
2026-04-14 15:42:02,016 | INFO | Epoch 18/20 - Loss: 0.9028
2026-04-14 15:42:02,029 | INFO | Epoch 19/20 - Loss: 0.9046
2026-04-14 15:42:02,043 | INFO | Epoch 20/20 - Loss: 0.9053
2026-04-14 15:42:02,048 | INFO | r-net saved to: ./r_nets/compas\iter_3\beta_015\r_net_accurate_not_trusting.pth
2026-04-14 15:42:02,062 | INFO | --- Training r-net for Beta: 0.2
2026-04-14 15:42:02,062 | INFO | Training r-net | User: accurate_not_trusting | Beta: 0.2 | Iter: 3
2026-04-14 15:42:02,204 | DEBUG | Input Tensor Shape: torch.Size([712, 8])
2026-04-14 15:42:02,217 | INFO | Epoch 1/20 - Loss: 0.9212
2026-04-14 15:42:02,228 | INFO | Epoch 2/20 - Loss: 0.9191
2026-04-14 15:42:02,240 | INFO | Epoch 3/20 - Loss: 0.9171
2026-04-14 15:42:02,251 | INFO | Epoch 4/20 - Loss: 0.9146
2026-04-14 15:42:02,262 | INFO | Epoch 5/20 - Loss: 0.9114
2026-04-14 15:42:02,273 | INFO | Epoch 6/20 - Loss: 0.9077
2026-04-14 15:42:02,285 | INFO | Epoch 7/20 - Loss: 0.9041
2026-04-14 15:42:02,296 | INFO | Epoch 8/20 - Loss: 0.8987
2026-04-14 15:42:02,308 | INFO | Epoch 9/20 - Loss: 0.8953
2026-04-14 15:42:02,319 | INFO | Epoch 10/20 - Loss: 0.8897
2026-04-14 15:42:02,330 | INFO | Epoch 11/20 - Loss: 0.8844
2026-04-14 15:42:02,342 | INFO | Epoch 12/20 - Loss: 0.8798
2026-04-14 15:42:02,353 | INFO | Epoch 13/20 - Loss: 0.8758
2026-04-14 15:42:02,365 | INFO | Epoch 14/20 - Loss: 0.8752
2026-04-14 15:42:02,375 | INFO | Epoch 15/20 - Loss: 0.8774
2026-04-14 15:42:02,388 | INFO | Epoch 16/20 - Loss: 0.8758
2026-04-14 15:42:02,399 | INFO | Epoch 17/20 - Loss: 0.8719
2026-04-14 15:42:02,412 | INFO | Epoch 18/20 - Loss: 0.8733
2026-04-14 15:42:02,426 | INFO | Epoch 19/20 - Loss: 0.8790
2026-04-14 15:42:02,437 | INFO | Epoch 20/20 - Loss: 0.8727
2026-04-14 15:42:02,442 | INFO | r-net saved to: ./r_nets/compas\iter_3\beta_02\r_net_accurate_not_trusting.pth
2026-04-14 15:42:02,452 | INFO | --- Training r-net for Beta: 0.25
2026-04-14 15:42:02,452 | INFO | Training r-net | User: accurate_not_trusting | Beta: 0.25 | Iter: 3
2026-04-14 15:42:02,575 | DEBUG | Input Tensor Shape: torch.Size([712, 8])
2026-04-14 15:42:02,589 | INFO | Epoch 1/20 - Loss: 0.8619
2026-04-14 15:42:02,602 | INFO | Epoch 2/20 - Loss: 0.8584
2026-04-14 15:42:02,613 | INFO | Epoch 3/20 - Loss: 0.8528
2026-04-14 15:42:02,623 | INFO | Epoch 4/20 - Loss: 0.8526
2026-04-14 15:42:02,635 | INFO | Epoch 5/20 - Loss: 0.8491
2026-04-14 15:42:02,645 | INFO | Epoch 6/20 - Loss: 0.8466
2026-04-14 15:42:02,656 | INFO | Epoch 7/20 - Loss: 0.8432
2026-04-14 15:42:02,668 | INFO | Epoch 8/20 - Loss: 0.8446
2026-04-14 15:42:02,681 | INFO | Epoch 9/20 - Loss: 0.8434
2026-04-14 15:42:02,694 | INFO | Epoch 10/20 - Loss: 0.8432
2026-04-14 15:42:02,705 | INFO | Epoch 11/20 - Loss: 0.8425
2026-04-14 15:42:02,716 | INFO | Epoch 12/20 - Loss: 0.8427
2026-04-14 15:42:02,728 | INFO | Epoch 13/20 - Loss: 0.8416
2026-04-14 15:42:02,740 | INFO | Epoch 14/20 - Loss: 0.8407
2026-04-14 15:42:02,750 | INFO | Epoch 15/20 - Loss: 0.8430
2026-04-14 15:42:02,763 | INFO | Epoch 16/20 - Loss: 0.8407
2026-04-14 15:42:02,774 | INFO | Epoch 17/20 - Loss: 0.8432
2026-04-14 15:42:02,785 | INFO | Epoch 18/20 - Loss: 0.8429
2026-04-14 15:42:02,796 | INFO | Epoch 19/20 - Loss: 0.8431
2026-04-14 15:42:02,807 | INFO | Epoch 20/20 - Loss: 0.8410
2026-04-14 15:42:02,809 | INFO | r-net saved to: ./r_nets/compas\iter_3\beta_025\r_net_accurate_not_trusting.pth
2026-04-14 15:42:02,821 | INFO | --- Training r-net for Beta: 0.3
2026-04-14 15:42:02,821 | INFO | Training r-net | User: accurate_not_trusting | Beta: 0.3 | Iter: 3
2026-04-14 15:42:02,945 | DEBUG | Input Tensor Shape: torch.Size([712, 8])
2026-04-14 15:42:02,958 | INFO | Epoch 1/20 - Loss: 0.8127
2026-04-14 15:42:02,969 | INFO | Epoch 2/20 - Loss: 0.8123
2026-04-14 15:42:02,980 | INFO | Epoch 3/20 - Loss: 0.8125
2026-04-14 15:42:02,992 | INFO | Epoch 4/20 - Loss: 0.8128
2026-04-14 15:42:03,003 | INFO | Epoch 5/20 - Loss: 0.8122
2026-04-14 15:42:03,015 | INFO | Epoch 6/20 - Loss: 0.8115
2026-04-14 15:42:03,026 | INFO | Epoch 7/20 - Loss: 0.8117
2026-04-14 15:42:03,037 | INFO | Epoch 8/20 - Loss: 0.8114
2026-04-14 15:42:03,048 | INFO | Epoch 9/20 - Loss: 0.8114
2026-04-14 15:42:03,059 | INFO | Epoch 10/20 - Loss: 0.8110
2026-04-14 15:42:03,070 | INFO | Epoch 11/20 - Loss: 0.8113
2026-04-14 15:42:03,081 | INFO | Epoch 12/20 - Loss: 0.8108
2026-04-14 15:42:03,093 | INFO | Epoch 13/20 - Loss: 0.8109
2026-04-14 15:42:03,105 | INFO | Epoch 14/20 - Loss: 0.8110
2026-04-14 15:42:03,116 | INFO | Epoch 15/20 - Loss: 0.8117
2026-04-14 15:42:03,127 | INFO | Epoch 16/20 - Loss: 0.8119
2026-04-14 15:42:03,139 | INFO | Epoch 17/20 - Loss: 0.8104
2026-04-14 15:42:03,150 | INFO | Epoch 18/20 - Loss: 0.8101
2026-04-14 15:42:03,162 | INFO | Epoch 19/20 - Loss: 0.8111
2026-04-14 15:42:03,173 | INFO | Epoch 20/20 - Loss: 0.8115
2026-04-14 15:42:03,175 | INFO | r-net saved to: ./r_nets/compas\iter_3\beta_03\r_net_accurate_not_trusting.pth
2026-04-14 15:42:03,186 | INFO | --- R-NET TRAINING FINISHED | User: accurate_not_trusting | DS: compas
