2026-04-23 12:21:18,831 | INFO | STARTING R-NETS TRAINING | User: inaccurate_trusting | DS: compas
2026-04-23 12:21:18,832 | INFO | --- Calibrating for iteration 1 ---
2026-04-23 12:21:18,832 | INFO | --- Training r-net for Beta: 0.15
2026-04-23 12:21:18,832 | INFO | Training r-net | User: inaccurate_trusting | Beta: 0.15 | Iter: 1
2026-04-23 12:21:18,942 | DEBUG | Input Tensor Shape: torch.Size([703, 8])
2026-04-23 12:21:18,955 | INFO | Epoch 1/20 - Loss: 1.0301
2026-04-23 12:21:18,963 | INFO | Epoch 2/20 - Loss: 1.0266
2026-04-23 12:21:18,971 | INFO | Epoch 3/20 - Loss: 1.0234
2026-04-23 12:21:18,982 | INFO | Epoch 4/20 - Loss: 1.0198
2026-04-23 12:21:18,992 | INFO | Epoch 5/20 - Loss: 1.0159
2026-04-23 12:21:19,000 | INFO | Epoch 6/20 - Loss: 1.0111
2026-04-23 12:21:19,008 | INFO | Epoch 7/20 - Loss: 1.0071
2026-04-23 12:21:19,016 | INFO | Epoch 8/20 - Loss: 1.0040
2026-04-23 12:21:19,024 | INFO | Epoch 9/20 - Loss: 0.9982
2026-04-23 12:21:19,032 | INFO | Epoch 10/20 - Loss: 0.9942
2026-04-23 12:21:19,040 | INFO | Epoch 11/20 - Loss: 0.9895
2026-04-23 12:21:19,048 | INFO | Epoch 12/20 - Loss: 0.9824
2026-04-23 12:21:19,056 | INFO | Epoch 13/20 - Loss: 0.9799
2026-04-23 12:21:19,064 | INFO | Epoch 14/20 - Loss: 0.9761
2026-04-23 12:21:19,072 | INFO | Epoch 15/20 - Loss: 0.9771
2026-04-23 12:21:19,080 | INFO | Epoch 16/20 - Loss: 0.9749
2026-04-23 12:21:19,088 | INFO | Epoch 17/20 - Loss: 0.9722
2026-04-23 12:21:19,096 | INFO | Epoch 18/20 - Loss: 0.9740
2026-04-23 12:21:19,104 | INFO | Epoch 19/20 - Loss: 0.9727
2026-04-23 12:21:19,112 | INFO | Epoch 20/20 - Loss: 0.9731
2026-04-23 12:21:19,113 | INFO | r-net saved to: ./r_nets/compas\iter_1\beta_015\r_net_inaccurate_trusting.pth
2026-04-23 12:21:19,126 | INFO | --- Training r-net for Beta: 0.2
2026-04-23 12:21:19,126 | INFO | Training r-net | User: inaccurate_trusting | Beta: 0.2 | Iter: 1
2026-04-23 12:21:19,219 | DEBUG | Input Tensor Shape: torch.Size([703, 8])
2026-04-23 12:21:19,231 | INFO | Epoch 1/20 - Loss: 0.9426
2026-04-23 12:21:19,241 | INFO | Epoch 2/20 - Loss: 0.9433
2026-04-23 12:21:19,249 | INFO | Epoch 3/20 - Loss: 0.9425
2026-04-23 12:21:19,257 | INFO | Epoch 4/20 - Loss: 0.9421
2026-04-23 12:21:19,265 | INFO | Epoch 5/20 - Loss: 0.9423
2026-04-23 12:21:19,273 | INFO | Epoch 6/20 - Loss: 0.9420
2026-04-23 12:21:19,281 | INFO | Epoch 7/20 - Loss: 0.9419
2026-04-23 12:21:19,289 | INFO | Epoch 8/20 - Loss: 0.9420
2026-04-23 12:21:19,297 | INFO | Epoch 9/20 - Loss: 0.9423
2026-04-23 12:21:19,306 | INFO | Epoch 10/20 - Loss: 0.9417
2026-04-23 12:21:19,317 | INFO | Epoch 11/20 - Loss: 0.9420
2026-04-23 12:21:19,325 | INFO | Epoch 12/20 - Loss: 0.9410
2026-04-23 12:21:19,333 | INFO | Epoch 13/20 - Loss: 0.9419
2026-04-23 12:21:19,342 | INFO | Epoch 14/20 - Loss: 0.9422
2026-04-23 12:21:19,350 | INFO | Epoch 15/20 - Loss: 0.9423
2026-04-23 12:21:19,358 | INFO | Epoch 16/20 - Loss: 0.9415
2026-04-23 12:21:19,366 | INFO | Epoch 17/20 - Loss: 0.9404
2026-04-23 12:21:19,377 | INFO | Epoch 18/20 - Loss: 0.9414
2026-04-23 12:21:19,392 | INFO | Epoch 19/20 - Loss: 0.9412
2026-04-23 12:21:19,406 | INFO | Epoch 20/20 - Loss: 0.9407
2026-04-23 12:21:19,407 | INFO | r-net saved to: ./r_nets/compas\iter_1\beta_02\r_net_inaccurate_trusting.pth
2026-04-23 12:21:19,420 | INFO | --- Training r-net for Beta: 0.25
2026-04-23 12:21:19,420 | INFO | Training r-net | User: inaccurate_trusting | Beta: 0.25 | Iter: 1
2026-04-23 12:21:19,518 | DEBUG | Input Tensor Shape: torch.Size([703, 8])
2026-04-23 12:21:19,527 | INFO | Epoch 1/20 - Loss: 0.9237
2026-04-23 12:21:19,535 | INFO | Epoch 2/20 - Loss: 0.9219
2026-04-23 12:21:19,543 | INFO | Epoch 3/20 - Loss: 0.9208
2026-04-23 12:21:19,551 | INFO | Epoch 4/20 - Loss: 0.9196
2026-04-23 12:21:19,559 | INFO | Epoch 5/20 - Loss: 0.9184
2026-04-23 12:21:19,567 | INFO | Epoch 6/20 - Loss: 0.9179
2026-04-23 12:21:19,575 | INFO | Epoch 7/20 - Loss: 0.9169
2026-04-23 12:21:19,583 | INFO | Epoch 8/20 - Loss: 0.9165
2026-04-23 12:21:19,591 | INFO | Epoch 9/20 - Loss: 0.9159
2026-04-23 12:21:19,599 | INFO | Epoch 10/20 - Loss: 0.9149
2026-04-23 12:21:19,606 | INFO | Epoch 11/20 - Loss: 0.9144
2026-04-23 12:21:19,614 | INFO | Epoch 12/20 - Loss: 0.9143
2026-04-23 12:21:19,622 | INFO | Epoch 13/20 - Loss: 0.9138
2026-04-23 12:21:19,630 | INFO | Epoch 14/20 - Loss: 0.9131
2026-04-23 12:21:19,638 | INFO | Epoch 15/20 - Loss: 0.9140
2026-04-23 12:21:19,646 | INFO | Epoch 16/20 - Loss: 0.9142
2026-04-23 12:21:19,654 | INFO | Epoch 17/20 - Loss: 0.9137
2026-04-23 12:21:19,663 | INFO | Epoch 18/20 - Loss: 0.9135
2026-04-23 12:21:19,671 | INFO | Epoch 19/20 - Loss: 0.9144
2026-04-23 12:21:19,679 | INFO | Epoch 20/20 - Loss: 0.9135
2026-04-23 12:21:19,680 | INFO | r-net saved to: ./r_nets/compas\iter_1\beta_025\r_net_inaccurate_trusting.pth
2026-04-23 12:21:19,690 | INFO | --- Training r-net for Beta: 0.3
2026-04-23 12:21:19,690 | INFO | Training r-net | User: inaccurate_trusting | Beta: 0.3 | Iter: 1
2026-04-23 12:21:19,791 | DEBUG | Input Tensor Shape: torch.Size([703, 8])
2026-04-23 12:21:19,801 | INFO | Epoch 1/20 - Loss: 0.8846
2026-04-23 12:21:19,809 | INFO | Epoch 2/20 - Loss: 0.8847
2026-04-23 12:21:19,817 | INFO | Epoch 3/20 - Loss: 0.8863
2026-04-23 12:21:19,825 | INFO | Epoch 4/20 - Loss: 0.8844
2026-04-23 12:21:19,833 | INFO | Epoch 5/20 - Loss: 0.8849
2026-04-23 12:21:19,842 | INFO | Epoch 6/20 - Loss: 0.8844
2026-04-23 12:21:19,850 | INFO | Epoch 7/20 - Loss: 0.8848
2026-04-23 12:21:19,858 | INFO | Epoch 8/20 - Loss: 0.8855
2026-04-23 12:21:19,866 | INFO | Epoch 9/20 - Loss: 0.8848
2026-04-23 12:21:19,873 | INFO | Epoch 10/20 - Loss: 0.8848
2026-04-23 12:21:19,881 | INFO | Epoch 11/20 - Loss: 0.8839
2026-04-23 12:21:19,889 | INFO | Epoch 12/20 - Loss: 0.8842
2026-04-23 12:21:19,897 | INFO | Epoch 13/20 - Loss: 0.8836
2026-04-23 12:21:19,905 | INFO | Epoch 14/20 - Loss: 0.8840
2026-04-23 12:21:19,913 | INFO | Epoch 15/20 - Loss: 0.8837
2026-04-23 12:21:19,921 | INFO | Epoch 16/20 - Loss: 0.8835
2026-04-23 12:21:19,929 | INFO | Epoch 17/20 - Loss: 0.8840
2026-04-23 12:21:19,937 | INFO | Epoch 18/20 - Loss: 0.8839
2026-04-23 12:21:19,945 | INFO | Epoch 19/20 - Loss: 0.8830
2026-04-23 12:21:19,953 | INFO | Epoch 20/20 - Loss: 0.8831
2026-04-23 12:21:19,954 | INFO | r-net saved to: ./r_nets/compas\iter_1\beta_03\r_net_inaccurate_trusting.pth
2026-04-23 12:21:19,966 | INFO | --- Training r-net for Beta: 0.35
2026-04-23 12:21:19,966 | INFO | Training r-net | User: inaccurate_trusting | Beta: 0.35 | Iter: 1
2026-04-23 12:21:20,058 | DEBUG | Input Tensor Shape: torch.Size([703, 8])
2026-04-23 12:21:20,067 | INFO | Epoch 1/20 - Loss: 0.8589
2026-04-23 12:21:20,076 | INFO | Epoch 2/20 - Loss: 0.8569
2026-04-23 12:21:20,084 | INFO | Epoch 3/20 - Loss: 0.8552
2026-04-23 12:21:20,092 | INFO | Epoch 4/20 - Loss: 0.8551
2026-04-23 12:21:20,099 | INFO | Epoch 5/20 - Loss: 0.8545
2026-04-23 12:21:20,108 | INFO | Epoch 6/20 - Loss: 0.8537
2026-04-23 12:21:20,116 | INFO | Epoch 7/20 - Loss: 0.8534
2026-04-23 12:21:20,123 | INFO | Epoch 8/20 - Loss: 0.8521
2026-04-23 12:21:20,131 | INFO | Epoch 9/20 - Loss: 0.8519
2026-04-23 12:21:20,139 | INFO | Epoch 10/20 - Loss: 0.8520
2026-04-23 12:21:20,147 | INFO | Epoch 11/20 - Loss: 0.8519
2026-04-23 12:21:20,155 | INFO | Epoch 12/20 - Loss: 0.8522
2026-04-23 12:21:20,163 | INFO | Epoch 13/20 - Loss: 0.8518
2026-04-23 12:21:20,171 | INFO | Epoch 14/20 - Loss: 0.8518
2026-04-23 12:21:20,179 | INFO | Epoch 15/20 - Loss: 0.8516
2026-04-23 12:21:20,187 | INFO | Epoch 16/20 - Loss: 0.8517
2026-04-23 12:21:20,195 | INFO | Epoch 17/20 - Loss: 0.8514
2026-04-23 12:21:20,203 | INFO | Epoch 18/20 - Loss: 0.8517
2026-04-23 12:21:20,211 | INFO | Epoch 19/20 - Loss: 0.8512
2026-04-23 12:21:20,219 | INFO | Epoch 20/20 - Loss: 0.8515
2026-04-23 12:21:20,220 | INFO | r-net saved to: ./r_nets/compas\iter_1\beta_035\r_net_inaccurate_trusting.pth
2026-04-23 12:21:20,231 | INFO | --- Training r-net for Beta: 0.4
2026-04-23 12:21:20,231 | INFO | Training r-net | User: inaccurate_trusting | Beta: 0.4 | Iter: 1
2026-04-23 12:21:20,323 | DEBUG | Input Tensor Shape: torch.Size([703, 8])
2026-04-23 12:21:20,332 | INFO | Epoch 1/20 - Loss: 0.8180
2026-04-23 12:21:20,340 | INFO | Epoch 2/20 - Loss: 0.8192
2026-04-23 12:21:20,348 | INFO | Epoch 3/20 - Loss: 0.8173
2026-04-23 12:21:20,357 | INFO | Epoch 4/20 - Loss: 0.8169
2026-04-23 12:21:20,368 | INFO | Epoch 5/20 - Loss: 0.8192
2026-04-23 12:21:20,378 | INFO | Epoch 6/20 - Loss: 0.8172
2026-04-23 12:21:20,386 | INFO | Epoch 7/20 - Loss: 0.8175
2026-04-23 12:21:20,394 | INFO | Epoch 8/20 - Loss: 0.8175
2026-04-23 12:21:20,402 | INFO | Epoch 9/20 - Loss: 0.8161
2026-04-23 12:21:20,410 | INFO | Epoch 10/20 - Loss: 0.8170
2026-04-23 12:21:20,418 | INFO | Epoch 11/20 - Loss: 0.8174
2026-04-23 12:21:20,427 | INFO | Epoch 12/20 - Loss: 0.8169
2026-04-23 12:21:20,436 | INFO | Epoch 13/20 - Loss: 0.8174
2026-04-23 12:21:20,446 | INFO | Epoch 14/20 - Loss: 0.8172
2026-04-23 12:21:20,454 | INFO | Epoch 15/20 - Loss: 0.8171
2026-04-23 12:21:20,462 | INFO | Epoch 16/20 - Loss: 0.8165
2026-04-23 12:21:20,470 | INFO | Epoch 17/20 - Loss: 0.8171
2026-04-23 12:21:20,478 | INFO | Epoch 18/20 - Loss: 0.8166
2026-04-23 12:21:20,488 | INFO | Epoch 19/20 - Loss: 0.8172
2026-04-23 12:21:20,499 | INFO | Epoch 20/20 - Loss: 0.8165
2026-04-23 12:21:20,501 | INFO | r-net saved to: ./r_nets/compas\iter_1\beta_04\r_net_inaccurate_trusting.pth
2026-04-23 12:21:20,514 | INFO | --- Training r-net for Beta: 0.45
2026-04-23 12:21:20,514 | INFO | Training r-net | User: inaccurate_trusting | Beta: 0.45 | Iter: 1
2026-04-23 12:21:20,606 | DEBUG | Input Tensor Shape: torch.Size([703, 8])
2026-04-23 12:21:20,615 | INFO | Epoch 1/20 - Loss: 0.8050
2026-04-23 12:21:20,623 | INFO | Epoch 2/20 - Loss: 0.8034
2026-04-23 12:21:20,631 | INFO | Epoch 3/20 - Loss: 0.8005
2026-04-23 12:21:20,639 | INFO | Epoch 4/20 - Loss: 0.7973
2026-04-23 12:21:20,647 | INFO | Epoch 5/20 - Loss: 0.7950
2026-04-23 12:21:20,655 | INFO | Epoch 6/20 - Loss: 0.7930
2026-04-23 12:21:20,663 | INFO | Epoch 7/20 - Loss: 0.7902
2026-04-23 12:21:20,671 | INFO | Epoch 8/20 - Loss: 0.7883
2026-04-23 12:21:20,679 | INFO | Epoch 9/20 - Loss: 0.7863
2026-04-23 12:21:20,688 | INFO | Epoch 10/20 - Loss: 0.7850
2026-04-23 12:21:20,696 | INFO | Epoch 11/20 - Loss: 0.7863
2026-04-23 12:21:20,704 | INFO | Epoch 12/20 - Loss: 0.7847
2026-04-23 12:21:20,712 | INFO | Epoch 13/20 - Loss: 0.7829
2026-04-23 12:21:20,719 | INFO | Epoch 14/20 - Loss: 0.7862
2026-04-23 12:21:20,727 | INFO | Epoch 15/20 - Loss: 0.7851
2026-04-23 12:21:20,735 | INFO | Epoch 16/20 - Loss: 0.7833
2026-04-23 12:21:20,743 | INFO | Epoch 17/20 - Loss: 0.7825
2026-04-23 12:21:20,751 | INFO | Epoch 18/20 - Loss: 0.7838
2026-04-23 12:21:20,759 | INFO | Epoch 19/20 - Loss: 0.7859
2026-04-23 12:21:20,767 | INFO | Epoch 20/20 - Loss: 0.7825
2026-04-23 12:21:20,768 | INFO | r-net saved to: ./r_nets/compas\iter_1\beta_045\r_net_inaccurate_trusting.pth
2026-04-23 12:21:20,781 | INFO | --- Training r-net for Beta: 0.5
2026-04-23 12:21:20,781 | INFO | Training r-net | User: inaccurate_trusting | Beta: 0.5 | Iter: 1
2026-04-23 12:21:20,873 | DEBUG | Input Tensor Shape: torch.Size([703, 8])
2026-04-23 12:21:20,883 | INFO | Epoch 1/20 - Loss: 0.7473
2026-04-23 12:21:20,891 | INFO | Epoch 2/20 - Loss: 0.7464
2026-04-23 12:21:20,899 | INFO | Epoch 3/20 - Loss: 0.7461
2026-04-23 12:21:20,907 | INFO | Epoch 4/20 - Loss: 0.7457
2026-04-23 12:21:20,916 | INFO | Epoch 5/20 - Loss: 0.7447
2026-04-23 12:21:20,924 | INFO | Epoch 6/20 - Loss: 0.7448
2026-04-23 12:21:20,932 | INFO | Epoch 7/20 - Loss: 0.7446
2026-04-23 12:21:20,940 | INFO | Epoch 8/20 - Loss: 0.7446
2026-04-23 12:21:20,948 | INFO | Epoch 9/20 - Loss: 0.7439
2026-04-23 12:21:20,956 | INFO | Epoch 10/20 - Loss: 0.7436
2026-04-23 12:21:20,964 | INFO | Epoch 11/20 - Loss: 0.7438
2026-04-23 12:21:20,973 | INFO | Epoch 12/20 - Loss: 0.7435
2026-04-23 12:21:20,984 | INFO | Epoch 13/20 - Loss: 0.7432
2026-04-23 12:21:20,993 | INFO | Epoch 14/20 - Loss: 0.7432
2026-04-23 12:21:21,002 | INFO | Epoch 15/20 - Loss: 0.7432
2026-04-23 12:21:21,009 | INFO | Epoch 16/20 - Loss: 0.7436
2026-04-23 12:21:21,018 | INFO | Epoch 17/20 - Loss: 0.7427
2026-04-23 12:21:21,025 | INFO | Epoch 18/20 - Loss: 0.7436
2026-04-23 12:21:21,034 | INFO | Epoch 19/20 - Loss: 0.7433
2026-04-23 12:21:21,041 | INFO | Epoch 20/20 - Loss: 0.7430
2026-04-23 12:21:21,043 | INFO | r-net saved to: ./r_nets/compas\iter_1\beta_05\r_net_inaccurate_trusting.pth
2026-04-23 12:21:21,052 | INFO | --- R-NET TRAINING FINISHED | User: inaccurate_trusting | DS: compas
2026-04-23 12:21:21,054 | INFO | STARTING R-NETS TRAINING | User: inaccurate_trusting | DS: compas
2026-04-23 12:21:21,055 | INFO | --- Calibrating for iteration 2 ---
2026-04-23 12:21:21,055 | INFO | --- Training r-net for Beta: 0.15
2026-04-23 12:21:21,055 | INFO | Training r-net | User: inaccurate_trusting | Beta: 0.15 | Iter: 2
2026-04-23 12:21:21,148 | DEBUG | Input Tensor Shape: torch.Size([710, 8])
2026-04-23 12:21:21,158 | INFO | Epoch 1/20 - Loss: 0.9410
2026-04-23 12:21:21,166 | INFO | Epoch 2/20 - Loss: 0.9373
2026-04-23 12:21:21,174 | INFO | Epoch 3/20 - Loss: 0.9326
2026-04-23 12:21:21,182 | INFO | Epoch 4/20 - Loss: 0.9302
2026-04-23 12:21:21,190 | INFO | Epoch 5/20 - Loss: 0.9272
2026-04-23 12:21:21,198 | INFO | Epoch 6/20 - Loss: 0.9235
2026-04-23 12:21:21,206 | INFO | Epoch 7/20 - Loss: 0.9217
2026-04-23 12:21:21,214 | INFO | Epoch 8/20 - Loss: 0.9221
2026-04-23 12:21:21,222 | INFO | Epoch 9/20 - Loss: 0.9211
2026-04-23 12:21:21,230 | INFO | Epoch 10/20 - Loss: 0.9192
2026-04-23 12:21:21,238 | INFO | Epoch 11/20 - Loss: 0.9204
2026-04-23 12:21:21,246 | INFO | Epoch 12/20 - Loss: 0.9195
2026-04-23 12:21:21,254 | INFO | Epoch 13/20 - Loss: 0.9180
2026-04-23 12:21:21,262 | INFO | Epoch 14/20 - Loss: 0.9206
2026-04-23 12:21:21,270 | INFO | Epoch 15/20 - Loss: 0.9176
2026-04-23 12:21:21,278 | INFO | Epoch 16/20 - Loss: 0.9179
2026-04-23 12:21:21,286 | INFO | Epoch 17/20 - Loss: 0.9182
2026-04-23 12:21:21,294 | INFO | Epoch 18/20 - Loss: 0.9181
2026-04-23 12:21:21,302 | INFO | Epoch 19/20 - Loss: 0.9174
2026-04-23 12:21:21,310 | INFO | Epoch 20/20 - Loss: 0.9193
2026-04-23 12:21:21,311 | INFO | r-net saved to: ./r_nets/compas\iter_2\beta_015\r_net_inaccurate_trusting.pth
2026-04-23 12:21:21,323 | INFO | --- Training r-net for Beta: 0.2
2026-04-23 12:21:21,323 | INFO | Training r-net | User: inaccurate_trusting | Beta: 0.2 | Iter: 2
2026-04-23 12:21:21,417 | DEBUG | Input Tensor Shape: torch.Size([710, 8])
2026-04-23 12:21:21,426 | INFO | Epoch 1/20 - Loss: 0.8866
2026-04-23 12:21:21,434 | INFO | Epoch 2/20 - Loss: 0.8856
2026-04-23 12:21:21,443 | INFO | Epoch 3/20 - Loss: 0.8857
2026-04-23 12:21:21,451 | INFO | Epoch 4/20 - Loss: 0.8852
2026-04-23 12:21:21,461 | INFO | Epoch 5/20 - Loss: 0.8852
2026-04-23 12:21:21,472 | INFO | Epoch 6/20 - Loss: 0.8856
2026-04-23 12:21:21,483 | INFO | Epoch 7/20 - Loss: 0.8848
2026-04-23 12:21:21,493 | INFO | Epoch 8/20 - Loss: 0.8850
2026-04-23 12:21:21,504 | INFO | Epoch 9/20 - Loss: 0.8846
2026-04-23 12:21:21,513 | INFO | Epoch 10/20 - Loss: 0.8845
2026-04-23 12:21:21,521 | INFO | Epoch 11/20 - Loss: 0.8844
2026-04-23 12:21:21,529 | INFO | Epoch 12/20 - Loss: 0.8848
2026-04-23 12:21:21,537 | INFO | Epoch 13/20 - Loss: 0.8847
2026-04-23 12:21:21,545 | INFO | Epoch 14/20 - Loss: 0.8847
2026-04-23 12:21:21,553 | INFO | Epoch 15/20 - Loss: 0.8845
2026-04-23 12:21:21,561 | INFO | Epoch 16/20 - Loss: 0.8847
2026-04-23 12:21:21,569 | INFO | Epoch 17/20 - Loss: 0.8846
2026-04-23 12:21:21,577 | INFO | Epoch 18/20 - Loss: 0.8843
2026-04-23 12:21:21,585 | INFO | Epoch 19/20 - Loss: 0.8845
2026-04-23 12:21:21,593 | INFO | Epoch 20/20 - Loss: 0.8847
2026-04-23 12:21:21,594 | INFO | r-net saved to: ./r_nets/compas\iter_2\beta_02\r_net_inaccurate_trusting.pth
2026-04-23 12:21:21,608 | INFO | --- Training r-net for Beta: 0.25
2026-04-23 12:21:21,608 | INFO | Training r-net | User: inaccurate_trusting | Beta: 0.25 | Iter: 2
2026-04-23 12:21:21,701 | DEBUG | Input Tensor Shape: torch.Size([710, 8])
2026-04-23 12:21:21,710 | INFO | Epoch 1/20 - Loss: 0.8563
2026-04-23 12:21:21,718 | INFO | Epoch 2/20 - Loss: 0.8550
2026-04-23 12:21:21,726 | INFO | Epoch 3/20 - Loss: 0.8546
2026-04-23 12:21:21,734 | INFO | Epoch 4/20 - Loss: 0.8538
2026-04-23 12:21:21,742 | INFO | Epoch 5/20 - Loss: 0.8535
2026-04-23 12:21:21,750 | INFO | Epoch 6/20 - Loss: 0.8532
2026-04-23 12:21:21,758 | INFO | Epoch 7/20 - Loss: 0.8537
2026-04-23 12:21:21,766 | INFO | Epoch 8/20 - Loss: 0.8533
2026-04-23 12:21:21,774 | INFO | Epoch 9/20 - Loss: 0.8529
2026-04-23 12:21:21,782 | INFO | Epoch 10/20 - Loss: 0.8532
2026-04-23 12:21:21,790 | INFO | Epoch 11/20 - Loss: 0.8526
2026-04-23 12:21:21,798 | INFO | Epoch 12/20 - Loss: 0.8529
2026-04-23 12:21:21,807 | INFO | Epoch 13/20 - Loss: 0.8529
2026-04-23 12:21:21,815 | INFO | Epoch 14/20 - Loss: 0.8519
2026-04-23 12:21:21,823 | INFO | Epoch 15/20 - Loss: 0.8530
2026-04-23 12:21:21,831 | INFO | Epoch 16/20 - Loss: 0.8527
2026-04-23 12:21:21,839 | INFO | Epoch 17/20 - Loss: 0.8527
2026-04-23 12:21:21,847 | INFO | Epoch 18/20 - Loss: 0.8524
2026-04-23 12:21:21,857 | INFO | Epoch 19/20 - Loss: 0.8522
2026-04-23 12:21:21,867 | INFO | Epoch 20/20 - Loss: 0.8529
2026-04-23 12:21:21,868 | INFO | r-net saved to: ./r_nets/compas\iter_2\beta_025\r_net_inaccurate_trusting.pth
2026-04-23 12:21:21,879 | INFO | --- Training r-net for Beta: 0.3
2026-04-23 12:21:21,879 | INFO | Training r-net | User: inaccurate_trusting | Beta: 0.3 | Iter: 2
2026-04-23 12:21:21,972 | DEBUG | Input Tensor Shape: torch.Size([710, 8])
2026-04-23 12:21:21,981 | INFO | Epoch 1/20 - Loss: 0.8220
2026-04-23 12:21:21,989 | INFO | Epoch 2/20 - Loss: 0.8214
2026-04-23 12:21:21,998 | INFO | Epoch 3/20 - Loss: 0.8203
2026-04-23 12:21:22,006 | INFO | Epoch 4/20 - Loss: 0.8190
2026-04-23 12:21:22,014 | INFO | Epoch 5/20 - Loss: 0.8186
2026-04-23 12:21:22,021 | INFO | Epoch 6/20 - Loss: 0.8187
2026-04-23 12:21:22,030 | INFO | Epoch 7/20 - Loss: 0.8184
2026-04-23 12:21:22,038 | INFO | Epoch 8/20 - Loss: 0.8189
2026-04-23 12:21:22,046 | INFO | Epoch 9/20 - Loss: 0.8182
2026-04-23 12:21:22,054 | INFO | Epoch 10/20 - Loss: 0.8190
2026-04-23 12:21:22,062 | INFO | Epoch 11/20 - Loss: 0.8175
2026-04-23 12:21:22,070 | INFO | Epoch 12/20 - Loss: 0.8186
2026-04-23 12:21:22,078 | INFO | Epoch 13/20 - Loss: 0.8179
2026-04-23 12:21:22,086 | INFO | Epoch 14/20 - Loss: 0.8184
2026-04-23 12:21:22,094 | INFO | Epoch 15/20 - Loss: 0.8181
2026-04-23 12:21:22,102 | INFO | Epoch 16/20 - Loss: 0.8182
2026-04-23 12:21:22,110 | INFO | Epoch 17/20 - Loss: 0.8184
2026-04-23 12:21:22,118 | INFO | Epoch 18/20 - Loss: 0.8171
2026-04-23 12:21:22,126 | INFO | Epoch 19/20 - Loss: 0.8171
2026-04-23 12:21:22,134 | INFO | Epoch 20/20 - Loss: 0.8184
2026-04-23 12:21:22,135 | INFO | r-net saved to: ./r_nets/compas\iter_2\beta_03\r_net_inaccurate_trusting.pth
2026-04-23 12:21:22,146 | INFO | --- Training r-net for Beta: 0.35
2026-04-23 12:21:22,146 | INFO | Training r-net | User: inaccurate_trusting | Beta: 0.35 | Iter: 2
2026-04-23 12:21:22,239 | DEBUG | Input Tensor Shape: torch.Size([710, 8])
2026-04-23 12:21:22,250 | INFO | Epoch 1/20 - Loss: 0.7838
2026-04-23 12:21:22,258 | INFO | Epoch 2/20 - Loss: 0.7827
2026-04-23 12:21:22,266 | INFO | Epoch 3/20 - Loss: 0.7826
2026-04-23 12:21:22,274 | INFO | Epoch 4/20 - Loss: 0.7811
2026-04-23 12:21:22,282 | INFO | Epoch 5/20 - Loss: 0.7819
2026-04-23 12:21:22,290 | INFO | Epoch 6/20 - Loss: 0.7831
2026-04-23 12:21:22,298 | INFO | Epoch 7/20 - Loss: 0.7814
2026-04-23 12:21:22,306 | INFO | Epoch 8/20 - Loss: 0.7811
2026-04-23 12:21:22,314 | INFO | Epoch 9/20 - Loss: 0.7816
2026-04-23 12:21:22,322 | INFO | Epoch 10/20 - Loss: 0.7823
2026-04-23 12:21:22,330 | INFO | Epoch 11/20 - Loss: 0.7810
2026-04-23 12:21:22,338 | INFO | Epoch 12/20 - Loss: 0.7809
2026-04-23 12:21:22,346 | INFO | Epoch 13/20 - Loss: 0.7815
2026-04-23 12:21:22,354 | INFO | Epoch 14/20 - Loss: 0.7801
2026-04-23 12:21:22,362 | INFO | Epoch 15/20 - Loss: 0.7817
2026-04-23 12:21:22,370 | INFO | Epoch 16/20 - Loss: 0.7829
2026-04-23 12:21:22,378 | INFO | Epoch 17/20 - Loss: 0.7805
2026-04-23 12:21:22,386 | INFO | Epoch 18/20 - Loss: 0.7819
2026-04-23 12:21:22,394 | INFO | Epoch 19/20 - Loss: 0.7821
2026-04-23 12:21:22,403 | INFO | Epoch 20/20 - Loss: 0.7821
2026-04-23 12:21:22,404 | INFO | r-net saved to: ./r_nets/compas\iter_2\beta_035\r_net_inaccurate_trusting.pth
2026-04-23 12:21:22,415 | INFO | --- Training r-net for Beta: 0.4
2026-04-23 12:21:22,415 | INFO | Training r-net | User: inaccurate_trusting | Beta: 0.4 | Iter: 2
2026-04-23 12:21:22,511 | DEBUG | Input Tensor Shape: torch.Size([710, 8])
2026-04-23 12:21:22,521 | INFO | Epoch 1/20 - Loss: 0.7426
2026-04-23 12:21:22,529 | INFO | Epoch 2/20 - Loss: 0.7414
2026-04-23 12:21:22,537 | INFO | Epoch 3/20 - Loss: 0.7425
2026-04-23 12:21:22,545 | INFO | Epoch 4/20 - Loss: 0.7420
2026-04-23 12:21:22,553 | INFO | Epoch 5/20 - Loss: 0.7411
2026-04-23 12:21:22,562 | INFO | Epoch 6/20 - Loss: 0.7408
2026-04-23 12:21:22,573 | INFO | Epoch 7/20 - Loss: 0.7422
2026-04-23 12:21:22,582 | INFO | Epoch 8/20 - Loss: 0.7428
2026-04-23 12:21:22,590 | INFO | Epoch 9/20 - Loss: 0.7418
2026-04-23 12:21:22,598 | INFO | Epoch 10/20 - Loss: 0.7415
2026-04-23 12:21:22,606 | INFO | Epoch 11/20 - Loss: 0.7413
2026-04-23 12:21:22,619 | INFO | Epoch 12/20 - Loss: 0.7411
2026-04-23 12:21:22,629 | INFO | Epoch 13/20 - Loss: 0.7411
2026-04-23 12:21:22,637 | INFO | Epoch 14/20 - Loss: 0.7414
2026-04-23 12:21:22,645 | INFO | Epoch 15/20 - Loss: 0.7416
2026-04-23 12:21:22,653 | INFO | Epoch 16/20 - Loss: 0.7417
2026-04-23 12:21:22,661 | INFO | Epoch 17/20 - Loss: 0.7414
2026-04-23 12:21:22,669 | INFO | Epoch 18/20 - Loss: 0.7413
2026-04-23 12:21:22,677 | INFO | Epoch 19/20 - Loss: 0.7412
2026-04-23 12:21:22,685 | INFO | Epoch 20/20 - Loss: 0.7416
2026-04-23 12:21:22,686 | INFO | r-net saved to: ./r_nets/compas\iter_2\beta_04\r_net_inaccurate_trusting.pth
2026-04-23 12:21:22,697 | INFO | --- Training r-net for Beta: 0.45
2026-04-23 12:21:22,697 | INFO | Training r-net | User: inaccurate_trusting | Beta: 0.45 | Iter: 2
2026-04-23 12:21:22,791 | DEBUG | Input Tensor Shape: torch.Size([710, 8])
2026-04-23 12:21:22,800 | INFO | Epoch 1/20 - Loss: 0.7615
2026-04-23 12:21:22,808 | INFO | Epoch 2/20 - Loss: 0.7549
2026-04-23 12:21:22,816 | INFO | Epoch 3/20 - Loss: 0.7505
2026-04-23 12:21:22,824 | INFO | Epoch 4/20 - Loss: 0.7458
2026-04-23 12:21:22,832 | INFO | Epoch 5/20 - Loss: 0.7403
2026-04-23 12:21:22,840 | INFO | Epoch 6/20 - Loss: 0.7376
2026-04-23 12:21:22,848 | INFO | Epoch 7/20 - Loss: 0.7353
2026-04-23 12:21:22,856 | INFO | Epoch 8/20 - Loss: 0.7287
2026-04-23 12:21:22,864 | INFO | Epoch 9/20 - Loss: 0.7237
2026-04-23 12:21:22,872 | INFO | Epoch 10/20 - Loss: 0.7208
2026-04-23 12:21:22,880 | INFO | Epoch 11/20 - Loss: 0.7186
2026-04-23 12:21:22,888 | INFO | Epoch 12/20 - Loss: 0.7139
2026-04-23 12:21:22,899 | INFO | Epoch 13/20 - Loss: 0.7103
2026-04-23 12:21:22,908 | INFO | Epoch 14/20 - Loss: 0.7064
2026-04-23 12:21:22,916 | INFO | Epoch 15/20 - Loss: 0.7081
2026-04-23 12:21:22,924 | INFO | Epoch 16/20 - Loss: 0.7037
2026-04-23 12:21:22,932 | INFO | Epoch 17/20 - Loss: 0.7062
2026-04-23 12:21:22,940 | INFO | Epoch 18/20 - Loss: 0.7020
2026-04-23 12:21:22,948 | INFO | Epoch 19/20 - Loss: 0.7038
2026-04-23 12:21:22,956 | INFO | Epoch 20/20 - Loss: 0.7027
2026-04-23 12:21:22,957 | INFO | r-net saved to: ./r_nets/compas\iter_2\beta_045\r_net_inaccurate_trusting.pth
2026-04-23 12:21:22,966 | INFO | --- Training r-net for Beta: 0.5
2026-04-23 12:21:22,967 | INFO | Training r-net | User: inaccurate_trusting | Beta: 0.5 | Iter: 2
2026-04-23 12:21:23,059 | DEBUG | Input Tensor Shape: torch.Size([710, 8])
2026-04-23 12:21:23,069 | INFO | Epoch 1/20 - Loss: 0.6646
2026-04-23 12:21:23,077 | INFO | Epoch 2/20 - Loss: 0.6632
2026-04-23 12:21:23,085 | INFO | Epoch 3/20 - Loss: 0.6617
2026-04-23 12:21:23,093 | INFO | Epoch 4/20 - Loss: 0.6596
2026-04-23 12:21:23,102 | INFO | Epoch 5/20 - Loss: 0.6591
2026-04-23 12:21:23,110 | INFO | Epoch 6/20 - Loss: 0.6574
2026-04-23 12:21:23,118 | INFO | Epoch 7/20 - Loss: 0.6564
2026-04-23 12:21:23,126 | INFO | Epoch 8/20 - Loss: 0.6549
2026-04-23 12:21:23,134 | INFO | Epoch 9/20 - Loss: 0.6563
2026-04-23 12:21:23,142 | INFO | Epoch 10/20 - Loss: 0.6551
2026-04-23 12:21:23,150 | INFO | Epoch 11/20 - Loss: 0.6560
2026-04-23 12:21:23,158 | INFO | Epoch 12/20 - Loss: 0.6551
2026-04-23 12:21:23,167 | INFO | Epoch 13/20 - Loss: 0.6554
2026-04-23 12:21:23,175 | INFO | Epoch 14/20 - Loss: 0.6545
2026-04-23 12:21:23,186 | INFO | Epoch 15/20 - Loss: 0.6553
2026-04-23 12:21:23,196 | INFO | Epoch 16/20 - Loss: 0.6537
2026-04-23 12:21:23,204 | INFO | Epoch 17/20 - Loss: 0.6529
2026-04-23 12:21:23,213 | INFO | Epoch 18/20 - Loss: 0.6525
2026-04-23 12:21:23,221 | INFO | Epoch 19/20 - Loss: 0.6538
2026-04-23 12:21:23,229 | INFO | Epoch 20/20 - Loss: 0.6527
2026-04-23 12:21:23,230 | INFO | r-net saved to: ./r_nets/compas\iter_2\beta_05\r_net_inaccurate_trusting.pth
2026-04-23 12:21:23,239 | INFO | --- R-NET TRAINING FINISHED | User: inaccurate_trusting | DS: compas
2026-04-23 12:21:23,242 | INFO | STARTING R-NETS TRAINING | User: inaccurate_trusting | DS: compas
2026-04-23 12:21:23,242 | INFO | --- Calibrating for iteration 3 ---
2026-04-23 12:21:23,242 | INFO | --- Training r-net for Beta: 0.15
2026-04-23 12:21:23,242 | INFO | Training r-net | User: inaccurate_trusting | Beta: 0.15 | Iter: 3
2026-04-23 12:21:23,336 | DEBUG | Input Tensor Shape: torch.Size([712, 8])
2026-04-23 12:21:23,346 | INFO | Epoch 1/20 - Loss: 0.9019
2026-04-23 12:21:23,355 | INFO | Epoch 2/20 - Loss: 0.8989
2026-04-23 12:21:23,363 | INFO | Epoch 3/20 - Loss: 0.8996
2026-04-23 12:21:23,371 | INFO | Epoch 4/20 - Loss: 0.8982
2026-04-23 12:21:23,379 | INFO | Epoch 5/20 - Loss: 0.8977
2026-04-23 12:21:23,387 | INFO | Epoch 6/20 - Loss: 0.8983
2026-04-23 12:21:23,395 | INFO | Epoch 7/20 - Loss: 0.8979
2026-04-23 12:21:23,403 | INFO | Epoch 8/20 - Loss: 0.8973
2026-04-23 12:21:23,411 | INFO | Epoch 9/20 - Loss: 0.8979
2026-04-23 12:21:23,419 | INFO | Epoch 10/20 - Loss: 0.8972
2026-04-23 12:21:23,427 | INFO | Epoch 11/20 - Loss: 0.8975
2026-04-23 12:21:23,436 | INFO | Epoch 12/20 - Loss: 0.8980
2026-04-23 12:21:23,444 | INFO | Epoch 13/20 - Loss: 0.8971
2026-04-23 12:21:23,452 | INFO | Epoch 14/20 - Loss: 0.8972
2026-04-23 12:21:23,460 | INFO | Epoch 15/20 - Loss: 0.8974
2026-04-23 12:21:23,468 | INFO | Epoch 16/20 - Loss: 0.8967
2026-04-23 12:21:23,477 | INFO | Epoch 17/20 - Loss: 0.8976
2026-04-23 12:21:23,485 | INFO | Epoch 18/20 - Loss: 0.8966
2026-04-23 12:21:23,493 | INFO | Epoch 19/20 - Loss: 0.8967
2026-04-23 12:21:23,501 | INFO | Epoch 20/20 - Loss: 0.8973
2026-04-23 12:21:23,502 | INFO | r-net saved to: ./r_nets/compas\iter_3\beta_015\r_net_inaccurate_trusting.pth
2026-04-23 12:21:23,515 | INFO | --- Training r-net for Beta: 0.2
2026-04-23 12:21:23,515 | INFO | Training r-net | User: inaccurate_trusting | Beta: 0.2 | Iter: 3
2026-04-23 12:21:23,609 | DEBUG | Input Tensor Shape: torch.Size([712, 8])
2026-04-23 12:21:23,619 | INFO | Epoch 1/20 - Loss: 0.8707
2026-04-23 12:21:23,627 | INFO | Epoch 2/20 - Loss: 0.8705
2026-04-23 12:21:23,635 | INFO | Epoch 3/20 - Loss: 0.8692
2026-04-23 12:21:23,643 | INFO | Epoch 4/20 - Loss: 0.8688
2026-04-23 12:21:23,651 | INFO | Epoch 5/20 - Loss: 0.8679
2026-04-23 12:21:23,659 | INFO | Epoch 6/20 - Loss: 0.8677
2026-04-23 12:21:23,667 | INFO | Epoch 7/20 - Loss: 0.8669
2026-04-23 12:21:23,675 | INFO | Epoch 8/20 - Loss: 0.8661
2026-04-23 12:21:23,683 | INFO | Epoch 9/20 - Loss: 0.8646
2026-04-23 12:21:23,691 | INFO | Epoch 10/20 - Loss: 0.8653
2026-04-23 12:21:23,699 | INFO | Epoch 11/20 - Loss: 0.8656
2026-04-23 12:21:23,707 | INFO | Epoch 12/20 - Loss: 0.8661
2026-04-23 12:21:23,715 | INFO | Epoch 13/20 - Loss: 0.8666
2026-04-23 12:21:23,723 | INFO | Epoch 14/20 - Loss: 0.8654
2026-04-23 12:21:23,731 | INFO | Epoch 15/20 - Loss: 0.8657
2026-04-23 12:21:23,739 | INFO | Epoch 16/20 - Loss: 0.8655
2026-04-23 12:21:23,747 | INFO | Epoch 17/20 - Loss: 0.8654
2026-04-23 12:21:23,755 | INFO | Epoch 18/20 - Loss: 0.8654
2026-04-23 12:21:23,763 | INFO | Epoch 19/20 - Loss: 0.8654
2026-04-23 12:21:23,771 | INFO | Epoch 20/20 - Loss: 0.8661
2026-04-23 12:21:23,772 | INFO | r-net saved to: ./r_nets/compas\iter_3\beta_02\r_net_inaccurate_trusting.pth
2026-04-23 12:21:23,784 | INFO | --- Training r-net for Beta: 0.25
2026-04-23 12:21:23,784 | INFO | Training r-net | User: inaccurate_trusting | Beta: 0.25 | Iter: 3
2026-04-23 12:21:23,876 | DEBUG | Input Tensor Shape: torch.Size([712, 8])
2026-04-23 12:21:23,886 | INFO | Epoch 1/20 - Loss: 0.8342
2026-04-23 12:21:23,894 | INFO | Epoch 2/20 - Loss: 0.8341
2026-04-23 12:21:23,902 | INFO | Epoch 3/20 - Loss: 0.8332
2026-04-23 12:21:23,910 | INFO | Epoch 4/20 - Loss: 0.8333
2026-04-23 12:21:23,918 | INFO | Epoch 5/20 - Loss: 0.8321
2026-04-23 12:21:23,926 | INFO | Epoch 6/20 - Loss: 0.8330
2026-04-23 12:21:23,934 | INFO | Epoch 7/20 - Loss: 0.8322
2026-04-23 12:21:23,942 | INFO | Epoch 8/20 - Loss: 0.8328
2026-04-23 12:21:23,950 | INFO | Epoch 9/20 - Loss: 0.8324
2026-04-23 12:21:23,961 | INFO | Epoch 10/20 - Loss: 0.8326
2026-04-23 12:21:23,972 | INFO | Epoch 11/20 - Loss: 0.8324
2026-04-23 12:21:23,983 | INFO | Epoch 12/20 - Loss: 0.8329
2026-04-23 12:21:23,994 | INFO | Epoch 13/20 - Loss: 0.8317
2026-04-23 12:21:24,005 | INFO | Epoch 14/20 - Loss: 0.8316
2026-04-23 12:21:24,016 | INFO | Epoch 15/20 - Loss: 0.8324
2026-04-23 12:21:24,024 | INFO | Epoch 16/20 - Loss: 0.8311
2026-04-23 12:21:24,032 | INFO | Epoch 17/20 - Loss: 0.8308
2026-04-23 12:21:24,040 | INFO | Epoch 18/20 - Loss: 0.8312
2026-04-23 12:21:24,048 | INFO | Epoch 19/20 - Loss: 0.8315
2026-04-23 12:21:24,056 | INFO | Epoch 20/20 - Loss: 0.8310
2026-04-23 12:21:24,057 | INFO | r-net saved to: ./r_nets/compas\iter_3\beta_025\r_net_inaccurate_trusting.pth
2026-04-23 12:21:24,068 | INFO | --- Training r-net for Beta: 0.3
2026-04-23 12:21:24,068 | INFO | Training r-net | User: inaccurate_trusting | Beta: 0.3 | Iter: 3
2026-04-23 12:21:24,164 | DEBUG | Input Tensor Shape: torch.Size([712, 8])
2026-04-23 12:21:24,174 | INFO | Epoch 1/20 - Loss: 0.8039
2026-04-23 12:21:24,182 | INFO | Epoch 2/20 - Loss: 0.8028
2026-04-23 12:21:24,190 | INFO | Epoch 3/20 - Loss: 0.8015
2026-04-23 12:21:24,198 | INFO | Epoch 4/20 - Loss: 0.8016
2026-04-23 12:21:24,207 | INFO | Epoch 5/20 - Loss: 0.7994
2026-04-23 12:21:24,215 | INFO | Epoch 6/20 - Loss: 0.7995
2026-04-23 12:21:24,223 | INFO | Epoch 7/20 - Loss: 0.7985
2026-04-23 12:21:24,231 | INFO | Epoch 8/20 - Loss: 0.7969
2026-04-23 12:21:24,239 | INFO | Epoch 9/20 - Loss: 0.7974
2026-04-23 12:21:24,246 | INFO | Epoch 10/20 - Loss: 0.7972
2026-04-23 12:21:24,255 | INFO | Epoch 11/20 - Loss: 0.7974
2026-04-23 12:21:24,262 | INFO | Epoch 12/20 - Loss: 0.7963
2026-04-23 12:21:24,271 | INFO | Epoch 13/20 - Loss: 0.7978
2026-04-23 12:21:24,279 | INFO | Epoch 14/20 - Loss: 0.7956
2026-04-23 12:21:24,287 | INFO | Epoch 15/20 - Loss: 0.7967
2026-04-23 12:21:24,295 | INFO | Epoch 16/20 - Loss: 0.7975
2026-04-23 12:21:24,303 | INFO | Epoch 17/20 - Loss: 0.7970
2026-04-23 12:21:24,311 | INFO | Epoch 18/20 - Loss: 0.7957
2026-04-23 12:21:24,319 | INFO | Epoch 19/20 - Loss: 0.7951
2026-04-23 12:21:24,327 | INFO | Epoch 20/20 - Loss: 0.7964
2026-04-23 12:21:24,328 | INFO | r-net saved to: ./r_nets/compas\iter_3\beta_03\r_net_inaccurate_trusting.pth
2026-04-23 12:21:24,340 | INFO | --- Training r-net for Beta: 0.35
2026-04-23 12:21:24,340 | INFO | Training r-net | User: inaccurate_trusting | Beta: 0.35 | Iter: 3
2026-04-23 12:21:24,438 | DEBUG | Input Tensor Shape: torch.Size([712, 8])
2026-04-23 12:21:24,447 | INFO | Epoch 1/20 - Loss: 0.7607
2026-04-23 12:21:24,456 | INFO | Epoch 2/20 - Loss: 0.7606
2026-04-23 12:21:24,463 | INFO | Epoch 3/20 - Loss: 0.7597
2026-04-23 12:21:24,472 | INFO | Epoch 4/20 - Loss: 0.7605
2026-04-23 12:21:24,480 | INFO | Epoch 5/20 - Loss: 0.7596
2026-04-23 12:21:24,488 | INFO | Epoch 6/20 - Loss: 0.7599
2026-04-23 12:21:24,496 | INFO | Epoch 7/20 - Loss: 0.7593
2026-04-23 12:21:24,504 | INFO | Epoch 8/20 - Loss: 0.7598
2026-04-23 12:21:24,512 | INFO | Epoch 9/20 - Loss: 0.7596
2026-04-23 12:21:24,520 | INFO | Epoch 10/20 - Loss: 0.7603
2026-04-23 12:21:24,528 | INFO | Epoch 11/20 - Loss: 0.7588
2026-04-23 12:21:24,536 | INFO | Epoch 12/20 - Loss: 0.7595
2026-04-23 12:21:24,544 | INFO | Epoch 13/20 - Loss: 0.7596
2026-04-23 12:21:24,552 | INFO | Epoch 14/20 - Loss: 0.7592
2026-04-23 12:21:24,560 | INFO | Epoch 15/20 - Loss: 0.7599
2026-04-23 12:21:24,568 | INFO | Epoch 16/20 - Loss: 0.7596
2026-04-23 12:21:24,577 | INFO | Epoch 17/20 - Loss: 0.7590
2026-04-23 12:21:24,585 | INFO | Epoch 18/20 - Loss: 0.7587
2026-04-23 12:21:24,593 | INFO | Epoch 19/20 - Loss: 0.7586
2026-04-23 12:21:24,601 | INFO | Epoch 20/20 - Loss: 0.7597
2026-04-23 12:21:24,602 | INFO | r-net saved to: ./r_nets/compas\iter_3\beta_035\r_net_inaccurate_trusting.pth
2026-04-23 12:21:24,613 | INFO | --- Training r-net for Beta: 0.4
2026-04-23 12:21:24,614 | INFO | Training r-net | User: inaccurate_trusting | Beta: 0.4 | Iter: 3
2026-04-23 12:21:24,713 | DEBUG | Input Tensor Shape: torch.Size([712, 8])
2026-04-23 12:21:24,723 | INFO | Epoch 1/20 - Loss: 0.7211
2026-04-23 12:21:24,731 | INFO | Epoch 2/20 - Loss: 0.7209
2026-04-23 12:21:24,740 | INFO | Epoch 3/20 - Loss: 0.7200
2026-04-23 12:21:24,748 | INFO | Epoch 4/20 - Loss: 0.7196
2026-04-23 12:21:24,756 | INFO | Epoch 5/20 - Loss: 0.7187
2026-04-23 12:21:24,764 | INFO | Epoch 6/20 - Loss: 0.7191
2026-04-23 12:21:24,773 | INFO | Epoch 7/20 - Loss: 0.7191
2026-04-23 12:21:24,782 | INFO | Epoch 8/20 - Loss: 0.7195
2026-04-23 12:21:24,790 | INFO | Epoch 9/20 - Loss: 0.7190
2026-04-23 12:21:24,798 | INFO | Epoch 10/20 - Loss: 0.7194
2026-04-23 12:21:24,806 | INFO | Epoch 11/20 - Loss: 0.7187
2026-04-23 12:21:24,814 | INFO | Epoch 12/20 - Loss: 0.7184
2026-04-23 12:21:24,822 | INFO | Epoch 13/20 - Loss: 0.7197
2026-04-23 12:21:24,830 | INFO | Epoch 14/20 - Loss: 0.7180
2026-04-23 12:21:24,839 | INFO | Epoch 15/20 - Loss: 0.7181
2026-04-23 12:21:24,847 | INFO | Epoch 16/20 - Loss: 0.7178
2026-04-23 12:21:24,855 | INFO | Epoch 17/20 - Loss: 0.7182
2026-04-23 12:21:24,863 | INFO | Epoch 18/20 - Loss: 0.7183
2026-04-23 12:21:24,874 | INFO | Epoch 19/20 - Loss: 0.7179
2026-04-23 12:21:24,885 | INFO | Epoch 20/20 - Loss: 0.7165
2026-04-23 12:21:24,890 | INFO | r-net saved to: ./r_nets/compas\iter_3\beta_04\r_net_inaccurate_trusting.pth
2026-04-23 12:21:24,900 | INFO | --- Training r-net for Beta: 0.45
2026-04-23 12:21:24,900 | INFO | Training r-net | User: inaccurate_trusting | Beta: 0.45 | Iter: 3
2026-04-23 12:21:24,994 | DEBUG | Input Tensor Shape: torch.Size([712, 8])
2026-04-23 12:21:25,003 | INFO | Epoch 1/20 - Loss: 0.6790
2026-04-23 12:21:25,011 | INFO | Epoch 2/20 - Loss: 0.6789
2026-04-23 12:21:25,019 | INFO | Epoch 3/20 - Loss: 0.6783
2026-04-23 12:21:25,027 | INFO | Epoch 4/20 - Loss: 0.6775
2026-04-23 12:21:25,035 | INFO | Epoch 5/20 - Loss: 0.6775
2026-04-23 12:21:25,043 | INFO | Epoch 6/20 - Loss: 0.6769
2026-04-23 12:21:25,051 | INFO | Epoch 7/20 - Loss: 0.6771
2026-04-23 12:21:25,059 | INFO | Epoch 8/20 - Loss: 0.6769
2026-04-23 12:21:25,067 | INFO | Epoch 9/20 - Loss: 0.6765
2026-04-23 12:21:25,075 | INFO | Epoch 10/20 - Loss: 0.6766
2026-04-23 12:21:25,083 | INFO | Epoch 11/20 - Loss: 0.6766
2026-04-23 12:21:25,091 | INFO | Epoch 12/20 - Loss: 0.6761
2026-04-23 12:21:25,099 | INFO | Epoch 13/20 - Loss: 0.6763
2026-04-23 12:21:25,107 | INFO | Epoch 14/20 - Loss: 0.6758
2026-04-23 12:21:25,115 | INFO | Epoch 15/20 - Loss: 0.6753
2026-04-23 12:21:25,123 | INFO | Epoch 16/20 - Loss: 0.6756
2026-04-23 12:21:25,131 | INFO | Epoch 17/20 - Loss: 0.6753
2026-04-23 12:21:25,139 | INFO | Epoch 18/20 - Loss: 0.6752
2026-04-23 12:21:25,147 | INFO | Epoch 19/20 - Loss: 0.6752
2026-04-23 12:21:25,155 | INFO | Epoch 20/20 - Loss: 0.6755
2026-04-23 12:21:25,156 | INFO | r-net saved to: ./r_nets/compas\iter_3\beta_045\r_net_inaccurate_trusting.pth
2026-04-23 12:21:25,169 | INFO | --- Training r-net for Beta: 0.5
2026-04-23 12:21:25,169 | INFO | Training r-net | User: inaccurate_trusting | Beta: 0.5 | Iter: 3
2026-04-23 12:21:25,273 | DEBUG | Input Tensor Shape: torch.Size([712, 8])
2026-04-23 12:21:25,283 | INFO | Epoch 1/20 - Loss: 0.6452
2026-04-23 12:21:25,291 | INFO | Epoch 2/20 - Loss: 0.6423
2026-04-23 12:21:25,300 | INFO | Epoch 3/20 - Loss: 0.6405
2026-04-23 12:21:25,308 | INFO | Epoch 4/20 - Loss: 0.6381
2026-04-23 12:21:25,316 | INFO | Epoch 5/20 - Loss: 0.6353
2026-04-23 12:21:25,324 | INFO | Epoch 6/20 - Loss: 0.6346
2026-04-23 12:21:25,332 | INFO | Epoch 7/20 - Loss: 0.6323
2026-04-23 12:21:25,340 | INFO | Epoch 8/20 - Loss: 0.6310
2026-04-23 12:21:25,348 | INFO | Epoch 9/20 - Loss: 0.6292
2026-04-23 12:21:25,356 | INFO | Epoch 10/20 - Loss: 0.6311
2026-04-23 12:21:25,364 | INFO | Epoch 11/20 - Loss: 0.6288
2026-04-23 12:21:25,372 | INFO | Epoch 12/20 - Loss: 0.6287
2026-04-23 12:21:25,380 | INFO | Epoch 13/20 - Loss: 0.6295
2026-04-23 12:21:25,389 | INFO | Epoch 14/20 - Loss: 0.6289
2026-04-23 12:21:25,398 | INFO | Epoch 15/20 - Loss: 0.6284
2026-04-23 12:21:25,406 | INFO | Epoch 16/20 - Loss: 0.6272
2026-04-23 12:21:25,413 | INFO | Epoch 17/20 - Loss: 0.6267
2026-04-23 12:21:25,422 | INFO | Epoch 18/20 - Loss: 0.6272
2026-04-23 12:21:25,430 | INFO | Epoch 19/20 - Loss: 0.6252
2026-04-23 12:21:25,438 | INFO | Epoch 20/20 - Loss: 0.6254
2026-04-23 12:21:25,439 | INFO | r-net saved to: ./r_nets/compas\iter_3\beta_05\r_net_inaccurate_trusting.pth
2026-04-23 12:21:25,451 | INFO | --- R-NET TRAINING FINISHED | User: inaccurate_trusting | DS: compas
