2026-03-25 22:22:19,178 | INFO | STARTING BENCHMARK RUN | METHOD: Realizable
2026-03-25 22:22:19,244 | INFO | Retrieved necessary assets (net, test)
2026-03-25 22:24:16,827 | INFO | STARTING BENCHMARK RUN | METHOD: Realizable
2026-03-25 22:24:16,831 | INFO | Retrieved necessary assets (net, test)
2026-03-25 22:35:40,451 | INFO | STARTING BENCHMARK RUN | METHOD: Realizable
2026-03-25 22:35:40,509 | INFO | Retrieved necessary assets (net, test)
2026-03-25 22:37:09,626 | INFO | STARTING BENCHMARK RUN | METHOD: Realizable
2026-03-25 22:37:09,689 | INFO | Retrieved necessary assets (net, test)
2026-03-25 23:07:29,816 | INFO | STARTING BENCHMARK RUN | METHOD: Realizable
2026-03-25 23:07:29,822 | INFO | Retrieved necessary assets (net, test, val, train)
2026-03-25 23:24:51,156 | INFO | STARTING BENCHMARK RUN | METHOD: Realizable
2026-03-25 23:24:51,164 | INFO | Retrieved necessary assets (net, test, val, train)
2026-03-25 23:26:19,168 | INFO | STARTING BENCHMARK RUN | METHOD: Realizable
2026-03-25 23:26:19,173 | INFO | Retrieved necessary assets (net, test, val, train)
2026-03-25 23:28:10,531 | INFO | STARTING BENCHMARK RUN | METHOD: Realizable
2026-03-25 23:28:10,535 | INFO | Retrieved necessary assets (net, test, val, train)
2026-03-25 23:29:14,541 | INFO | STARTING BENCHMARK RUN | METHOD: Realizable
2026-03-25 23:29:14,545 | INFO | Retrieved necessary assets (net, test, val, train)
2026-03-25 23:34:07,481 | INFO | STARTING BENCHMARK RUN | METHOD: Realizable
2026-03-25 23:34:07,492 | INFO | Retrieved necessary assets (net, test, val, train)
2026-03-25 23:34:39,600 | INFO | STARTING BENCHMARK RUN | METHOD: Realizable
2026-03-25 23:34:39,604 | INFO | Retrieved necessary assets (net, test, val, train)
2026-03-25 23:35:33,617 | INFO | STARTING BENCHMARK RUN | METHOD: Realizable
2026-03-25 23:35:33,621 | INFO | Retrieved necessary assets (net, test, val, train)
2026-03-25 23:41:05,695 | INFO | STARTING BENCHMARK RUN | METHOD: Realizable
2026-03-25 23:41:05,700 | INFO | Retrieved necessary assets (net, test, val, train)
2026-03-25 23:54:02,384 | INFO | STARTING BENCHMARK RUN | METHOD: Realizable
2026-03-25 23:54:02,388 | INFO | Retrieved necessary assets (net, test, val, train)
2026-03-25 23:58:14,505 | INFO | STARTING BENCHMARK RUN | METHOD: Realizable
2026-03-25 23:58:14,512 | INFO | Retrieved necessary assets (net, test, val, train)
2026-03-25 23:58:54,830 | INFO | STARTING BENCHMARK RUN | METHOD: Realizable
2026-03-25 23:58:54,850 | INFO | Retrieved necessary assets (net, test, val, train)
2026-03-26 00:01:39,627 | INFO | STARTING BENCHMARK RUN | METHOD: Realizable
2026-03-26 00:01:39,631 | INFO | Retrieved necessary assets (net, test, val, train)
2026-03-26 00:06:19,961 | INFO | STARTING BENCHMARK RUN | METHOD: Realizable
2026-03-26 00:06:19,966 | INFO | Retrieved necessary assets (net, test, val, train)
2026-03-26 00:14:10,028 | INFO | STARTING BENCHMARK RUN | METHOD: Realizable
2026-03-26 00:14:10,034 | INFO | Retrieved necessary assets (net, test, val, train)
2026-03-26 00:17:56,021 | INFO | STARTING BENCHMARK RUN | METHOD: Realizable
2026-03-26 00:17:56,025 | INFO | Retrieved necessary assets (net, test, val, train)
2026-03-26 00:18:58,371 | INFO | STARTING BENCHMARK RUN | METHOD: Realizable
2026-03-26 00:18:58,375 | INFO | Retrieved necessary assets (net, test, val, train)
2026-03-26 00:24:37,296 | INFO | STARTING BENCHMARK RUN | METHOD: Realizable
2026-03-26 00:24:37,304 | INFO | Retrieved necessary assets (net, test, val, train)
2026-03-26 00:40:58,198 | INFO | STARTING BENCHMARK RUN | METHOD: Realizable
2026-03-26 00:40:58,206 | INFO | Retrieved necessary assets (net, test, val, train)
2026-03-26 00:41:27,577 | INFO | STARTING BENCHMARK RUN | METHOD: Realizable
2026-03-26 00:41:27,584 | INFO | Retrieved necessary assets (net, test, val, train)
2026-03-26 00:42:36,461 | INFO | STARTING BENCHMARK RUN | METHOD: Realizable
2026-03-26 00:42:36,465 | INFO | Retrieved necessary assets (net, test, val, train)
2026-03-26 00:52:00,439 | INFO | STARTING BENCHMARK RUN | METHOD: Realizable
2026-03-26 00:52:00,446 | INFO | Retrieved necessary assets (net, test, val, train)
2026-03-26 01:07:02,547 | INFO | STARTING BENCHMARK RUN | METHOD: Realizable
2026-03-26 01:07:02,552 | INFO | Retrieved necessary assets (net, test, val, train)
2026-03-26 01:07:07,410 | INFO | STARTING BENCHMARK RUN | METHOD: Realizable
2026-03-26 01:07:07,414 | INFO | Retrieved necessary assets (net, test, val, train)
2026-03-26 01:07:32,542 | INFO | STARTING BENCHMARK RUN | METHOD: Realizable
2026-03-26 01:07:32,594 | INFO | Retrieved necessary assets (net, test, val, train)
2026-03-26 01:09:14,526 | INFO | STARTING BENCHMARK RUN | METHOD: Realizable
2026-03-26 01:09:14,533 | INFO | Retrieved necessary assets (net, test, val, train)
2026-03-26 01:10:48,558 | INFO | STARTING BENCHMARK RUN | METHOD: Realizable
2026-03-26 01:10:48,563 | INFO | Retrieved necessary assets (net, test, val, train)
2026-03-26 01:11:42,504 | INFO | STARTING BENCHMARK RUN | METHOD: Realizable
2026-03-26 01:11:42,508 | INFO | Retrieved necessary assets (net, test, val, train)
2026-03-26 01:13:25,650 | INFO | STARTING BENCHMARK RUN | METHOD: Realizable
2026-03-26 01:13:25,654 | INFO | Retrieved necessary assets (net, test, val, train)
2026-03-26 01:16:49,453 | INFO | STARTING BENCHMARK RUN | METHOD: Realizable
2026-03-26 01:16:49,510 | INFO | Retrieved necessary assets (net, test, val, train)
2026-03-26 01:34:49,684 | INFO | STARTING BENCHMARK RUN | METHOD: Realizable
2026-03-26 01:34:49,734 | INFO | Retrieved necessary assets (net, test, val, train)
2026-03-26 01:37:44,285 | INFO | STARTING BENCHMARK RUN | METHOD: Realizable
2026-03-26 01:37:44,288 | INFO | Retrieved necessary assets (net, test, val, train)
2026-03-26 01:41:44,982 | INFO | STARTING BENCHMARK RUN | METHOD: Realizable
2026-03-26 01:41:44,987 | INFO | Retrieved necessary assets (net, test, val, train)
2026-03-26 01:43:36,801 | INFO | STARTING BENCHMARK RUN | METHOD: Realizable
2026-03-26 01:43:36,806 | INFO | Retrieved necessary assets (net, test, val, train)
2026-03-26 01:48:05,553 | INFO | STARTING BENCHMARK RUN | METHOD: Realizable
2026-03-26 01:48:05,602 | INFO | Retrieved necessary assets (net, test, val, train)
2026-03-26 01:50:45,799 | INFO | STARTING BENCHMARK RUN | METHOD: Realizable
2026-03-26 01:50:45,856 | INFO | Retrieved necessary assets (net, test, val, train)
2026-03-26 01:52:34,439 | INFO | STARTING BENCHMARK RUN | METHOD: Realizable
2026-03-26 01:52:34,445 | INFO | Retrieved necessary assets (net, test, val, train)
2026-03-26 02:01:29,349 | INFO | STARTING BENCHMARK RUN | METHOD: Realizable
2026-03-26 02:01:29,356 | INFO | Retrieved necessary assets (net, test, val, train)
2026-03-27 23:30:18,805 | INFO | Entered Net Calibration | USER accurate_trusting | iter None
2026-03-27 23:30:19,443 | INFO | Calibrating TAU thresholds
2026-03-27 23:30:19,447 | INFO | Entering Evaluate Threshold
2026-03-27 23:30:19,454 | INFO | All tau calibration results saved to .\nets\compas\iter_None\accurate_trusting_models\16_8\tau_calibration_results.parquet
2026-03-27 23:30:19,454 | INFO | Best tau: 0.5, Best accuracy: 0.40812557710064634, Best cov: 0.0
2026-03-27 23:30:19,454 | INFO |  Best tau for compas, Iter None: 0.5 (Acc: 0.40812557710064634)
2026-03-27 23:30:19,456 | INFO | Entered Net Calibration | USER accurate_trusting | iter None
2026-03-27 23:30:20,569 | INFO | Calibrating TAU thresholds
2026-03-27 23:30:20,573 | INFO | Entering Evaluate Threshold
2026-03-27 23:30:20,578 | INFO | All tau calibration results saved to .\nets\compas\iter_None\accurate_trusting_models\32_16\tau_calibration_results.parquet
2026-03-27 23:30:20,578 | INFO | Best tau: 0.5700000000000001, Best accuracy: 0.6968390804597702, Best cov: 0.0
2026-03-27 23:30:20,578 | INFO |  Best tau for compas, Iter None: 0.5700000000000001 (Acc: 0.6968390804597702)
2026-03-27 23:30:20,579 | INFO | Entered Net Calibration | USER accurate_trusting | iter None
2026-03-27 23:30:21,579 | INFO | Calibrating TAU thresholds
2026-03-27 23:30:21,584 | INFO | Entering Evaluate Threshold
2026-03-27 23:30:21,591 | INFO | All tau calibration results saved to .\nets\compas\iter_None\accurate_trusting_models\64_32\tau_calibration_results.parquet
2026-03-27 23:30:21,592 | INFO | Best tau: 0.58, Best accuracy: 0.6996951219512195, Best cov: 0.0
2026-03-27 23:30:21,592 | INFO |  Best tau for compas, Iter None: 0.58 (Acc: 0.6996951219512195)
2026-03-27 23:30:21,592 | INFO | Entered Net Calibration | USER accurate_trusting | iter None
2026-03-27 23:30:22,355 | INFO | Calibrating TAU thresholds
2026-03-27 23:30:22,359 | INFO | Entering Evaluate Threshold
2026-03-27 23:30:22,364 | INFO | All tau calibration results saved to .\nets\compas\iter_None\accurate_trusting_models\128_64\tau_calibration_results.parquet
2026-03-27 23:30:22,364 | INFO | Best tau: 0.58, Best accuracy: 0.6984848484848485, Best cov: 0.0
2026-03-27 23:30:22,364 | INFO |  Best tau for compas, Iter None: 0.58 (Acc: 0.6984848484848485)
2026-03-27 23:31:31,469 | INFO | STARTING BENCHMARK RUN | METHOD: Realizable
2026-03-27 23:31:31,473 | INFO | Retrieved necessary assets (net, test, val, train)
2026-03-30 00:20:38,622 | INFO | STARTING BENCHMARK RUN | METHOD: Realizable
2026-03-30 00:20:39,831 | INFO | Retrieved necessary assets (net, test, val, train)
2026-03-30 00:22:13,960 | INFO | STARTING BENCHMARK RUN | METHOD: CrossEntropy
2026-03-30 00:22:13,963 | INFO | Retrieved necessary assets (net, test, val, train)
2026-03-30 00:34:52,561 | INFO | STARTING BENCHMARK RUN | METHOD: CrossEntropy
2026-03-30 00:34:52,564 | INFO | Retrieved necessary assets (net, test, val, train)
2026-03-30 00:40:14,468 | INFO | STARTING BENCHMARK RUN | METHOD: CrossEntropy
2026-03-30 00:40:14,472 | INFO | Retrieved necessary assets (net, test, val, train)
2026-03-30 00:43:31,218 | INFO | STARTING BENCHMARK RUN | METHOD: CrossEntropy
2026-03-30 00:43:31,221 | INFO | Retrieved necessary assets (net, test, val, train)
2026-03-30 00:46:00,522 | INFO | STARTING BENCHMARK RUN | METHOD: CrossEntropy
2026-03-30 00:46:00,524 | INFO | Retrieved necessary assets (net, test, val, train)
2026-03-30 00:48:47,152 | INFO | STARTING BENCHMARK RUN | METHOD: CrossEntropy
2026-03-30 00:48:47,154 | INFO | Retrieved necessary assets (net, test, val, train)
2026-03-30 00:52:53,183 | INFO | STARTING BENCHMARK RUN | METHOD: CrossEntropy
2026-03-30 00:52:53,186 | INFO | Retrieved necessary assets (net, test, val, train)
2026-03-30 01:00:28,566 | INFO | STARTING BENCHMARK RUN | METHOD: CrossEntropy
2026-03-30 01:00:28,569 | INFO | Retrieved necessary assets (net, test, val, train)
2026-03-30 01:12:02,472 | INFO | STARTING BENCHMARK RUN | METHOD: CrossEntropy
2026-03-30 01:12:02,513 | INFO | Retrieved necessary assets (net, test, val, train)
2026-03-30 01:18:10,915 | INFO | STARTING BENCHMARK RUN | METHOD: CrossEntropy
2026-03-30 01:18:10,918 | INFO | Retrieved necessary assets (net, test, val, train)
2026-03-30 01:22:32,843 | INFO | STARTING BENCHMARK RUN | METHOD: CrossEntropy
2026-03-30 01:22:32,847 | INFO | Retrieved necessary assets (net, test, val, train)
2026-03-30 01:24:16,899 | INFO | STARTING BENCHMARK RUN | METHOD: CrossEntropy
2026-03-30 01:24:16,901 | INFO | Retrieved necessary assets (net, test, val, train)
2026-03-30 01:25:46,505 | INFO | STARTING BENCHMARK RUN | METHOD: CrossEntropy
2026-03-30 01:25:46,507 | INFO | Retrieved necessary assets (net, test, val, train)
2026-03-30 01:28:39,015 | INFO | STARTING BENCHMARK RUN | METHOD: CrossEntropy
2026-03-30 01:28:39,018 | INFO | Retrieved necessary assets (net, test, val, train)
2026-03-30 01:33:59,443 | INFO | STARTING BENCHMARK RUN | METHOD: CrossEntropy
2026-03-30 01:33:59,447 | INFO | Retrieved necessary assets (net, test, val, train)
2026-03-30 01:34:22,346 | INFO | STARTING BENCHMARK RUN | METHOD: CrossEntropy
2026-03-30 01:34:22,348 | INFO | Retrieved necessary assets (net, test, val, train)
2026-03-30 01:36:32,941 | INFO | STARTING BENCHMARK RUN | METHOD: CrossEntropy
2026-03-30 01:36:32,944 | INFO | Retrieved necessary assets (net, test, val, train)
