2026-03-26 00:00:26,962 | INFO | STARTING BENCHMARK RUN | METHOD: CrossEntropy
2026-03-26 00:00:26,969 | INFO | Retrieved necessary assets (net, test, val, train)
2026-03-27 23:30:30,881 | INFO | Entered Net Calibration | USER inaccurate_not_trusting | iter None
2026-03-27 23:30:31,421 | INFO | Calibrating TAU thresholds
2026-03-27 23:30:31,426 | INFO | Entering Evaluate Threshold
2026-03-27 23:30:31,430 | INFO | All tau calibration results saved to .\nets\compas\iter_None\inaccurate_not_trusting_models\16_8\tau_calibration_results.parquet
2026-03-27 23:30:31,430 | INFO | Best tau: 0.5, Best accuracy: 0.40812557710064634, Best cov: 0.0
2026-03-27 23:30:31,430 | INFO |  Best tau for compas, Iter None: 0.5 (Acc: 0.40812557710064634)
2026-03-27 23:30:31,431 | INFO | Entered Net Calibration | USER inaccurate_not_trusting | iter None
2026-03-27 23:30:32,545 | INFO | Calibrating TAU thresholds
2026-03-27 23:30:32,548 | INFO | Entering Evaluate Threshold
2026-03-27 23:30:32,555 | INFO | All tau calibration results saved to .\nets\compas\iter_None\inaccurate_not_trusting_models\32_16\tau_calibration_results.parquet
2026-03-27 23:30:32,555 | INFO | Best tau: 0.5700000000000001, Best accuracy: 0.6968390804597702, Best cov: 0.0
2026-03-27 23:30:32,555 | INFO |  Best tau for compas, Iter None: 0.5700000000000001 (Acc: 0.6968390804597702)
2026-03-27 23:30:32,556 | INFO | Entered Net Calibration | USER inaccurate_not_trusting | iter None
2026-03-27 23:30:33,567 | INFO | Calibrating TAU thresholds
2026-03-27 23:30:33,571 | INFO | Entering Evaluate Threshold
2026-03-27 23:30:33,577 | INFO | All tau calibration results saved to .\nets\compas\iter_None\inaccurate_not_trusting_models\64_32\tau_calibration_results.parquet
2026-03-27 23:30:33,577 | INFO | Best tau: 0.58, Best accuracy: 0.6996951219512195, Best cov: 0.0
2026-03-27 23:30:33,577 | INFO |  Best tau for compas, Iter None: 0.58 (Acc: 0.6996951219512195)
2026-03-27 23:30:33,577 | INFO | Entered Net Calibration | USER inaccurate_not_trusting | iter None
2026-03-27 23:30:34,258 | INFO | Calibrating TAU thresholds
2026-03-27 23:30:34,263 | INFO | Entering Evaluate Threshold
2026-03-27 23:30:34,269 | INFO | All tau calibration results saved to .\nets\compas\iter_None\inaccurate_not_trusting_models\128_64\tau_calibration_results.parquet
2026-03-27 23:30:34,269 | INFO | Best tau: 0.58, Best accuracy: 0.6984848484848485, Best cov: 0.0
2026-03-27 23:30:34,269 | INFO |  Best tau for compas, Iter None: 0.58 (Acc: 0.6984848484848485)
