2026-03-29 19:00:56,362 | INFO | STARTING MIC RUN | User: accurate_trusting | DS: adult
2026-03-29 19:00:56,362 | INFO | ---  ITERATION 1/3 ---
2026-03-29 19:00:56,362 | DEBUG | RETRIEVING NET | User accurate_trusting | Iter 1 | NET 16_8_model_*.pt
2026-03-29 19:00:56,373 | INFO | Loaded Tau: 0.79, iter 1
2026-03-29 19:00:56,373 | INFO | STARTING STRAT Confidence | USER accurate_trusting | Iter 1
2026-03-29 19:00:56,373 | INFO | Iteration 1 starting with benchmark: 63.00, delta: 0.05
2026-03-29 19:38:19,839 | INFO | Finished Iteration 1, strat Confidence | System FEA: 83.76 | Delta: 0.05
2026-03-29 19:38:19,849 | INFO | Saved Strat 1 results to: ./processed_data/adult/mic_result_ds/iter_1/results_acc_t/strats/Confidence.parquet
2026-03-29 19:38:19,849 | INFO | STARTING STRAT Mao | USER accurate_trusting | Iter 1
2026-03-29 19:38:19,850 | INFO |  Current Beta 0.1 | Start Perf: 63.00
2026-03-29 19:38:19,850 | DEBUG | RETRIEVING NET | User accurate_trusting | Iter 1
2026-03-29 19:38:19,852 | DEBUG | RETRIEVING R-NET | PATH ./r_nets/adult/iter_1/beta_01/r_net_accurate_trusting.pth
2026-03-29 19:38:19,856 | DEBUG | CURRENT ANQI MAO THRESH: 0.21939799331103682 | USER accurate_trusting | ITER 1
2026-03-29 20:17:16,648 | INFO | Beta 01 | Iteration 1 | System FEA: 80.05
2026-03-29 20:17:16,657 | INFO | Saved Strat 2, Beta 0.1 results to: ./processed_data/adult/mic_result_ds/iter_1/results_acc_t/strats/Mao_beta_01.parquet
2026-03-29 20:17:16,657 | INFO |  Current Beta 0.3 | Start Perf: 63.00
2026-03-29 20:17:16,657 | DEBUG | RETRIEVING NET | User accurate_trusting | Iter 1
2026-03-29 20:17:16,659 | DEBUG | RETRIEVING R-NET | PATH ./r_nets/adult/iter_1/beta_03/r_net_accurate_trusting.pth
2026-03-29 20:17:16,662 | DEBUG | CURRENT ANQI MAO THRESH: 0.3558528428093646 | USER accurate_trusting | ITER 1
2026-03-29 20:56:36,635 | INFO | Beta 03 | Iteration 1 | System FEA: 79.03
2026-03-29 20:56:36,645 | INFO | Saved Strat 2, Beta 0.3 results to: ./processed_data/adult/mic_result_ds/iter_1/results_acc_t/strats/Mao_beta_03.parquet
2026-03-29 20:56:36,645 | INFO |  Current Beta 0.5 | Start Perf: 63.00
2026-03-29 20:56:36,645 | DEBUG | RETRIEVING NET | User accurate_trusting | Iter 1
2026-03-29 20:56:36,647 | DEBUG | RETRIEVING R-NET | PATH ./r_nets/adult/iter_1/beta_05/r_net_accurate_trusting.pth
2026-03-29 20:56:36,651 | DEBUG | CURRENT ANQI MAO THRESH: 0.4575250836120402 | USER accurate_trusting | ITER 1
2026-03-29 21:35:46,417 | INFO | Beta 05 | Iteration 1 | System FEA: 77.91
2026-03-29 21:35:46,429 | INFO | Saved Strat 2, Beta 0.5 results to: ./processed_data/adult/mic_result_ds/iter_1/results_acc_t/strats/Mao_beta_05.parquet
2026-03-29 21:35:46,430 | INFO |  Current Beta 0.7 | Start Perf: 63.00
2026-03-29 21:35:46,430 | DEBUG | RETRIEVING NET | User accurate_trusting | Iter 1
2026-03-29 21:35:46,432 | DEBUG | RETRIEVING R-NET | PATH ./r_nets/adult/iter_1/beta_07/r_net_accurate_trusting.pth
2026-03-29 21:35:46,436 | DEBUG | CURRENT ANQI MAO THRESH: 0.5297658862876254 | USER accurate_trusting | ITER 1
2026-03-29 22:10:53,984 | INFO | Beta 07 | Iteration 1 | System FEA: 77.70
2026-03-29 22:10:53,996 | INFO | Saved Strat 2, Beta 0.7 results to: ./processed_data/adult/mic_result_ds/iter_1/results_acc_t/strats/Mao_beta_07.parquet
2026-03-29 22:10:53,996 | INFO |  Current Beta 0.9 | Start Perf: 63.00
2026-03-29 22:10:53,996 | DEBUG | RETRIEVING NET | User accurate_trusting | Iter 1
2026-03-29 22:10:53,998 | DEBUG | RETRIEVING R-NET | PATH ./r_nets/adult/iter_1/beta_09/r_net_accurate_trusting.pth
2026-03-29 22:10:54,003 | DEBUG | CURRENT ANQI MAO THRESH: 0.5806020066889632 | USER accurate_trusting | ITER 1
2026-03-29 22:29:30,441 | INFO | Beta 09 | Iteration 1 | System FEA: 77.79
2026-03-29 22:29:30,454 | INFO | Saved Strat 2, Beta 0.9 results to: ./processed_data/adult/mic_result_ds/iter_1/results_acc_t/strats/Mao_beta_09.parquet
2026-03-29 22:29:30,466 | INFO | STARTING MIC RUN | User: accurate_trusting | DS: adult
2026-03-29 22:29:30,466 | INFO | ---  ITERATION 2/3 ---
2026-03-29 22:29:30,466 | DEBUG | RETRIEVING NET | User accurate_trusting | Iter 2 | NET 16_8_model_*.pt
2026-03-29 22:29:30,476 | INFO | Loaded Tau: 0.75, iter 2
2026-03-29 22:29:30,477 | INFO | STARTING STRAT Confidence | USER accurate_trusting | Iter 2
2026-03-29 22:29:30,477 | INFO | Iteration 2 starting with benchmark: 83.76, delta: 0.05
2026-03-29 22:48:22,402 | INFO | Finished Iteration 2, strat Confidence | System FEA: 83.35 | Delta: 0.05
2026-03-29 22:48:22,413 | INFO | Saved Strat 1 results to: ./processed_data/adult/mic_result_ds/iter_2/results_acc_t/strats/Confidence.parquet
2026-03-29 22:48:22,413 | INFO | STARTING STRAT Mao | USER accurate_trusting | Iter 2
2026-03-29 22:48:22,413 | INFO |  Current Beta 0.1 | Start Perf: 80.05
2026-03-29 22:48:22,413 | DEBUG | RETRIEVING NET | User accurate_trusting | Iter 2
2026-03-29 22:48:22,415 | DEBUG | RETRIEVING R-NET | PATH ./r_nets/adult/iter_2/beta_01/r_net_accurate_trusting.pth
2026-03-29 22:48:22,419 | DEBUG | CURRENT ANQI MAO THRESH: 0.2327759197324415 | USER accurate_trusting | ITER 2
2026-03-29 23:07:40,029 | INFO | Beta 01 | Iteration 2 | System FEA: 79.20
2026-03-29 23:07:40,040 | INFO | Saved Strat 2, Beta 0.1 results to: ./processed_data/adult/mic_result_ds/iter_2/results_acc_t/strats/Mao_beta_01.parquet
2026-03-29 23:07:40,041 | INFO |  Current Beta 0.3 | Start Perf: 79.03
2026-03-29 23:07:40,041 | DEBUG | RETRIEVING NET | User accurate_trusting | Iter 2
2026-03-29 23:07:40,043 | DEBUG | RETRIEVING R-NET | PATH ./r_nets/adult/iter_2/beta_03/r_net_accurate_trusting.pth
2026-03-29 23:07:40,047 | DEBUG | CURRENT ANQI MAO THRESH: 0.36923076923076925 | USER accurate_trusting | ITER 2
2026-03-29 23:27:32,129 | INFO | Beta 03 | Iteration 2 | System FEA: 76.05
2026-03-29 23:27:32,140 | INFO | Saved Strat 2, Beta 0.3 results to: ./processed_data/adult/mic_result_ds/iter_2/results_acc_t/strats/Mao_beta_03.parquet
2026-03-29 23:27:32,140 | INFO |  Current Beta 0.5 | Start Perf: 77.91
2026-03-29 23:27:32,140 | DEBUG | RETRIEVING NET | User accurate_trusting | Iter 2
2026-03-29 23:27:32,143 | DEBUG | RETRIEVING R-NET | PATH ./r_nets/adult/iter_2/beta_05/r_net_accurate_trusting.pth
2026-03-29 23:27:32,146 | DEBUG | CURRENT ANQI MAO THRESH: 0.4735785953177258 | USER accurate_trusting | ITER 2
2026-03-29 23:36:16,513 | WARNING | Drift here! Record index 1343
2026-03-29 23:36:16,534 | WARNING | DRIFT DETECTED | Phase: MiC | Strat: Mao
2026-03-29 23:36:16,534 | INFO | DRIFT METRICS: Current  belief_threshold: 0.7 | Last 5 FEA: [0.732089552238806, 0.732289336316182, 0.732488822652757, 0.7319434102755026, 0.7321428571428571]
2026-03-29 23:36:16,538 | INFO | Drift df saved to: processed_data/adult/drift_checkpoints/MiC/iter_2/MiC_accurate_trusting_Mao_0.5.parquet
2026-03-29 23:36:16,562 | INFO | Beta 05 | Iteration 2 | System FEA: 73.34
2026-03-29 23:36:16,566 | INFO | Saved Strat 2, Beta 0.5 results to: ./processed_data/adult/mic_result_ds/iter_2/results_acc_t/strats/Mao_beta_05.parquet
2026-03-29 23:36:16,566 | INFO |  Current Beta 0.7 | Start Perf: 77.70
2026-03-29 23:36:16,566 | DEBUG | RETRIEVING NET | User accurate_trusting | Iter 2
2026-03-29 23:36:16,568 | DEBUG | RETRIEVING R-NET | PATH ./r_nets/adult/iter_2/beta_07/r_net_accurate_trusting.pth
2026-03-29 23:36:16,572 | DEBUG | CURRENT ANQI MAO THRESH: 0.5458193979933111 | USER accurate_trusting | ITER 2
2026-03-29 23:43:19,341 | WARNING | Drift here! Record index 1343
2026-03-29 23:43:19,363 | WARNING | DRIFT DETECTED | Phase: MiC | Strat: Mao
2026-03-29 23:43:19,363 | INFO | DRIFT METRICS: Current  belief_threshold: 0.7 | Last 5 FEA: [0.735820895522388, 0.7360178970917226, 0.736214605067064, 0.7356664184661206, 0.7358630952380952]
2026-03-29 23:43:19,367 | INFO | Drift df saved to: processed_data/adult/drift_checkpoints/MiC/iter_2/MiC_accurate_trusting_Mao_0.7.parquet
2026-03-29 23:43:19,383 | INFO | Beta 07 | Iteration 2 | System FEA: 73.37
2026-03-29 23:43:19,388 | INFO | Saved Strat 2, Beta 0.7 results to: ./processed_data/adult/mic_result_ds/iter_2/results_acc_t/strats/Mao_beta_07.parquet
2026-03-29 23:43:19,388 | INFO |  Current Beta 0.9 | Start Perf: 77.79
2026-03-29 23:43:19,388 | DEBUG | RETRIEVING NET | User accurate_trusting | Iter 2
2026-03-29 23:43:19,390 | DEBUG | RETRIEVING R-NET | PATH ./r_nets/adult/iter_2/beta_09/r_net_accurate_trusting.pth
2026-03-29 23:43:19,394 | DEBUG | CURRENT ANQI MAO THRESH: 0.5966555183946489 | USER accurate_trusting | ITER 2
2026-03-30 00:20:41,242 | INFO | Beta 09 | Iteration 2 | System FEA: 74.68
2026-03-30 00:20:41,251 | INFO | Saved Strat 2, Beta 0.9 results to: ./processed_data/adult/mic_result_ds/iter_2/results_acc_t/strats/Mao_beta_09.parquet
2026-03-30 00:20:41,264 | INFO | STARTING MIC RUN | User: accurate_trusting | DS: adult
2026-03-30 00:20:41,264 | INFO | ---  ITERATION 3/3 ---
2026-03-30 00:20:41,264 | DEBUG | RETRIEVING NET | User accurate_trusting | Iter 3 | NET 16_8_model_*.pt
2026-03-30 00:20:41,273 | INFO | Loaded Tau: 0.81, iter 3
2026-03-30 00:20:41,274 | INFO | STARTING STRAT Confidence | USER accurate_trusting | Iter 3
2026-03-30 00:20:41,274 | INFO | Iteration 3 starting with benchmark: 83.35, delta: 0.05
2026-03-30 00:59:27,683 | INFO | Finished Iteration 3, strat Confidence | System FEA: 83.81 | Delta: 0.05
2026-03-30 00:59:27,693 | INFO | Saved Strat 1 results to: ./processed_data/adult/mic_result_ds/iter_3/results_acc_t/strats/Confidence.parquet
2026-03-30 00:59:27,693 | INFO | STARTING STRAT Mao | USER accurate_trusting | Iter 3
2026-03-30 00:59:27,694 | INFO |  Current Beta 0.1 | Start Perf: 79.20
2026-03-30 00:59:27,694 | DEBUG | RETRIEVING NET | User accurate_trusting | Iter 3
2026-03-30 00:59:27,696 | DEBUG | RETRIEVING R-NET | PATH ./r_nets/adult/iter_3/beta_01/r_net_accurate_trusting.pth
2026-03-30 00:59:27,700 | DEBUG | CURRENT ANQI MAO THRESH: 0.21939799331103682 | USER accurate_trusting | ITER 3
2026-03-30 01:38:49,984 | INFO | Beta 01 | Iteration 3 | System FEA: 80.02
2026-03-30 01:38:49,994 | INFO | Saved Strat 2, Beta 0.1 results to: ./processed_data/adult/mic_result_ds/iter_3/results_acc_t/strats/Mao_beta_01.parquet
2026-03-30 01:38:49,994 | INFO |  Current Beta 0.3 | Start Perf: 76.05
2026-03-30 01:38:49,994 | DEBUG | RETRIEVING NET | User accurate_trusting | Iter 3
2026-03-30 01:38:49,996 | DEBUG | RETRIEVING R-NET | PATH ./r_nets/adult/iter_3/beta_03/r_net_accurate_trusting.pth
2026-03-30 01:38:49,999 | DEBUG | CURRENT ANQI MAO THRESH: 0.3638795986622074 | USER accurate_trusting | ITER 3
2026-03-30 02:18:59,987 | INFO | Beta 03 | Iteration 3 | System FEA: 77.54
2026-03-30 02:18:59,999 | INFO | Saved Strat 2, Beta 0.3 results to: ./processed_data/adult/mic_result_ds/iter_3/results_acc_t/strats/Mao_beta_03.parquet
2026-03-30 02:18:59,999 | INFO |  Current Beta 0.5 | Start Perf: 73.34
2026-03-30 02:19:00,000 | DEBUG | RETRIEVING NET | User accurate_trusting | Iter 3
2026-03-30 02:19:00,002 | DEBUG | RETRIEVING R-NET | PATH ./r_nets/adult/iter_3/beta_05/r_net_accurate_trusting.pth
2026-03-30 02:19:00,006 | DEBUG | CURRENT ANQI MAO THRESH: 0.4602006688963211 | USER accurate_trusting | ITER 3
2026-03-30 02:57:49,369 | INFO | Beta 05 | Iteration 3 | System FEA: 76.38
2026-03-30 02:57:49,379 | INFO | Saved Strat 2, Beta 0.5 results to: ./processed_data/adult/mic_result_ds/iter_3/results_acc_t/strats/Mao_beta_05.parquet
2026-03-30 02:57:49,379 | INFO |  Current Beta 0.7 | Start Perf: 73.37
2026-03-30 02:57:49,379 | DEBUG | RETRIEVING NET | User accurate_trusting | Iter 3
2026-03-30 02:57:49,381 | DEBUG | RETRIEVING R-NET | PATH ./r_nets/adult/iter_3/beta_07/r_net_accurate_trusting.pth
2026-03-30 02:57:49,386 | DEBUG | CURRENT ANQI MAO THRESH: 0.5377926421404683 | USER accurate_trusting | ITER 3
2026-03-30 03:37:43,607 | INFO | Beta 07 | Iteration 3 | System FEA: 76.44
2026-03-30 03:37:43,618 | INFO | Saved Strat 2, Beta 0.7 results to: ./processed_data/adult/mic_result_ds/iter_3/results_acc_t/strats/Mao_beta_07.parquet
2026-03-30 03:37:43,618 | INFO |  Current Beta 0.9 | Start Perf: 74.68
2026-03-30 03:37:43,618 | DEBUG | RETRIEVING NET | User accurate_trusting | Iter 3
2026-03-30 03:37:43,621 | DEBUG | RETRIEVING R-NET | PATH ./r_nets/adult/iter_3/beta_09/r_net_accurate_trusting.pth
2026-03-30 03:37:43,625 | DEBUG | CURRENT ANQI MAO THRESH: 0.591304347826087 | USER accurate_trusting | ITER 3
2026-03-30 04:20:04,939 | INFO | Beta 09 | Iteration 3 | System FEA: 76.14
2026-03-30 04:20:04,950 | INFO | Saved Strat 2, Beta 0.9 results to: ./processed_data/adult/mic_result_ds/iter_3/results_acc_t/strats/Mao_beta_09.parquet
