2026-03-30 06:45:59,876 | INFO | STARTING MIC RUN | User: inaccurate_trusting | DS: adult
2026-03-30 06:45:59,876 | INFO | ---  ITERATION 1/3 ---
2026-03-30 06:45:59,876 | DEBUG | RETRIEVING NET | User inaccurate_trusting | Iter 1 | NET 16_8_model_*.pt
2026-03-30 06:45:59,884 | INFO | Loaded Tau: 0.77, iter 1
2026-03-30 06:45:59,884 | INFO | STARTING STRAT Confidence | USER inaccurate_trusting | Iter 1
2026-03-30 06:45:59,884 | INFO | Iteration 1 starting with benchmark: 63.00, delta: 0.05
2026-03-30 07:21:57,548 | INFO | Finished Iteration 1, strat Confidence | System FEA: 83.81 | Delta: 0.05
2026-03-30 07:21:57,559 | INFO | Saved Strat 1 results to: ./processed_data/adult/mic_result_ds/iter_1/results_inacc_t/strats/Confidence.parquet
2026-03-30 07:21:57,559 | INFO | STARTING STRAT Mao | USER inaccurate_trusting | Iter 1
2026-03-30 07:21:57,559 | INFO |  Current Beta 0.1 | Start Perf: 63.00
2026-03-30 07:21:57,559 | DEBUG | RETRIEVING NET | User inaccurate_trusting | Iter 1
2026-03-30 07:21:57,562 | DEBUG | RETRIEVING R-NET | PATH ./r_nets/adult/iter_1/beta_01/r_net_inaccurate_trusting.pth
2026-03-30 07:21:57,565 | DEBUG | CURRENT ANQI MAO THRESH: 0.2247491638795987 | USER inaccurate_trusting | ITER 1
2026-03-30 07:59:34,265 | INFO | Beta 01 | Iteration 1 | System FEA: 80.31
2026-03-30 07:59:34,276 | INFO | Saved Strat 2, Beta 0.1 results to: ./processed_data/adult/mic_result_ds/iter_1/results_inacc_t/strats/Mao_beta_01.parquet
2026-03-30 07:59:34,276 | INFO |  Current Beta 0.3 | Start Perf: 63.00
2026-03-30 07:59:34,276 | DEBUG | RETRIEVING NET | User inaccurate_trusting | Iter 1
2026-03-30 07:59:34,278 | DEBUG | RETRIEVING R-NET | PATH ./r_nets/adult/iter_1/beta_03/r_net_inaccurate_trusting.pth
2026-03-30 07:59:34,281 | DEBUG | CURRENT ANQI MAO THRESH: 0.3638795986622074 | USER inaccurate_trusting | ITER 1
2026-03-30 08:37:25,115 | INFO | Beta 03 | Iteration 1 | System FEA: 79.76
2026-03-30 08:37:25,126 | INFO | Saved Strat 2, Beta 0.3 results to: ./processed_data/adult/mic_result_ds/iter_1/results_inacc_t/strats/Mao_beta_03.parquet
2026-03-30 08:37:25,126 | INFO |  Current Beta 0.5 | Start Perf: 63.00
2026-03-30 08:37:25,126 | DEBUG | RETRIEVING NET | User inaccurate_trusting | Iter 1
2026-03-30 08:37:25,128 | DEBUG | RETRIEVING R-NET | PATH ./r_nets/adult/iter_1/beta_05/r_net_inaccurate_trusting.pth
2026-03-30 08:37:25,132 | DEBUG | CURRENT ANQI MAO THRESH: 0.465551839464883 | USER inaccurate_trusting | ITER 1
2026-03-30 09:17:14,474 | INFO | Beta 05 | Iteration 1 | System FEA: 77.69
2026-03-30 09:17:14,485 | INFO | Saved Strat 2, Beta 0.5 results to: ./processed_data/adult/mic_result_ds/iter_1/results_inacc_t/strats/Mao_beta_05.parquet
2026-03-30 09:17:14,485 | INFO |  Current Beta 0.7 | Start Perf: 63.00
2026-03-30 09:17:14,485 | DEBUG | RETRIEVING NET | User inaccurate_trusting | Iter 1
2026-03-30 09:17:14,487 | DEBUG | RETRIEVING R-NET | PATH ./r_nets/adult/iter_1/beta_07/r_net_inaccurate_trusting.pth
2026-03-30 09:17:14,491 | DEBUG | CURRENT ANQI MAO THRESH: 0.5377926421404683 | USER inaccurate_trusting | ITER 1
2026-03-30 09:56:42,348 | INFO | Beta 07 | Iteration 1 | System FEA: 77.64
2026-03-30 09:56:42,358 | INFO | Saved Strat 2, Beta 0.7 results to: ./processed_data/adult/mic_result_ds/iter_1/results_inacc_t/strats/Mao_beta_07.parquet
2026-03-30 09:56:42,359 | INFO |  Current Beta 0.9 | Start Perf: 63.00
2026-03-30 09:56:42,359 | DEBUG | RETRIEVING NET | User inaccurate_trusting | Iter 1
2026-03-30 09:56:42,361 | DEBUG | RETRIEVING R-NET | PATH ./r_nets/adult/iter_1/beta_09/r_net_inaccurate_trusting.pth
2026-03-30 09:56:42,364 | DEBUG | CURRENT ANQI MAO THRESH: 0.591304347826087 | USER inaccurate_trusting | ITER 1
2026-03-30 10:31:59,345 | INFO | Beta 09 | Iteration 1 | System FEA: 77.41
2026-03-30 10:31:59,357 | INFO | Saved Strat 2, Beta 0.9 results to: ./processed_data/adult/mic_result_ds/iter_1/results_inacc_t/strats/Mao_beta_09.parquet
2026-03-30 10:31:59,370 | INFO | STARTING MIC RUN | User: inaccurate_trusting | DS: adult
2026-03-30 10:31:59,371 | INFO | ---  ITERATION 2/3 ---
2026-03-30 10:31:59,371 | DEBUG | RETRIEVING NET | User inaccurate_trusting | Iter 2 | NET 16_8_model_*.pt
2026-03-30 10:31:59,381 | INFO | Loaded Tau: 0.72, iter 2
2026-03-30 10:31:59,382 | INFO | STARTING STRAT Confidence | USER inaccurate_trusting | Iter 2
2026-03-30 10:31:59,382 | INFO | Iteration 2 starting with benchmark: 83.81, delta: 0.05
2026-03-30 10:52:02,983 | INFO | Finished Iteration 2, strat Confidence | System FEA: 82.61 | Delta: 0.05
2026-03-30 10:52:02,995 | INFO | Saved Strat 1 results to: ./processed_data/adult/mic_result_ds/iter_2/results_inacc_t/strats/Confidence.parquet
2026-03-30 10:52:02,995 | INFO | STARTING STRAT Mao | USER inaccurate_trusting | Iter 2
2026-03-30 10:52:02,995 | INFO |  Current Beta 0.1 | Start Perf: 80.31
2026-03-30 10:52:02,995 | DEBUG | RETRIEVING NET | User inaccurate_trusting | Iter 2
2026-03-30 10:52:02,997 | DEBUG | RETRIEVING R-NET | PATH ./r_nets/adult/iter_2/beta_01/r_net_inaccurate_trusting.pth
2026-03-30 10:52:03,001 | DEBUG | CURRENT ANQI MAO THRESH: 0.23812709030100337 | USER inaccurate_trusting | ITER 2
2026-03-30 11:11:03,732 | INFO | Beta 01 | Iteration 2 | System FEA: 78.14
2026-03-30 11:11:03,743 | INFO | Saved Strat 2, Beta 0.1 results to: ./processed_data/adult/mic_result_ds/iter_2/results_inacc_t/strats/Mao_beta_01.parquet
2026-03-30 11:11:03,744 | INFO |  Current Beta 0.3 | Start Perf: 79.76
2026-03-30 11:11:03,744 | DEBUG | RETRIEVING NET | User inaccurate_trusting | Iter 2
2026-03-30 11:11:03,746 | DEBUG | RETRIEVING R-NET | PATH ./r_nets/adult/iter_2/beta_03/r_net_inaccurate_trusting.pth
2026-03-30 11:11:03,749 | DEBUG | CURRENT ANQI MAO THRESH: 0.37458193979933113 | USER inaccurate_trusting | ITER 2
2026-03-30 11:15:19,710 | WARNING | Drift here! Record index 1343
2026-03-30 11:15:19,730 | WARNING | DRIFT DETECTED | Phase: MiC | Strat: Mao
2026-03-30 11:15:19,731 | INFO | DRIFT METRICS: Current  belief_threshold: 0.7 | Last 5 FEA: [0.7291044776119403, 0.7293064876957495, 0.7295081967213115, 0.7289650037230082, 0.7291666666666666]
2026-03-30 11:15:19,735 | INFO | Drift df saved to: processed_data/adult/drift_checkpoints/MiC/iter_2/MiC_inaccurate_trusting_Mao_0.3.parquet
2026-03-30 11:15:19,757 | INFO | Beta 03 | Iteration 2 | System FEA: 72.87
2026-03-30 11:15:19,762 | INFO | Saved Strat 2, Beta 0.3 results to: ./processed_data/adult/mic_result_ds/iter_2/results_inacc_t/strats/Mao_beta_03.parquet
2026-03-30 11:15:19,762 | INFO |  Current Beta 0.5 | Start Perf: 77.69
2026-03-30 11:15:19,762 | DEBUG | RETRIEVING NET | User inaccurate_trusting | Iter 2
2026-03-30 11:15:19,764 | DEBUG | RETRIEVING R-NET | PATH ./r_nets/adult/iter_2/beta_05/r_net_inaccurate_trusting.pth
2026-03-30 11:15:19,768 | DEBUG | CURRENT ANQI MAO THRESH: 0.47625418060200675 | USER inaccurate_trusting | ITER 2
2026-03-30 11:19:43,083 | WARNING | Drift here! Record index 1343
2026-03-30 11:19:43,102 | WARNING | DRIFT DETECTED | Phase: MiC | Strat: Mao
2026-03-30 11:19:43,102 | INFO | DRIFT METRICS: Current  belief_threshold: 0.7 | Last 5 FEA: [0.7373134328358208, 0.7375093214019388, 0.7377049180327869, 0.7371556217423678, 0.7373511904761905]
2026-03-30 11:19:43,106 | INFO | Drift df saved to: processed_data/adult/drift_checkpoints/MiC/iter_2/MiC_inaccurate_trusting_Mao_0.5.parquet
2026-03-30 11:19:43,121 | INFO | Beta 05 | Iteration 2 | System FEA: 73.78
2026-03-30 11:19:43,126 | INFO | Saved Strat 2, Beta 0.5 results to: ./processed_data/adult/mic_result_ds/iter_2/results_inacc_t/strats/Mao_beta_05.parquet
2026-03-30 11:19:43,126 | INFO |  Current Beta 0.7 | Start Perf: 77.64
2026-03-30 11:19:43,126 | DEBUG | RETRIEVING NET | User inaccurate_trusting | Iter 2
2026-03-30 11:19:43,128 | DEBUG | RETRIEVING R-NET | PATH ./r_nets/adult/iter_2/beta_07/r_net_inaccurate_trusting.pth
2026-03-30 11:19:43,131 | DEBUG | CURRENT ANQI MAO THRESH: 0.548494983277592 | USER inaccurate_trusting | ITER 2
2026-03-30 11:23:55,062 | WARNING | Drift here! Record index 1343
2026-03-30 11:23:55,082 | WARNING | DRIFT DETECTED | Phase: MiC | Strat: Mao
2026-03-30 11:23:55,082 | INFO | DRIFT METRICS: Current  belief_threshold: 0.7 | Last 5 FEA: [0.7395522388059701, 0.7397464578672632, 0.7399403874813711, 0.7393894266567387, 0.7395833333333334]
2026-03-30 11:23:55,086 | INFO | Drift df saved to: processed_data/adult/drift_checkpoints/MiC/iter_2/MiC_inaccurate_trusting_Mao_0.7.parquet
2026-03-30 11:23:55,102 | INFO | Beta 07 | Iteration 2 | System FEA: 73.34
2026-03-30 11:23:55,106 | INFO | Saved Strat 2, Beta 0.7 results to: ./processed_data/adult/mic_result_ds/iter_2/results_inacc_t/strats/Mao_beta_07.parquet
2026-03-30 11:23:55,107 | INFO |  Current Beta 0.9 | Start Perf: 77.41
2026-03-30 11:23:55,107 | DEBUG | RETRIEVING NET | User inaccurate_trusting | Iter 2
2026-03-30 11:23:55,109 | DEBUG | RETRIEVING R-NET | PATH ./r_nets/adult/iter_2/beta_09/r_net_inaccurate_trusting.pth
2026-03-30 11:23:55,112 | DEBUG | CURRENT ANQI MAO THRESH: 0.5993311036789298 | USER inaccurate_trusting | ITER 2
2026-03-30 11:42:46,475 | INFO | Beta 09 | Iteration 2 | System FEA: 74.21
2026-03-30 11:42:46,487 | INFO | Saved Strat 2, Beta 0.9 results to: ./processed_data/adult/mic_result_ds/iter_2/results_inacc_t/strats/Mao_beta_09.parquet
2026-03-30 11:42:46,499 | INFO | STARTING MIC RUN | User: inaccurate_trusting | DS: adult
2026-03-30 11:42:46,499 | INFO | ---  ITERATION 3/3 ---
2026-03-30 11:42:46,500 | DEBUG | RETRIEVING NET | User inaccurate_trusting | Iter 3 | NET 16_8_model_*.pt
2026-03-30 11:42:46,510 | INFO | Loaded Tau: 0.8200000000000001, iter 3
2026-03-30 11:42:46,510 | INFO | STARTING STRAT Confidence | USER inaccurate_trusting | Iter 3
2026-03-30 11:42:46,510 | INFO | Iteration 3 starting with benchmark: 82.61, delta: 0.05
2026-03-30 12:20:34,003 | INFO | Finished Iteration 3, strat Confidence | System FEA: 83.30 | Delta: 0.05
2026-03-30 12:20:34,013 | INFO | Saved Strat 1 results to: ./processed_data/adult/mic_result_ds/iter_3/results_inacc_t/strats/Confidence.parquet
2026-03-30 12:20:34,013 | INFO | STARTING STRAT Mao | USER inaccurate_trusting | Iter 3
2026-03-30 12:20:34,013 | INFO |  Current Beta 0.1 | Start Perf: 78.14
2026-03-30 12:20:34,013 | DEBUG | RETRIEVING NET | User inaccurate_trusting | Iter 3
2026-03-30 12:20:34,015 | DEBUG | RETRIEVING R-NET | PATH ./r_nets/adult/iter_3/beta_01/r_net_inaccurate_trusting.pth
2026-03-30 12:20:34,020 | DEBUG | CURRENT ANQI MAO THRESH: 0.2274247491638796 | USER inaccurate_trusting | ITER 3
2026-03-30 13:00:53,661 | INFO | Beta 01 | Iteration 3 | System FEA: 78.15
2026-03-30 13:00:53,670 | INFO | Saved Strat 2, Beta 0.1 results to: ./processed_data/adult/mic_result_ds/iter_3/results_inacc_t/strats/Mao_beta_01.parquet
2026-03-30 13:00:53,670 | INFO |  Current Beta 0.3 | Start Perf: 72.87
2026-03-30 13:00:53,670 | DEBUG | RETRIEVING NET | User inaccurate_trusting | Iter 3
2026-03-30 13:00:53,672 | DEBUG | RETRIEVING R-NET | PATH ./r_nets/adult/iter_3/beta_03/r_net_inaccurate_trusting.pth
2026-03-30 13:00:53,676 | DEBUG | CURRENT ANQI MAO THRESH: 0.36655518394648834 | USER inaccurate_trusting | ITER 3
2026-03-30 13:43:12,881 | INFO | Beta 03 | Iteration 3 | System FEA: 76.95
2026-03-30 13:43:12,893 | INFO | Saved Strat 2, Beta 0.3 results to: ./processed_data/adult/mic_result_ds/iter_3/results_inacc_t/strats/Mao_beta_03.parquet
2026-03-30 13:43:12,893 | INFO |  Current Beta 0.5 | Start Perf: 73.78
2026-03-30 13:43:12,893 | DEBUG | RETRIEVING NET | User inaccurate_trusting | Iter 3
2026-03-30 13:43:12,896 | DEBUG | RETRIEVING R-NET | PATH ./r_nets/adult/iter_3/beta_05/r_net_inaccurate_trusting.pth
2026-03-30 13:43:12,901 | DEBUG | CURRENT ANQI MAO THRESH: 0.47090301003344487 | USER inaccurate_trusting | ITER 3
2026-03-30 14:25:37,479 | INFO | Beta 05 | Iteration 3 | System FEA: 76.09
2026-03-30 14:25:37,489 | INFO | Saved Strat 2, Beta 0.5 results to: ./processed_data/adult/mic_result_ds/iter_3/results_inacc_t/strats/Mao_beta_05.parquet
2026-03-30 14:25:37,489 | INFO |  Current Beta 0.7 | Start Perf: 73.34
2026-03-30 14:25:37,489 | DEBUG | RETRIEVING NET | User inaccurate_trusting | Iter 3
2026-03-30 14:25:37,491 | DEBUG | RETRIEVING R-NET | PATH ./r_nets/adult/iter_3/beta_07/r_net_inaccurate_trusting.pth
2026-03-30 14:25:37,495 | DEBUG | CURRENT ANQI MAO THRESH: 0.5431438127090301 | USER inaccurate_trusting | ITER 3
2026-03-30 15:06:08,921 | INFO | Beta 07 | Iteration 3 | System FEA: 76.19
2026-03-30 15:06:08,931 | INFO | Saved Strat 2, Beta 0.7 results to: ./processed_data/adult/mic_result_ds/iter_3/results_inacc_t/strats/Mao_beta_07.parquet
2026-03-30 15:06:08,931 | INFO |  Current Beta 0.9 | Start Perf: 74.21
2026-03-30 15:06:08,931 | DEBUG | RETRIEVING NET | User inaccurate_trusting | Iter 3
2026-03-30 15:06:08,933 | DEBUG | RETRIEVING R-NET | PATH ./r_nets/adult/iter_3/beta_09/r_net_inaccurate_trusting.pth
2026-03-30 15:06:08,937 | DEBUG | CURRENT ANQI MAO THRESH: 0.5966555183946489 | USER inaccurate_trusting | ITER 3
2026-03-30 15:49:57,047 | INFO | Beta 09 | Iteration 3 | System FEA: 76.14
2026-03-30 15:49:57,057 | INFO | Saved Strat 2, Beta 0.9 results to: ./processed_data/adult/mic_result_ds/iter_3/results_inacc_t/strats/Mao_beta_09.parquet
