2026-04-20 16:36:35,086 | INFO | STARTING R-NETS TRAINING | User: accurate_not_trusting | DS: compas
2026-04-20 16:36:35,087 | INFO | --- Calibrating for iteration 1 ---
2026-04-20 16:36:35,087 | INFO | --- Training r-net for Beta: 0.1
2026-04-20 16:36:35,087 | INFO | Training r-net | User: accurate_not_trusting | Beta: 0.1 | Iter: 1
2026-04-20 16:36:35,196 | DEBUG | Input Tensor Shape: torch.Size([703, 8])
2026-04-20 16:36:35,208 | INFO | Epoch 1/20 - Loss: 1.0356
2026-04-20 16:36:35,220 | INFO | Epoch 2/20 - Loss: 1.0339
2026-04-20 16:36:35,232 | INFO | Epoch 3/20 - Loss: 1.0316
2026-04-20 16:36:35,244 | INFO | Epoch 4/20 - Loss: 1.0288
2026-04-20 16:36:35,256 | INFO | Epoch 5/20 - Loss: 1.0259
2026-04-20 16:36:35,268 | INFO | Epoch 6/20 - Loss: 1.0235
2026-04-20 16:36:35,281 | INFO | Epoch 7/20 - Loss: 1.0213
2026-04-20 16:36:35,293 | INFO | Epoch 8/20 - Loss: 1.0192
2026-04-20 16:36:35,306 | INFO | Epoch 9/20 - Loss: 1.0194
2026-04-20 16:36:35,319 | INFO | Epoch 10/20 - Loss: 1.0178
2026-04-20 16:36:35,331 | INFO | Epoch 11/20 - Loss: 1.0180
2026-04-20 16:36:35,343 | INFO | Epoch 12/20 - Loss: 1.0209
2026-04-20 16:36:35,355 | INFO | Epoch 13/20 - Loss: 1.0182
2026-04-20 16:36:35,367 | INFO | Epoch 14/20 - Loss: 1.0197
2026-04-20 16:36:35,380 | INFO | Epoch 15/20 - Loss: 1.0195
2026-04-20 16:36:35,392 | INFO | Epoch 16/20 - Loss: 1.0187
2026-04-20 16:36:35,405 | INFO | Epoch 17/20 - Loss: 1.0170
2026-04-20 16:36:35,417 | INFO | Epoch 18/20 - Loss: 1.0184
2026-04-20 16:36:35,432 | INFO | Epoch 19/20 - Loss: 1.0177
2026-04-20 16:36:35,444 | INFO | Epoch 20/20 - Loss: 1.0179
2026-04-20 16:36:35,447 | INFO | r-net saved to: ./r_nets/compas\iter_1\beta_01\r_net_accurate_not_trusting.pth
2026-04-20 16:36:35,462 | INFO | --- Training r-net for Beta: 0.3
2026-04-20 16:36:35,462 | INFO | Training r-net | User: accurate_not_trusting | Beta: 0.3 | Iter: 1
2026-04-20 16:36:35,601 | DEBUG | Input Tensor Shape: torch.Size([703, 8])
2026-04-20 16:36:35,615 | INFO | Epoch 1/20 - Loss: 0.9209
2026-04-20 16:36:35,627 | INFO | Epoch 2/20 - Loss: 0.9206
2026-04-20 16:36:35,639 | INFO | Epoch 3/20 - Loss: 0.9179
2026-04-20 16:36:35,650 | INFO | Epoch 4/20 - Loss: 0.9158
2026-04-20 16:36:35,661 | INFO | Epoch 5/20 - Loss: 0.9146
2026-04-20 16:36:35,672 | INFO | Epoch 6/20 - Loss: 0.9138
2026-04-20 16:36:35,681 | INFO | Epoch 7/20 - Loss: 0.9095
2026-04-20 16:36:35,690 | INFO | Epoch 8/20 - Loss: 0.9123
2026-04-20 16:36:35,701 | INFO | Epoch 9/20 - Loss: 0.9121
2026-04-20 16:36:35,712 | INFO | Epoch 10/20 - Loss: 0.9094
2026-04-20 16:36:35,725 | INFO | Epoch 11/20 - Loss: 0.9140
2026-04-20 16:36:35,737 | INFO | Epoch 12/20 - Loss: 0.9113
2026-04-20 16:36:35,748 | INFO | Epoch 13/20 - Loss: 0.9116
2026-04-20 16:36:35,759 | INFO | Epoch 14/20 - Loss: 0.9058
2026-04-20 16:36:35,771 | INFO | Epoch 15/20 - Loss: 0.9121
2026-04-20 16:36:35,782 | INFO | Epoch 16/20 - Loss: 0.9094
2026-04-20 16:36:35,793 | INFO | Epoch 17/20 - Loss: 0.9101
2026-04-20 16:36:35,806 | INFO | Epoch 18/20 - Loss: 0.9097
2026-04-20 16:36:35,818 | INFO | Epoch 19/20 - Loss: 0.9095
2026-04-20 16:36:35,829 | INFO | Epoch 20/20 - Loss: 0.9109
2026-04-20 16:36:35,833 | INFO | r-net saved to: ./r_nets/compas\iter_1\beta_03\r_net_accurate_not_trusting.pth
2026-04-20 16:36:35,845 | INFO | --- Training r-net for Beta: 0.5
2026-04-20 16:36:35,845 | INFO | Training r-net | User: accurate_not_trusting | Beta: 0.5 | Iter: 1
2026-04-20 16:36:35,971 | DEBUG | Input Tensor Shape: torch.Size([703, 8])
2026-04-20 16:36:35,983 | INFO | Epoch 1/20 - Loss: 0.7647
2026-04-20 16:36:35,994 | INFO | Epoch 2/20 - Loss: 0.7644
2026-04-20 16:36:36,004 | INFO | Epoch 3/20 - Loss: 0.7640
2026-04-20 16:36:36,014 | INFO | Epoch 4/20 - Loss: 0.7644
2026-04-20 16:36:36,025 | INFO | Epoch 5/20 - Loss: 0.7635
2026-04-20 16:36:36,035 | INFO | Epoch 6/20 - Loss: 0.7637
2026-04-20 16:36:36,045 | INFO | Epoch 7/20 - Loss: 0.7638
2026-04-20 16:36:36,056 | INFO | Epoch 8/20 - Loss: 0.7638
2026-04-20 16:36:36,066 | INFO | Epoch 9/20 - Loss: 0.7642
2026-04-20 16:36:36,073 | INFO | Epoch 10/20 - Loss: 0.7637
2026-04-20 16:36:36,081 | INFO | Epoch 11/20 - Loss: 0.7637
2026-04-20 16:36:36,092 | INFO | Epoch 12/20 - Loss: 0.7631
2026-04-20 16:36:36,103 | INFO | Epoch 13/20 - Loss: 0.7631
2026-04-20 16:36:36,113 | INFO | Epoch 14/20 - Loss: 0.7628
2026-04-20 16:36:36,124 | INFO | Epoch 15/20 - Loss: 0.7636
2026-04-20 16:36:36,134 | INFO | Epoch 16/20 - Loss: 0.7632
2026-04-20 16:36:36,145 | INFO | Epoch 17/20 - Loss: 0.7635
2026-04-20 16:36:36,155 | INFO | Epoch 18/20 - Loss: 0.7630
2026-04-20 16:36:36,167 | INFO | Epoch 19/20 - Loss: 0.7634
2026-04-20 16:36:36,179 | INFO | Epoch 20/20 - Loss: 0.7631
2026-04-20 16:36:36,181 | INFO | r-net saved to: ./r_nets/compas\iter_1\beta_05\r_net_accurate_not_trusting.pth
2026-04-20 16:36:36,192 | INFO | --- Training r-net for Beta: 0.7
2026-04-20 16:36:36,193 | INFO | Training r-net | User: accurate_not_trusting | Beta: 0.7 | Iter: 1
2026-04-20 16:36:36,332 | DEBUG | Input Tensor Shape: torch.Size([703, 8])
2026-04-20 16:36:36,346 | INFO | Epoch 1/20 - Loss: 0.6979
2026-04-20 16:36:36,363 | INFO | Epoch 2/20 - Loss: 0.6886
2026-04-20 16:36:36,376 | INFO | Epoch 3/20 - Loss: 0.6823
2026-04-20 16:36:36,387 | INFO | Epoch 4/20 - Loss: 0.6754
2026-04-20 16:36:36,401 | INFO | Epoch 5/20 - Loss: 0.6681
2026-04-20 16:36:36,412 | INFO | Epoch 6/20 - Loss: 0.6615
2026-04-20 16:36:36,423 | INFO | Epoch 7/20 - Loss: 0.6522
2026-04-20 16:36:36,435 | INFO | Epoch 8/20 - Loss: 0.6463
2026-04-20 16:36:36,446 | INFO | Epoch 9/20 - Loss: 0.6381
2026-04-20 16:36:36,457 | INFO | Epoch 10/20 - Loss: 0.6325
2026-04-20 16:36:36,468 | INFO | Epoch 11/20 - Loss: 0.6232
2026-04-20 16:36:36,479 | INFO | Epoch 12/20 - Loss: 0.6128
2026-04-20 16:36:36,489 | INFO | Epoch 13/20 - Loss: 0.6092
2026-04-20 16:36:36,500 | INFO | Epoch 14/20 - Loss: 0.5985
2026-04-20 16:36:36,511 | INFO | Epoch 15/20 - Loss: 0.5931
2026-04-20 16:36:36,522 | INFO | Epoch 16/20 - Loss: 0.5932
2026-04-20 16:36:36,532 | INFO | Epoch 17/20 - Loss: 0.5882
2026-04-20 16:36:36,543 | INFO | Epoch 18/20 - Loss: 0.5838
2026-04-20 16:36:36,554 | INFO | Epoch 19/20 - Loss: 0.5862
2026-04-20 16:36:36,561 | INFO | Epoch 20/20 - Loss: 0.5841
2026-04-20 16:36:36,566 | INFO | r-net saved to: ./r_nets/compas\iter_1\beta_07\r_net_accurate_not_trusting.pth
2026-04-20 16:36:36,576 | INFO | --- Training r-net for Beta: 0.9
2026-04-20 16:36:36,576 | INFO | Training r-net | User: accurate_not_trusting | Beta: 0.9 | Iter: 1
2026-04-20 16:36:36,703 | DEBUG | Input Tensor Shape: torch.Size([703, 8])
2026-04-20 16:36:36,715 | INFO | Epoch 1/20 - Loss: 0.5381
2026-04-20 16:36:36,726 | INFO | Epoch 2/20 - Loss: 0.5333
2026-04-20 16:36:36,738 | INFO | Epoch 3/20 - Loss: 0.5293
2026-04-20 16:36:36,750 | INFO | Epoch 4/20 - Loss: 0.5226
2026-04-20 16:36:36,761 | INFO | Epoch 5/20 - Loss: 0.5179
2026-04-20 16:36:36,772 | INFO | Epoch 6/20 - Loss: 0.5113
2026-04-20 16:36:36,782 | INFO | Epoch 7/20 - Loss: 0.5045
2026-04-20 16:36:36,793 | INFO | Epoch 8/20 - Loss: 0.4983
2026-04-20 16:36:36,803 | INFO | Epoch 9/20 - Loss: 0.4894
2026-04-20 16:36:36,814 | INFO | Epoch 10/20 - Loss: 0.4797
2026-04-20 16:36:36,825 | INFO | Epoch 11/20 - Loss: 0.4691
2026-04-20 16:36:36,835 | INFO | Epoch 12/20 - Loss: 0.4565
2026-04-20 16:36:36,846 | INFO | Epoch 13/20 - Loss: 0.4413
2026-04-20 16:36:36,856 | INFO | Epoch 14/20 - Loss: 0.4237
2026-04-20 16:36:36,867 | INFO | Epoch 15/20 - Loss: 0.3969
2026-04-20 16:36:36,877 | INFO | Epoch 16/20 - Loss: 0.3790
2026-04-20 16:36:36,888 | INFO | Epoch 17/20 - Loss: 0.3555
2026-04-20 16:36:36,898 | INFO | Epoch 18/20 - Loss: 0.3449
2026-04-20 16:36:36,910 | INFO | Epoch 19/20 - Loss: 0.3275
2026-04-20 16:36:36,920 | INFO | Epoch 20/20 - Loss: 0.3152
2026-04-20 16:36:36,925 | INFO | r-net saved to: ./r_nets/compas\iter_1\beta_09\r_net_accurate_not_trusting.pth
2026-04-20 16:36:36,936 | INFO | --- R-NET TRAINING FINISHED | User: accurate_not_trusting | DS: compas
2026-04-20 16:36:36,939 | INFO | STARTING R-NETS TRAINING | User: accurate_not_trusting | DS: compas
2026-04-20 16:36:36,940 | INFO | --- Calibrating for iteration 2 ---
2026-04-20 16:36:36,940 | INFO | --- Training r-net for Beta: 0.1
2026-04-20 16:36:36,940 | INFO | Training r-net | User: accurate_not_trusting | Beta: 0.1 | Iter: 2
2026-04-20 16:36:37,067 | DEBUG | Input Tensor Shape: torch.Size([710, 8])
2026-04-20 16:36:37,079 | INFO | Epoch 1/20 - Loss: 1.0842
2026-04-20 16:36:37,090 | INFO | Epoch 2/20 - Loss: 1.0795
2026-04-20 16:36:37,100 | INFO | Epoch 3/20 - Loss: 1.0753
2026-04-20 16:36:37,111 | INFO | Epoch 4/20 - Loss: 1.0716
2026-04-20 16:36:37,121 | INFO | Epoch 5/20 - Loss: 1.0665
2026-04-20 16:36:37,132 | INFO | Epoch 6/20 - Loss: 1.0628
2026-04-20 16:36:37,144 | INFO | Epoch 7/20 - Loss: 1.0603
2026-04-20 16:36:37,159 | INFO | Epoch 8/20 - Loss: 1.0564
2026-04-20 16:36:37,171 | INFO | Epoch 9/20 - Loss: 1.0527
2026-04-20 16:36:37,182 | INFO | Epoch 10/20 - Loss: 1.0502
2026-04-20 16:36:37,193 | INFO | Epoch 11/20 - Loss: 1.0456
2026-04-20 16:36:37,204 | INFO | Epoch 12/20 - Loss: 1.0419
2026-04-20 16:36:37,215 | INFO | Epoch 13/20 - Loss: 1.0394
2026-04-20 16:36:37,226 | INFO | Epoch 14/20 - Loss: 1.0360
2026-04-20 16:36:37,236 | INFO | Epoch 15/20 - Loss: 1.0332
2026-04-20 16:36:37,247 | INFO | Epoch 16/20 - Loss: 1.0323
2026-04-20 16:36:37,257 | INFO | Epoch 17/20 - Loss: 1.0346
2026-04-20 16:36:37,268 | INFO | Epoch 18/20 - Loss: 1.0321
2026-04-20 16:36:37,278 | INFO | Epoch 19/20 - Loss: 1.0280
2026-04-20 16:36:37,288 | INFO | Epoch 20/20 - Loss: 1.0306
2026-04-20 16:36:37,293 | INFO | r-net saved to: ./r_nets/compas\iter_2\beta_01\r_net_accurate_not_trusting.pth
2026-04-20 16:36:37,304 | INFO | --- Training r-net for Beta: 0.3
2026-04-20 16:36:37,304 | INFO | Training r-net | User: accurate_not_trusting | Beta: 0.3 | Iter: 2
2026-04-20 16:36:37,424 | DEBUG | Input Tensor Shape: torch.Size([710, 8])
2026-04-20 16:36:37,442 | INFO | Epoch 1/20 - Loss: 0.9119
2026-04-20 16:36:37,456 | INFO | Epoch 2/20 - Loss: 0.9106
2026-04-20 16:36:37,470 | INFO | Epoch 3/20 - Loss: 0.9098
2026-04-20 16:36:37,482 | INFO | Epoch 4/20 - Loss: 0.9093
2026-04-20 16:36:37,495 | INFO | Epoch 5/20 - Loss: 0.9085
2026-04-20 16:36:37,508 | INFO | Epoch 6/20 - Loss: 0.9077
2026-04-20 16:36:37,524 | INFO | Epoch 7/20 - Loss: 0.9071
2026-04-20 16:36:37,538 | INFO | Epoch 8/20 - Loss: 0.9062
2026-04-20 16:36:37,552 | INFO | Epoch 9/20 - Loss: 0.9059
2026-04-20 16:36:37,565 | INFO | Epoch 10/20 - Loss: 0.9052
2026-04-20 16:36:37,576 | INFO | Epoch 11/20 - Loss: 0.9059
2026-04-20 16:36:37,587 | INFO | Epoch 12/20 - Loss: 0.9054
2026-04-20 16:36:37,598 | INFO | Epoch 13/20 - Loss: 0.9052
2026-04-20 16:36:37,608 | INFO | Epoch 14/20 - Loss: 0.9054
2026-04-20 16:36:37,619 | INFO | Epoch 15/20 - Loss: 0.9057
2026-04-20 16:36:37,631 | INFO | Epoch 16/20 - Loss: 0.9054
2026-04-20 16:36:37,641 | INFO | Epoch 17/20 - Loss: 0.9059
2026-04-20 16:36:37,652 | INFO | Epoch 18/20 - Loss: 0.9048
2026-04-20 16:36:37,663 | INFO | Epoch 19/20 - Loss: 0.9050
2026-04-20 16:36:37,674 | INFO | Epoch 20/20 - Loss: 0.9049
2026-04-20 16:36:37,680 | INFO | r-net saved to: ./r_nets/compas\iter_2\beta_03\r_net_accurate_not_trusting.pth
2026-04-20 16:36:37,691 | INFO | --- Training r-net for Beta: 0.5
2026-04-20 16:36:37,691 | INFO | Training r-net | User: accurate_not_trusting | Beta: 0.5 | Iter: 2
2026-04-20 16:36:37,826 | DEBUG | Input Tensor Shape: torch.Size([710, 8])
2026-04-20 16:36:37,838 | INFO | Epoch 1/20 - Loss: 0.7591
2026-04-20 16:36:37,849 | INFO | Epoch 2/20 - Loss: 0.7589
2026-04-20 16:36:37,860 | INFO | Epoch 3/20 - Loss: 0.7589
2026-04-20 16:36:37,871 | INFO | Epoch 4/20 - Loss: 0.7589
2026-04-20 16:36:37,882 | INFO | Epoch 5/20 - Loss: 0.7589
2026-04-20 16:36:37,892 | INFO | Epoch 6/20 - Loss: 0.7592
2026-04-20 16:36:37,903 | INFO | Epoch 7/20 - Loss: 0.7590
2026-04-20 16:36:37,913 | INFO | Epoch 8/20 - Loss: 0.7590
2026-04-20 16:36:37,921 | INFO | Epoch 9/20 - Loss: 0.7587
2026-04-20 16:36:37,929 | INFO | Epoch 10/20 - Loss: 0.7591
2026-04-20 16:36:37,940 | INFO | Epoch 11/20 - Loss: 0.7593
2026-04-20 16:36:37,951 | INFO | Epoch 12/20 - Loss: 0.7589
2026-04-20 16:36:37,962 | INFO | Epoch 13/20 - Loss: 0.7589
2026-04-20 16:36:37,974 | INFO | Epoch 14/20 - Loss: 0.7588
2026-04-20 16:36:37,986 | INFO | Epoch 15/20 - Loss: 0.7585
2026-04-20 16:36:37,997 | INFO | Epoch 16/20 - Loss: 0.7588
2026-04-20 16:36:38,009 | INFO | Epoch 17/20 - Loss: 0.7588
2026-04-20 16:36:38,020 | INFO | Epoch 18/20 - Loss: 0.7587
2026-04-20 16:36:38,031 | INFO | Epoch 19/20 - Loss: 0.7584
2026-04-20 16:36:38,042 | INFO | Epoch 20/20 - Loss: 0.7585
2026-04-20 16:36:38,047 | INFO | r-net saved to: ./r_nets/compas\iter_2\beta_05\r_net_accurate_not_trusting.pth
2026-04-20 16:36:38,059 | INFO | --- Training r-net for Beta: 0.7
2026-04-20 16:36:38,059 | INFO | Training r-net | User: accurate_not_trusting | Beta: 0.7 | Iter: 2
2026-04-20 16:36:38,192 | DEBUG | Input Tensor Shape: torch.Size([710, 8])
2026-04-20 16:36:38,205 | INFO | Epoch 1/20 - Loss: 0.6324
2026-04-20 16:36:38,216 | INFO | Epoch 2/20 - Loss: 0.6298
2026-04-20 16:36:38,227 | INFO | Epoch 3/20 - Loss: 0.6236
2026-04-20 16:36:38,238 | INFO | Epoch 4/20 - Loss: 0.6196
2026-04-20 16:36:38,249 | INFO | Epoch 5/20 - Loss: 0.6155
2026-04-20 16:36:38,259 | INFO | Epoch 6/20 - Loss: 0.6074
2026-04-20 16:36:38,275 | INFO | Epoch 7/20 - Loss: 0.6021
2026-04-20 16:36:38,288 | INFO | Epoch 8/20 - Loss: 0.5977
2026-04-20 16:36:38,302 | INFO | Epoch 9/20 - Loss: 0.5903
2026-04-20 16:36:38,315 | INFO | Epoch 10/20 - Loss: 0.5873
2026-04-20 16:36:38,328 | INFO | Epoch 11/20 - Loss: 0.5832
2026-04-20 16:36:38,343 | INFO | Epoch 12/20 - Loss: 0.5766
2026-04-20 16:36:38,357 | INFO | Epoch 13/20 - Loss: 0.5741
2026-04-20 16:36:38,371 | INFO | Epoch 14/20 - Loss: 0.5738
2026-04-20 16:36:38,384 | INFO | Epoch 15/20 - Loss: 0.5712
2026-04-20 16:36:38,396 | INFO | Epoch 16/20 - Loss: 0.5715
2026-04-20 16:36:38,411 | INFO | Epoch 17/20 - Loss: 0.5759
2026-04-20 16:36:38,424 | INFO | Epoch 18/20 - Loss: 0.5711
2026-04-20 16:36:38,437 | INFO | Epoch 19/20 - Loss: 0.5726
2026-04-20 16:36:38,450 | INFO | Epoch 20/20 - Loss: 0.5731
2026-04-20 16:36:38,456 | INFO | r-net saved to: ./r_nets/compas\iter_2\beta_07\r_net_accurate_not_trusting.pth
2026-04-20 16:36:38,469 | INFO | --- Training r-net for Beta: 0.9
2026-04-20 16:36:38,470 | INFO | Training r-net | User: accurate_not_trusting | Beta: 0.9 | Iter: 2
2026-04-20 16:36:38,594 | DEBUG | Input Tensor Shape: torch.Size([710, 8])
2026-04-20 16:36:38,607 | INFO | Epoch 1/20 - Loss: 0.4115
2026-04-20 16:36:38,618 | INFO | Epoch 2/20 - Loss: 0.4086
2026-04-20 16:36:38,629 | INFO | Epoch 3/20 - Loss: 0.4056
2026-04-20 16:36:38,640 | INFO | Epoch 4/20 - Loss: 0.4025
2026-04-20 16:36:38,652 | INFO | Epoch 5/20 - Loss: 0.3990
2026-04-20 16:36:38,663 | INFO | Epoch 6/20 - Loss: 0.3947
2026-04-20 16:36:38,674 | INFO | Epoch 7/20 - Loss: 0.3893
2026-04-20 16:36:38,684 | INFO | Epoch 8/20 - Loss: 0.3844
2026-04-20 16:36:38,695 | INFO | Epoch 9/20 - Loss: 0.3787
2026-04-20 16:36:38,706 | INFO | Epoch 10/20 - Loss: 0.3715
2026-04-20 16:36:38,717 | INFO | Epoch 11/20 - Loss: 0.3655
2026-04-20 16:36:38,728 | INFO | Epoch 12/20 - Loss: 0.3565
2026-04-20 16:36:38,738 | INFO | Epoch 13/20 - Loss: 0.3494
2026-04-20 16:36:38,749 | INFO | Epoch 14/20 - Loss: 0.3401
2026-04-20 16:36:38,763 | INFO | Epoch 15/20 - Loss: 0.3304
2026-04-20 16:36:38,772 | INFO | Epoch 16/20 - Loss: 0.3218
2026-04-20 16:36:38,780 | INFO | Epoch 17/20 - Loss: 0.3133
2026-04-20 16:36:38,788 | INFO | Epoch 18/20 - Loss: 0.3022
2026-04-20 16:36:38,796 | INFO | Epoch 19/20 - Loss: 0.2935
2026-04-20 16:36:38,804 | INFO | Epoch 20/20 - Loss: 0.2896
2026-04-20 16:36:38,809 | INFO | r-net saved to: ./r_nets/compas\iter_2\beta_09\r_net_accurate_not_trusting.pth
2026-04-20 16:36:38,823 | INFO | --- R-NET TRAINING FINISHED | User: accurate_not_trusting | DS: compas
2026-04-20 16:36:38,827 | INFO | STARTING R-NETS TRAINING | User: accurate_not_trusting | DS: compas
2026-04-20 16:36:38,828 | INFO | --- Calibrating for iteration 3 ---
2026-04-20 16:36:38,828 | INFO | --- Training r-net for Beta: 0.1
2026-04-20 16:36:38,828 | INFO | Training r-net | User: accurate_not_trusting | Beta: 0.1 | Iter: 3
2026-04-20 16:36:38,978 | DEBUG | Input Tensor Shape: torch.Size([712, 8])
2026-04-20 16:36:38,991 | INFO | Epoch 1/20 - Loss: 1.0340
2026-04-20 16:36:39,004 | INFO | Epoch 2/20 - Loss: 1.0312
2026-04-20 16:36:39,017 | INFO | Epoch 3/20 - Loss: 1.0292
2026-04-20 16:36:39,028 | INFO | Epoch 4/20 - Loss: 1.0270
2026-04-20 16:36:39,040 | INFO | Epoch 5/20 - Loss: 1.0267
2026-04-20 16:36:39,051 | INFO | Epoch 6/20 - Loss: 1.0243
2026-04-20 16:36:39,062 | INFO | Epoch 7/20 - Loss: 1.0228
2026-04-20 16:36:39,073 | INFO | Epoch 8/20 - Loss: 1.0204
2026-04-20 16:36:39,084 | INFO | Epoch 9/20 - Loss: 1.0208
2026-04-20 16:36:39,097 | INFO | Epoch 10/20 - Loss: 1.0196
2026-04-20 16:36:39,109 | INFO | Epoch 11/20 - Loss: 1.0200
2026-04-20 16:36:39,121 | INFO | Epoch 12/20 - Loss: 1.0200
2026-04-20 16:36:39,132 | INFO | Epoch 13/20 - Loss: 1.0207
2026-04-20 16:36:39,143 | INFO | Epoch 14/20 - Loss: 1.0197
2026-04-20 16:36:39,154 | INFO | Epoch 15/20 - Loss: 1.0204
2026-04-20 16:36:39,164 | INFO | Epoch 16/20 - Loss: 1.0172
2026-04-20 16:36:39,175 | INFO | Epoch 17/20 - Loss: 1.0184
2026-04-20 16:36:39,186 | INFO | Epoch 18/20 - Loss: 1.0210
2026-04-20 16:36:39,197 | INFO | Epoch 19/20 - Loss: 1.0187
2026-04-20 16:36:39,208 | INFO | Epoch 20/20 - Loss: 1.0192
2026-04-20 16:36:39,213 | INFO | r-net saved to: ./r_nets/compas\iter_3\beta_01\r_net_accurate_not_trusting.pth
2026-04-20 16:36:39,225 | INFO | --- Training r-net for Beta: 0.3
2026-04-20 16:36:39,226 | INFO | Training r-net | User: accurate_not_trusting | Beta: 0.3 | Iter: 3
2026-04-20 16:36:39,354 | DEBUG | Input Tensor Shape: torch.Size([712, 8])
2026-04-20 16:36:39,370 | INFO | Epoch 1/20 - Loss: 0.9083
2026-04-20 16:36:39,385 | INFO | Epoch 2/20 - Loss: 0.9067
2026-04-20 16:36:39,398 | INFO | Epoch 3/20 - Loss: 0.9049
2026-04-20 16:36:39,411 | INFO | Epoch 4/20 - Loss: 0.9038
2026-04-20 16:36:39,426 | INFO | Epoch 5/20 - Loss: 0.9025
2026-04-20 16:36:39,444 | INFO | Epoch 6/20 - Loss: 0.9013
2026-04-20 16:36:39,461 | INFO | Epoch 7/20 - Loss: 0.9004
2026-04-20 16:36:39,472 | INFO | Epoch 8/20 - Loss: 0.8992
2026-04-20 16:36:39,483 | INFO | Epoch 9/20 - Loss: 0.8988
2026-04-20 16:36:39,496 | INFO | Epoch 10/20 - Loss: 0.8985
2026-04-20 16:36:39,508 | INFO | Epoch 11/20 - Loss: 0.8984
2026-04-20 16:36:39,519 | INFO | Epoch 12/20 - Loss: 0.8963
2026-04-20 16:36:39,530 | INFO | Epoch 13/20 - Loss: 0.8980
2026-04-20 16:36:39,543 | INFO | Epoch 14/20 - Loss: 0.8966
2026-04-20 16:36:39,554 | INFO | Epoch 15/20 - Loss: 0.8964
2026-04-20 16:36:39,565 | INFO | Epoch 16/20 - Loss: 0.8969
2026-04-20 16:36:39,577 | INFO | Epoch 17/20 - Loss: 0.8982
2026-04-20 16:36:39,589 | INFO | Epoch 18/20 - Loss: 0.8963
2026-04-20 16:36:39,601 | INFO | Epoch 19/20 - Loss: 0.8977
2026-04-20 16:36:39,612 | INFO | Epoch 20/20 - Loss: 0.8966
2026-04-20 16:36:39,615 | INFO | r-net saved to: ./r_nets/compas\iter_3\beta_03\r_net_accurate_not_trusting.pth
2026-04-20 16:36:39,627 | INFO | --- Training r-net for Beta: 0.5
2026-04-20 16:36:39,627 | INFO | Training r-net | User: accurate_not_trusting | Beta: 0.5 | Iter: 3
2026-04-20 16:36:39,782 | DEBUG | Input Tensor Shape: torch.Size([712, 8])
2026-04-20 16:36:39,802 | INFO | Epoch 1/20 - Loss: 0.7552
2026-04-20 16:36:39,823 | INFO | Epoch 2/20 - Loss: 0.7543
2026-04-20 16:36:39,842 | INFO | Epoch 3/20 - Loss: 0.7532
2026-04-20 16:36:39,861 | INFO | Epoch 4/20 - Loss: 0.7524
2026-04-20 16:36:39,878 | INFO | Epoch 5/20 - Loss: 0.7517
2026-04-20 16:36:39,894 | INFO | Epoch 6/20 - Loss: 0.7512
2026-04-20 16:36:39,910 | INFO | Epoch 7/20 - Loss: 0.7507
2026-04-20 16:36:39,933 | INFO | Epoch 8/20 - Loss: 0.7502
2026-04-20 16:36:39,951 | INFO | Epoch 9/20 - Loss: 0.7497
2026-04-20 16:36:39,975 | INFO | Epoch 10/20 - Loss: 0.7491
2026-04-20 16:36:40,005 | INFO | Epoch 11/20 - Loss: 0.7483
2026-04-20 16:36:40,075 | INFO | Epoch 12/20 - Loss: 0.7476
2026-04-20 16:36:40,410 | INFO | Epoch 13/20 - Loss: 0.7469
2026-04-20 16:36:40,563 | INFO | Epoch 14/20 - Loss: 0.7461
2026-04-20 16:36:40,592 | INFO | Epoch 15/20 - Loss: 0.7454
2026-04-20 16:36:40,616 | INFO | Epoch 16/20 - Loss: 0.7447
2026-04-20 16:36:40,637 | INFO | Epoch 17/20 - Loss: 0.7431
2026-04-20 16:36:40,660 | INFO | Epoch 18/20 - Loss: 0.7453
2026-04-20 16:36:40,683 | INFO | Epoch 19/20 - Loss: 0.7431
2026-04-20 16:36:40,722 | INFO | Epoch 20/20 - Loss: 0.7435
2026-04-20 16:36:40,725 | INFO | r-net saved to: ./r_nets/compas\iter_3\beta_05\r_net_accurate_not_trusting.pth
2026-04-20 16:36:40,747 | INFO | --- Training r-net for Beta: 0.7
2026-04-20 16:36:40,747 | INFO | Training r-net | User: accurate_not_trusting | Beta: 0.7 | Iter: 3
2026-04-20 16:36:41,084 | DEBUG | Input Tensor Shape: torch.Size([712, 8])
2026-04-20 16:36:41,104 | INFO | Epoch 1/20 - Loss: 0.5953
2026-04-20 16:36:41,120 | INFO | Epoch 2/20 - Loss: 0.5922
2026-04-20 16:36:41,137 | INFO | Epoch 3/20 - Loss: 0.5895
2026-04-20 16:36:41,156 | INFO | Epoch 4/20 - Loss: 0.5870
2026-04-20 16:36:41,174 | INFO | Epoch 5/20 - Loss: 0.5855
2026-04-20 16:36:41,195 | INFO | Epoch 6/20 - Loss: 0.5828
2026-04-20 16:36:41,216 | INFO | Epoch 7/20 - Loss: 0.5811
2026-04-20 16:36:41,235 | INFO | Epoch 8/20 - Loss: 0.5795
2026-04-20 16:36:41,253 | INFO | Epoch 9/20 - Loss: 0.5772
2026-04-20 16:36:41,280 | INFO | Epoch 10/20 - Loss: 0.5765
2026-04-20 16:36:41,374 | INFO | Epoch 11/20 - Loss: 0.5743
2026-04-20 16:36:41,419 | INFO | Epoch 12/20 - Loss: 0.5727
2026-04-20 16:36:41,444 | INFO | Epoch 13/20 - Loss: 0.5709
2026-04-20 16:36:41,476 | INFO | Epoch 14/20 - Loss: 0.5701
2026-04-20 16:36:41,504 | INFO | Epoch 15/20 - Loss: 0.5674
2026-04-20 16:36:41,536 | INFO | Epoch 16/20 - Loss: 0.5650
2026-04-20 16:36:41,604 | INFO | Epoch 17/20 - Loss: 0.5643
2026-04-20 16:36:41,634 | INFO | Epoch 18/20 - Loss: 0.5621
2026-04-20 16:36:41,676 | INFO | Epoch 19/20 - Loss: 0.5603
2026-04-20 16:36:41,703 | INFO | Epoch 20/20 - Loss: 0.5579
2026-04-20 16:36:41,707 | INFO | r-net saved to: ./r_nets/compas\iter_3\beta_07\r_net_accurate_not_trusting.pth
2026-04-20 16:36:41,729 | INFO | --- Training r-net for Beta: 0.9
2026-04-20 16:36:41,729 | INFO | Training r-net | User: accurate_not_trusting | Beta: 0.9 | Iter: 3
2026-04-20 16:36:42,006 | DEBUG | Input Tensor Shape: torch.Size([712, 8])
2026-04-20 16:36:42,026 | INFO | Epoch 1/20 - Loss: 0.4628
2026-04-20 16:36:42,054 | INFO | Epoch 2/20 - Loss: 0.4550
2026-04-20 16:36:42,075 | INFO | Epoch 3/20 - Loss: 0.4459
2026-04-20 16:36:42,093 | INFO | Epoch 4/20 - Loss: 0.4406
2026-04-20 16:36:42,117 | INFO | Epoch 5/20 - Loss: 0.4336
2026-04-20 16:36:42,137 | INFO | Epoch 6/20 - Loss: 0.4263
2026-04-20 16:36:42,159 | INFO | Epoch 7/20 - Loss: 0.4190
2026-04-20 16:36:42,179 | INFO | Epoch 8/20 - Loss: 0.4140
2026-04-20 16:36:42,195 | INFO | Epoch 9/20 - Loss: 0.4074
2026-04-20 16:36:42,214 | INFO | Epoch 10/20 - Loss: 0.3978
2026-04-20 16:36:42,235 | INFO | Epoch 11/20 - Loss: 0.3919
2026-04-20 16:36:42,253 | INFO | Epoch 12/20 - Loss: 0.3837
2026-04-20 16:36:42,271 | INFO | Epoch 13/20 - Loss: 0.3751
2026-04-20 16:36:42,288 | INFO | Epoch 14/20 - Loss: 0.3678
2026-04-20 16:36:42,307 | INFO | Epoch 15/20 - Loss: 0.3596
2026-04-20 16:36:42,325 | INFO | Epoch 16/20 - Loss: 0.3466
2026-04-20 16:36:42,345 | INFO | Epoch 17/20 - Loss: 0.3413
2026-04-20 16:36:42,363 | INFO | Epoch 18/20 - Loss: 0.3306
2026-04-20 16:36:42,381 | INFO | Epoch 19/20 - Loss: 0.3180
2026-04-20 16:36:42,399 | INFO | Epoch 20/20 - Loss: 0.3064
2026-04-20 16:36:42,402 | INFO | r-net saved to: ./r_nets/compas\iter_3\beta_09\r_net_accurate_not_trusting.pth
2026-04-20 16:36:42,416 | INFO | --- R-NET TRAINING FINISHED | User: accurate_not_trusting | DS: compas
