2026-04-20 15:45:42,789 | INFO | STARTING R-NETS TRAINING | User: accurate_trusting | DS: compas
2026-04-20 15:45:42,790 | INFO | --- Calibrating for iteration 1 ---
2026-04-20 15:45:42,791 | INFO | --- Training r-net for Beta: 0.1
2026-04-20 15:45:42,791 | INFO | Training r-net | User: accurate_trusting | Beta: 0.1 | Iter: 1
2026-04-20 15:45:42,907 | DEBUG | Input Tensor Shape: torch.Size([717, 8])
2026-04-20 15:45:42,958 | INFO | Epoch 1/20 - Loss: 1.0442
2026-04-20 15:45:42,971 | INFO | Epoch 2/20 - Loss: 1.0401
2026-04-20 15:45:42,983 | INFO | Epoch 3/20 - Loss: 1.0384
2026-04-20 15:45:42,994 | INFO | Epoch 4/20 - Loss: 1.0349
2026-04-20 15:45:43,005 | INFO | Epoch 5/20 - Loss: 1.0329
2026-04-20 15:45:43,016 | INFO | Epoch 6/20 - Loss: 1.0310
2026-04-20 15:45:43,027 | INFO | Epoch 7/20 - Loss: 1.0266
2026-04-20 15:45:43,037 | INFO | Epoch 8/20 - Loss: 1.0278
2026-04-20 15:45:43,049 | INFO | Epoch 9/20 - Loss: 1.0263
2026-04-20 15:45:43,060 | INFO | Epoch 10/20 - Loss: 1.0251
2026-04-20 15:45:43,073 | INFO | Epoch 11/20 - Loss: 1.0230
2026-04-20 15:45:43,085 | INFO | Epoch 12/20 - Loss: 1.0235
2026-04-20 15:45:43,098 | INFO | Epoch 13/20 - Loss: 1.0237
2026-04-20 15:45:43,110 | INFO | Epoch 14/20 - Loss: 1.0206
2026-04-20 15:45:43,122 | INFO | Epoch 15/20 - Loss: 1.0204
2026-04-20 15:45:43,135 | INFO | Epoch 16/20 - Loss: 1.0216
2026-04-20 15:45:43,148 | INFO | Epoch 17/20 - Loss: 1.0218
2026-04-20 15:45:43,160 | INFO | Epoch 18/20 - Loss: 1.0202
2026-04-20 15:45:43,172 | INFO | Epoch 19/20 - Loss: 1.0213
2026-04-20 15:45:43,184 | INFO | Epoch 20/20 - Loss: 1.0215
2026-04-20 15:45:43,192 | INFO | r-net saved to: ./r_nets/compas\iter_1\beta_01\r_net_accurate_trusting.pth
2026-04-20 15:45:43,216 | INFO | --- Training r-net for Beta: 0.3
2026-04-20 15:45:43,216 | INFO | Training r-net | User: accurate_trusting | Beta: 0.3 | Iter: 1
2026-04-20 15:45:43,356 | DEBUG | Input Tensor Shape: torch.Size([717, 8])
2026-04-20 15:45:43,370 | INFO | Epoch 1/20 - Loss: 0.9041
2026-04-20 15:45:43,384 | INFO | Epoch 2/20 - Loss: 0.9042
2026-04-20 15:45:43,407 | INFO | Epoch 3/20 - Loss: 0.9038
2026-04-20 15:45:43,430 | INFO | Epoch 4/20 - Loss: 0.9041
2026-04-20 15:45:43,442 | INFO | Epoch 5/20 - Loss: 0.9047
2026-04-20 15:45:43,455 | INFO | Epoch 6/20 - Loss: 0.9030
2026-04-20 15:45:43,467 | INFO | Epoch 7/20 - Loss: 0.9032
2026-04-20 15:45:43,479 | INFO | Epoch 8/20 - Loss: 0.9027
2026-04-20 15:45:43,491 | INFO | Epoch 9/20 - Loss: 0.9027
2026-04-20 15:45:43,503 | INFO | Epoch 10/20 - Loss: 0.9023
2026-04-20 15:45:43,516 | INFO | Epoch 11/20 - Loss: 0.9027
2026-04-20 15:45:43,529 | INFO | Epoch 12/20 - Loss: 0.9031
2026-04-20 15:45:43,543 | INFO | Epoch 13/20 - Loss: 0.9038
2026-04-20 15:45:43,555 | INFO | Epoch 14/20 - Loss: 0.9026
2026-04-20 15:45:43,566 | INFO | Epoch 15/20 - Loss: 0.9024
2026-04-20 15:45:43,578 | INFO | Epoch 16/20 - Loss: 0.9025
2026-04-20 15:45:43,590 | INFO | Epoch 17/20 - Loss: 0.9023
2026-04-20 15:45:43,602 | INFO | Epoch 18/20 - Loss: 0.9026
2026-04-20 15:45:43,613 | INFO | Epoch 19/20 - Loss: 0.9024
2026-04-20 15:45:43,624 | INFO | Epoch 20/20 - Loss: 0.9028
2026-04-20 15:45:43,627 | INFO | r-net saved to: ./r_nets/compas\iter_1\beta_03\r_net_accurate_trusting.pth
2026-04-20 15:45:43,639 | INFO | --- Training r-net for Beta: 0.5
2026-04-20 15:45:43,639 | INFO | Training r-net | User: accurate_trusting | Beta: 0.5 | Iter: 1
2026-04-20 15:45:43,776 | DEBUG | Input Tensor Shape: torch.Size([717, 8])
2026-04-20 15:45:43,788 | INFO | Epoch 1/20 - Loss: 0.7599
2026-04-20 15:45:43,799 | INFO | Epoch 2/20 - Loss: 0.7592
2026-04-20 15:45:43,810 | INFO | Epoch 3/20 - Loss: 0.7596
2026-04-20 15:45:43,823 | INFO | Epoch 4/20 - Loss: 0.7589
2026-04-20 15:45:43,834 | INFO | Epoch 5/20 - Loss: 0.7591
2026-04-20 15:45:43,854 | INFO | Epoch 6/20 - Loss: 0.7586
2026-04-20 15:45:43,866 | INFO | Epoch 7/20 - Loss: 0.7593
2026-04-20 15:45:43,877 | INFO | Epoch 8/20 - Loss: 0.7581
2026-04-20 15:45:43,889 | INFO | Epoch 9/20 - Loss: 0.7586
2026-04-20 15:45:43,900 | INFO | Epoch 10/20 - Loss: 0.7589
2026-04-20 15:45:43,915 | INFO | Epoch 11/20 - Loss: 0.7580
2026-04-20 15:45:43,931 | INFO | Epoch 12/20 - Loss: 0.7579
2026-04-20 15:45:43,947 | INFO | Epoch 13/20 - Loss: 0.7582
2026-04-20 15:45:43,965 | INFO | Epoch 14/20 - Loss: 0.7579
2026-04-20 15:45:43,982 | INFO | Epoch 15/20 - Loss: 0.7581
2026-04-20 15:45:43,996 | INFO | Epoch 16/20 - Loss: 0.7580
2026-04-20 15:45:44,009 | INFO | Epoch 17/20 - Loss: 0.7577
2026-04-20 15:45:44,022 | INFO | Epoch 18/20 - Loss: 0.7577
2026-04-20 15:45:44,035 | INFO | Epoch 19/20 - Loss: 0.7580
2026-04-20 15:45:44,051 | INFO | Epoch 20/20 - Loss: 0.7580
2026-04-20 15:45:44,053 | INFO | r-net saved to: ./r_nets/compas\iter_1\beta_05\r_net_accurate_trusting.pth
2026-04-20 15:45:44,067 | INFO | --- Training r-net for Beta: 0.7
2026-04-20 15:45:44,067 | INFO | Training r-net | User: accurate_trusting | Beta: 0.7 | Iter: 1
2026-04-20 15:45:44,204 | DEBUG | Input Tensor Shape: torch.Size([717, 8])
2026-04-20 15:45:44,218 | INFO | Epoch 1/20 - Loss: 0.6279
2026-04-20 15:45:44,229 | INFO | Epoch 2/20 - Loss: 0.6237
2026-04-20 15:45:44,241 | INFO | Epoch 3/20 - Loss: 0.6173
2026-04-20 15:45:44,253 | INFO | Epoch 4/20 - Loss: 0.6155
2026-04-20 15:45:44,264 | INFO | Epoch 5/20 - Loss: 0.6075
2026-04-20 15:45:44,276 | INFO | Epoch 6/20 - Loss: 0.6035
2026-04-20 15:45:44,287 | INFO | Epoch 7/20 - Loss: 0.5967
2026-04-20 15:45:44,299 | INFO | Epoch 8/20 - Loss: 0.5932
2026-04-20 15:45:44,313 | INFO | Epoch 9/20 - Loss: 0.5895
2026-04-20 15:45:44,325 | INFO | Epoch 10/20 - Loss: 0.5852
2026-04-20 15:45:44,338 | INFO | Epoch 11/20 - Loss: 0.5799
2026-04-20 15:45:44,351 | INFO | Epoch 12/20 - Loss: 0.5816
2026-04-20 15:45:44,363 | INFO | Epoch 13/20 - Loss: 0.5769
2026-04-20 15:45:44,374 | INFO | Epoch 14/20 - Loss: 0.5738
2026-04-20 15:45:44,385 | INFO | Epoch 15/20 - Loss: 0.5729
2026-04-20 15:45:44,397 | INFO | Epoch 16/20 - Loss: 0.5723
2026-04-20 15:45:44,408 | INFO | Epoch 17/20 - Loss: 0.5753
2026-04-20 15:45:44,419 | INFO | Epoch 18/20 - Loss: 0.5737
2026-04-20 15:45:44,432 | INFO | Epoch 19/20 - Loss: 0.5746
2026-04-20 15:45:44,444 | INFO | Epoch 20/20 - Loss: 0.5728
2026-04-20 15:45:44,449 | INFO | r-net saved to: ./r_nets/compas\iter_1\beta_07\r_net_accurate_trusting.pth
2026-04-20 15:45:44,463 | INFO | --- Training r-net for Beta: 0.9
2026-04-20 15:45:44,464 | INFO | Training r-net | User: accurate_trusting | Beta: 0.9 | Iter: 1
2026-04-20 15:45:44,601 | DEBUG | Input Tensor Shape: torch.Size([717, 8])
2026-04-20 15:45:44,619 | INFO | Epoch 1/20 - Loss: 0.5215
2026-04-20 15:45:44,631 | INFO | Epoch 2/20 - Loss: 0.5129
2026-04-20 15:45:44,644 | INFO | Epoch 3/20 - Loss: 0.5040
2026-04-20 15:45:44,656 | INFO | Epoch 4/20 - Loss: 0.4944
2026-04-20 15:45:44,668 | INFO | Epoch 5/20 - Loss: 0.4855
2026-04-20 15:45:44,680 | INFO | Epoch 6/20 - Loss: 0.4768
2026-04-20 15:45:44,691 | INFO | Epoch 7/20 - Loss: 0.4676
2026-04-20 15:45:44,702 | INFO | Epoch 8/20 - Loss: 0.4581
2026-04-20 15:45:44,714 | INFO | Epoch 9/20 - Loss: 0.4486
2026-04-20 15:45:44,726 | INFO | Epoch 10/20 - Loss: 0.4376
2026-04-20 15:45:44,737 | INFO | Epoch 11/20 - Loss: 0.4283
2026-04-20 15:45:44,748 | INFO | Epoch 12/20 - Loss: 0.4177
2026-04-20 15:45:44,759 | INFO | Epoch 13/20 - Loss: 0.4071
2026-04-20 15:45:44,770 | INFO | Epoch 14/20 - Loss: 0.3974
2026-04-20 15:45:44,781 | INFO | Epoch 15/20 - Loss: 0.3865
2026-04-20 15:45:44,792 | INFO | Epoch 16/20 - Loss: 0.3731
2026-04-20 15:45:44,803 | INFO | Epoch 17/20 - Loss: 0.3628
2026-04-20 15:45:44,814 | INFO | Epoch 18/20 - Loss: 0.3533
2026-04-20 15:45:44,825 | INFO | Epoch 19/20 - Loss: 0.3436
2026-04-20 15:45:44,835 | INFO | Epoch 20/20 - Loss: 0.3409
2026-04-20 15:45:44,840 | INFO | r-net saved to: ./r_nets/compas\iter_1\beta_09\r_net_accurate_trusting.pth
2026-04-20 15:45:44,851 | INFO | --- R-NET TRAINING FINISHED | User: accurate_trusting | DS: compas
2026-04-20 15:45:44,856 | INFO | STARTING R-NETS TRAINING | User: accurate_trusting | DS: compas
2026-04-20 15:45:44,857 | INFO | --- Calibrating for iteration 2 ---
2026-04-20 15:45:44,858 | INFO | --- Training r-net for Beta: 0.1
2026-04-20 15:45:44,858 | INFO | Training r-net | User: accurate_trusting | Beta: 0.1 | Iter: 2
2026-04-20 15:45:45,002 | DEBUG | Input Tensor Shape: torch.Size([710, 8])
2026-04-20 15:45:45,019 | INFO | Epoch 1/20 - Loss: 1.0058
2026-04-20 15:45:45,033 | INFO | Epoch 2/20 - Loss: 1.0053
2026-04-20 15:45:45,047 | INFO | Epoch 3/20 - Loss: 1.0043
2026-04-20 15:45:45,061 | INFO | Epoch 4/20 - Loss: 1.0038
2026-04-20 15:45:45,074 | INFO | Epoch 5/20 - Loss: 1.0033
2026-04-20 15:45:45,090 | INFO | Epoch 6/20 - Loss: 1.0030
2026-04-20 15:45:45,110 | INFO | Epoch 7/20 - Loss: 1.0028
2026-04-20 15:45:45,128 | INFO | Epoch 8/20 - Loss: 1.0024
2026-04-20 15:45:45,147 | INFO | Epoch 9/20 - Loss: 1.0020
2026-04-20 15:45:45,161 | INFO | Epoch 10/20 - Loss: 1.0022
2026-04-20 15:45:45,178 | INFO | Epoch 11/20 - Loss: 1.0021
2026-04-20 15:45:45,197 | INFO | Epoch 12/20 - Loss: 1.0014
2026-04-20 15:45:45,215 | INFO | Epoch 13/20 - Loss: 1.0015
2026-04-20 15:45:45,228 | INFO | Epoch 14/20 - Loss: 1.0021
2026-04-20 15:45:45,240 | INFO | Epoch 15/20 - Loss: 1.0010
2026-04-20 15:45:45,253 | INFO | Epoch 16/20 - Loss: 1.0017
2026-04-20 15:45:45,265 | INFO | Epoch 17/20 - Loss: 1.0011
2026-04-20 15:45:45,277 | INFO | Epoch 18/20 - Loss: 1.0009
2026-04-20 15:45:45,289 | INFO | Epoch 19/20 - Loss: 1.0014
2026-04-20 15:45:45,300 | INFO | Epoch 20/20 - Loss: 1.0008
2026-04-20 15:45:45,302 | INFO | r-net saved to: ./r_nets/compas\iter_2\beta_01\r_net_accurate_trusting.pth
2026-04-20 15:45:45,315 | INFO | --- Training r-net for Beta: 0.3
2026-04-20 15:45:45,315 | INFO | Training r-net | User: accurate_trusting | Beta: 0.3 | Iter: 2
2026-04-20 15:45:45,453 | DEBUG | Input Tensor Shape: torch.Size([710, 8])
2026-04-20 15:45:45,467 | INFO | Epoch 1/20 - Loss: 0.8900
2026-04-20 15:45:45,479 | INFO | Epoch 2/20 - Loss: 0.8883
2026-04-20 15:45:45,491 | INFO | Epoch 3/20 - Loss: 0.8861
2026-04-20 15:45:45,502 | INFO | Epoch 4/20 - Loss: 0.8849
2026-04-20 15:45:45,514 | INFO | Epoch 5/20 - Loss: 0.8834
2026-04-20 15:45:45,526 | INFO | Epoch 6/20 - Loss: 0.8822
2026-04-20 15:45:45,538 | INFO | Epoch 7/20 - Loss: 0.8817
2026-04-20 15:45:45,552 | INFO | Epoch 8/20 - Loss: 0.8809
2026-04-20 15:45:45,564 | INFO | Epoch 9/20 - Loss: 0.8804
2026-04-20 15:45:45,576 | INFO | Epoch 10/20 - Loss: 0.8798
2026-04-20 15:45:45,587 | INFO | Epoch 11/20 - Loss: 0.8793
2026-04-20 15:45:45,599 | INFO | Epoch 12/20 - Loss: 0.8788
2026-04-20 15:45:45,612 | INFO | Epoch 13/20 - Loss: 0.8784
2026-04-20 15:45:45,624 | INFO | Epoch 14/20 - Loss: 0.8786
2026-04-20 15:45:45,635 | INFO | Epoch 15/20 - Loss: 0.8782
2026-04-20 15:45:45,647 | INFO | Epoch 16/20 - Loss: 0.8778
2026-04-20 15:45:45,658 | INFO | Epoch 17/20 - Loss: 0.8781
2026-04-20 15:45:45,672 | INFO | Epoch 18/20 - Loss: 0.8782
2026-04-20 15:45:45,683 | INFO | Epoch 19/20 - Loss: 0.8778
2026-04-20 15:45:45,694 | INFO | Epoch 20/20 - Loss: 0.8776
2026-04-20 15:45:45,697 | INFO | r-net saved to: ./r_nets/compas\iter_2\beta_03\r_net_accurate_trusting.pth
2026-04-20 15:45:45,708 | INFO | --- Training r-net for Beta: 0.5
2026-04-20 15:45:45,708 | INFO | Training r-net | User: accurate_trusting | Beta: 0.5 | Iter: 2
2026-04-20 15:45:45,859 | DEBUG | Input Tensor Shape: torch.Size([710, 8])
2026-04-20 15:45:45,871 | INFO | Epoch 1/20 - Loss: 0.7207
2026-04-20 15:45:45,883 | INFO | Epoch 2/20 - Loss: 0.7213
2026-04-20 15:45:45,894 | INFO | Epoch 3/20 - Loss: 0.7211
2026-04-20 15:45:45,905 | INFO | Epoch 4/20 - Loss: 0.7207
2026-04-20 15:45:45,916 | INFO | Epoch 5/20 - Loss: 0.7203
2026-04-20 15:45:45,928 | INFO | Epoch 6/20 - Loss: 0.7198
2026-04-20 15:45:45,941 | INFO | Epoch 7/20 - Loss: 0.7195
2026-04-20 15:45:45,952 | INFO | Epoch 8/20 - Loss: 0.7195
2026-04-20 15:45:45,963 | INFO | Epoch 9/20 - Loss: 0.7203
2026-04-20 15:45:45,975 | INFO | Epoch 10/20 - Loss: 0.7206
2026-04-20 15:45:45,985 | INFO | Epoch 11/20 - Loss: 0.7202
2026-04-20 15:45:45,996 | INFO | Epoch 12/20 - Loss: 0.7202
2026-04-20 15:45:46,007 | INFO | Epoch 13/20 - Loss: 0.7181
2026-04-20 15:45:46,019 | INFO | Epoch 14/20 - Loss: 0.7197
2026-04-20 15:45:46,031 | INFO | Epoch 15/20 - Loss: 0.7194
2026-04-20 15:45:46,042 | INFO | Epoch 16/20 - Loss: 0.7186
2026-04-20 15:45:46,050 | INFO | Epoch 17/20 - Loss: 0.7190
2026-04-20 15:45:46,061 | INFO | Epoch 18/20 - Loss: 0.7190
2026-04-20 15:45:46,072 | INFO | Epoch 19/20 - Loss: 0.7192
2026-04-20 15:45:46,082 | INFO | Epoch 20/20 - Loss: 0.7187
2026-04-20 15:45:46,084 | INFO | r-net saved to: ./r_nets/compas\iter_2\beta_05\r_net_accurate_trusting.pth
2026-04-20 15:45:46,095 | INFO | --- Training r-net for Beta: 0.7
2026-04-20 15:45:46,095 | INFO | Training r-net | User: accurate_trusting | Beta: 0.7 | Iter: 2
2026-04-20 15:45:46,227 | DEBUG | Input Tensor Shape: torch.Size([710, 8])
2026-04-20 15:45:46,240 | INFO | Epoch 1/20 - Loss: 0.5288
2026-04-20 15:45:46,251 | INFO | Epoch 2/20 - Loss: 0.5263
2026-04-20 15:45:46,264 | INFO | Epoch 3/20 - Loss: 0.5241
2026-04-20 15:45:46,275 | INFO | Epoch 4/20 - Loss: 0.5210
2026-04-20 15:45:46,286 | INFO | Epoch 5/20 - Loss: 0.5197
2026-04-20 15:45:46,297 | INFO | Epoch 6/20 - Loss: 0.5157
2026-04-20 15:45:46,309 | INFO | Epoch 7/20 - Loss: 0.5136
2026-04-20 15:45:46,320 | INFO | Epoch 8/20 - Loss: 0.5123
2026-04-20 15:45:46,333 | INFO | Epoch 9/20 - Loss: 0.5106
2026-04-20 15:45:46,344 | INFO | Epoch 10/20 - Loss: 0.5105
2026-04-20 15:45:46,355 | INFO | Epoch 11/20 - Loss: 0.5082
2026-04-20 15:45:46,366 | INFO | Epoch 12/20 - Loss: 0.5086
2026-04-20 15:45:46,378 | INFO | Epoch 13/20 - Loss: 0.5081
2026-04-20 15:45:46,389 | INFO | Epoch 14/20 - Loss: 0.5088
2026-04-20 15:45:46,400 | INFO | Epoch 15/20 - Loss: 0.5073
2026-04-20 15:45:46,411 | INFO | Epoch 16/20 - Loss: 0.5043
2026-04-20 15:45:46,421 | INFO | Epoch 17/20 - Loss: 0.5082
2026-04-20 15:45:46,432 | INFO | Epoch 18/20 - Loss: 0.5065
2026-04-20 15:45:46,443 | INFO | Epoch 19/20 - Loss: 0.5055
2026-04-20 15:45:46,453 | INFO | Epoch 20/20 - Loss: 0.5067
2026-04-20 15:45:46,455 | INFO | r-net saved to: ./r_nets/compas\iter_2\beta_07\r_net_accurate_trusting.pth
2026-04-20 15:45:46,468 | INFO | --- Training r-net for Beta: 0.9
2026-04-20 15:45:46,468 | INFO | Training r-net | User: accurate_trusting | Beta: 0.9 | Iter: 2
2026-04-20 15:45:46,592 | DEBUG | Input Tensor Shape: torch.Size([710, 8])
2026-04-20 15:45:46,603 | INFO | Epoch 1/20 - Loss: 0.5167
2026-04-20 15:45:46,614 | INFO | Epoch 2/20 - Loss: 0.5090
2026-04-20 15:45:46,625 | INFO | Epoch 3/20 - Loss: 0.5030
2026-04-20 15:45:46,635 | INFO | Epoch 4/20 - Loss: 0.4956
2026-04-20 15:45:46,646 | INFO | Epoch 5/20 - Loss: 0.4896
2026-04-20 15:45:46,656 | INFO | Epoch 6/20 - Loss: 0.4792
2026-04-20 15:45:46,667 | INFO | Epoch 7/20 - Loss: 0.4712
2026-04-20 15:45:46,677 | INFO | Epoch 8/20 - Loss: 0.4616
2026-04-20 15:45:46,689 | INFO | Epoch 9/20 - Loss: 0.4487
2026-04-20 15:45:46,702 | INFO | Epoch 10/20 - Loss: 0.4319
2026-04-20 15:45:46,718 | INFO | Epoch 11/20 - Loss: 0.4109
2026-04-20 15:45:46,739 | INFO | Epoch 12/20 - Loss: 0.3917
2026-04-20 15:45:46,760 | INFO | Epoch 13/20 - Loss: 0.3646
2026-04-20 15:45:46,778 | INFO | Epoch 14/20 - Loss: 0.3416
2026-04-20 15:45:46,795 | INFO | Epoch 15/20 - Loss: 0.3163
2026-04-20 15:45:46,813 | INFO | Epoch 16/20 - Loss: 0.2843
2026-04-20 15:45:46,828 | INFO | Epoch 17/20 - Loss: 0.2639
2026-04-20 15:45:46,844 | INFO | Epoch 18/20 - Loss: 0.2354
2026-04-20 15:45:46,861 | INFO | Epoch 19/20 - Loss: 0.2124
2026-04-20 15:45:46,873 | INFO | Epoch 20/20 - Loss: 0.1900
2026-04-20 15:45:46,875 | INFO | r-net saved to: ./r_nets/compas\iter_2\beta_09\r_net_accurate_trusting.pth
2026-04-20 15:45:46,896 | INFO | --- R-NET TRAINING FINISHED | User: accurate_trusting | DS: compas
2026-04-20 15:45:46,900 | INFO | STARTING R-NETS TRAINING | User: accurate_trusting | DS: compas
2026-04-20 15:45:46,900 | INFO | --- Calibrating for iteration 3 ---
2026-04-20 15:45:46,900 | INFO | --- Training r-net for Beta: 0.1
2026-04-20 15:45:46,901 | INFO | Training r-net | User: accurate_trusting | Beta: 0.1 | Iter: 3
2026-04-20 15:45:47,032 | DEBUG | Input Tensor Shape: torch.Size([712, 8])
2026-04-20 15:45:47,044 | INFO | Epoch 1/20 - Loss: 0.9229
2026-04-20 15:45:47,055 | INFO | Epoch 2/20 - Loss: 0.9210
2026-04-20 15:45:47,066 | INFO | Epoch 3/20 - Loss: 0.9201
2026-04-20 15:45:47,077 | INFO | Epoch 4/20 - Loss: 0.9181
2026-04-20 15:45:47,087 | INFO | Epoch 5/20 - Loss: 0.9174
2026-04-20 15:45:47,099 | INFO | Epoch 6/20 - Loss: 0.9168
2026-04-20 15:45:47,110 | INFO | Epoch 7/20 - Loss: 0.9155
2026-04-20 15:45:47,121 | INFO | Epoch 8/20 - Loss: 0.9152
2026-04-20 15:45:47,131 | INFO | Epoch 9/20 - Loss: 0.9144
2026-04-20 15:45:47,142 | INFO | Epoch 10/20 - Loss: 0.9145
2026-04-20 15:45:47,153 | INFO | Epoch 11/20 - Loss: 0.9143
2026-04-20 15:45:47,164 | INFO | Epoch 12/20 - Loss: 0.9140
2026-04-20 15:45:47,174 | INFO | Epoch 13/20 - Loss: 0.9150
2026-04-20 15:45:47,185 | INFO | Epoch 14/20 - Loss: 0.9146
2026-04-20 15:45:47,198 | INFO | Epoch 15/20 - Loss: 0.9140
2026-04-20 15:45:47,213 | INFO | Epoch 16/20 - Loss: 0.9140
2026-04-20 15:45:47,225 | INFO | Epoch 17/20 - Loss: 0.9148
2026-04-20 15:45:47,236 | INFO | Epoch 18/20 - Loss: 0.9134
2026-04-20 15:45:47,247 | INFO | Epoch 19/20 - Loss: 0.9139
2026-04-20 15:45:47,258 | INFO | Epoch 20/20 - Loss: 0.9138
2026-04-20 15:45:47,263 | INFO | r-net saved to: ./r_nets/compas\iter_3\beta_01\r_net_accurate_trusting.pth
2026-04-20 15:45:47,274 | INFO | --- Training r-net for Beta: 0.3
2026-04-20 15:45:47,274 | INFO | Training r-net | User: accurate_trusting | Beta: 0.3 | Iter: 3
2026-04-20 15:45:47,405 | DEBUG | Input Tensor Shape: torch.Size([712, 8])
2026-04-20 15:45:47,417 | INFO | Epoch 1/20 - Loss: 0.7663
2026-04-20 15:45:47,428 | INFO | Epoch 2/20 - Loss: 0.7660
2026-04-20 15:45:47,438 | INFO | Epoch 3/20 - Loss: 0.7662
2026-04-20 15:45:47,450 | INFO | Epoch 4/20 - Loss: 0.7662
2026-04-20 15:45:47,460 | INFO | Epoch 5/20 - Loss: 0.7653
2026-04-20 15:45:47,471 | INFO | Epoch 6/20 - Loss: 0.7658
2026-04-20 15:45:47,481 | INFO | Epoch 7/20 - Loss: 0.7658
2026-04-20 15:45:47,492 | INFO | Epoch 8/20 - Loss: 0.7658
2026-04-20 15:45:47,502 | INFO | Epoch 9/20 - Loss: 0.7662
2026-04-20 15:45:47,513 | INFO | Epoch 10/20 - Loss: 0.7661
2026-04-20 15:45:47,524 | INFO | Epoch 11/20 - Loss: 0.7658
2026-04-20 15:45:47,534 | INFO | Epoch 12/20 - Loss: 0.7656
2026-04-20 15:45:47,545 | INFO | Epoch 13/20 - Loss: 0.7662
2026-04-20 15:45:47,556 | INFO | Epoch 14/20 - Loss: 0.7655
2026-04-20 15:45:47,567 | INFO | Epoch 15/20 - Loss: 0.7652
2026-04-20 15:45:47,578 | INFO | Epoch 16/20 - Loss: 0.7657
2026-04-20 15:45:47,590 | INFO | Epoch 17/20 - Loss: 0.7654
2026-04-20 15:45:47,600 | INFO | Epoch 18/20 - Loss: 0.7660
2026-04-20 15:45:47,611 | INFO | Epoch 19/20 - Loss: 0.7660
2026-04-20 15:45:47,622 | INFO | Epoch 20/20 - Loss: 0.7653
2026-04-20 15:45:47,624 | INFO | r-net saved to: ./r_nets/compas\iter_3\beta_03\r_net_accurate_trusting.pth
2026-04-20 15:45:47,636 | INFO | --- Training r-net for Beta: 0.5
2026-04-20 15:45:47,636 | INFO | Training r-net | User: accurate_trusting | Beta: 0.5 | Iter: 3
2026-04-20 15:45:47,760 | DEBUG | Input Tensor Shape: torch.Size([712, 8])
2026-04-20 15:45:47,772 | INFO | Epoch 1/20 - Loss: 0.6262
2026-04-20 15:45:47,782 | INFO | Epoch 2/20 - Loss: 0.6193
2026-04-20 15:45:47,793 | INFO | Epoch 3/20 - Loss: 0.6136
2026-04-20 15:45:47,803 | INFO | Epoch 4/20 - Loss: 0.6063
2026-04-20 15:45:47,814 | INFO | Epoch 5/20 - Loss: 0.6018
2026-04-20 15:45:47,825 | INFO | Epoch 6/20 - Loss: 0.5963
2026-04-20 15:45:47,835 | INFO | Epoch 7/20 - Loss: 0.5912
2026-04-20 15:45:47,846 | INFO | Epoch 8/20 - Loss: 0.5867
2026-04-20 15:45:47,856 | INFO | Epoch 9/20 - Loss: 0.5826
2026-04-20 15:45:47,866 | INFO | Epoch 10/20 - Loss: 0.5801
2026-04-20 15:45:47,876 | INFO | Epoch 11/20 - Loss: 0.5769
2026-04-20 15:45:47,887 | INFO | Epoch 12/20 - Loss: 0.5749
2026-04-20 15:45:47,897 | INFO | Epoch 13/20 - Loss: 0.5753
2026-04-20 15:45:47,907 | INFO | Epoch 14/20 - Loss: 0.5726
2026-04-20 15:45:47,918 | INFO | Epoch 15/20 - Loss: 0.5750
2026-04-20 15:45:47,928 | INFO | Epoch 16/20 - Loss: 0.5769
2026-04-20 15:45:47,938 | INFO | Epoch 17/20 - Loss: 0.5722
2026-04-20 15:45:47,949 | INFO | Epoch 18/20 - Loss: 0.5727
2026-04-20 15:45:47,959 | INFO | Epoch 19/20 - Loss: 0.5750
2026-04-20 15:45:47,970 | INFO | Epoch 20/20 - Loss: 0.5704
2026-04-20 15:45:47,971 | INFO | r-net saved to: ./r_nets/compas\iter_3\beta_05\r_net_accurate_trusting.pth
2026-04-20 15:45:47,985 | INFO | --- Training r-net for Beta: 0.7
2026-04-20 15:45:47,985 | INFO | Training r-net | User: accurate_trusting | Beta: 0.7 | Iter: 3
2026-04-20 15:45:48,110 | DEBUG | Input Tensor Shape: torch.Size([712, 8])
2026-04-20 15:45:48,122 | INFO | Epoch 1/20 - Loss: 0.5278
2026-04-20 15:45:48,131 | INFO | Epoch 2/20 - Loss: 0.5204
2026-04-20 15:45:48,138 | INFO | Epoch 3/20 - Loss: 0.5136
2026-04-20 15:45:48,149 | INFO | Epoch 4/20 - Loss: 0.5065
2026-04-20 15:45:48,160 | INFO | Epoch 5/20 - Loss: 0.4991
2026-04-20 15:45:48,170 | INFO | Epoch 6/20 - Loss: 0.4908
2026-04-20 15:45:48,181 | INFO | Epoch 7/20 - Loss: 0.4834
2026-04-20 15:45:48,191 | INFO | Epoch 8/20 - Loss: 0.4745
2026-04-20 15:45:48,202 | INFO | Epoch 9/20 - Loss: 0.4653
2026-04-20 15:45:48,213 | INFO | Epoch 10/20 - Loss: 0.4565
2026-04-20 15:45:48,224 | INFO | Epoch 11/20 - Loss: 0.4501
2026-04-20 15:45:48,235 | INFO | Epoch 12/20 - Loss: 0.4389
2026-04-20 15:45:48,245 | INFO | Epoch 13/20 - Loss: 0.4281
2026-04-20 15:45:48,256 | INFO | Epoch 14/20 - Loss: 0.4148
2026-04-20 15:45:48,267 | INFO | Epoch 15/20 - Loss: 0.4015
2026-04-20 15:45:48,277 | INFO | Epoch 16/20 - Loss: 0.3908
2026-04-20 15:45:48,288 | INFO | Epoch 17/20 - Loss: 0.3764
2026-04-20 15:45:48,299 | INFO | Epoch 18/20 - Loss: 0.3608
2026-04-20 15:45:48,310 | INFO | Epoch 19/20 - Loss: 0.3496
2026-04-20 15:45:48,323 | INFO | Epoch 20/20 - Loss: 0.3357
2026-04-20 15:45:48,324 | INFO | r-net saved to: ./r_nets/compas\iter_3\beta_07\r_net_accurate_trusting.pth
2026-04-20 15:45:48,342 | INFO | --- Training r-net for Beta: 0.9
2026-04-20 15:45:48,343 | INFO | Training r-net | User: accurate_trusting | Beta: 0.9 | Iter: 3
2026-04-20 15:45:48,528 | DEBUG | Input Tensor Shape: torch.Size([712, 8])
2026-04-20 15:45:48,549 | INFO | Epoch 1/20 - Loss: 0.2350
2026-04-20 15:45:48,563 | INFO | Epoch 2/20 - Loss: 0.2175
2026-04-20 15:45:48,581 | INFO | Epoch 3/20 - Loss: 0.2065
2026-04-20 15:45:48,601 | INFO | Epoch 4/20 - Loss: 0.1935
2026-04-20 15:45:48,617 | INFO | Epoch 5/20 - Loss: 0.1809
2026-04-20 15:45:48,632 | INFO | Epoch 6/20 - Loss: 0.1694
2026-04-20 15:45:48,646 | INFO | Epoch 7/20 - Loss: 0.1545
2026-04-20 15:45:48,662 | INFO | Epoch 8/20 - Loss: 0.1429
2026-04-20 15:45:48,674 | INFO | Epoch 9/20 - Loss: 0.1295
2026-04-20 15:45:48,690 | INFO | Epoch 10/20 - Loss: 0.1141
2026-04-20 15:45:48,704 | INFO | Epoch 11/20 - Loss: 0.0985
2026-04-20 15:45:48,716 | INFO | Epoch 12/20 - Loss: 0.0895
2026-04-20 15:45:48,727 | INFO | Epoch 13/20 - Loss: 0.0679
2026-04-20 15:45:48,741 | INFO | Epoch 14/20 - Loss: 0.0402
2026-04-20 15:45:48,758 | INFO | Epoch 15/20 - Loss: 0.0216
2026-04-20 15:45:48,770 | INFO | Epoch 16/20 - Loss: -0.0068
2026-04-20 15:45:48,781 | INFO | Epoch 17/20 - Loss: -0.0300
2026-04-20 15:45:48,793 | INFO | Epoch 18/20 - Loss: -0.0531
2026-04-20 15:45:48,803 | INFO | Epoch 19/20 - Loss: -0.0794
2026-04-20 15:45:48,811 | INFO | Epoch 20/20 - Loss: -0.0980
2026-04-20 15:45:48,813 | INFO | r-net saved to: ./r_nets/compas\iter_3\beta_09\r_net_accurate_trusting.pth
2026-04-20 15:45:48,825 | INFO | --- R-NET TRAINING FINISHED | User: accurate_trusting | DS: compas
