2026-04-20 17:18:03,059 | INFO | STARTING R-NETS TRAINING | User: inaccurate_not_trusting | DS: compas
2026-04-20 17:18:03,060 | INFO | --- Calibrating for iteration 1 ---
2026-04-20 17:18:03,060 | INFO | --- Training r-net for Beta: 0.1
2026-04-20 17:18:03,060 | INFO | Training r-net | User: inaccurate_not_trusting | Beta: 0.1 | Iter: 1
2026-04-20 17:18:03,258 | DEBUG | Input Tensor Shape: torch.Size([703, 8])
2026-04-20 17:18:03,283 | INFO | Epoch 1/20 - Loss: 1.0071
2026-04-20 17:18:03,301 | INFO | Epoch 2/20 - Loss: 1.0051
2026-04-20 17:18:03,320 | INFO | Epoch 3/20 - Loss: 1.0040
2026-04-20 17:18:03,339 | INFO | Epoch 4/20 - Loss: 1.0030
2026-04-20 17:18:03,359 | INFO | Epoch 5/20 - Loss: 1.0022
2026-04-20 17:18:03,380 | INFO | Epoch 6/20 - Loss: 1.0013
2026-04-20 17:18:03,400 | INFO | Epoch 7/20 - Loss: 1.0004
2026-04-20 17:18:03,422 | INFO | Epoch 8/20 - Loss: 0.9997
2026-04-20 17:18:03,441 | INFO | Epoch 9/20 - Loss: 0.9993
2026-04-20 17:18:03,462 | INFO | Epoch 10/20 - Loss: 0.9989
2026-04-20 17:18:03,482 | INFO | Epoch 11/20 - Loss: 0.9987
2026-04-20 17:18:03,502 | INFO | Epoch 12/20 - Loss: 0.9980
2026-04-20 17:18:03,520 | INFO | Epoch 13/20 - Loss: 0.9983
2026-04-20 17:18:03,535 | INFO | Epoch 14/20 - Loss: 0.9970
2026-04-20 17:18:03,553 | INFO | Epoch 15/20 - Loss: 0.9977
2026-04-20 17:18:03,574 | INFO | Epoch 16/20 - Loss: 0.9972
2026-04-20 17:18:03,593 | INFO | Epoch 17/20 - Loss: 0.9971
2026-04-20 17:18:03,614 | INFO | Epoch 18/20 - Loss: 0.9974
2026-04-20 17:18:03,634 | INFO | Epoch 19/20 - Loss: 0.9974
2026-04-20 17:18:03,654 | INFO | Epoch 20/20 - Loss: 0.9969
2026-04-20 17:18:03,656 | INFO | r-net saved to: ./r_nets/compas\iter_1\beta_01\r_net_inaccurate_not_trusting.pth
2026-04-20 17:18:03,682 | INFO | --- Training r-net for Beta: 0.3
2026-04-20 17:18:03,682 | INFO | Training r-net | User: inaccurate_not_trusting | Beta: 0.3 | Iter: 1
2026-04-20 17:18:03,938 | DEBUG | Input Tensor Shape: torch.Size([703, 8])
2026-04-20 17:18:03,963 | INFO | Epoch 1/20 - Loss: 0.8934
2026-04-20 17:18:03,983 | INFO | Epoch 2/20 - Loss: 0.8915
2026-04-20 17:18:04,004 | INFO | Epoch 3/20 - Loss: 0.8905
2026-04-20 17:18:04,025 | INFO | Epoch 4/20 - Loss: 0.8894
2026-04-20 17:18:04,049 | INFO | Epoch 5/20 - Loss: 0.8888
2026-04-20 17:18:04,074 | INFO | Epoch 6/20 - Loss: 0.8876
2026-04-20 17:18:04,097 | INFO | Epoch 7/20 - Loss: 0.8880
2026-04-20 17:18:04,120 | INFO | Epoch 8/20 - Loss: 0.8877
2026-04-20 17:18:04,143 | INFO | Epoch 9/20 - Loss: 0.8876
2026-04-20 17:18:04,166 | INFO | Epoch 10/20 - Loss: 0.8868
2026-04-20 17:18:04,191 | INFO | Epoch 11/20 - Loss: 0.8854
2026-04-20 17:18:04,216 | INFO | Epoch 12/20 - Loss: 0.8863
2026-04-20 17:18:04,238 | INFO | Epoch 13/20 - Loss: 0.8868
2026-04-20 17:18:04,262 | INFO | Epoch 14/20 - Loss: 0.8857
2026-04-20 17:18:04,285 | INFO | Epoch 15/20 - Loss: 0.8874
2026-04-20 17:18:04,308 | INFO | Epoch 16/20 - Loss: 0.8846
2026-04-20 17:18:04,330 | INFO | Epoch 17/20 - Loss: 0.8860
2026-04-20 17:18:04,352 | INFO | Epoch 18/20 - Loss: 0.8874
2026-04-20 17:18:04,374 | INFO | Epoch 19/20 - Loss: 0.8877
2026-04-20 17:18:04,395 | INFO | Epoch 20/20 - Loss: 0.8861
2026-04-20 17:18:04,397 | INFO | r-net saved to: ./r_nets/compas\iter_1\beta_03\r_net_inaccurate_not_trusting.pth
2026-04-20 17:18:04,417 | INFO | --- Training r-net for Beta: 0.5
2026-04-20 17:18:04,417 | INFO | Training r-net | User: inaccurate_not_trusting | Beta: 0.5 | Iter: 1
2026-04-20 17:18:04,638 | DEBUG | Input Tensor Shape: torch.Size([703, 8])
2026-04-20 17:18:04,661 | INFO | Epoch 1/20 - Loss: 0.7628
2026-04-20 17:18:04,686 | INFO | Epoch 2/20 - Loss: 0.7611
2026-04-20 17:18:04,711 | INFO | Epoch 3/20 - Loss: 0.7604
2026-04-20 17:18:04,733 | INFO | Epoch 4/20 - Loss: 0.7582
2026-04-20 17:18:04,754 | INFO | Epoch 5/20 - Loss: 0.7570
2026-04-20 17:18:04,774 | INFO | Epoch 6/20 - Loss: 0.7551
2026-04-20 17:18:04,794 | INFO | Epoch 7/20 - Loss: 0.7547
2026-04-20 17:18:04,815 | INFO | Epoch 8/20 - Loss: 0.7530
2026-04-20 17:18:04,835 | INFO | Epoch 9/20 - Loss: 0.7518
2026-04-20 17:18:04,856 | INFO | Epoch 10/20 - Loss: 0.7521
2026-04-20 17:18:04,876 | INFO | Epoch 11/20 - Loss: 0.7533
2026-04-20 17:18:04,897 | INFO | Epoch 12/20 - Loss: 0.7511
2026-04-20 17:18:04,918 | INFO | Epoch 13/20 - Loss: 0.7520
2026-04-20 17:18:04,945 | INFO | Epoch 14/20 - Loss: 0.7513
2026-04-20 17:18:04,971 | INFO | Epoch 15/20 - Loss: 0.7525
2026-04-20 17:18:05,003 | INFO | Epoch 16/20 - Loss: 0.7507
2026-04-20 17:18:05,035 | INFO | Epoch 17/20 - Loss: 0.7522
2026-04-20 17:18:05,061 | INFO | Epoch 18/20 - Loss: 0.7510
2026-04-20 17:18:05,088 | INFO | Epoch 19/20 - Loss: 0.7514
2026-04-20 17:18:05,117 | INFO | Epoch 20/20 - Loss: 0.7509
2026-04-20 17:18:05,120 | INFO | r-net saved to: ./r_nets/compas\iter_1\beta_05\r_net_inaccurate_not_trusting.pth
2026-04-20 17:18:05,142 | INFO | --- Training r-net for Beta: 0.7
2026-04-20 17:18:05,142 | INFO | Training r-net | User: inaccurate_not_trusting | Beta: 0.7 | Iter: 1
2026-04-20 17:18:05,415 | DEBUG | Input Tensor Shape: torch.Size([703, 8])
2026-04-20 17:18:05,439 | INFO | Epoch 1/20 - Loss: 0.6198
2026-04-20 17:18:05,460 | INFO | Epoch 2/20 - Loss: 0.6152
2026-04-20 17:18:05,482 | INFO | Epoch 3/20 - Loss: 0.6097
2026-04-20 17:18:05,498 | INFO | Epoch 4/20 - Loss: 0.6057
2026-04-20 17:18:05,518 | INFO | Epoch 5/20 - Loss: 0.6016
2026-04-20 17:18:05,538 | INFO | Epoch 6/20 - Loss: 0.5971
2026-04-20 17:18:05,555 | INFO | Epoch 7/20 - Loss: 0.5899
2026-04-20 17:18:05,586 | INFO | Epoch 8/20 - Loss: 0.5894
2026-04-20 17:18:05,608 | INFO | Epoch 9/20 - Loss: 0.5846
2026-04-20 17:18:05,629 | INFO | Epoch 10/20 - Loss: 0.5779
2026-04-20 17:18:05,651 | INFO | Epoch 11/20 - Loss: 0.5769
2026-04-20 17:18:05,672 | INFO | Epoch 12/20 - Loss: 0.5764
2026-04-20 17:18:05,694 | INFO | Epoch 13/20 - Loss: 0.5747
2026-04-20 17:18:05,716 | INFO | Epoch 14/20 - Loss: 0.5738
2026-04-20 17:18:05,738 | INFO | Epoch 15/20 - Loss: 0.5724
2026-04-20 17:18:05,759 | INFO | Epoch 16/20 - Loss: 0.5706
2026-04-20 17:18:05,778 | INFO | Epoch 17/20 - Loss: 0.5736
2026-04-20 17:18:05,799 | INFO | Epoch 18/20 - Loss: 0.5720
2026-04-20 17:18:05,818 | INFO | Epoch 19/20 - Loss: 0.5691
2026-04-20 17:18:05,835 | INFO | Epoch 20/20 - Loss: 0.5730
2026-04-20 17:18:05,837 | INFO | r-net saved to: ./r_nets/compas\iter_1\beta_07\r_net_inaccurate_not_trusting.pth
2026-04-20 17:18:05,856 | INFO | --- Training r-net for Beta: 0.9
2026-04-20 17:18:05,856 | INFO | Training r-net | User: inaccurate_not_trusting | Beta: 0.9 | Iter: 1
2026-04-20 17:18:06,116 | DEBUG | Input Tensor Shape: torch.Size([703, 8])
2026-04-20 17:18:06,147 | INFO | Epoch 1/20 - Loss: 0.4732
2026-04-20 17:18:06,170 | INFO | Epoch 2/20 - Loss: 0.4676
2026-04-20 17:18:06,193 | INFO | Epoch 3/20 - Loss: 0.4609
2026-04-20 17:18:06,213 | INFO | Epoch 4/20 - Loss: 0.4550
2026-04-20 17:18:06,236 | INFO | Epoch 5/20 - Loss: 0.4497
2026-04-20 17:18:06,260 | INFO | Epoch 6/20 - Loss: 0.4423
2026-04-20 17:18:06,284 | INFO | Epoch 7/20 - Loss: 0.4343
2026-04-20 17:18:06,309 | INFO | Epoch 8/20 - Loss: 0.4269
2026-04-20 17:18:06,331 | INFO | Epoch 9/20 - Loss: 0.4160
2026-04-20 17:18:06,353 | INFO | Epoch 10/20 - Loss: 0.4081
2026-04-20 17:18:06,373 | INFO | Epoch 11/20 - Loss: 0.3945
2026-04-20 17:18:06,398 | INFO | Epoch 12/20 - Loss: 0.3799
2026-04-20 17:18:06,421 | INFO | Epoch 13/20 - Loss: 0.3691
2026-04-20 17:18:06,443 | INFO | Epoch 14/20 - Loss: 0.3603
2026-04-20 17:18:06,464 | INFO | Epoch 15/20 - Loss: 0.3474
2026-04-20 17:18:06,485 | INFO | Epoch 16/20 - Loss: 0.3370
2026-04-20 17:18:06,506 | INFO | Epoch 17/20 - Loss: 0.3265
2026-04-20 17:18:06,522 | INFO | Epoch 18/20 - Loss: 0.3147
2026-04-20 17:18:06,544 | INFO | Epoch 19/20 - Loss: 0.3148
2026-04-20 17:18:06,564 | INFO | Epoch 20/20 - Loss: 0.3054
2026-04-20 17:18:06,566 | INFO | r-net saved to: ./r_nets/compas\iter_1\beta_09\r_net_inaccurate_not_trusting.pth
2026-04-20 17:18:06,587 | INFO | --- R-NET TRAINING FINISHED | User: inaccurate_not_trusting | DS: compas
2026-04-20 17:18:06,591 | INFO | STARTING R-NETS TRAINING | User: inaccurate_not_trusting | DS: compas
2026-04-20 17:18:06,592 | INFO | --- Calibrating for iteration 2 ---
2026-04-20 17:18:06,593 | INFO | --- Training r-net for Beta: 0.1
2026-04-20 17:18:06,593 | INFO | Training r-net | User: inaccurate_not_trusting | Beta: 0.1 | Iter: 2
2026-04-20 17:18:06,828 | DEBUG | Input Tensor Shape: torch.Size([710, 8])
2026-04-20 17:18:06,856 | INFO | Epoch 1/20 - Loss: 1.0019
2026-04-20 17:18:06,876 | INFO | Epoch 2/20 - Loss: 1.0015
2026-04-20 17:18:06,895 | INFO | Epoch 3/20 - Loss: 1.0017
2026-04-20 17:18:06,916 | INFO | Epoch 4/20 - Loss: 1.0024
2026-04-20 17:18:06,933 | INFO | Epoch 5/20 - Loss: 1.0016
2026-04-20 17:18:06,954 | INFO | Epoch 6/20 - Loss: 1.0004
2026-04-20 17:18:06,975 | INFO | Epoch 7/20 - Loss: 1.0007
2026-04-20 17:18:06,995 | INFO | Epoch 8/20 - Loss: 1.0011
2026-04-20 17:18:07,016 | INFO | Epoch 9/20 - Loss: 1.0007
2026-04-20 17:18:07,038 | INFO | Epoch 10/20 - Loss: 1.0005
2026-04-20 17:18:07,059 | INFO | Epoch 11/20 - Loss: 1.0013
2026-04-20 17:18:07,080 | INFO | Epoch 12/20 - Loss: 1.0010
2026-04-20 17:18:07,108 | INFO | Epoch 13/20 - Loss: 1.0009
2026-04-20 17:18:07,133 | INFO | Epoch 14/20 - Loss: 1.0007
2026-04-20 17:18:07,156 | INFO | Epoch 15/20 - Loss: 0.9997
2026-04-20 17:18:07,172 | INFO | Epoch 16/20 - Loss: 1.0007
2026-04-20 17:18:07,192 | INFO | Epoch 17/20 - Loss: 1.0009
2026-04-20 17:18:07,213 | INFO | Epoch 18/20 - Loss: 1.0010
2026-04-20 17:18:07,234 | INFO | Epoch 19/20 - Loss: 1.0012
2026-04-20 17:18:07,254 | INFO | Epoch 20/20 - Loss: 0.9995
2026-04-20 17:18:07,256 | INFO | r-net saved to: ./r_nets/compas\iter_2\beta_01\r_net_inaccurate_not_trusting.pth
2026-04-20 17:18:07,280 | INFO | --- Training r-net for Beta: 0.3
2026-04-20 17:18:07,280 | INFO | Training r-net | User: inaccurate_not_trusting | Beta: 0.3 | Iter: 2
2026-04-20 17:18:07,518 | DEBUG | Input Tensor Shape: torch.Size([710, 8])
2026-04-20 17:18:07,540 | INFO | Epoch 1/20 - Loss: 0.8902
2026-04-20 17:18:07,555 | INFO | Epoch 2/20 - Loss: 0.8895
2026-04-20 17:18:07,570 | INFO | Epoch 3/20 - Loss: 0.8890
2026-04-20 17:18:07,584 | INFO | Epoch 4/20 - Loss: 0.8862
2026-04-20 17:18:07,601 | INFO | Epoch 5/20 - Loss: 0.8849
2026-04-20 17:18:07,616 | INFO | Epoch 6/20 - Loss: 0.8872
2026-04-20 17:18:07,635 | INFO | Epoch 7/20 - Loss: 0.8879
2026-04-20 17:18:07,654 | INFO | Epoch 8/20 - Loss: 0.8867
2026-04-20 17:18:07,674 | INFO | Epoch 9/20 - Loss: 0.8860
2026-04-20 17:18:07,694 | INFO | Epoch 10/20 - Loss: 0.8863
2026-04-20 17:18:07,717 | INFO | Epoch 11/20 - Loss: 0.8842
2026-04-20 17:18:07,736 | INFO | Epoch 12/20 - Loss: 0.8860
2026-04-20 17:18:07,756 | INFO | Epoch 13/20 - Loss: 0.8853
2026-04-20 17:18:07,772 | INFO | Epoch 14/20 - Loss: 0.8836
2026-04-20 17:18:07,793 | INFO | Epoch 15/20 - Loss: 0.8854
2026-04-20 17:18:07,813 | INFO | Epoch 16/20 - Loss: 0.8851
2026-04-20 17:18:07,833 | INFO | Epoch 17/20 - Loss: 0.8858
2026-04-20 17:18:07,853 | INFO | Epoch 18/20 - Loss: 0.8841
2026-04-20 17:18:07,873 | INFO | Epoch 19/20 - Loss: 0.8854
2026-04-20 17:18:07,896 | INFO | Epoch 20/20 - Loss: 0.8856
2026-04-20 17:18:07,898 | INFO | r-net saved to: ./r_nets/compas\iter_2\beta_03\r_net_inaccurate_not_trusting.pth
2026-04-20 17:18:07,919 | INFO | --- Training r-net for Beta: 0.5
2026-04-20 17:18:07,919 | INFO | Training r-net | User: inaccurate_not_trusting | Beta: 0.5 | Iter: 2
2026-04-20 17:18:08,150 | DEBUG | Input Tensor Shape: torch.Size([710, 8])
2026-04-20 17:18:08,172 | INFO | Epoch 1/20 - Loss: 0.7442
2026-04-20 17:18:08,191 | INFO | Epoch 2/20 - Loss: 0.7425
2026-04-20 17:18:08,212 | INFO | Epoch 3/20 - Loss: 0.7410
2026-04-20 17:18:08,232 | INFO | Epoch 4/20 - Loss: 0.7407
2026-04-20 17:18:08,254 | INFO | Epoch 5/20 - Loss: 0.7389
2026-04-20 17:18:08,275 | INFO | Epoch 6/20 - Loss: 0.7387
2026-04-20 17:18:08,295 | INFO | Epoch 7/20 - Loss: 0.7379
2026-04-20 17:18:08,317 | INFO | Epoch 8/20 - Loss: 0.7369
2026-04-20 17:18:08,337 | INFO | Epoch 9/20 - Loss: 0.7364
2026-04-20 17:18:08,353 | INFO | Epoch 10/20 - Loss: 0.7369
2026-04-20 17:18:08,373 | INFO | Epoch 11/20 - Loss: 0.7373
2026-04-20 17:18:08,393 | INFO | Epoch 12/20 - Loss: 0.7366
2026-04-20 17:18:08,412 | INFO | Epoch 13/20 - Loss: 0.7367
2026-04-20 17:18:08,433 | INFO | Epoch 14/20 - Loss: 0.7369
2026-04-20 17:18:08,455 | INFO | Epoch 15/20 - Loss: 0.7367
2026-04-20 17:18:08,475 | INFO | Epoch 16/20 - Loss: 0.7372
2026-04-20 17:18:08,495 | INFO | Epoch 17/20 - Loss: 0.7352
2026-04-20 17:18:08,516 | INFO | Epoch 18/20 - Loss: 0.7363
2026-04-20 17:18:08,536 | INFO | Epoch 19/20 - Loss: 0.7354
2026-04-20 17:18:08,555 | INFO | Epoch 20/20 - Loss: 0.7363
2026-04-20 17:18:08,557 | INFO | r-net saved to: ./r_nets/compas\iter_2\beta_05\r_net_inaccurate_not_trusting.pth
2026-04-20 17:18:08,579 | INFO | --- Training r-net for Beta: 0.7
2026-04-20 17:18:08,579 | INFO | Training r-net | User: inaccurate_not_trusting | Beta: 0.7 | Iter: 2
2026-04-20 17:18:08,812 | DEBUG | Input Tensor Shape: torch.Size([710, 8])
2026-04-20 17:18:08,837 | INFO | Epoch 1/20 - Loss: 0.6522
2026-04-20 17:18:08,855 | INFO | Epoch 2/20 - Loss: 0.6446
2026-04-20 17:18:08,876 | INFO | Epoch 3/20 - Loss: 0.6377
2026-04-20 17:18:08,897 | INFO | Epoch 4/20 - Loss: 0.6319
2026-04-20 17:18:08,914 | INFO | Epoch 5/20 - Loss: 0.6278
2026-04-20 17:18:08,936 | INFO | Epoch 6/20 - Loss: 0.6226
2026-04-20 17:18:08,957 | INFO | Epoch 7/20 - Loss: 0.6144
2026-04-20 17:18:08,978 | INFO | Epoch 8/20 - Loss: 0.6102
2026-04-20 17:18:09,000 | INFO | Epoch 9/20 - Loss: 0.6013
2026-04-20 17:18:09,021 | INFO | Epoch 10/20 - Loss: 0.5980
2026-04-20 17:18:09,044 | INFO | Epoch 11/20 - Loss: 0.5919
2026-04-20 17:18:09,065 | INFO | Epoch 12/20 - Loss: 0.5856
2026-04-20 17:18:09,090 | INFO | Epoch 13/20 - Loss: 0.5840
2026-04-20 17:18:09,112 | INFO | Epoch 14/20 - Loss: 0.5786
2026-04-20 17:18:09,133 | INFO | Epoch 15/20 - Loss: 0.5724
2026-04-20 17:18:09,154 | INFO | Epoch 16/20 - Loss: 0.5704
2026-04-20 17:18:09,175 | INFO | Epoch 17/20 - Loss: 0.5658
2026-04-20 17:18:09,203 | INFO | Epoch 18/20 - Loss: 0.5629
2026-04-20 17:18:09,226 | INFO | Epoch 19/20 - Loss: 0.5555
2026-04-20 17:18:09,253 | INFO | Epoch 20/20 - Loss: 0.5523
2026-04-20 17:18:09,256 | INFO | r-net saved to: ./r_nets/compas\iter_2\beta_07\r_net_inaccurate_not_trusting.pth
2026-04-20 17:18:09,281 | INFO | --- Training r-net for Beta: 0.9
2026-04-20 17:18:09,281 | INFO | Training r-net | User: inaccurate_not_trusting | Beta: 0.9 | Iter: 2
2026-04-20 17:18:09,540 | DEBUG | Input Tensor Shape: torch.Size([710, 8])
2026-04-20 17:18:09,564 | INFO | Epoch 1/20 - Loss: 0.5710
2026-04-20 17:18:09,586 | INFO | Epoch 2/20 - Loss: 0.5612
2026-04-20 17:18:09,608 | INFO | Epoch 3/20 - Loss: 0.5526
2026-04-20 17:18:09,631 | INFO | Epoch 4/20 - Loss: 0.5442
2026-04-20 17:18:09,653 | INFO | Epoch 5/20 - Loss: 0.5364
2026-04-20 17:18:09,676 | INFO | Epoch 6/20 - Loss: 0.5296
2026-04-20 17:18:09,698 | INFO | Epoch 7/20 - Loss: 0.5195
2026-04-20 17:18:09,721 | INFO | Epoch 8/20 - Loss: 0.5103
2026-04-20 17:18:09,744 | INFO | Epoch 9/20 - Loss: 0.4975
2026-04-20 17:18:09,768 | INFO | Epoch 10/20 - Loss: 0.4821
2026-04-20 17:18:09,790 | INFO | Epoch 11/20 - Loss: 0.4703
2026-04-20 17:18:09,810 | INFO | Epoch 12/20 - Loss: 0.4531
2026-04-20 17:18:09,831 | INFO | Epoch 13/20 - Loss: 0.4313
2026-04-20 17:18:09,855 | INFO | Epoch 14/20 - Loss: 0.4139
2026-04-20 17:18:09,873 | INFO | Epoch 15/20 - Loss: 0.3863
2026-04-20 17:18:09,893 | INFO | Epoch 16/20 - Loss: 0.3604
2026-04-20 17:18:09,914 | INFO | Epoch 17/20 - Loss: 0.3431
2026-04-20 17:18:09,930 | INFO | Epoch 18/20 - Loss: 0.3207
2026-04-20 17:18:09,945 | INFO | Epoch 19/20 - Loss: 0.2986
2026-04-20 17:18:09,964 | INFO | Epoch 20/20 - Loss: 0.2784
2026-04-20 17:18:09,966 | INFO | r-net saved to: ./r_nets/compas\iter_2\beta_09\r_net_inaccurate_not_trusting.pth
2026-04-20 17:18:09,988 | INFO | --- R-NET TRAINING FINISHED | User: inaccurate_not_trusting | DS: compas
2026-04-20 17:18:09,993 | INFO | STARTING R-NETS TRAINING | User: inaccurate_not_trusting | DS: compas
2026-04-20 17:18:09,994 | INFO | --- Calibrating for iteration 3 ---
2026-04-20 17:18:09,994 | INFO | --- Training r-net for Beta: 0.1
2026-04-20 17:18:09,994 | INFO | Training r-net | User: inaccurate_not_trusting | Beta: 0.1 | Iter: 3
2026-04-20 17:18:10,220 | DEBUG | Input Tensor Shape: torch.Size([712, 8])
2026-04-20 17:18:10,241 | INFO | Epoch 1/20 - Loss: 0.9794
2026-04-20 17:18:10,261 | INFO | Epoch 2/20 - Loss: 0.9784
2026-04-20 17:18:10,280 | INFO | Epoch 3/20 - Loss: 0.9775
2026-04-20 17:18:10,296 | INFO | Epoch 4/20 - Loss: 0.9766
2026-04-20 17:18:10,311 | INFO | Epoch 5/20 - Loss: 0.9760
2026-04-20 17:18:10,335 | INFO | Epoch 6/20 - Loss: 0.9750
2026-04-20 17:18:10,359 | INFO | Epoch 7/20 - Loss: 0.9745
2026-04-20 17:18:10,384 | INFO | Epoch 8/20 - Loss: 0.9745
2026-04-20 17:18:10,405 | INFO | Epoch 9/20 - Loss: 0.9743
2026-04-20 17:18:10,426 | INFO | Epoch 10/20 - Loss: 0.9738
2026-04-20 17:18:10,449 | INFO | Epoch 11/20 - Loss: 0.9736
2026-04-20 17:18:10,470 | INFO | Epoch 12/20 - Loss: 0.9732
2026-04-20 17:18:10,493 | INFO | Epoch 13/20 - Loss: 0.9740
2026-04-20 17:18:10,513 | INFO | Epoch 14/20 - Loss: 0.9726
2026-04-20 17:18:10,534 | INFO | Epoch 15/20 - Loss: 0.9728
2026-04-20 17:18:10,556 | INFO | Epoch 16/20 - Loss: 0.9725
2026-04-20 17:18:10,576 | INFO | Epoch 17/20 - Loss: 0.9726
2026-04-20 17:18:10,597 | INFO | Epoch 18/20 - Loss: 0.9727
2026-04-20 17:18:10,616 | INFO | Epoch 19/20 - Loss: 0.9725
2026-04-20 17:18:10,635 | INFO | Epoch 20/20 - Loss: 0.9730
2026-04-20 17:18:10,637 | INFO | r-net saved to: ./r_nets/compas\iter_3\beta_01\r_net_inaccurate_not_trusting.pth
2026-04-20 17:18:10,654 | INFO | --- Training r-net for Beta: 0.3
2026-04-20 17:18:10,654 | INFO | Training r-net | User: inaccurate_not_trusting | Beta: 0.3 | Iter: 3
2026-04-20 17:18:10,872 | DEBUG | Input Tensor Shape: torch.Size([712, 8])
2026-04-20 17:18:10,895 | INFO | Epoch 1/20 - Loss: 0.8760
2026-04-20 17:18:10,916 | INFO | Epoch 2/20 - Loss: 0.8728
2026-04-20 17:18:10,935 | INFO | Epoch 3/20 - Loss: 0.8701
2026-04-20 17:18:10,950 | INFO | Epoch 4/20 - Loss: 0.8684
2026-04-20 17:18:10,970 | INFO | Epoch 5/20 - Loss: 0.8663
2026-04-20 17:18:10,990 | INFO | Epoch 6/20 - Loss: 0.8645
2026-04-20 17:18:11,011 | INFO | Epoch 7/20 - Loss: 0.8631
2026-04-20 17:18:11,031 | INFO | Epoch 8/20 - Loss: 0.8614
2026-04-20 17:18:11,052 | INFO | Epoch 9/20 - Loss: 0.8610
2026-04-20 17:18:11,071 | INFO | Epoch 10/20 - Loss: 0.8601
2026-04-20 17:18:11,091 | INFO | Epoch 11/20 - Loss: 0.8596
2026-04-20 17:18:11,106 | INFO | Epoch 12/20 - Loss: 0.8604
2026-04-20 17:18:11,121 | INFO | Epoch 13/20 - Loss: 0.8585
2026-04-20 17:18:11,138 | INFO | Epoch 14/20 - Loss: 0.8584
2026-04-20 17:18:11,158 | INFO | Epoch 15/20 - Loss: 0.8572
2026-04-20 17:18:11,178 | INFO | Epoch 16/20 - Loss: 0.8573
2026-04-20 17:18:11,193 | INFO | Epoch 17/20 - Loss: 0.8601
2026-04-20 17:18:11,208 | INFO | Epoch 18/20 - Loss: 0.8580
2026-04-20 17:18:11,225 | INFO | Epoch 19/20 - Loss: 0.8590
2026-04-20 17:18:11,241 | INFO | Epoch 20/20 - Loss: 0.8585
2026-04-20 17:18:11,243 | INFO | r-net saved to: ./r_nets/compas\iter_3\beta_03\r_net_inaccurate_not_trusting.pth
2026-04-20 17:18:11,259 | INFO | --- Training r-net for Beta: 0.5
2026-04-20 17:18:11,260 | INFO | Training r-net | User: inaccurate_not_trusting | Beta: 0.5 | Iter: 3
2026-04-20 17:18:11,495 | DEBUG | Input Tensor Shape: torch.Size([712, 8])
2026-04-20 17:18:11,521 | INFO | Epoch 1/20 - Loss: 0.7226
2026-04-20 17:18:11,542 | INFO | Epoch 2/20 - Loss: 0.7212
2026-04-20 17:18:11,564 | INFO | Epoch 3/20 - Loss: 0.7194
2026-04-20 17:18:11,590 | INFO | Epoch 4/20 - Loss: 0.7178
2026-04-20 17:18:11,611 | INFO | Epoch 5/20 - Loss: 0.7172
2026-04-20 17:18:11,632 | INFO | Epoch 6/20 - Loss: 0.7149
2026-04-20 17:18:11,652 | INFO | Epoch 7/20 - Loss: 0.7148
2026-04-20 17:18:11,673 | INFO | Epoch 8/20 - Loss: 0.7134
2026-04-20 17:18:11,693 | INFO | Epoch 9/20 - Loss: 0.7126
2026-04-20 17:18:11,708 | INFO | Epoch 10/20 - Loss: 0.7127
2026-04-20 17:18:11,723 | INFO | Epoch 11/20 - Loss: 0.7119
2026-04-20 17:18:11,740 | INFO | Epoch 12/20 - Loss: 0.7105
2026-04-20 17:18:11,761 | INFO | Epoch 13/20 - Loss: 0.7103
2026-04-20 17:18:11,781 | INFO | Epoch 14/20 - Loss: 0.7097
2026-04-20 17:18:11,802 | INFO | Epoch 15/20 - Loss: 0.7108
2026-04-20 17:18:11,822 | INFO | Epoch 16/20 - Loss: 0.7100
2026-04-20 17:18:11,842 | INFO | Epoch 17/20 - Loss: 0.7115
2026-04-20 17:18:11,862 | INFO | Epoch 18/20 - Loss: 0.7097
2026-04-20 17:18:11,882 | INFO | Epoch 19/20 - Loss: 0.7094
2026-04-20 17:18:11,903 | INFO | Epoch 20/20 - Loss: 0.7098
2026-04-20 17:18:11,905 | INFO | r-net saved to: ./r_nets/compas\iter_3\beta_05\r_net_inaccurate_not_trusting.pth
2026-04-20 17:18:11,926 | INFO | --- Training r-net for Beta: 0.7
2026-04-20 17:18:11,926 | INFO | Training r-net | User: inaccurate_not_trusting | Beta: 0.7 | Iter: 3
2026-04-20 17:18:12,203 | DEBUG | Input Tensor Shape: torch.Size([712, 8])
2026-04-20 17:18:12,228 | INFO | Epoch 1/20 - Loss: 0.6426
2026-04-20 17:18:12,254 | INFO | Epoch 2/20 - Loss: 0.6393
2026-04-20 17:18:12,275 | INFO | Epoch 3/20 - Loss: 0.6361
2026-04-20 17:18:12,297 | INFO | Epoch 4/20 - Loss: 0.6330
2026-04-20 17:18:12,319 | INFO | Epoch 5/20 - Loss: 0.6301
2026-04-20 17:18:12,347 | INFO | Epoch 6/20 - Loss: 0.6267
2026-04-20 17:18:12,371 | INFO | Epoch 7/20 - Loss: 0.6224
2026-04-20 17:18:12,392 | INFO | Epoch 8/20 - Loss: 0.6171
2026-04-20 17:18:12,420 | INFO | Epoch 9/20 - Loss: 0.6129
2026-04-20 17:18:12,444 | INFO | Epoch 10/20 - Loss: 0.6062
2026-04-20 17:18:12,467 | INFO | Epoch 11/20 - Loss: 0.5972
2026-04-20 17:18:12,488 | INFO | Epoch 12/20 - Loss: 0.5889
2026-04-20 17:18:12,509 | INFO | Epoch 13/20 - Loss: 0.5767
2026-04-20 17:18:12,530 | INFO | Epoch 14/20 - Loss: 0.5658
2026-04-20 17:18:12,555 | INFO | Epoch 15/20 - Loss: 0.5564
2026-04-20 17:18:12,577 | INFO | Epoch 16/20 - Loss: 0.5458
2026-04-20 17:18:12,599 | INFO | Epoch 17/20 - Loss: 0.5396
2026-04-20 17:18:12,619 | INFO | Epoch 18/20 - Loss: 0.5314
2026-04-20 17:18:12,640 | INFO | Epoch 19/20 - Loss: 0.5312
2026-04-20 17:18:12,658 | INFO | Epoch 20/20 - Loss: 0.5253
2026-04-20 17:18:12,660 | INFO | r-net saved to: ./r_nets/compas\iter_3\beta_07\r_net_inaccurate_not_trusting.pth
2026-04-20 17:18:12,684 | INFO | --- Training r-net for Beta: 0.9
2026-04-20 17:18:12,684 | INFO | Training r-net | User: inaccurate_not_trusting | Beta: 0.9 | Iter: 3
2026-04-20 17:18:12,920 | DEBUG | Input Tensor Shape: torch.Size([712, 8])
2026-04-20 17:18:12,941 | INFO | Epoch 1/20 - Loss: 0.4404
2026-04-20 17:18:12,956 | INFO | Epoch 2/20 - Loss: 0.4345
2026-04-20 17:18:12,976 | INFO | Epoch 3/20 - Loss: 0.4268
2026-04-20 17:18:12,996 | INFO | Epoch 4/20 - Loss: 0.4185
2026-04-20 17:18:13,017 | INFO | Epoch 5/20 - Loss: 0.4098
2026-04-20 17:18:13,037 | INFO | Epoch 6/20 - Loss: 0.4018
2026-04-20 17:18:13,058 | INFO | Epoch 7/20 - Loss: 0.3925
2026-04-20 17:18:13,080 | INFO | Epoch 8/20 - Loss: 0.3828
2026-04-20 17:18:13,102 | INFO | Epoch 9/20 - Loss: 0.3732
2026-04-20 17:18:13,122 | INFO | Epoch 10/20 - Loss: 0.3662
2026-04-20 17:18:13,142 | INFO | Epoch 11/20 - Loss: 0.3528
2026-04-20 17:18:13,163 | INFO | Epoch 12/20 - Loss: 0.3466
2026-04-20 17:18:13,182 | INFO | Epoch 13/20 - Loss: 0.3336
2026-04-20 17:18:13,203 | INFO | Epoch 14/20 - Loss: 0.3224
2026-04-20 17:18:13,222 | INFO | Epoch 15/20 - Loss: 0.3097
2026-04-20 17:18:13,239 | INFO | Epoch 16/20 - Loss: 0.2976
2026-04-20 17:18:13,259 | INFO | Epoch 17/20 - Loss: 0.2874
2026-04-20 17:18:13,286 | INFO | Epoch 18/20 - Loss: 0.2671
2026-04-20 17:18:13,312 | INFO | Epoch 19/20 - Loss: 0.2609
2026-04-20 17:18:13,334 | INFO | Epoch 20/20 - Loss: 0.2535
2026-04-20 17:18:13,337 | INFO | r-net saved to: ./r_nets/compas\iter_3\beta_09\r_net_inaccurate_not_trusting.pth
2026-04-20 17:18:13,359 | INFO | --- R-NET TRAINING FINISHED | User: inaccurate_not_trusting | DS: compas
