2026-04-20 16:12:38,142 | INFO | STARTING R-NETS TRAINING | User: inaccurate_trusting | DS: compas
2026-04-20 16:12:38,143 | INFO | --- Calibrating for iteration 1 ---
2026-04-20 16:12:38,143 | INFO | --- Training r-net for Beta: 0.1
2026-04-20 16:12:38,143 | INFO | Training r-net | User: inaccurate_trusting | Beta: 0.1 | Iter: 1
2026-04-20 16:12:38,246 | DEBUG | Input Tensor Shape: torch.Size([703, 8])
2026-04-20 16:12:38,257 | INFO | Epoch 1/20 - Loss: 0.9990
2026-04-20 16:12:38,268 | INFO | Epoch 2/20 - Loss: 0.9982
2026-04-20 16:12:38,278 | INFO | Epoch 3/20 - Loss: 0.9973
2026-04-20 16:12:38,289 | INFO | Epoch 4/20 - Loss: 0.9975
2026-04-20 16:12:38,299 | INFO | Epoch 5/20 - Loss: 0.9962
2026-04-20 16:12:38,309 | INFO | Epoch 6/20 - Loss: 0.9973
2026-04-20 16:12:38,320 | INFO | Epoch 7/20 - Loss: 0.9953
2026-04-20 16:12:38,331 | INFO | Epoch 8/20 - Loss: 0.9971
2026-04-20 16:12:38,341 | INFO | Epoch 9/20 - Loss: 0.9949
2026-04-20 16:12:38,351 | INFO | Epoch 10/20 - Loss: 0.9967
2026-04-20 16:12:38,362 | INFO | Epoch 11/20 - Loss: 0.9950
2026-04-20 16:12:38,372 | INFO | Epoch 12/20 - Loss: 0.9953
2026-04-20 16:12:38,383 | INFO | Epoch 13/20 - Loss: 0.9957
2026-04-20 16:12:38,393 | INFO | Epoch 14/20 - Loss: 0.9956
2026-04-20 16:12:38,403 | INFO | Epoch 15/20 - Loss: 0.9968
2026-04-20 16:12:38,414 | INFO | Epoch 16/20 - Loss: 0.9960
2026-04-20 16:12:38,424 | INFO | Epoch 17/20 - Loss: 0.9969
2026-04-20 16:12:38,434 | INFO | Epoch 18/20 - Loss: 0.9963
2026-04-20 16:12:38,444 | INFO | Epoch 19/20 - Loss: 0.9963
2026-04-20 16:12:38,455 | INFO | Epoch 20/20 - Loss: 0.9959
2026-04-20 16:12:38,456 | INFO | r-net saved to: ./r_nets/compas\iter_1\beta_01\r_net_inaccurate_trusting.pth
2026-04-20 16:12:38,471 | INFO | --- Training r-net for Beta: 0.3
2026-04-20 16:12:38,471 | INFO | Training r-net | User: inaccurate_trusting | Beta: 0.3 | Iter: 1
2026-04-20 16:12:38,583 | DEBUG | Input Tensor Shape: torch.Size([703, 8])
2026-04-20 16:12:38,594 | INFO | Epoch 1/20 - Loss: 0.9012
2026-04-20 16:12:38,605 | INFO | Epoch 2/20 - Loss: 0.8989
2026-04-20 16:12:38,615 | INFO | Epoch 3/20 - Loss: 0.8955
2026-04-20 16:12:38,626 | INFO | Epoch 4/20 - Loss: 0.8941
2026-04-20 16:12:38,636 | INFO | Epoch 5/20 - Loss: 0.8907
2026-04-20 16:12:38,646 | INFO | Epoch 6/20 - Loss: 0.8900
2026-04-20 16:12:38,653 | INFO | Epoch 7/20 - Loss: 0.8873
2026-04-20 16:12:38,662 | INFO | Epoch 8/20 - Loss: 0.8866
2026-04-20 16:12:38,672 | INFO | Epoch 9/20 - Loss: 0.8869
2026-04-20 16:12:38,683 | INFO | Epoch 10/20 - Loss: 0.8875
2026-04-20 16:12:38,693 | INFO | Epoch 11/20 - Loss: 0.8862
2026-04-20 16:12:38,704 | INFO | Epoch 12/20 - Loss: 0.8851
2026-04-20 16:12:38,714 | INFO | Epoch 13/20 - Loss: 0.8858
2026-04-20 16:12:38,725 | INFO | Epoch 14/20 - Loss: 0.8856
2026-04-20 16:12:38,737 | INFO | Epoch 15/20 - Loss: 0.8856
2026-04-20 16:12:38,754 | INFO | Epoch 16/20 - Loss: 0.8849
2026-04-20 16:12:38,766 | INFO | Epoch 17/20 - Loss: 0.8851
2026-04-20 16:12:38,778 | INFO | Epoch 18/20 - Loss: 0.8840
2026-04-20 16:12:38,789 | INFO | Epoch 19/20 - Loss: 0.8846
2026-04-20 16:12:38,800 | INFO | Epoch 20/20 - Loss: 0.8862
2026-04-20 16:12:38,803 | INFO | r-net saved to: ./r_nets/compas\iter_1\beta_03\r_net_inaccurate_trusting.pth
2026-04-20 16:12:38,815 | INFO | --- Training r-net for Beta: 0.5
2026-04-20 16:12:38,815 | INFO | Training r-net | User: inaccurate_trusting | Beta: 0.5 | Iter: 1
2026-04-20 16:12:38,948 | DEBUG | Input Tensor Shape: torch.Size([703, 8])
2026-04-20 16:12:38,960 | INFO | Epoch 1/20 - Loss: 0.7442
2026-04-20 16:12:38,969 | INFO | Epoch 2/20 - Loss: 0.7439
2026-04-20 16:12:38,977 | INFO | Epoch 3/20 - Loss: 0.7437
2026-04-20 16:12:38,985 | INFO | Epoch 4/20 - Loss: 0.7436
2026-04-20 16:12:38,992 | INFO | Epoch 5/20 - Loss: 0.7432
2026-04-20 16:12:39,001 | INFO | Epoch 6/20 - Loss: 0.7435
2026-04-20 16:12:39,011 | INFO | Epoch 7/20 - Loss: 0.7431
2026-04-20 16:12:39,022 | INFO | Epoch 8/20 - Loss: 0.7434
2026-04-20 16:12:39,032 | INFO | Epoch 9/20 - Loss: 0.7433
2026-04-20 16:12:39,042 | INFO | Epoch 10/20 - Loss: 0.7431
2026-04-20 16:12:39,053 | INFO | Epoch 11/20 - Loss: 0.7432
2026-04-20 16:12:39,065 | INFO | Epoch 12/20 - Loss: 0.7432
2026-04-20 16:12:39,075 | INFO | Epoch 13/20 - Loss: 0.7434
2026-04-20 16:12:39,088 | INFO | Epoch 14/20 - Loss: 0.7433
2026-04-20 16:12:39,098 | INFO | Epoch 15/20 - Loss: 0.7435
2026-04-20 16:12:39,109 | INFO | Epoch 16/20 - Loss: 0.7431
2026-04-20 16:12:39,120 | INFO | Epoch 17/20 - Loss: 0.7433
2026-04-20 16:12:39,131 | INFO | Epoch 18/20 - Loss: 0.7431
2026-04-20 16:12:39,142 | INFO | Epoch 19/20 - Loss: 0.7432
2026-04-20 16:12:39,153 | INFO | Epoch 20/20 - Loss: 0.7430
2026-04-20 16:12:39,154 | INFO | r-net saved to: ./r_nets/compas\iter_1\beta_05\r_net_inaccurate_trusting.pth
2026-04-20 16:12:39,169 | INFO | --- Training r-net for Beta: 0.7
2026-04-20 16:12:39,169 | INFO | Training r-net | User: inaccurate_trusting | Beta: 0.7 | Iter: 1
2026-04-20 16:12:39,295 | DEBUG | Input Tensor Shape: torch.Size([703, 8])
2026-04-20 16:12:39,307 | INFO | Epoch 1/20 - Loss: 0.5715
2026-04-20 16:12:39,318 | INFO | Epoch 2/20 - Loss: 0.5692
2026-04-20 16:12:39,328 | INFO | Epoch 3/20 - Loss: 0.5672
2026-04-20 16:12:39,339 | INFO | Epoch 4/20 - Loss: 0.5653
2026-04-20 16:12:39,350 | INFO | Epoch 5/20 - Loss: 0.5643
2026-04-20 16:12:39,361 | INFO | Epoch 6/20 - Loss: 0.5633
2026-04-20 16:12:39,371 | INFO | Epoch 7/20 - Loss: 0.5619
2026-04-20 16:12:39,382 | INFO | Epoch 8/20 - Loss: 0.5593
2026-04-20 16:12:39,392 | INFO | Epoch 9/20 - Loss: 0.5610
2026-04-20 16:12:39,402 | INFO | Epoch 10/20 - Loss: 0.5587
2026-04-20 16:12:39,413 | INFO | Epoch 11/20 - Loss: 0.5590
2026-04-20 16:12:39,423 | INFO | Epoch 12/20 - Loss: 0.5577
2026-04-20 16:12:39,434 | INFO | Epoch 13/20 - Loss: 0.5594
2026-04-20 16:12:39,444 | INFO | Epoch 14/20 - Loss: 0.5575
2026-04-20 16:12:39,454 | INFO | Epoch 15/20 - Loss: 0.5573
2026-04-20 16:12:39,465 | INFO | Epoch 16/20 - Loss: 0.5597
2026-04-20 16:12:39,475 | INFO | Epoch 17/20 - Loss: 0.5596
2026-04-20 16:12:39,486 | INFO | Epoch 18/20 - Loss: 0.5592
2026-04-20 16:12:39,496 | INFO | Epoch 19/20 - Loss: 0.5585
2026-04-20 16:12:39,507 | INFO | Epoch 20/20 - Loss: 0.5577
2026-04-20 16:12:39,512 | INFO | r-net saved to: ./r_nets/compas\iter_1\beta_07\r_net_inaccurate_trusting.pth
2026-04-20 16:12:39,523 | INFO | --- Training r-net for Beta: 0.9
2026-04-20 16:12:39,523 | INFO | Training r-net | User: inaccurate_trusting | Beta: 0.9 | Iter: 1
2026-04-20 16:12:39,647 | DEBUG | Input Tensor Shape: torch.Size([703, 8])
2026-04-20 16:12:39,659 | INFO | Epoch 1/20 - Loss: 0.4109
2026-04-20 16:12:39,669 | INFO | Epoch 2/20 - Loss: 0.4055
2026-04-20 16:12:39,679 | INFO | Epoch 3/20 - Loss: 0.3989
2026-04-20 16:12:39,690 | INFO | Epoch 4/20 - Loss: 0.3924
2026-04-20 16:12:39,700 | INFO | Epoch 5/20 - Loss: 0.3868
2026-04-20 16:12:39,710 | INFO | Epoch 6/20 - Loss: 0.3798
2026-04-20 16:12:39,720 | INFO | Epoch 7/20 - Loss: 0.3705
2026-04-20 16:12:39,731 | INFO | Epoch 8/20 - Loss: 0.3655
2026-04-20 16:12:39,741 | INFO | Epoch 9/20 - Loss: 0.3573
2026-04-20 16:12:39,752 | INFO | Epoch 10/20 - Loss: 0.3483
2026-04-20 16:12:39,762 | INFO | Epoch 11/20 - Loss: 0.3404
2026-04-20 16:12:39,772 | INFO | Epoch 12/20 - Loss: 0.3312
2026-04-20 16:12:39,780 | INFO | Epoch 13/20 - Loss: 0.3238
2026-04-20 16:12:39,788 | INFO | Epoch 14/20 - Loss: 0.3180
2026-04-20 16:12:39,798 | INFO | Epoch 15/20 - Loss: 0.3113
2026-04-20 16:12:39,809 | INFO | Epoch 16/20 - Loss: 0.3051
2026-04-20 16:12:39,819 | INFO | Epoch 17/20 - Loss: 0.2963
2026-04-20 16:12:39,830 | INFO | Epoch 18/20 - Loss: 0.2909
2026-04-20 16:12:39,840 | INFO | Epoch 19/20 - Loss: 0.2848
2026-04-20 16:12:39,851 | INFO | Epoch 20/20 - Loss: 0.2821
2026-04-20 16:12:39,855 | INFO | r-net saved to: ./r_nets/compas\iter_1\beta_09\r_net_inaccurate_trusting.pth
2026-04-20 16:12:39,867 | INFO | --- R-NET TRAINING FINISHED | User: inaccurate_trusting | DS: compas
2026-04-20 16:12:39,870 | INFO | STARTING R-NETS TRAINING | User: inaccurate_trusting | DS: compas
2026-04-20 16:12:39,871 | INFO | --- Calibrating for iteration 2 ---
2026-04-20 16:12:39,871 | INFO | --- Training r-net for Beta: 0.1
2026-04-20 16:12:39,871 | INFO | Training r-net | User: inaccurate_trusting | Beta: 0.1 | Iter: 2
2026-04-20 16:12:40,000 | DEBUG | Input Tensor Shape: torch.Size([710, 8])
2026-04-20 16:12:40,012 | INFO | Epoch 1/20 - Loss: 0.9959
2026-04-20 16:12:40,022 | INFO | Epoch 2/20 - Loss: 0.9879
2026-04-20 16:12:40,032 | INFO | Epoch 3/20 - Loss: 0.9828
2026-04-20 16:12:40,043 | INFO | Epoch 4/20 - Loss: 0.9752
2026-04-20 16:12:40,053 | INFO | Epoch 5/20 - Loss: 0.9715
2026-04-20 16:12:40,063 | INFO | Epoch 6/20 - Loss: 0.9663
2026-04-20 16:12:40,074 | INFO | Epoch 7/20 - Loss: 0.9632
2026-04-20 16:12:40,084 | INFO | Epoch 8/20 - Loss: 0.9608
2026-04-20 16:12:40,097 | INFO | Epoch 9/20 - Loss: 0.9582
2026-04-20 16:12:40,108 | INFO | Epoch 10/20 - Loss: 0.9560
2026-04-20 16:12:40,118 | INFO | Epoch 11/20 - Loss: 0.9541
2026-04-20 16:12:40,130 | INFO | Epoch 12/20 - Loss: 0.9521
2026-04-20 16:12:40,140 | INFO | Epoch 13/20 - Loss: 0.9492
2026-04-20 16:12:40,151 | INFO | Epoch 14/20 - Loss: 0.9485
2026-04-20 16:12:40,162 | INFO | Epoch 15/20 - Loss: 0.9492
2026-04-20 16:12:40,173 | INFO | Epoch 16/20 - Loss: 0.9501
2026-04-20 16:12:40,183 | INFO | Epoch 17/20 - Loss: 0.9492
2026-04-20 16:12:40,194 | INFO | Epoch 18/20 - Loss: 0.9482
2026-04-20 16:12:40,205 | INFO | Epoch 19/20 - Loss: 0.9465
2026-04-20 16:12:40,215 | INFO | Epoch 20/20 - Loss: 0.9468
2026-04-20 16:12:40,220 | INFO | r-net saved to: ./r_nets/compas\iter_2\beta_01\r_net_inaccurate_trusting.pth
2026-04-20 16:12:40,231 | INFO | --- Training r-net for Beta: 0.3
2026-04-20 16:12:40,231 | INFO | Training r-net | User: inaccurate_trusting | Beta: 0.3 | Iter: 2
2026-04-20 16:12:40,354 | DEBUG | Input Tensor Shape: torch.Size([710, 8])
2026-04-20 16:12:40,366 | INFO | Epoch 1/20 - Loss: 0.8256
2026-04-20 16:12:40,376 | INFO | Epoch 2/20 - Loss: 0.8240
2026-04-20 16:12:40,383 | INFO | Epoch 3/20 - Loss: 0.8233
2026-04-20 16:12:40,392 | INFO | Epoch 4/20 - Loss: 0.8212
2026-04-20 16:12:40,403 | INFO | Epoch 5/20 - Loss: 0.8210
2026-04-20 16:12:40,413 | INFO | Epoch 6/20 - Loss: 0.8217
2026-04-20 16:12:40,423 | INFO | Epoch 7/20 - Loss: 0.8215
2026-04-20 16:12:40,434 | INFO | Epoch 8/20 - Loss: 0.8207
2026-04-20 16:12:40,444 | INFO | Epoch 9/20 - Loss: 0.8198
2026-04-20 16:12:40,455 | INFO | Epoch 10/20 - Loss: 0.8200
2026-04-20 16:12:40,465 | INFO | Epoch 11/20 - Loss: 0.8189
2026-04-20 16:12:40,476 | INFO | Epoch 12/20 - Loss: 0.8207
2026-04-20 16:12:40,486 | INFO | Epoch 13/20 - Loss: 0.8182
2026-04-20 16:12:40,496 | INFO | Epoch 14/20 - Loss: 0.8188
2026-04-20 16:12:40,506 | INFO | Epoch 15/20 - Loss: 0.8178
2026-04-20 16:12:40,517 | INFO | Epoch 16/20 - Loss: 0.8206
2026-04-20 16:12:40,527 | INFO | Epoch 17/20 - Loss: 0.8181
2026-04-20 16:12:40,537 | INFO | Epoch 18/20 - Loss: 0.8190
2026-04-20 16:12:40,548 | INFO | Epoch 19/20 - Loss: 0.8186
2026-04-20 16:12:40,558 | INFO | Epoch 20/20 - Loss: 0.8177
2026-04-20 16:12:40,559 | INFO | r-net saved to: ./r_nets/compas\iter_2\beta_03\r_net_inaccurate_trusting.pth
2026-04-20 16:12:40,574 | INFO | --- Training r-net for Beta: 0.5
2026-04-20 16:12:40,574 | INFO | Training r-net | User: inaccurate_trusting | Beta: 0.5 | Iter: 2
2026-04-20 16:12:40,699 | DEBUG | Input Tensor Shape: torch.Size([710, 8])
2026-04-20 16:12:40,711 | INFO | Epoch 1/20 - Loss: 0.6565
2026-04-20 16:12:40,721 | INFO | Epoch 2/20 - Loss: 0.6563
2026-04-20 16:12:40,731 | INFO | Epoch 3/20 - Loss: 0.6553
2026-04-20 16:12:40,742 | INFO | Epoch 4/20 - Loss: 0.6555
2026-04-20 16:12:40,756 | INFO | Epoch 5/20 - Loss: 0.6558
2026-04-20 16:12:40,769 | INFO | Epoch 6/20 - Loss: 0.6556
2026-04-20 16:12:40,791 | INFO | Epoch 7/20 - Loss: 0.6552
2026-04-20 16:12:40,809 | INFO | Epoch 8/20 - Loss: 0.6549
2026-04-20 16:12:40,830 | INFO | Epoch 9/20 - Loss: 0.6550
2026-04-20 16:12:40,848 | INFO | Epoch 10/20 - Loss: 0.6546
2026-04-20 16:12:40,867 | INFO | Epoch 11/20 - Loss: 0.6563
2026-04-20 16:12:40,879 | INFO | Epoch 12/20 - Loss: 0.6558
2026-04-20 16:12:40,892 | INFO | Epoch 13/20 - Loss: 0.6540
2026-04-20 16:12:40,902 | INFO | Epoch 14/20 - Loss: 0.6549
2026-04-20 16:12:40,914 | INFO | Epoch 15/20 - Loss: 0.6551
2026-04-20 16:12:40,924 | INFO | Epoch 16/20 - Loss: 0.6550
2026-04-20 16:12:40,932 | INFO | Epoch 17/20 - Loss: 0.6549
2026-04-20 16:12:40,940 | INFO | Epoch 18/20 - Loss: 0.6542
2026-04-20 16:12:40,950 | INFO | Epoch 19/20 - Loss: 0.6553
2026-04-20 16:12:40,959 | INFO | Epoch 20/20 - Loss: 0.6548
2026-04-20 16:12:40,960 | INFO | r-net saved to: ./r_nets/compas\iter_2\beta_05\r_net_inaccurate_trusting.pth
2026-04-20 16:12:40,970 | INFO | --- Training r-net for Beta: 0.7
2026-04-20 16:12:40,970 | INFO | Training r-net | User: inaccurate_trusting | Beta: 0.7 | Iter: 2
2026-04-20 16:12:41,095 | DEBUG | Input Tensor Shape: torch.Size([710, 8])
2026-04-20 16:12:41,108 | INFO | Epoch 1/20 - Loss: 0.5245
2026-04-20 16:12:41,119 | INFO | Epoch 2/20 - Loss: 0.5220
2026-04-20 16:12:41,130 | INFO | Epoch 3/20 - Loss: 0.5186
2026-04-20 16:12:41,140 | INFO | Epoch 4/20 - Loss: 0.5163
2026-04-20 16:12:41,151 | INFO | Epoch 5/20 - Loss: 0.5131
2026-04-20 16:12:41,162 | INFO | Epoch 6/20 - Loss: 0.5102
2026-04-20 16:12:41,173 | INFO | Epoch 7/20 - Loss: 0.5068
2026-04-20 16:12:41,184 | INFO | Epoch 8/20 - Loss: 0.5034
2026-04-20 16:12:41,195 | INFO | Epoch 9/20 - Loss: 0.4995
2026-04-20 16:12:41,206 | INFO | Epoch 10/20 - Loss: 0.4952
2026-04-20 16:12:41,216 | INFO | Epoch 11/20 - Loss: 0.4911
2026-04-20 16:12:41,227 | INFO | Epoch 12/20 - Loss: 0.4862
2026-04-20 16:12:41,237 | INFO | Epoch 13/20 - Loss: 0.4805
2026-04-20 16:12:41,247 | INFO | Epoch 14/20 - Loss: 0.4739
2026-04-20 16:12:41,258 | INFO | Epoch 15/20 - Loss: 0.4737
2026-04-20 16:12:41,268 | INFO | Epoch 16/20 - Loss: 0.4626
2026-04-20 16:12:41,279 | INFO | Epoch 17/20 - Loss: 0.4554
2026-04-20 16:12:41,289 | INFO | Epoch 18/20 - Loss: 0.4509
2026-04-20 16:12:41,300 | INFO | Epoch 19/20 - Loss: 0.4442
2026-04-20 16:12:41,310 | INFO | Epoch 20/20 - Loss: 0.4411
2026-04-20 16:12:41,315 | INFO | r-net saved to: ./r_nets/compas\iter_2\beta_07\r_net_inaccurate_trusting.pth
2026-04-20 16:12:41,325 | INFO | --- Training r-net for Beta: 0.9
2026-04-20 16:12:41,326 | INFO | Training r-net | User: inaccurate_trusting | Beta: 0.9 | Iter: 2
2026-04-20 16:12:41,450 | DEBUG | Input Tensor Shape: torch.Size([710, 8])
2026-04-20 16:12:41,462 | INFO | Epoch 1/20 - Loss: 0.2967
2026-04-20 16:12:41,470 | INFO | Epoch 2/20 - Loss: 0.2818
2026-04-20 16:12:41,479 | INFO | Epoch 3/20 - Loss: 0.2650
2026-04-20 16:12:41,489 | INFO | Epoch 4/20 - Loss: 0.2508
2026-04-20 16:12:41,497 | INFO | Epoch 5/20 - Loss: 0.2337
2026-04-20 16:12:41,505 | INFO | Epoch 6/20 - Loss: 0.2180
2026-04-20 16:12:41,513 | INFO | Epoch 7/20 - Loss: 0.1995
2026-04-20 16:12:41,520 | INFO | Epoch 8/20 - Loss: 0.1798
2026-04-20 16:12:41,528 | INFO | Epoch 9/20 - Loss: 0.1518
2026-04-20 16:12:41,536 | INFO | Epoch 10/20 - Loss: 0.1408
2026-04-20 16:12:41,544 | INFO | Epoch 11/20 - Loss: 0.1141
2026-04-20 16:12:41,551 | INFO | Epoch 12/20 - Loss: 0.0944
2026-04-20 16:12:41,561 | INFO | Epoch 13/20 - Loss: 0.0779
2026-04-20 16:12:41,571 | INFO | Epoch 14/20 - Loss: 0.0588
2026-04-20 16:12:41,582 | INFO | Epoch 15/20 - Loss: 0.0354
2026-04-20 16:12:41,594 | INFO | Epoch 16/20 - Loss: 0.0238
2026-04-20 16:12:41,605 | INFO | Epoch 17/20 - Loss: 0.0034
2026-04-20 16:12:41,615 | INFO | Epoch 18/20 - Loss: -0.0186
2026-04-20 16:12:41,626 | INFO | Epoch 19/20 - Loss: -0.0295
2026-04-20 16:12:41,636 | INFO | Epoch 20/20 - Loss: -0.0296
2026-04-20 16:12:41,637 | INFO | r-net saved to: ./r_nets/compas\iter_2\beta_09\r_net_inaccurate_trusting.pth
2026-04-20 16:12:41,652 | INFO | --- R-NET TRAINING FINISHED | User: inaccurate_trusting | DS: compas
2026-04-20 16:12:41,655 | INFO | STARTING R-NETS TRAINING | User: inaccurate_trusting | DS: compas
2026-04-20 16:12:41,656 | INFO | --- Calibrating for iteration 3 ---
2026-04-20 16:12:41,656 | INFO | --- Training r-net for Beta: 0.1
2026-04-20 16:12:41,656 | INFO | Training r-net | User: inaccurate_trusting | Beta: 0.1 | Iter: 3
2026-04-20 16:12:41,780 | DEBUG | Input Tensor Shape: torch.Size([712, 8])
2026-04-20 16:12:41,792 | INFO | Epoch 1/20 - Loss: 0.9270
2026-04-20 16:12:41,802 | INFO | Epoch 2/20 - Loss: 0.9274
2026-04-20 16:12:41,811 | INFO | Epoch 3/20 - Loss: 0.9269
2026-04-20 16:12:41,819 | INFO | Epoch 4/20 - Loss: 0.9271
2026-04-20 16:12:41,828 | INFO | Epoch 5/20 - Loss: 0.9268
2026-04-20 16:12:41,839 | INFO | Epoch 6/20 - Loss: 0.9269
2026-04-20 16:12:41,850 | INFO | Epoch 7/20 - Loss: 0.9266
2026-04-20 16:12:41,860 | INFO | Epoch 8/20 - Loss: 0.9268
2026-04-20 16:12:41,871 | INFO | Epoch 9/20 - Loss: 0.9263
2026-04-20 16:12:41,881 | INFO | Epoch 10/20 - Loss: 0.9268
2026-04-20 16:12:41,892 | INFO | Epoch 11/20 - Loss: 0.9264
2026-04-20 16:12:41,903 | INFO | Epoch 12/20 - Loss: 0.9262
2026-04-20 16:12:41,913 | INFO | Epoch 13/20 - Loss: 0.9269
2026-04-20 16:12:41,924 | INFO | Epoch 14/20 - Loss: 0.9264
2026-04-20 16:12:41,935 | INFO | Epoch 15/20 - Loss: 0.9267
2026-04-20 16:12:41,945 | INFO | Epoch 16/20 - Loss: 0.9265
2026-04-20 16:12:41,956 | INFO | Epoch 17/20 - Loss: 0.9265
2026-04-20 16:12:41,967 | INFO | Epoch 18/20 - Loss: 0.9264
2026-04-20 16:12:41,978 | INFO | Epoch 19/20 - Loss: 0.9267
2026-04-20 16:12:41,988 | INFO | Epoch 20/20 - Loss: 0.9268
2026-04-20 16:12:41,993 | INFO | r-net saved to: ./r_nets/compas\iter_3\beta_01\r_net_inaccurate_trusting.pth
2026-04-20 16:12:42,004 | INFO | --- Training r-net for Beta: 0.3
2026-04-20 16:12:42,004 | INFO | Training r-net | User: inaccurate_trusting | Beta: 0.3 | Iter: 3
2026-04-20 16:12:42,134 | DEBUG | Input Tensor Shape: torch.Size([712, 8])
2026-04-20 16:12:42,147 | INFO | Epoch 1/20 - Loss: 0.7983
2026-04-20 16:12:42,158 | INFO | Epoch 2/20 - Loss: 0.7980
2026-04-20 16:12:42,169 | INFO | Epoch 3/20 - Loss: 0.7980
2026-04-20 16:12:42,180 | INFO | Epoch 4/20 - Loss: 0.7973
2026-04-20 16:12:42,191 | INFO | Epoch 5/20 - Loss: 0.7972
2026-04-20 16:12:42,202 | INFO | Epoch 6/20 - Loss: 0.7979
2026-04-20 16:12:42,212 | INFO | Epoch 7/20 - Loss: 0.7974
2026-04-20 16:12:42,223 | INFO | Epoch 8/20 - Loss: 0.7973
2026-04-20 16:12:42,234 | INFO | Epoch 9/20 - Loss: 0.7973
2026-04-20 16:12:42,245 | INFO | Epoch 10/20 - Loss: 0.7977
2026-04-20 16:12:42,256 | INFO | Epoch 11/20 - Loss: 0.7975
2026-04-20 16:12:42,266 | INFO | Epoch 12/20 - Loss: 0.7977
2026-04-20 16:12:42,277 | INFO | Epoch 13/20 - Loss: 0.7974
2026-04-20 16:12:42,288 | INFO | Epoch 14/20 - Loss: 0.7973
2026-04-20 16:12:42,299 | INFO | Epoch 15/20 - Loss: 0.7968
2026-04-20 16:12:42,309 | INFO | Epoch 16/20 - Loss: 0.7964
2026-04-20 16:12:42,320 | INFO | Epoch 17/20 - Loss: 0.7974
2026-04-20 16:12:42,331 | INFO | Epoch 18/20 - Loss: 0.7963
2026-04-20 16:12:42,342 | INFO | Epoch 19/20 - Loss: 0.7966
2026-04-20 16:12:42,353 | INFO | Epoch 20/20 - Loss: 0.7970
2026-04-20 16:12:42,354 | INFO | r-net saved to: ./r_nets/compas\iter_3\beta_03\r_net_inaccurate_trusting.pth
2026-04-20 16:12:42,368 | INFO | --- Training r-net for Beta: 0.5
2026-04-20 16:12:42,368 | INFO | Training r-net | User: inaccurate_trusting | Beta: 0.5 | Iter: 3
2026-04-20 16:12:42,493 | DEBUG | Input Tensor Shape: torch.Size([712, 8])
2026-04-20 16:12:42,505 | INFO | Epoch 1/20 - Loss: 0.6994
2026-04-20 16:12:42,516 | INFO | Epoch 2/20 - Loss: 0.6945
2026-04-20 16:12:42,527 | INFO | Epoch 3/20 - Loss: 0.6917
2026-04-20 16:12:42,537 | INFO | Epoch 4/20 - Loss: 0.6849
2026-04-20 16:12:42,548 | INFO | Epoch 5/20 - Loss: 0.6808
2026-04-20 16:12:42,558 | INFO | Epoch 6/20 - Loss: 0.6773
2026-04-20 16:12:42,569 | INFO | Epoch 7/20 - Loss: 0.6725
2026-04-20 16:12:42,580 | INFO | Epoch 8/20 - Loss: 0.6688
2026-04-20 16:12:42,591 | INFO | Epoch 9/20 - Loss: 0.6633
2026-04-20 16:12:42,601 | INFO | Epoch 10/20 - Loss: 0.6601
2026-04-20 16:12:42,612 | INFO | Epoch 11/20 - Loss: 0.6559
2026-04-20 16:12:42,622 | INFO | Epoch 12/20 - Loss: 0.6521
2026-04-20 16:12:42,633 | INFO | Epoch 13/20 - Loss: 0.6468
2026-04-20 16:12:42,643 | INFO | Epoch 14/20 - Loss: 0.6457
2026-04-20 16:12:42,654 | INFO | Epoch 15/20 - Loss: 0.6451
2026-04-20 16:12:42,664 | INFO | Epoch 16/20 - Loss: 0.6414
2026-04-20 16:12:42,675 | INFO | Epoch 17/20 - Loss: 0.6376
2026-04-20 16:12:42,685 | INFO | Epoch 18/20 - Loss: 0.6422
2026-04-20 16:12:42,695 | INFO | Epoch 19/20 - Loss: 0.6375
2026-04-20 16:12:42,706 | INFO | Epoch 20/20 - Loss: 0.6368
2026-04-20 16:12:42,711 | INFO | r-net saved to: ./r_nets/compas\iter_3\beta_05\r_net_inaccurate_trusting.pth
2026-04-20 16:12:42,721 | INFO | --- Training r-net for Beta: 0.7
2026-04-20 16:12:42,721 | INFO | Training r-net | User: inaccurate_trusting | Beta: 0.7 | Iter: 3
2026-04-20 16:12:42,846 | DEBUG | Input Tensor Shape: torch.Size([712, 8])
2026-04-20 16:12:42,859 | INFO | Epoch 1/20 - Loss: 0.4439
2026-04-20 16:12:42,870 | INFO | Epoch 2/20 - Loss: 0.4399
2026-04-20 16:12:42,880 | INFO | Epoch 3/20 - Loss: 0.4348
2026-04-20 16:12:42,891 | INFO | Epoch 4/20 - Loss: 0.4297
2026-04-20 16:12:42,901 | INFO | Epoch 5/20 - Loss: 0.4287
2026-04-20 16:12:42,912 | INFO | Epoch 6/20 - Loss: 0.4209
2026-04-20 16:12:42,922 | INFO | Epoch 7/20 - Loss: 0.4161
2026-04-20 16:12:42,932 | INFO | Epoch 8/20 - Loss: 0.4143
2026-04-20 16:12:42,943 | INFO | Epoch 9/20 - Loss: 0.4043
2026-04-20 16:12:42,953 | INFO | Epoch 10/20 - Loss: 0.4004
2026-04-20 16:12:42,965 | INFO | Epoch 11/20 - Loss: 0.3945
2026-04-20 16:12:42,975 | INFO | Epoch 12/20 - Loss: 0.3913
2026-04-20 16:12:42,986 | INFO | Epoch 13/20 - Loss: 0.3943
2026-04-20 16:12:42,996 | INFO | Epoch 14/20 - Loss: 0.3896
2026-04-20 16:12:43,006 | INFO | Epoch 15/20 - Loss: 0.3836
2026-04-20 16:12:43,017 | INFO | Epoch 16/20 - Loss: 0.3783
2026-04-20 16:12:43,027 | INFO | Epoch 17/20 - Loss: 0.3784
2026-04-20 16:12:43,038 | INFO | Epoch 18/20 - Loss: 0.3839
2026-04-20 16:12:43,048 | INFO | Epoch 19/20 - Loss: 0.3829
2026-04-20 16:12:43,059 | INFO | Epoch 20/20 - Loss: 0.3756
2026-04-20 16:12:43,060 | INFO | r-net saved to: ./r_nets/compas\iter_3\beta_07\r_net_inaccurate_trusting.pth
2026-04-20 16:12:43,075 | INFO | --- Training r-net for Beta: 0.9
2026-04-20 16:12:43,075 | INFO | Training r-net | User: inaccurate_trusting | Beta: 0.9 | Iter: 3
2026-04-20 16:12:43,206 | DEBUG | Input Tensor Shape: torch.Size([712, 8])
2026-04-20 16:12:43,218 | INFO | Epoch 1/20 - Loss: 0.4059
2026-04-20 16:12:43,229 | INFO | Epoch 2/20 - Loss: 0.3980
2026-04-20 16:12:43,240 | INFO | Epoch 3/20 - Loss: 0.3900
2026-04-20 16:12:43,250 | INFO | Epoch 4/20 - Loss: 0.3810
2026-04-20 16:12:43,261 | INFO | Epoch 5/20 - Loss: 0.3729
2026-04-20 16:12:43,272 | INFO | Epoch 6/20 - Loss: 0.3627
2026-04-20 16:12:43,282 | INFO | Epoch 7/20 - Loss: 0.3523
2026-04-20 16:12:43,292 | INFO | Epoch 8/20 - Loss: 0.3414
2026-04-20 16:12:43,300 | INFO | Epoch 9/20 - Loss: 0.3302
2026-04-20 16:12:43,308 | INFO | Epoch 10/20 - Loss: 0.3144
2026-04-20 16:12:43,320 | INFO | Epoch 11/20 - Loss: 0.2995
2026-04-20 16:12:43,330 | INFO | Epoch 12/20 - Loss: 0.2861
2026-04-20 16:12:43,341 | INFO | Epoch 13/20 - Loss: 0.2675
2026-04-20 16:12:43,352 | INFO | Epoch 14/20 - Loss: 0.2462
2026-04-20 16:12:43,363 | INFO | Epoch 15/20 - Loss: 0.2242
2026-04-20 16:12:43,374 | INFO | Epoch 16/20 - Loss: 0.1980
2026-04-20 16:12:43,385 | INFO | Epoch 17/20 - Loss: 0.1757
2026-04-20 16:12:43,396 | INFO | Epoch 18/20 - Loss: 0.1460
2026-04-20 16:12:43,407 | INFO | Epoch 19/20 - Loss: 0.1132
2026-04-20 16:12:43,418 | INFO | Epoch 20/20 - Loss: 0.0927
2026-04-20 16:12:43,423 | INFO | r-net saved to: ./r_nets/compas\iter_3\beta_09\r_net_inaccurate_trusting.pth
2026-04-20 16:12:43,434 | INFO | --- R-NET TRAINING FINISHED | User: inaccurate_trusting | DS: compas
