2026-04-20 16:15:14,376 | INFO | STARTING R-NETS TRAINING | User: accurate_not_trusting | DS: adult
2026-04-20 16:15:14,390 | INFO | --- Calibrating for iteration 1 ---
2026-04-20 16:15:14,390 | INFO | --- Training r-net for Beta: 0.1
2026-04-20 16:15:14,390 | INFO | Training r-net | User: accurate_not_trusting | Beta: 0.1 | Iter: 1
2026-04-20 16:15:15,322 | DEBUG | Input Tensor Shape: torch.Size([3577, 12])
2026-04-20 16:15:15,438 | INFO | Epoch 1/20 - Loss: 1.1718
2026-04-20 16:15:15,527 | INFO | Epoch 2/20 - Loss: 1.1693
2026-04-20 16:15:15,596 | INFO | Epoch 3/20 - Loss: 1.1681
2026-04-20 16:15:15,764 | INFO | Epoch 4/20 - Loss: 1.1673
2026-04-20 16:15:15,888 | INFO | Epoch 5/20 - Loss: 1.1671
2026-04-20 16:15:16,052 | INFO | Epoch 6/20 - Loss: 1.1670
2026-04-20 16:15:16,112 | INFO | Epoch 7/20 - Loss: 1.1668
2026-04-20 16:15:16,179 | INFO | Epoch 8/20 - Loss: 1.1667
2026-04-20 16:15:16,257 | INFO | Epoch 9/20 - Loss: 1.1667
2026-04-20 16:15:16,525 | INFO | Epoch 10/20 - Loss: 1.1664
2026-04-20 16:15:16,609 | INFO | Epoch 11/20 - Loss: 1.1663
2026-04-20 16:15:16,736 | INFO | Epoch 12/20 - Loss: 1.1665
2026-04-20 16:15:16,800 | INFO | Epoch 13/20 - Loss: 1.1667
2026-04-20 16:15:16,976 | INFO | Epoch 14/20 - Loss: 1.1665
2026-04-20 16:15:17,100 | INFO | Epoch 15/20 - Loss: 1.1662
2026-04-20 16:15:17,210 | INFO | Epoch 16/20 - Loss: 1.1659
2026-04-20 16:15:17,451 | INFO | Epoch 17/20 - Loss: 1.1662
2026-04-20 16:15:17,508 | INFO | Epoch 18/20 - Loss: 1.1661
2026-04-20 16:15:17,551 | INFO | Epoch 19/20 - Loss: 1.1660
2026-04-20 16:15:17,598 | INFO | Epoch 20/20 - Loss: 1.1658
2026-04-20 16:15:17,599 | INFO | r-net saved to: ./r_nets/adult/iter_1/beta_01/r_net_accurate_not_trusting.pth
2026-04-20 16:15:17,617 | INFO | --- Training r-net for Beta: 0.3
2026-04-20 16:15:17,617 | INFO | Training r-net | User: accurate_not_trusting | Beta: 0.3 | Iter: 1
2026-04-20 16:15:18,574 | DEBUG | Input Tensor Shape: torch.Size([3577, 12])
2026-04-20 16:15:18,770 | INFO | Epoch 1/20 - Loss: 1.0258
2026-04-20 16:15:18,835 | INFO | Epoch 2/20 - Loss: 1.0249
2026-04-20 16:15:18,892 | INFO | Epoch 3/20 - Loss: 1.0239
2026-04-20 16:15:19,126 | INFO | Epoch 4/20 - Loss: 1.0223
2026-04-20 16:15:19,185 | INFO | Epoch 5/20 - Loss: 1.0211
2026-04-20 16:15:19,274 | INFO | Epoch 6/20 - Loss: 1.0205
2026-04-20 16:15:19,430 | INFO | Epoch 7/20 - Loss: 1.0201
2026-04-20 16:15:19,851 | INFO | Epoch 8/20 - Loss: 1.0197
2026-04-20 16:15:19,929 | INFO | Epoch 9/20 - Loss: 1.0198
2026-04-20 16:15:19,986 | INFO | Epoch 10/20 - Loss: 1.0191
2026-04-20 16:15:20,086 | INFO | Epoch 11/20 - Loss: 1.0195
2026-04-20 16:15:20,143 | INFO | Epoch 12/20 - Loss: 1.0192
2026-04-20 16:15:20,376 | INFO | Epoch 13/20 - Loss: 1.0193
2026-04-20 16:15:20,759 | INFO | Epoch 14/20 - Loss: 1.0194
2026-04-20 16:15:20,974 | INFO | Epoch 15/20 - Loss: 1.0189
2026-04-20 16:15:21,060 | INFO | Epoch 16/20 - Loss: 1.0183
2026-04-20 16:15:21,190 | INFO | Epoch 17/20 - Loss: 1.0191
2026-04-20 16:15:21,256 | INFO | Epoch 18/20 - Loss: 1.0185
2026-04-20 16:15:21,345 | INFO | Epoch 19/20 - Loss: 1.0180
2026-04-20 16:15:21,400 | INFO | Epoch 20/20 - Loss: 1.0182
2026-04-20 16:15:21,401 | INFO | r-net saved to: ./r_nets/adult/iter_1/beta_03/r_net_accurate_not_trusting.pth
2026-04-20 16:15:21,418 | INFO | --- Training r-net for Beta: 0.5
2026-04-20 16:15:21,418 | INFO | Training r-net | User: accurate_not_trusting | Beta: 0.5 | Iter: 1
2026-04-20 16:15:22,387 | DEBUG | Input Tensor Shape: torch.Size([3577, 12])
2026-04-20 16:15:22,599 | INFO | Epoch 1/20 - Loss: 0.9122
2026-04-20 16:15:22,650 | INFO | Epoch 2/20 - Loss: 0.8702
2026-04-20 16:15:22,703 | INFO | Epoch 3/20 - Loss: 0.8498
2026-04-20 16:15:22,917 | INFO | Epoch 4/20 - Loss: 0.8467
2026-04-20 16:15:23,279 | INFO | Epoch 5/20 - Loss: 0.8456
2026-04-20 16:15:23,385 | INFO | Epoch 6/20 - Loss: 0.8454
2026-04-20 16:15:23,686 | INFO | Epoch 7/20 - Loss: 0.8444
2026-04-20 16:15:23,758 | INFO | Epoch 8/20 - Loss: 0.8456
2026-04-20 16:15:23,854 | INFO | Epoch 9/20 - Loss: 0.8444
2026-04-20 16:15:23,919 | INFO | Epoch 10/20 - Loss: 0.8448
2026-04-20 16:15:23,985 | INFO | Epoch 11/20 - Loss: 0.8442
2026-04-20 16:15:24,039 | INFO | Epoch 12/20 - Loss: 0.8434
2026-04-20 16:15:24,094 | INFO | Epoch 13/20 - Loss: 0.8429
2026-04-20 16:15:24,153 | INFO | Epoch 14/20 - Loss: 0.8443
2026-04-20 16:15:24,208 | INFO | Epoch 15/20 - Loss: 0.8431
2026-04-20 16:15:24,263 | INFO | Epoch 16/20 - Loss: 0.8426
2026-04-20 16:15:24,337 | INFO | Epoch 17/20 - Loss: 0.8429
2026-04-20 16:15:24,392 | INFO | Epoch 18/20 - Loss: 0.8420
2026-04-20 16:15:24,489 | INFO | Epoch 19/20 - Loss: 0.8417
2026-04-20 16:15:24,594 | INFO | Epoch 20/20 - Loss: 0.8417
2026-04-20 16:15:24,596 | INFO | r-net saved to: ./r_nets/adult/iter_1/beta_05/r_net_accurate_not_trusting.pth
2026-04-20 16:15:24,631 | INFO | --- Training r-net for Beta: 0.7
2026-04-20 16:15:24,631 | INFO | Training r-net | User: accurate_not_trusting | Beta: 0.7 | Iter: 1
2026-04-20 16:15:25,530 | DEBUG | Input Tensor Shape: torch.Size([3577, 12])
2026-04-20 16:15:25,719 | INFO | Epoch 1/20 - Loss: 0.7360
2026-04-20 16:15:25,774 | INFO | Epoch 2/20 - Loss: 0.7005
2026-04-20 16:15:25,838 | INFO | Epoch 3/20 - Loss: 0.6438
2026-04-20 16:15:25,929 | INFO | Epoch 4/20 - Loss: 0.6178
2026-04-20 16:15:25,996 | INFO | Epoch 5/20 - Loss: 0.6128
2026-04-20 16:15:26,052 | INFO | Epoch 6/20 - Loss: 0.6138
2026-04-20 16:15:26,167 | INFO | Epoch 7/20 - Loss: 0.6131
2026-04-20 16:15:26,224 | INFO | Epoch 8/20 - Loss: 0.6118
2026-04-20 16:15:26,286 | INFO | Epoch 9/20 - Loss: 0.6106
2026-04-20 16:15:26,434 | INFO | Epoch 10/20 - Loss: 0.6123
2026-04-20 16:15:26,490 | INFO | Epoch 11/20 - Loss: 0.6107
2026-04-20 16:15:26,545 | INFO | Epoch 12/20 - Loss: 0.6094
2026-04-20 16:15:26,605 | INFO | Epoch 13/20 - Loss: 0.6119
2026-04-20 16:15:26,715 | INFO | Epoch 14/20 - Loss: 0.6096
2026-04-20 16:15:26,816 | INFO | Epoch 15/20 - Loss: 0.6102
2026-04-20 16:15:26,872 | INFO | Epoch 16/20 - Loss: 0.6098
2026-04-20 16:15:27,101 | INFO | Epoch 17/20 - Loss: 0.6091
2026-04-20 16:15:27,176 | INFO | Epoch 18/20 - Loss: 0.6092
2026-04-20 16:15:27,233 | INFO | Epoch 19/20 - Loss: 0.6085
2026-04-20 16:15:27,385 | INFO | Epoch 20/20 - Loss: 0.6090
2026-04-20 16:15:27,392 | INFO | r-net saved to: ./r_nets/adult/iter_1/beta_07/r_net_accurate_not_trusting.pth
2026-04-20 16:15:27,426 | INFO | --- Training r-net for Beta: 0.9
2026-04-20 16:15:27,426 | INFO | Training r-net | User: accurate_not_trusting | Beta: 0.9 | Iter: 1
2026-04-20 16:15:28,326 | DEBUG | Input Tensor Shape: torch.Size([3577, 12])
2026-04-20 16:15:28,533 | INFO | Epoch 1/20 - Loss: 0.6067
2026-04-20 16:15:28,592 | INFO | Epoch 2/20 - Loss: 0.5440
2026-04-20 16:15:28,725 | INFO | Epoch 3/20 - Loss: 0.4344
2026-04-20 16:15:28,903 | INFO | Epoch 4/20 - Loss: 0.3281
2026-04-20 16:15:28,962 | INFO | Epoch 5/20 - Loss: 0.2683
2026-04-20 16:15:29,190 | INFO | Epoch 6/20 - Loss: 0.2496
2026-04-20 16:15:29,246 | INFO | Epoch 7/20 - Loss: 0.2475
2026-04-20 16:15:29,311 | INFO | Epoch 8/20 - Loss: 0.2523
2026-04-20 16:15:29,388 | INFO | Epoch 9/20 - Loss: 0.2546
2026-04-20 16:15:29,592 | INFO | Epoch 10/20 - Loss: 0.2506
2026-04-20 16:15:29,673 | INFO | Epoch 11/20 - Loss: 0.2469
2026-04-20 16:15:29,747 | INFO | Epoch 12/20 - Loss: 0.2478
2026-04-20 16:15:29,907 | INFO | Epoch 13/20 - Loss: 0.2499
2026-04-20 16:15:30,088 | INFO | Epoch 14/20 - Loss: 0.2421
2026-04-20 16:15:30,177 | INFO | Epoch 15/20 - Loss: 0.2410
2026-04-20 16:15:30,481 | INFO | Epoch 16/20 - Loss: 0.2488
2026-04-20 16:15:30,667 | INFO | Epoch 17/20 - Loss: 0.2484
2026-04-20 16:15:30,744 | INFO | Epoch 18/20 - Loss: 0.2442
2026-04-20 16:15:30,799 | INFO | Epoch 19/20 - Loss: 0.2425
2026-04-20 16:15:31,212 | INFO | Epoch 20/20 - Loss: 0.2451
2026-04-20 16:15:31,214 | INFO | r-net saved to: ./r_nets/adult/iter_1/beta_09/r_net_accurate_not_trusting.pth
2026-04-20 16:15:31,233 | INFO | --- R-NET TRAINING FINISHED | User: accurate_not_trusting | DS: adult
2026-04-20 16:15:31,242 | INFO | STARTING R-NETS TRAINING | User: accurate_not_trusting | DS: adult
2026-04-20 16:15:31,247 | INFO | --- Calibrating for iteration 2 ---
2026-04-20 16:15:31,247 | INFO | --- Training r-net for Beta: 0.1
2026-04-20 16:15:31,247 | INFO | Training r-net | User: accurate_not_trusting | Beta: 0.1 | Iter: 2
2026-04-20 16:15:32,195 | DEBUG | Input Tensor Shape: torch.Size([3574, 12])
2026-04-20 16:15:32,413 | INFO | Epoch 1/20 - Loss: 1.1818
2026-04-20 16:15:32,469 | INFO | Epoch 2/20 - Loss: 1.1717
2026-04-20 16:15:32,532 | INFO | Epoch 3/20 - Loss: 1.1675
2026-04-20 16:15:32,588 | INFO | Epoch 4/20 - Loss: 1.1640
2026-04-20 16:15:32,742 | INFO | Epoch 5/20 - Loss: 1.1616
2026-04-20 16:15:32,808 | INFO | Epoch 6/20 - Loss: 1.1609
2026-04-20 16:15:32,910 | INFO | Epoch 7/20 - Loss: 1.1601
2026-04-20 16:15:32,971 | INFO | Epoch 8/20 - Loss: 1.1601
2026-04-20 16:15:33,060 | INFO | Epoch 9/20 - Loss: 1.1596
2026-04-20 16:15:33,173 | INFO | Epoch 10/20 - Loss: 1.1596
2026-04-20 16:15:33,232 | INFO | Epoch 11/20 - Loss: 1.1590
2026-04-20 16:15:33,306 | INFO | Epoch 12/20 - Loss: 1.1604
2026-04-20 16:15:33,363 | INFO | Epoch 13/20 - Loss: 1.1597
2026-04-20 16:15:33,518 | INFO | Epoch 14/20 - Loss: 1.1589
2026-04-20 16:15:33,610 | INFO | Epoch 15/20 - Loss: 1.1594
2026-04-20 16:15:33,746 | INFO | Epoch 16/20 - Loss: 1.1585
2026-04-20 16:15:33,940 | INFO | Epoch 17/20 - Loss: 1.1584
2026-04-20 16:15:34,170 | INFO | Epoch 18/20 - Loss: 1.1587
2026-04-20 16:15:34,225 | INFO | Epoch 19/20 - Loss: 1.1585
2026-04-20 16:15:34,402 | INFO | Epoch 20/20 - Loss: 1.1583
2026-04-20 16:15:34,404 | INFO | r-net saved to: ./r_nets/adult/iter_2/beta_01/r_net_accurate_not_trusting.pth
2026-04-20 16:15:34,433 | INFO | --- Training r-net for Beta: 0.3
2026-04-20 16:15:34,433 | INFO | Training r-net | User: accurate_not_trusting | Beta: 0.3 | Iter: 2
2026-04-20 16:15:35,374 | DEBUG | Input Tensor Shape: torch.Size([3574, 12])
2026-04-20 16:15:35,810 | INFO | Epoch 1/20 - Loss: 1.0401
2026-04-20 16:15:35,867 | INFO | Epoch 2/20 - Loss: 1.0225
2026-04-20 16:15:35,997 | INFO | Epoch 3/20 - Loss: 1.0204
2026-04-20 16:15:36,073 | INFO | Epoch 4/20 - Loss: 1.0195
2026-04-20 16:15:36,161 | INFO | Epoch 5/20 - Loss: 1.0185
2026-04-20 16:15:36,290 | INFO | Epoch 6/20 - Loss: 1.0192
2026-04-20 16:15:36,349 | INFO | Epoch 7/20 - Loss: 1.0189
2026-04-20 16:15:36,404 | INFO | Epoch 8/20 - Loss: 1.0180
2026-04-20 16:15:36,484 | INFO | Epoch 9/20 - Loss: 1.0171
2026-04-20 16:15:36,550 | INFO | Epoch 10/20 - Loss: 1.0171
2026-04-20 16:15:36,605 | INFO | Epoch 11/20 - Loss: 1.0169
2026-04-20 16:15:36,790 | INFO | Epoch 12/20 - Loss: 1.0173
2026-04-20 16:15:36,969 | INFO | Epoch 13/20 - Loss: 1.0168
2026-04-20 16:15:37,065 | INFO | Epoch 14/20 - Loss: 1.0165
2026-04-20 16:15:37,135 | INFO | Epoch 15/20 - Loss: 1.0161
2026-04-20 16:15:37,191 | INFO | Epoch 16/20 - Loss: 1.0160
2026-04-20 16:15:37,250 | INFO | Epoch 17/20 - Loss: 1.0157
2026-04-20 16:15:37,305 | INFO | Epoch 18/20 - Loss: 1.0159
2026-04-20 16:15:37,365 | INFO | Epoch 19/20 - Loss: 1.0157
2026-04-20 16:15:37,533 | INFO | Epoch 20/20 - Loss: 1.0150
2026-04-20 16:15:37,535 | INFO | r-net saved to: ./r_nets/adult/iter_2/beta_03/r_net_accurate_not_trusting.pth
2026-04-20 16:15:37,552 | INFO | --- Training r-net for Beta: 0.5
2026-04-20 16:15:37,552 | INFO | Training r-net | User: accurate_not_trusting | Beta: 0.5 | Iter: 2
2026-04-20 16:15:38,537 | DEBUG | Input Tensor Shape: torch.Size([3574, 12])
2026-04-20 16:15:38,596 | INFO | Epoch 1/20 - Loss: 0.9235
2026-04-20 16:15:38,804 | INFO | Epoch 2/20 - Loss: 0.8967
2026-04-20 16:15:38,947 | INFO | Epoch 3/20 - Loss: 0.8615
2026-04-20 16:15:39,032 | INFO | Epoch 4/20 - Loss: 0.8482
2026-04-20 16:15:39,102 | INFO | Epoch 5/20 - Loss: 0.8453
2026-04-20 16:15:39,161 | INFO | Epoch 6/20 - Loss: 0.8447
2026-04-20 16:15:39,352 | INFO | Epoch 7/20 - Loss: 0.8437
2026-04-20 16:15:39,565 | INFO | Epoch 8/20 - Loss: 0.8419
2026-04-20 16:15:39,620 | INFO | Epoch 9/20 - Loss: 0.8413
2026-04-20 16:15:39,676 | INFO | Epoch 10/20 - Loss: 0.8415
2026-04-20 16:15:39,784 | INFO | Epoch 11/20 - Loss: 0.8422
2026-04-20 16:15:39,894 | INFO | Epoch 12/20 - Loss: 0.8403
2026-04-20 16:15:39,960 | INFO | Epoch 13/20 - Loss: 0.8403
2026-04-20 16:15:40,210 | INFO | Epoch 14/20 - Loss: 0.8399
2026-04-20 16:15:40,346 | INFO | Epoch 15/20 - Loss: 0.8402
2026-04-20 16:15:40,433 | INFO | Epoch 16/20 - Loss: 0.8402
2026-04-20 16:15:40,528 | INFO | Epoch 17/20 - Loss: 0.8393
2026-04-20 16:15:40,589 | INFO | Epoch 18/20 - Loss: 0.8399
2026-04-20 16:15:40,645 | INFO | Epoch 19/20 - Loss: 0.8388
2026-04-20 16:15:40,789 | INFO | Epoch 20/20 - Loss: 0.8387
2026-04-20 16:15:40,791 | INFO | r-net saved to: ./r_nets/adult/iter_2/beta_05/r_net_accurate_not_trusting.pth
2026-04-20 16:15:40,845 | INFO | --- Training r-net for Beta: 0.7
2026-04-20 16:15:40,845 | INFO | Training r-net | User: accurate_not_trusting | Beta: 0.7 | Iter: 2
2026-04-20 16:15:41,765 | DEBUG | Input Tensor Shape: torch.Size([3574, 12])
2026-04-20 16:15:41,882 | INFO | Epoch 1/20 - Loss: 0.7163
2026-04-20 16:15:41,947 | INFO | Epoch 2/20 - Loss: 0.6930
2026-04-20 16:15:42,003 | INFO | Epoch 3/20 - Loss: 0.6488
2026-04-20 16:15:42,061 | INFO | Epoch 4/20 - Loss: 0.6168
2026-04-20 16:15:42,119 | INFO | Epoch 5/20 - Loss: 0.6105
2026-04-20 16:15:42,177 | INFO | Epoch 6/20 - Loss: 0.6080
2026-04-20 16:15:42,243 | INFO | Epoch 7/20 - Loss: 0.6072
2026-04-20 16:15:42,339 | INFO | Epoch 8/20 - Loss: 0.6071
2026-04-20 16:15:42,403 | INFO | Epoch 9/20 - Loss: 0.6082
2026-04-20 16:15:42,479 | INFO | Epoch 10/20 - Loss: 0.6071
2026-04-20 16:15:42,711 | INFO | Epoch 11/20 - Loss: 0.6055
2026-04-20 16:15:42,786 | INFO | Epoch 12/20 - Loss: 0.6062
2026-04-20 16:15:42,846 | INFO | Epoch 13/20 - Loss: 0.6042
2026-04-20 16:15:42,916 | INFO | Epoch 14/20 - Loss: 0.6048
2026-04-20 16:15:43,003 | INFO | Epoch 15/20 - Loss: 0.6045
2026-04-20 16:15:43,090 | INFO | Epoch 16/20 - Loss: 0.6041
2026-04-20 16:15:43,152 | INFO | Epoch 17/20 - Loss: 0.6044
2026-04-20 16:15:43,298 | INFO | Epoch 18/20 - Loss: 0.6030
2026-04-20 16:15:43,363 | INFO | Epoch 19/20 - Loss: 0.6024
2026-04-20 16:15:43,433 | INFO | Epoch 20/20 - Loss: 0.6036
2026-04-20 16:15:43,435 | INFO | r-net saved to: ./r_nets/adult/iter_2/beta_07/r_net_accurate_not_trusting.pth
2026-04-20 16:15:43,470 | INFO | --- Training r-net for Beta: 0.9
2026-04-20 16:15:43,470 | INFO | Training r-net | User: accurate_not_trusting | Beta: 0.9 | Iter: 2
2026-04-20 16:15:44,378 | DEBUG | Input Tensor Shape: torch.Size([3574, 12])
2026-04-20 16:15:44,646 | INFO | Epoch 1/20 - Loss: 0.4787
2026-04-20 16:15:44,707 | INFO | Epoch 2/20 - Loss: 0.4326
2026-04-20 16:15:44,766 | INFO | Epoch 3/20 - Loss: 0.3796
2026-04-20 16:15:44,889 | INFO | Epoch 4/20 - Loss: 0.3251
2026-04-20 16:15:44,988 | INFO | Epoch 5/20 - Loss: 0.2934
2026-04-20 16:15:45,105 | INFO | Epoch 6/20 - Loss: 0.2773
2026-04-20 16:15:45,346 | INFO | Epoch 7/20 - Loss: 0.2755
2026-04-20 16:15:45,517 | INFO | Epoch 8/20 - Loss: 0.2780
2026-04-20 16:15:45,576 | INFO | Epoch 9/20 - Loss: 0.2750
2026-04-20 16:15:45,848 | INFO | Epoch 10/20 - Loss: 0.2778
2026-04-20 16:15:45,907 | INFO | Epoch 11/20 - Loss: 0.2779
2026-04-20 16:15:46,075 | INFO | Epoch 12/20 - Loss: 0.2678
2026-04-20 16:15:46,176 | INFO | Epoch 13/20 - Loss: 0.2728
2026-04-20 16:15:46,235 | INFO | Epoch 14/20 - Loss: 0.2767
2026-04-20 16:15:46,298 | INFO | Epoch 15/20 - Loss: 0.2731
2026-04-20 16:15:46,364 | INFO | Epoch 16/20 - Loss: 0.2684
2026-04-20 16:15:46,419 | INFO | Epoch 17/20 - Loss: 0.2679
2026-04-20 16:15:46,490 | INFO | Epoch 18/20 - Loss: 0.2683
2026-04-20 16:15:46,577 | INFO | Epoch 19/20 - Loss: 0.2652
2026-04-20 16:15:46,637 | INFO | Epoch 20/20 - Loss: 0.2692
2026-04-20 16:15:46,639 | INFO | r-net saved to: ./r_nets/adult/iter_2/beta_09/r_net_accurate_not_trusting.pth
2026-04-20 16:15:46,673 | INFO | --- R-NET TRAINING FINISHED | User: accurate_not_trusting | DS: adult
2026-04-20 16:15:46,678 | INFO | STARTING R-NETS TRAINING | User: accurate_not_trusting | DS: adult
2026-04-20 16:15:46,685 | INFO | --- Calibrating for iteration 3 ---
2026-04-20 16:15:46,685 | INFO | --- Training r-net for Beta: 0.1
2026-04-20 16:15:46,685 | INFO | Training r-net | User: accurate_not_trusting | Beta: 0.1 | Iter: 3
2026-04-20 16:15:47,616 | DEBUG | Input Tensor Shape: torch.Size([3573, 12])
2026-04-20 16:15:47,722 | INFO | Epoch 1/20 - Loss: 1.1706
2026-04-20 16:15:47,834 | INFO | Epoch 2/20 - Loss: 1.1654
2026-04-20 16:15:47,924 | INFO | Epoch 3/20 - Loss: 1.1643
2026-04-20 16:15:48,004 | INFO | Epoch 4/20 - Loss: 1.1638
2026-04-20 16:15:48,113 | INFO | Epoch 5/20 - Loss: 1.1632
2026-04-20 16:15:48,170 | INFO | Epoch 6/20 - Loss: 1.1632
2026-04-20 16:15:48,226 | INFO | Epoch 7/20 - Loss: 1.1620
2026-04-20 16:15:48,288 | INFO | Epoch 8/20 - Loss: 1.1619
2026-04-20 16:15:48,575 | INFO | Epoch 9/20 - Loss: 1.1614
2026-04-20 16:15:48,677 | INFO | Epoch 10/20 - Loss: 1.1613
2026-04-20 16:15:48,732 | INFO | Epoch 11/20 - Loss: 1.1616
2026-04-20 16:15:48,841 | INFO | Epoch 12/20 - Loss: 1.1607
2026-04-20 16:15:48,899 | INFO | Epoch 13/20 - Loss: 1.1611
2026-04-20 16:15:48,944 | INFO | Epoch 14/20 - Loss: 1.1607
2026-04-20 16:15:48,987 | INFO | Epoch 15/20 - Loss: 1.1604
2026-04-20 16:15:49,115 | INFO | Epoch 16/20 - Loss: 1.1604
2026-04-20 16:15:49,179 | INFO | Epoch 17/20 - Loss: 1.1606
2026-04-20 16:15:49,324 | INFO | Epoch 18/20 - Loss: 1.1603
2026-04-20 16:15:49,380 | INFO | Epoch 19/20 - Loss: 1.1598
2026-04-20 16:15:49,438 | INFO | Epoch 20/20 - Loss: 1.1599
2026-04-20 16:15:49,439 | INFO | r-net saved to: ./r_nets/adult/iter_3/beta_01/r_net_accurate_not_trusting.pth
2026-04-20 16:15:49,483 | INFO | --- Training r-net for Beta: 0.3
2026-04-20 16:15:49,483 | INFO | Training r-net | User: accurate_not_trusting | Beta: 0.3 | Iter: 3
2026-04-20 16:15:50,408 | DEBUG | Input Tensor Shape: torch.Size([3573, 12])
2026-04-20 16:15:50,491 | INFO | Epoch 1/20 - Loss: 1.0180
2026-04-20 16:15:50,545 | INFO | Epoch 2/20 - Loss: 1.0164
2026-04-20 16:15:50,616 | INFO | Epoch 3/20 - Loss: 1.0151
2026-04-20 16:15:50,721 | INFO | Epoch 4/20 - Loss: 1.0145
2026-04-20 16:15:50,790 | INFO | Epoch 5/20 - Loss: 1.0143
2026-04-20 16:15:50,909 | INFO | Epoch 6/20 - Loss: 1.0139
2026-04-20 16:15:50,972 | INFO | Epoch 7/20 - Loss: 1.0142
2026-04-20 16:15:51,105 | INFO | Epoch 8/20 - Loss: 1.0140
2026-04-20 16:15:51,172 | INFO | Epoch 9/20 - Loss: 1.0137
2026-04-20 16:15:51,258 | INFO | Epoch 10/20 - Loss: 1.0137
2026-04-20 16:15:51,358 | INFO | Epoch 11/20 - Loss: 1.0135
2026-04-20 16:15:51,409 | INFO | Epoch 12/20 - Loss: 1.0137
2026-04-20 16:15:51,452 | INFO | Epoch 13/20 - Loss: 1.0133
2026-04-20 16:15:51,495 | INFO | Epoch 14/20 - Loss: 1.0130
2026-04-20 16:15:51,538 | INFO | Epoch 15/20 - Loss: 1.0131
2026-04-20 16:15:51,598 | INFO | Epoch 16/20 - Loss: 1.0129
2026-04-20 16:15:51,663 | INFO | Epoch 17/20 - Loss: 1.0132
2026-04-20 16:15:51,738 | INFO | Epoch 18/20 - Loss: 1.0127
2026-04-20 16:15:51,873 | INFO | Epoch 19/20 - Loss: 1.0126
2026-04-20 16:15:52,151 | INFO | Epoch 20/20 - Loss: 1.0127
2026-04-20 16:15:52,153 | INFO | r-net saved to: ./r_nets/adult/iter_3/beta_03/r_net_accurate_not_trusting.pth
2026-04-20 16:15:52,217 | INFO | --- Training r-net for Beta: 0.5
2026-04-20 16:15:52,217 | INFO | Training r-net | User: accurate_not_trusting | Beta: 0.5 | Iter: 3
2026-04-20 16:15:53,157 | DEBUG | Input Tensor Shape: torch.Size([3573, 12])
2026-04-20 16:15:53,413 | INFO | Epoch 1/20 - Loss: 0.8796
2026-04-20 16:15:53,599 | INFO | Epoch 2/20 - Loss: 0.8493
2026-04-20 16:15:53,670 | INFO | Epoch 3/20 - Loss: 0.8380
2026-04-20 16:15:53,770 | INFO | Epoch 4/20 - Loss: 0.8360
2026-04-20 16:15:53,826 | INFO | Epoch 5/20 - Loss: 0.8348
2026-04-20 16:15:53,903 | INFO | Epoch 6/20 - Loss: 0.8348
2026-04-20 16:15:53,986 | INFO | Epoch 7/20 - Loss: 0.8349
2026-04-20 16:15:54,042 | INFO | Epoch 8/20 - Loss: 0.8342
2026-04-20 16:15:54,123 | INFO | Epoch 9/20 - Loss: 0.8337
2026-04-20 16:15:54,189 | INFO | Epoch 10/20 - Loss: 0.8335
2026-04-20 16:15:54,273 | INFO | Epoch 11/20 - Loss: 0.8337
2026-04-20 16:15:54,418 | INFO | Epoch 12/20 - Loss: 0.8334
2026-04-20 16:15:54,554 | INFO | Epoch 13/20 - Loss: 0.8329
2026-04-20 16:15:54,611 | INFO | Epoch 14/20 - Loss: 0.8330
2026-04-20 16:15:54,738 | INFO | Epoch 15/20 - Loss: 0.8328
2026-04-20 16:15:54,794 | INFO | Epoch 16/20 - Loss: 0.8320
2026-04-20 16:15:54,884 | INFO | Epoch 17/20 - Loss: 0.8330
2026-04-20 16:15:54,955 | INFO | Epoch 18/20 - Loss: 0.8327
2026-04-20 16:15:55,010 | INFO | Epoch 19/20 - Loss: 0.8321
2026-04-20 16:15:55,083 | INFO | Epoch 20/20 - Loss: 0.8325
2026-04-20 16:15:55,085 | INFO | r-net saved to: ./r_nets/adult/iter_3/beta_05/r_net_accurate_not_trusting.pth
2026-04-20 16:15:55,118 | INFO | --- Training r-net for Beta: 0.7
2026-04-20 16:15:55,118 | INFO | Training r-net | User: accurate_not_trusting | Beta: 0.7 | Iter: 3
2026-04-20 16:15:56,030 | DEBUG | Input Tensor Shape: torch.Size([3573, 12])
2026-04-20 16:15:56,195 | INFO | Epoch 1/20 - Loss: 0.7197
2026-04-20 16:15:56,330 | INFO | Epoch 2/20 - Loss: 0.6736
2026-04-20 16:15:56,436 | INFO | Epoch 3/20 - Loss: 0.6354
2026-04-20 16:15:56,494 | INFO | Epoch 4/20 - Loss: 0.6182
2026-04-20 16:15:56,564 | INFO | Epoch 5/20 - Loss: 0.6118
2026-04-20 16:15:56,619 | INFO | Epoch 6/20 - Loss: 0.6118
2026-04-20 16:15:56,686 | INFO | Epoch 7/20 - Loss: 0.6125
2026-04-20 16:15:56,810 | INFO | Epoch 8/20 - Loss: 0.6108
2026-04-20 16:15:56,868 | INFO | Epoch 9/20 - Loss: 0.6088
2026-04-20 16:15:56,931 | INFO | Epoch 10/20 - Loss: 0.6071
2026-04-20 16:15:57,177 | INFO | Epoch 11/20 - Loss: 0.6086
2026-04-20 16:15:57,255 | INFO | Epoch 12/20 - Loss: 0.6086
2026-04-20 16:15:57,321 | INFO | Epoch 13/20 - Loss: 0.6075
2026-04-20 16:15:57,391 | INFO | Epoch 14/20 - Loss: 0.6063
2026-04-20 16:15:57,556 | INFO | Epoch 15/20 - Loss: 0.6037
2026-04-20 16:15:57,867 | INFO | Epoch 16/20 - Loss: 0.6024
2026-04-20 16:15:57,942 | INFO | Epoch 17/20 - Loss: 0.6049
2026-04-20 16:15:58,065 | INFO | Epoch 18/20 - Loss: 0.6021
2026-04-20 16:15:58,190 | INFO | Epoch 19/20 - Loss: 0.6003
2026-04-20 16:15:58,248 | INFO | Epoch 20/20 - Loss: 0.6009
2026-04-20 16:15:58,252 | INFO | r-net saved to: ./r_nets/adult/iter_3/beta_07/r_net_accurate_not_trusting.pth
2026-04-20 16:15:58,335 | INFO | --- Training r-net for Beta: 0.9
2026-04-20 16:15:58,336 | INFO | Training r-net | User: accurate_not_trusting | Beta: 0.9 | Iter: 3
2026-04-20 16:15:59,263 | DEBUG | Input Tensor Shape: torch.Size([3573, 12])
2026-04-20 16:15:59,333 | INFO | Epoch 1/20 - Loss: 0.6289
2026-04-20 16:15:59,561 | INFO | Epoch 2/20 - Loss: 0.5255
2026-04-20 16:15:59,925 | INFO | Epoch 3/20 - Loss: 0.4110
2026-04-20 16:15:59,985 | INFO | Epoch 4/20 - Loss: 0.3038
2026-04-20 16:16:00,131 | INFO | Epoch 5/20 - Loss: 0.2567
2026-04-20 16:16:00,219 | INFO | Epoch 6/20 - Loss: 0.2343
2026-04-20 16:16:00,301 | INFO | Epoch 7/20 - Loss: 0.2354
2026-04-20 16:16:00,390 | INFO | Epoch 8/20 - Loss: 0.2303
2026-04-20 16:16:00,452 | INFO | Epoch 9/20 - Loss: 0.2218
2026-04-20 16:16:00,527 | INFO | Epoch 10/20 - Loss: 0.2221
2026-04-20 16:16:00,582 | INFO | Epoch 11/20 - Loss: 0.2210
2026-04-20 16:16:00,668 | INFO | Epoch 12/20 - Loss: 0.2258
2026-04-20 16:16:00,732 | INFO | Epoch 13/20 - Loss: 0.2257
2026-04-20 16:16:00,787 | INFO | Epoch 14/20 - Loss: 0.2273
2026-04-20 16:16:00,871 | INFO | Epoch 15/20 - Loss: 0.2205
2026-04-20 16:16:00,981 | INFO | Epoch 16/20 - Loss: 0.2254
2026-04-20 16:16:01,118 | INFO | Epoch 17/20 - Loss: 0.2226
2026-04-20 16:16:01,227 | INFO | Epoch 18/20 - Loss: 0.2224
2026-04-20 16:16:01,407 | INFO | Epoch 19/20 - Loss: 0.2201
2026-04-20 16:16:01,579 | INFO | Epoch 20/20 - Loss: 0.2229
2026-04-20 16:16:01,581 | INFO | r-net saved to: ./r_nets/adult/iter_3/beta_09/r_net_accurate_not_trusting.pth
2026-04-20 16:16:01,603 | INFO | --- R-NET TRAINING FINISHED | User: accurate_not_trusting | DS: adult
