2026-04-21 00:16:37,260 | INFO | STARTING R-NETS TRAINING | User: inaccurate_not_trusting | DS: adult
2026-04-21 00:16:37,262 | INFO | --- Calibrating for iteration 1 ---
2026-04-21 00:16:37,262 | INFO | --- Training r-net for Beta: 0.1
2026-04-21 00:16:37,262 | INFO | Training r-net | User: inaccurate_not_trusting | Beta: 0.1 | Iter: 1
2026-04-21 00:16:38,050 | DEBUG | Input Tensor Shape: torch.Size([3577, 12])
2026-04-21 00:16:38,097 | INFO | Epoch 1/20 - Loss: 1.1580
2026-04-21 00:16:38,141 | INFO | Epoch 2/20 - Loss: 1.1551
2026-04-21 00:16:38,186 | INFO | Epoch 3/20 - Loss: 1.1529
2026-04-21 00:16:38,230 | INFO | Epoch 4/20 - Loss: 1.1516
2026-04-21 00:16:38,274 | INFO | Epoch 5/20 - Loss: 1.1521
2026-04-21 00:16:38,328 | INFO | Epoch 6/20 - Loss: 1.1513
2026-04-21 00:16:38,372 | INFO | Epoch 7/20 - Loss: 1.1512
2026-04-21 00:16:38,417 | INFO | Epoch 8/20 - Loss: 1.1507
2026-04-21 00:16:38,461 | INFO | Epoch 9/20 - Loss: 1.1510
2026-04-21 00:16:38,507 | INFO | Epoch 10/20 - Loss: 1.1512
2026-04-21 00:16:38,552 | INFO | Epoch 11/20 - Loss: 1.1504
2026-04-21 00:16:38,596 | INFO | Epoch 12/20 - Loss: 1.1502
2026-04-21 00:16:38,641 | INFO | Epoch 13/20 - Loss: 1.1505
2026-04-21 00:16:38,685 | INFO | Epoch 14/20 - Loss: 1.1500
2026-04-21 00:16:38,730 | INFO | Epoch 15/20 - Loss: 1.1499
2026-04-21 00:16:38,774 | INFO | Epoch 16/20 - Loss: 1.1497
2026-04-21 00:16:38,818 | INFO | Epoch 17/20 - Loss: 1.1499
2026-04-21 00:16:38,863 | INFO | Epoch 18/20 - Loss: 1.1499
2026-04-21 00:16:38,908 | INFO | Epoch 19/20 - Loss: 1.1494
2026-04-21 00:16:38,953 | INFO | Epoch 20/20 - Loss: 1.1495
2026-04-21 00:16:38,955 | INFO | r-net saved to: ./r_nets/adult/iter_1/beta_01/r_net_inaccurate_not_trusting.pth
2026-04-21 00:16:38,971 | INFO | --- Training r-net for Beta: 0.3
2026-04-21 00:16:38,971 | INFO | Training r-net | User: inaccurate_not_trusting | Beta: 0.3 | Iter: 1
2026-04-21 00:16:39,750 | DEBUG | Input Tensor Shape: torch.Size([3577, 12])
2026-04-21 00:16:39,797 | INFO | Epoch 1/20 - Loss: 1.0126
2026-04-21 00:16:39,842 | INFO | Epoch 2/20 - Loss: 1.0112
2026-04-21 00:16:39,887 | INFO | Epoch 3/20 - Loss: 1.0096
2026-04-21 00:16:39,932 | INFO | Epoch 4/20 - Loss: 1.0075
2026-04-21 00:16:39,977 | INFO | Epoch 5/20 - Loss: 1.0058
2026-04-21 00:16:40,022 | INFO | Epoch 6/20 - Loss: 1.0056
2026-04-21 00:16:40,067 | INFO | Epoch 7/20 - Loss: 1.0050
2026-04-21 00:16:40,112 | INFO | Epoch 8/20 - Loss: 1.0046
2026-04-21 00:16:40,157 | INFO | Epoch 9/20 - Loss: 1.0052
2026-04-21 00:16:40,202 | INFO | Epoch 10/20 - Loss: 1.0039
2026-04-21 00:16:40,247 | INFO | Epoch 11/20 - Loss: 1.0043
2026-04-21 00:16:40,292 | INFO | Epoch 12/20 - Loss: 1.0038
2026-04-21 00:16:40,337 | INFO | Epoch 13/20 - Loss: 1.0036
2026-04-21 00:16:40,382 | INFO | Epoch 14/20 - Loss: 1.0040
2026-04-21 00:16:40,427 | INFO | Epoch 15/20 - Loss: 1.0034
2026-04-21 00:16:40,472 | INFO | Epoch 16/20 - Loss: 1.0032
2026-04-21 00:16:40,517 | INFO | Epoch 17/20 - Loss: 1.0031
2026-04-21 00:16:40,562 | INFO | Epoch 18/20 - Loss: 1.0031
2026-04-21 00:16:40,607 | INFO | Epoch 19/20 - Loss: 1.0030
2026-04-21 00:16:40,652 | INFO | Epoch 20/20 - Loss: 1.0028
2026-04-21 00:16:40,653 | INFO | r-net saved to: ./r_nets/adult/iter_1/beta_03/r_net_inaccurate_not_trusting.pth
2026-04-21 00:16:40,665 | INFO | --- Training r-net for Beta: 0.5
2026-04-21 00:16:40,665 | INFO | Training r-net | User: inaccurate_not_trusting | Beta: 0.5 | Iter: 1
2026-04-21 00:16:41,443 | DEBUG | Input Tensor Shape: torch.Size([3577, 12])
2026-04-21 00:16:41,489 | INFO | Epoch 1/20 - Loss: 0.8984
2026-04-21 00:16:41,534 | INFO | Epoch 2/20 - Loss: 0.8562
2026-04-21 00:16:41,580 | INFO | Epoch 3/20 - Loss: 0.8344
2026-04-21 00:16:41,624 | INFO | Epoch 4/20 - Loss: 0.8330
2026-04-21 00:16:41,670 | INFO | Epoch 5/20 - Loss: 0.8315
2026-04-21 00:16:41,715 | INFO | Epoch 6/20 - Loss: 0.8312
2026-04-21 00:16:41,760 | INFO | Epoch 7/20 - Loss: 0.8299
2026-04-21 00:16:41,805 | INFO | Epoch 8/20 - Loss: 0.8294
2026-04-21 00:16:41,850 | INFO | Epoch 9/20 - Loss: 0.8280
2026-04-21 00:16:41,895 | INFO | Epoch 10/20 - Loss: 0.8292
2026-04-21 00:16:41,940 | INFO | Epoch 11/20 - Loss: 0.8290
2026-04-21 00:16:41,985 | INFO | Epoch 12/20 - Loss: 0.8291
2026-04-21 00:16:42,030 | INFO | Epoch 13/20 - Loss: 0.8270
2026-04-21 00:16:42,075 | INFO | Epoch 14/20 - Loss: 0.8288
2026-04-21 00:16:42,120 | INFO | Epoch 15/20 - Loss: 0.8270
2026-04-21 00:16:42,165 | INFO | Epoch 16/20 - Loss: 0.8278
2026-04-21 00:16:42,210 | INFO | Epoch 17/20 - Loss: 0.8267
2026-04-21 00:16:42,255 | INFO | Epoch 18/20 - Loss: 0.8271
2026-04-21 00:16:42,300 | INFO | Epoch 19/20 - Loss: 0.8254
2026-04-21 00:16:42,345 | INFO | Epoch 20/20 - Loss: 0.8267
2026-04-21 00:16:42,346 | INFO | r-net saved to: ./r_nets/adult/iter_1/beta_05/r_net_inaccurate_not_trusting.pth
2026-04-21 00:16:42,358 | INFO | --- Training r-net for Beta: 0.7
2026-04-21 00:16:42,359 | INFO | Training r-net | User: inaccurate_not_trusting | Beta: 0.7 | Iter: 1
2026-04-21 00:16:43,138 | DEBUG | Input Tensor Shape: torch.Size([3577, 12])
2026-04-21 00:16:43,185 | INFO | Epoch 1/20 - Loss: 0.7227
2026-04-21 00:16:43,230 | INFO | Epoch 2/20 - Loss: 0.6874
2026-04-21 00:16:43,275 | INFO | Epoch 3/20 - Loss: 0.6291
2026-04-21 00:16:43,319 | INFO | Epoch 4/20 - Loss: 0.6026
2026-04-21 00:16:43,364 | INFO | Epoch 5/20 - Loss: 0.5987
2026-04-21 00:16:43,409 | INFO | Epoch 6/20 - Loss: 0.5984
2026-04-21 00:16:43,454 | INFO | Epoch 7/20 - Loss: 0.5971
2026-04-21 00:16:43,499 | INFO | Epoch 8/20 - Loss: 0.5966
2026-04-21 00:16:43,544 | INFO | Epoch 9/20 - Loss: 0.5950
2026-04-21 00:16:43,590 | INFO | Epoch 10/20 - Loss: 0.5956
2026-04-21 00:16:43,635 | INFO | Epoch 11/20 - Loss: 0.5955
2026-04-21 00:16:43,680 | INFO | Epoch 12/20 - Loss: 0.5948
2026-04-21 00:16:43,725 | INFO | Epoch 13/20 - Loss: 0.5919
2026-04-21 00:16:43,770 | INFO | Epoch 14/20 - Loss: 0.5924
2026-04-21 00:16:43,815 | INFO | Epoch 15/20 - Loss: 0.5910
2026-04-21 00:16:43,860 | INFO | Epoch 16/20 - Loss: 0.5922
2026-04-21 00:16:43,905 | INFO | Epoch 17/20 - Loss: 0.5923
2026-04-21 00:16:43,950 | INFO | Epoch 18/20 - Loss: 0.5925
2026-04-21 00:16:43,995 | INFO | Epoch 19/20 - Loss: 0.5908
2026-04-21 00:16:44,040 | INFO | Epoch 20/20 - Loss: 0.5903
2026-04-21 00:16:44,041 | INFO | r-net saved to: ./r_nets/adult/iter_1/beta_07/r_net_inaccurate_not_trusting.pth
2026-04-21 00:16:44,054 | INFO | --- Training r-net for Beta: 0.9
2026-04-21 00:16:44,054 | INFO | Training r-net | User: inaccurate_not_trusting | Beta: 0.9 | Iter: 1
2026-04-21 00:16:44,828 | DEBUG | Input Tensor Shape: torch.Size([3577, 12])
2026-04-21 00:16:44,875 | INFO | Epoch 1/20 - Loss: 0.5929
2026-04-21 00:16:44,920 | INFO | Epoch 2/20 - Loss: 0.5306
2026-04-21 00:16:44,965 | INFO | Epoch 3/20 - Loss: 0.4192
2026-04-21 00:16:45,010 | INFO | Epoch 4/20 - Loss: 0.3093
2026-04-21 00:16:45,055 | INFO | Epoch 5/20 - Loss: 0.2419
2026-04-21 00:16:45,100 | INFO | Epoch 6/20 - Loss: 0.2244
2026-04-21 00:16:45,144 | INFO | Epoch 7/20 - Loss: 0.2217
2026-04-21 00:16:45,189 | INFO | Epoch 8/20 - Loss: 0.2240
2026-04-21 00:16:45,235 | INFO | Epoch 9/20 - Loss: 0.2227
2026-04-21 00:16:45,280 | INFO | Epoch 10/20 - Loss: 0.2214
2026-04-21 00:16:45,325 | INFO | Epoch 11/20 - Loss: 0.2222
2026-04-21 00:16:45,370 | INFO | Epoch 12/20 - Loss: 0.2277
2026-04-21 00:16:45,416 | INFO | Epoch 13/20 - Loss: 0.2146
2026-04-21 00:16:45,461 | INFO | Epoch 14/20 - Loss: 0.2201
2026-04-21 00:16:45,506 | INFO | Epoch 15/20 - Loss: 0.2185
2026-04-21 00:16:45,551 | INFO | Epoch 16/20 - Loss: 0.2108
2026-04-21 00:16:45,597 | INFO | Epoch 17/20 - Loss: 0.2156
2026-04-21 00:16:45,642 | INFO | Epoch 18/20 - Loss: 0.2152
2026-04-21 00:16:45,688 | INFO | Epoch 19/20 - Loss: 0.2176
2026-04-21 00:16:45,733 | INFO | Epoch 20/20 - Loss: 0.2094
2026-04-21 00:16:45,734 | INFO | r-net saved to: ./r_nets/adult/iter_1/beta_09/r_net_inaccurate_not_trusting.pth
2026-04-21 00:16:45,747 | INFO | --- R-NET TRAINING FINISHED | User: inaccurate_not_trusting | DS: adult
2026-04-21 00:16:45,751 | INFO | STARTING R-NETS TRAINING | User: inaccurate_not_trusting | DS: adult
2026-04-21 00:16:45,752 | INFO | --- Calibrating for iteration 2 ---
2026-04-21 00:16:45,752 | INFO | --- Training r-net for Beta: 0.1
2026-04-21 00:16:45,752 | INFO | Training r-net | User: inaccurate_not_trusting | Beta: 0.1 | Iter: 2
2026-04-21 00:16:46,534 | DEBUG | Input Tensor Shape: torch.Size([3574, 12])
2026-04-21 00:16:46,581 | INFO | Epoch 1/20 - Loss: 1.1895
2026-04-21 00:16:46,626 | INFO | Epoch 2/20 - Loss: 1.1758
2026-04-21 00:16:46,671 | INFO | Epoch 3/20 - Loss: 1.1698
2026-04-21 00:16:46,716 | INFO | Epoch 4/20 - Loss: 1.1653
2026-04-21 00:16:46,761 | INFO | Epoch 5/20 - Loss: 1.1621
2026-04-21 00:16:46,806 | INFO | Epoch 6/20 - Loss: 1.1608
2026-04-21 00:16:46,851 | INFO | Epoch 7/20 - Loss: 1.1599
2026-04-21 00:16:46,896 | INFO | Epoch 8/20 - Loss: 1.1603
2026-04-21 00:16:46,941 | INFO | Epoch 9/20 - Loss: 1.1596
2026-04-21 00:16:46,986 | INFO | Epoch 10/20 - Loss: 1.1603
2026-04-21 00:16:47,031 | INFO | Epoch 11/20 - Loss: 1.1590
2026-04-21 00:16:47,076 | INFO | Epoch 12/20 - Loss: 1.1598
2026-04-21 00:16:47,121 | INFO | Epoch 13/20 - Loss: 1.1603
2026-04-21 00:16:47,167 | INFO | Epoch 14/20 - Loss: 1.1581
2026-04-21 00:16:47,212 | INFO | Epoch 15/20 - Loss: 1.1595
2026-04-21 00:16:47,257 | INFO | Epoch 16/20 - Loss: 1.1595
2026-04-21 00:16:47,303 | INFO | Epoch 17/20 - Loss: 1.1583
2026-04-21 00:16:47,348 | INFO | Epoch 18/20 - Loss: 1.1587
2026-04-21 00:16:47,394 | INFO | Epoch 19/20 - Loss: 1.1587
2026-04-21 00:16:47,439 | INFO | Epoch 20/20 - Loss: 1.1586
2026-04-21 00:16:47,440 | INFO | r-net saved to: ./r_nets/adult/iter_2/beta_01/r_net_inaccurate_not_trusting.pth
2026-04-21 00:16:47,452 | INFO | --- Training r-net for Beta: 0.3
2026-04-21 00:16:47,452 | INFO | Training r-net | User: inaccurate_not_trusting | Beta: 0.3 | Iter: 2
2026-04-21 00:16:48,226 | DEBUG | Input Tensor Shape: torch.Size([3574, 12])
2026-04-21 00:16:48,273 | INFO | Epoch 1/20 - Loss: 1.0389
2026-04-21 00:16:48,318 | INFO | Epoch 2/20 - Loss: 1.0266
2026-04-21 00:16:48,362 | INFO | Epoch 3/20 - Loss: 1.0263
2026-04-21 00:16:48,407 | INFO | Epoch 4/20 - Loss: 1.0253
2026-04-21 00:16:48,452 | INFO | Epoch 5/20 - Loss: 1.0240
2026-04-21 00:16:48,497 | INFO | Epoch 6/20 - Loss: 1.0242
2026-04-21 00:16:48,542 | INFO | Epoch 7/20 - Loss: 1.0240
2026-04-21 00:16:48,587 | INFO | Epoch 8/20 - Loss: 1.0232
2026-04-21 00:16:48,632 | INFO | Epoch 9/20 - Loss: 1.0233
2026-04-21 00:16:48,677 | INFO | Epoch 10/20 - Loss: 1.0223
2026-04-21 00:16:48,722 | INFO | Epoch 11/20 - Loss: 1.0222
2026-04-21 00:16:48,767 | INFO | Epoch 12/20 - Loss: 1.0227
2026-04-21 00:16:48,812 | INFO | Epoch 13/20 - Loss: 1.0223
2026-04-21 00:16:48,857 | INFO | Epoch 14/20 - Loss: 1.0221
2026-04-21 00:16:48,902 | INFO | Epoch 15/20 - Loss: 1.0222
2026-04-21 00:16:48,948 | INFO | Epoch 16/20 - Loss: 1.0221
2026-04-21 00:16:48,993 | INFO | Epoch 17/20 - Loss: 1.0218
2026-04-21 00:16:49,038 | INFO | Epoch 18/20 - Loss: 1.0216
2026-04-21 00:16:49,084 | INFO | Epoch 19/20 - Loss: 1.0214
2026-04-21 00:16:49,129 | INFO | Epoch 20/20 - Loss: 1.0209
2026-04-21 00:16:49,130 | INFO | r-net saved to: ./r_nets/adult/iter_2/beta_03/r_net_inaccurate_not_trusting.pth
2026-04-21 00:16:49,142 | INFO | --- Training r-net for Beta: 0.5
2026-04-21 00:16:49,142 | INFO | Training r-net | User: inaccurate_not_trusting | Beta: 0.5 | Iter: 2
2026-04-21 00:16:49,911 | DEBUG | Input Tensor Shape: torch.Size([3574, 12])
2026-04-21 00:16:49,957 | INFO | Epoch 1/20 - Loss: 0.9214
2026-04-21 00:16:50,002 | INFO | Epoch 2/20 - Loss: 0.8979
2026-04-21 00:16:50,047 | INFO | Epoch 3/20 - Loss: 0.8708
2026-04-21 00:16:50,092 | INFO | Epoch 4/20 - Loss: 0.8620
2026-04-21 00:16:50,137 | INFO | Epoch 5/20 - Loss: 0.8595
2026-04-21 00:16:50,182 | INFO | Epoch 6/20 - Loss: 0.8603
2026-04-21 00:16:50,227 | INFO | Epoch 7/20 - Loss: 0.8586
2026-04-21 00:16:50,272 | INFO | Epoch 8/20 - Loss: 0.8569
2026-04-21 00:16:50,317 | INFO | Epoch 9/20 - Loss: 0.8565
2026-04-21 00:16:50,362 | INFO | Epoch 10/20 - Loss: 0.8558
2026-04-21 00:16:50,407 | INFO | Epoch 11/20 - Loss: 0.8560
2026-04-21 00:16:50,453 | INFO | Epoch 12/20 - Loss: 0.8553
2026-04-21 00:16:50,498 | INFO | Epoch 13/20 - Loss: 0.8555
2026-04-21 00:16:50,543 | INFO | Epoch 14/20 - Loss: 0.8554
2026-04-21 00:16:50,589 | INFO | Epoch 15/20 - Loss: 0.8556
2026-04-21 00:16:50,634 | INFO | Epoch 16/20 - Loss: 0.8547
2026-04-21 00:16:50,684 | INFO | Epoch 17/20 - Loss: 0.8547
2026-04-21 00:16:50,733 | INFO | Epoch 18/20 - Loss: 0.8547
2026-04-21 00:16:50,778 | INFO | Epoch 19/20 - Loss: 0.8535
2026-04-21 00:16:50,823 | INFO | Epoch 20/20 - Loss: 0.8546
2026-04-21 00:16:50,824 | INFO | r-net saved to: ./r_nets/adult/iter_2/beta_05/r_net_inaccurate_not_trusting.pth
2026-04-21 00:16:50,835 | INFO | --- Training r-net for Beta: 0.7
2026-04-21 00:16:50,836 | INFO | Training r-net | User: inaccurate_not_trusting | Beta: 0.7 | Iter: 2
2026-04-21 00:16:51,610 | DEBUG | Input Tensor Shape: torch.Size([3574, 12])
2026-04-21 00:16:51,657 | INFO | Epoch 1/20 - Loss: 0.7218
2026-04-21 00:16:51,702 | INFO | Epoch 2/20 - Loss: 0.7014
2026-04-21 00:16:51,753 | INFO | Epoch 3/20 - Loss: 0.6645
2026-04-21 00:16:51,799 | INFO | Epoch 4/20 - Loss: 0.6423
2026-04-21 00:16:51,843 | INFO | Epoch 5/20 - Loss: 0.6391
2026-04-21 00:16:51,889 | INFO | Epoch 6/20 - Loss: 0.6372
2026-04-21 00:16:51,934 | INFO | Epoch 7/20 - Loss: 0.6366
2026-04-21 00:16:51,979 | INFO | Epoch 8/20 - Loss: 0.6358
2026-04-21 00:16:52,024 | INFO | Epoch 9/20 - Loss: 0.6362
2026-04-21 00:16:52,069 | INFO | Epoch 10/20 - Loss: 0.6349
2026-04-21 00:16:52,114 | INFO | Epoch 11/20 - Loss: 0.6353
2026-04-21 00:16:52,159 | INFO | Epoch 12/20 - Loss: 0.6354
2026-04-21 00:16:52,204 | INFO | Epoch 13/20 - Loss: 0.6348
2026-04-21 00:16:52,249 | INFO | Epoch 14/20 - Loss: 0.6346
2026-04-21 00:16:52,294 | INFO | Epoch 15/20 - Loss: 0.6347
2026-04-21 00:16:52,339 | INFO | Epoch 16/20 - Loss: 0.6333
2026-04-21 00:16:52,385 | INFO | Epoch 17/20 - Loss: 0.6334
2026-04-21 00:16:52,430 | INFO | Epoch 18/20 - Loss: 0.6334
2026-04-21 00:16:52,475 | INFO | Epoch 19/20 - Loss: 0.6328
2026-04-21 00:16:52,520 | INFO | Epoch 20/20 - Loss: 0.6328
2026-04-21 00:16:52,521 | INFO | r-net saved to: ./r_nets/adult/iter_2/beta_07/r_net_inaccurate_not_trusting.pth
2026-04-21 00:16:52,533 | INFO | --- Training r-net for Beta: 0.9
2026-04-21 00:16:52,533 | INFO | Training r-net | User: inaccurate_not_trusting | Beta: 0.9 | Iter: 2
2026-04-21 00:16:53,305 | DEBUG | Input Tensor Shape: torch.Size([3574, 12])
2026-04-21 00:16:53,353 | INFO | Epoch 1/20 - Loss: 0.4913
2026-04-21 00:16:53,398 | INFO | Epoch 2/20 - Loss: 0.4508
2026-04-21 00:16:53,443 | INFO | Epoch 3/20 - Loss: 0.4044
2026-04-21 00:16:53,488 | INFO | Epoch 4/20 - Loss: 0.3633
2026-04-21 00:16:53,533 | INFO | Epoch 5/20 - Loss: 0.3411
2026-04-21 00:16:53,577 | INFO | Epoch 6/20 - Loss: 0.3351
2026-04-21 00:16:53,622 | INFO | Epoch 7/20 - Loss: 0.3357
2026-04-21 00:16:53,667 | INFO | Epoch 8/20 - Loss: 0.3380
2026-04-21 00:16:53,712 | INFO | Epoch 9/20 - Loss: 0.3339
2026-04-21 00:16:53,757 | INFO | Epoch 10/20 - Loss: 0.3310
2026-04-21 00:16:53,802 | INFO | Epoch 11/20 - Loss: 0.3309
2026-04-21 00:16:53,847 | INFO | Epoch 12/20 - Loss: 0.3308
2026-04-21 00:16:53,892 | INFO | Epoch 13/20 - Loss: 0.3336
2026-04-21 00:16:53,937 | INFO | Epoch 14/20 - Loss: 0.3306
2026-04-21 00:16:53,982 | INFO | Epoch 15/20 - Loss: 0.3299
2026-04-21 00:16:54,026 | INFO | Epoch 16/20 - Loss: 0.3315
2026-04-21 00:16:54,071 | INFO | Epoch 17/20 - Loss: 0.3289
2026-04-21 00:16:54,116 | INFO | Epoch 18/20 - Loss: 0.3318
2026-04-21 00:16:54,161 | INFO | Epoch 19/20 - Loss: 0.3262
2026-04-21 00:16:54,206 | INFO | Epoch 20/20 - Loss: 0.3274
2026-04-21 00:16:54,207 | INFO | r-net saved to: ./r_nets/adult/iter_2/beta_09/r_net_inaccurate_not_trusting.pth
2026-04-21 00:16:54,220 | INFO | --- R-NET TRAINING FINISHED | User: inaccurate_not_trusting | DS: adult
2026-04-21 00:16:54,225 | INFO | STARTING R-NETS TRAINING | User: inaccurate_not_trusting | DS: adult
2026-04-21 00:16:54,226 | INFO | --- Calibrating for iteration 3 ---
2026-04-21 00:16:54,226 | INFO | --- Training r-net for Beta: 0.1
2026-04-21 00:16:54,226 | INFO | Training r-net | User: inaccurate_not_trusting | Beta: 0.1 | Iter: 3
2026-04-21 00:16:55,002 | DEBUG | Input Tensor Shape: torch.Size([3573, 12])
2026-04-21 00:16:55,048 | INFO | Epoch 1/20 - Loss: 1.1622
2026-04-21 00:16:55,092 | INFO | Epoch 2/20 - Loss: 1.1600
2026-04-21 00:16:55,137 | INFO | Epoch 3/20 - Loss: 1.1585
2026-04-21 00:16:55,181 | INFO | Epoch 4/20 - Loss: 1.1575
2026-04-21 00:16:55,225 | INFO | Epoch 5/20 - Loss: 1.1566
2026-04-21 00:16:55,269 | INFO | Epoch 6/20 - Loss: 1.1566
2026-04-21 00:16:55,313 | INFO | Epoch 7/20 - Loss: 1.1562
2026-04-21 00:16:55,358 | INFO | Epoch 8/20 - Loss: 1.1555
2026-04-21 00:16:55,402 | INFO | Epoch 9/20 - Loss: 1.1555
2026-04-21 00:16:55,446 | INFO | Epoch 10/20 - Loss: 1.1553
2026-04-21 00:16:55,490 | INFO | Epoch 11/20 - Loss: 1.1549
2026-04-21 00:16:55,535 | INFO | Epoch 12/20 - Loss: 1.1550
2026-04-21 00:16:55,579 | INFO | Epoch 13/20 - Loss: 1.1543
2026-04-21 00:16:55,623 | INFO | Epoch 14/20 - Loss: 1.1541
2026-04-21 00:16:55,668 | INFO | Epoch 15/20 - Loss: 1.1541
2026-04-21 00:16:55,712 | INFO | Epoch 16/20 - Loss: 1.1539
2026-04-21 00:16:55,756 | INFO | Epoch 17/20 - Loss: 1.1537
2026-04-21 00:16:55,801 | INFO | Epoch 18/20 - Loss: 1.1537
2026-04-21 00:16:55,845 | INFO | Epoch 19/20 - Loss: 1.1536
2026-04-21 00:16:55,889 | INFO | Epoch 20/20 - Loss: 1.1535
2026-04-21 00:16:55,890 | INFO | r-net saved to: ./r_nets/adult/iter_3/beta_01/r_net_inaccurate_not_trusting.pth
2026-04-21 00:16:55,903 | INFO | --- Training r-net for Beta: 0.3
2026-04-21 00:16:55,903 | INFO | Training r-net | User: inaccurate_not_trusting | Beta: 0.3 | Iter: 3
2026-04-21 00:16:56,674 | DEBUG | Input Tensor Shape: torch.Size([3573, 12])
2026-04-21 00:16:56,720 | INFO | Epoch 1/20 - Loss: 1.0216
2026-04-21 00:16:56,764 | INFO | Epoch 2/20 - Loss: 1.0195
2026-04-21 00:16:56,808 | INFO | Epoch 3/20 - Loss: 1.0183
2026-04-21 00:16:56,852 | INFO | Epoch 4/20 - Loss: 1.0180
2026-04-21 00:16:56,896 | INFO | Epoch 5/20 - Loss: 1.0173
2026-04-21 00:16:56,941 | INFO | Epoch 6/20 - Loss: 1.0171
2026-04-21 00:16:56,985 | INFO | Epoch 7/20 - Loss: 1.0169
2026-04-21 00:16:57,030 | INFO | Epoch 8/20 - Loss: 1.0168
2026-04-21 00:16:57,075 | INFO | Epoch 9/20 - Loss: 1.0169
2026-04-21 00:16:57,119 | INFO | Epoch 10/20 - Loss: 1.0164
2026-04-21 00:16:57,164 | INFO | Epoch 11/20 - Loss: 1.0161
2026-04-21 00:16:57,209 | INFO | Epoch 12/20 - Loss: 1.0162
2026-04-21 00:16:57,253 | INFO | Epoch 13/20 - Loss: 1.0157
2026-04-21 00:16:57,298 | INFO | Epoch 14/20 - Loss: 1.0158
2026-04-21 00:16:57,342 | INFO | Epoch 15/20 - Loss: 1.0160
2026-04-21 00:16:57,387 | INFO | Epoch 16/20 - Loss: 1.0154
2026-04-21 00:16:57,431 | INFO | Epoch 17/20 - Loss: 1.0157
2026-04-21 00:16:57,476 | INFO | Epoch 18/20 - Loss: 1.0153
2026-04-21 00:16:57,520 | INFO | Epoch 19/20 - Loss: 1.0155
2026-04-21 00:16:57,565 | INFO | Epoch 20/20 - Loss: 1.0152
2026-04-21 00:16:57,566 | INFO | r-net saved to: ./r_nets/adult/iter_3/beta_03/r_net_inaccurate_not_trusting.pth
2026-04-21 00:16:57,578 | INFO | --- Training r-net for Beta: 0.5
2026-04-21 00:16:57,578 | INFO | Training r-net | User: inaccurate_not_trusting | Beta: 0.5 | Iter: 3
2026-04-21 00:16:58,351 | DEBUG | Input Tensor Shape: torch.Size([3573, 12])
2026-04-21 00:16:58,396 | INFO | Epoch 1/20 - Loss: 0.8796
2026-04-21 00:16:58,440 | INFO | Epoch 2/20 - Loss: 0.8568
2026-04-21 00:16:58,484 | INFO | Epoch 3/20 - Loss: 0.8510
2026-04-21 00:16:58,528 | INFO | Epoch 4/20 - Loss: 0.8491
2026-04-21 00:16:58,572 | INFO | Epoch 5/20 - Loss: 0.8490
2026-04-21 00:16:58,616 | INFO | Epoch 6/20 - Loss: 0.8480
2026-04-21 00:16:58,660 | INFO | Epoch 7/20 - Loss: 0.8481
2026-04-21 00:16:58,704 | INFO | Epoch 8/20 - Loss: 0.8474
2026-04-21 00:16:58,748 | INFO | Epoch 9/20 - Loss: 0.8471
2026-04-21 00:16:58,792 | INFO | Epoch 10/20 - Loss: 0.8471
2026-04-21 00:16:58,836 | INFO | Epoch 11/20 - Loss: 0.8471
2026-04-21 00:16:58,881 | INFO | Epoch 12/20 - Loss: 0.8469
2026-04-21 00:16:58,925 | INFO | Epoch 13/20 - Loss: 0.8469
2026-04-21 00:16:58,970 | INFO | Epoch 14/20 - Loss: 0.8461
2026-04-21 00:16:59,014 | INFO | Epoch 15/20 - Loss: 0.8466
2026-04-21 00:16:59,059 | INFO | Epoch 16/20 - Loss: 0.8462
2026-04-21 00:16:59,103 | INFO | Epoch 17/20 - Loss: 0.8463
2026-04-21 00:16:59,148 | INFO | Epoch 18/20 - Loss: 0.8461
2026-04-21 00:16:59,192 | INFO | Epoch 19/20 - Loss: 0.8463
2026-04-21 00:16:59,237 | INFO | Epoch 20/20 - Loss: 0.8460
2026-04-21 00:16:59,238 | INFO | r-net saved to: ./r_nets/adult/iter_3/beta_05/r_net_inaccurate_not_trusting.pth
2026-04-21 00:16:59,250 | INFO | --- Training r-net for Beta: 0.7
2026-04-21 00:16:59,250 | INFO | Training r-net | User: inaccurate_not_trusting | Beta: 0.7 | Iter: 3
2026-04-21 00:17:00,024 | DEBUG | Input Tensor Shape: torch.Size([3573, 12])
2026-04-21 00:17:00,070 | INFO | Epoch 1/20 - Loss: 0.7213
2026-04-21 00:17:00,114 | INFO | Epoch 2/20 - Loss: 0.6819
2026-04-21 00:17:00,158 | INFO | Epoch 3/20 - Loss: 0.6527
2026-04-21 00:17:00,202 | INFO | Epoch 4/20 - Loss: 0.6436
2026-04-21 00:17:00,246 | INFO | Epoch 5/20 - Loss: 0.6405
2026-04-21 00:17:00,290 | INFO | Epoch 6/20 - Loss: 0.6404
2026-04-21 00:17:00,334 | INFO | Epoch 7/20 - Loss: 0.6392
2026-04-21 00:17:00,378 | INFO | Epoch 8/20 - Loss: 0.6397
2026-04-21 00:17:00,422 | INFO | Epoch 9/20 - Loss: 0.6382
2026-04-21 00:17:00,467 | INFO | Epoch 10/20 - Loss: 0.6370
2026-04-21 00:17:00,511 | INFO | Epoch 11/20 - Loss: 0.6376
2026-04-21 00:17:00,555 | INFO | Epoch 12/20 - Loss: 0.6375
2026-04-21 00:17:00,600 | INFO | Epoch 13/20 - Loss: 0.6349
2026-04-21 00:17:00,644 | INFO | Epoch 14/20 - Loss: 0.6359
2026-04-21 00:17:00,689 | INFO | Epoch 15/20 - Loss: 0.6329
2026-04-21 00:17:00,734 | INFO | Epoch 16/20 - Loss: 0.6330
2026-04-21 00:17:00,778 | INFO | Epoch 17/20 - Loss: 0.6341
2026-04-21 00:17:00,823 | INFO | Epoch 18/20 - Loss: 0.6325
2026-04-21 00:17:00,868 | INFO | Epoch 19/20 - Loss: 0.6315
2026-04-21 00:17:00,912 | INFO | Epoch 20/20 - Loss: 0.6303
2026-04-21 00:17:00,913 | INFO | r-net saved to: ./r_nets/adult/iter_3/beta_07/r_net_inaccurate_not_trusting.pth
2026-04-21 00:17:00,925 | INFO | --- Training r-net for Beta: 0.9
2026-04-21 00:17:00,925 | INFO | Training r-net | User: inaccurate_not_trusting | Beta: 0.9 | Iter: 3
2026-04-21 00:17:01,694 | DEBUG | Input Tensor Shape: torch.Size([3573, 12])
2026-04-21 00:17:01,739 | INFO | Epoch 1/20 - Loss: 0.6253
2026-04-21 00:17:01,783 | INFO | Epoch 2/20 - Loss: 0.5303
2026-04-21 00:17:01,827 | INFO | Epoch 3/20 - Loss: 0.4330
2026-04-21 00:17:01,871 | INFO | Epoch 4/20 - Loss: 0.3438
2026-04-21 00:17:01,915 | INFO | Epoch 5/20 - Loss: 0.3187
2026-04-21 00:17:01,960 | INFO | Epoch 6/20 - Loss: 0.3121
2026-04-21 00:17:02,004 | INFO | Epoch 7/20 - Loss: 0.3075
2026-04-21 00:17:02,049 | INFO | Epoch 8/20 - Loss: 0.3094
2026-04-21 00:17:02,094 | INFO | Epoch 9/20 - Loss: 0.3046
2026-04-21 00:17:02,138 | INFO | Epoch 10/20 - Loss: 0.3045
2026-04-21 00:17:02,182 | INFO | Epoch 11/20 - Loss: 0.3081
2026-04-21 00:17:02,227 | INFO | Epoch 12/20 - Loss: 0.3063
2026-04-21 00:17:02,272 | INFO | Epoch 13/20 - Loss: 0.3045
2026-04-21 00:17:02,316 | INFO | Epoch 14/20 - Loss: 0.3052
2026-04-21 00:17:02,361 | INFO | Epoch 15/20 - Loss: 0.3041
2026-04-21 00:17:02,406 | INFO | Epoch 16/20 - Loss: 0.3042
2026-04-21 00:17:02,450 | INFO | Epoch 17/20 - Loss: 0.3019
2026-04-21 00:17:02,495 | INFO | Epoch 18/20 - Loss: 0.3015
2026-04-21 00:17:02,539 | INFO | Epoch 19/20 - Loss: 0.3023
2026-04-21 00:17:02,584 | INFO | Epoch 20/20 - Loss: 0.3029
2026-04-21 00:17:02,585 | INFO | r-net saved to: ./r_nets/adult/iter_3/beta_09/r_net_inaccurate_not_trusting.pth
2026-04-21 00:17:02,597 | INFO | --- R-NET TRAINING FINISHED | User: inaccurate_not_trusting | DS: adult
