2026-04-20 05:35:13,605 | INFO | STARTING R-NETS TRAINING | User: inaccurate_trusting | DS: adult
2026-04-20 05:35:13,611 | INFO | --- Calibrating for iteration 1 ---
2026-04-20 05:35:13,611 | INFO | --- Training r-net for Beta: 0.1
2026-04-20 05:35:13,612 | INFO | Training r-net | User: inaccurate_trusting | Beta: 0.1 | Iter: 1
2026-04-20 05:35:14,374 | DEBUG | Input Tensor Shape: torch.Size([3577, 12])
2026-04-20 05:35:15,196 | INFO | Epoch 1/20 - Loss: 1.0834
2026-04-20 05:35:15,363 | INFO | Epoch 2/20 - Loss: 1.0760
2026-04-20 05:35:15,421 | INFO | Epoch 3/20 - Loss: 1.0725
2026-04-20 05:35:15,478 | INFO | Epoch 4/20 - Loss: 1.0691
2026-04-20 05:35:15,535 | INFO | Epoch 5/20 - Loss: 1.0686
2026-04-20 05:35:15,591 | INFO | Epoch 6/20 - Loss: 1.0676
2026-04-20 05:35:15,648 | INFO | Epoch 7/20 - Loss: 1.0677
2026-04-20 05:35:16,084 | INFO | Epoch 8/20 - Loss: 1.0665
2026-04-20 05:35:16,471 | INFO | Epoch 9/20 - Loss: 1.0675
2026-04-20 05:35:17,046 | INFO | Epoch 10/20 - Loss: 1.0669
2026-04-20 05:35:17,480 | INFO | Epoch 11/20 - Loss: 1.0658
2026-04-20 05:35:18,017 | INFO | Epoch 12/20 - Loss: 1.0665
2026-04-20 05:35:18,076 | INFO | Epoch 13/20 - Loss: 1.0667
2026-04-20 05:35:18,134 | INFO | Epoch 14/20 - Loss: 1.0655
2026-04-20 05:35:18,192 | INFO | Epoch 15/20 - Loss: 1.0656
2026-04-20 05:35:18,249 | INFO | Epoch 16/20 - Loss: 1.0662
2026-04-20 05:35:18,307 | INFO | Epoch 17/20 - Loss: 1.0652
2026-04-20 05:35:18,364 | INFO | Epoch 18/20 - Loss: 1.0649
2026-04-20 05:35:18,421 | INFO | Epoch 19/20 - Loss: 1.0658
2026-04-20 05:35:18,479 | INFO | Epoch 20/20 - Loss: 1.0659
2026-04-20 05:35:18,480 | INFO | r-net saved to: ./r_nets/adult/iter_1/beta_01/r_net_inaccurate_trusting.pth
2026-04-20 05:35:18,636 | INFO | --- Training r-net for Beta: 0.3
2026-04-20 05:35:18,636 | INFO | Training r-net | User: inaccurate_trusting | Beta: 0.3 | Iter: 1
2026-04-20 05:35:19,388 | DEBUG | Input Tensor Shape: torch.Size([3577, 12])
2026-04-20 05:35:19,703 | INFO | Epoch 1/20 - Loss: 0.9249
2026-04-20 05:35:19,781 | INFO | Epoch 2/20 - Loss: 0.9215
2026-04-20 05:35:19,858 | INFO | Epoch 3/20 - Loss: 0.9186
2026-04-20 05:35:19,936 | INFO | Epoch 4/20 - Loss: 0.9137
2026-04-20 05:35:20,014 | INFO | Epoch 5/20 - Loss: 0.9090
2026-04-20 05:35:20,249 | INFO | Epoch 6/20 - Loss: 0.9053
2026-04-20 05:35:20,767 | INFO | Epoch 7/20 - Loss: 0.9047
2026-04-20 05:35:21,123 | INFO | Epoch 8/20 - Loss: 0.9035
2026-04-20 05:35:21,179 | INFO | Epoch 9/20 - Loss: 0.9035
2026-04-20 05:35:21,235 | INFO | Epoch 10/20 - Loss: 0.9018
2026-04-20 05:35:21,292 | INFO | Epoch 11/20 - Loss: 0.9007
2026-04-20 05:35:21,348 | INFO | Epoch 12/20 - Loss: 0.9009
2026-04-20 05:35:21,404 | INFO | Epoch 13/20 - Loss: 0.9013
2026-04-20 05:35:21,459 | INFO | Epoch 14/20 - Loss: 0.9019
2026-04-20 05:35:21,515 | INFO | Epoch 15/20 - Loss: 0.9011
2026-04-20 05:35:21,571 | INFO | Epoch 16/20 - Loss: 0.8995
2026-04-20 05:35:21,627 | INFO | Epoch 17/20 - Loss: 0.9003
2026-04-20 05:35:21,684 | INFO | Epoch 18/20 - Loss: 0.9000
2026-04-20 05:35:21,740 | INFO | Epoch 19/20 - Loss: 0.9005
2026-04-20 05:35:21,913 | INFO | Epoch 20/20 - Loss: 0.8999
2026-04-20 05:35:21,914 | INFO | r-net saved to: ./r_nets/adult/iter_1/beta_03/r_net_inaccurate_trusting.pth
2026-04-20 05:35:21,934 | INFO | --- Training r-net for Beta: 0.5
2026-04-20 05:35:21,934 | INFO | Training r-net | User: inaccurate_trusting | Beta: 0.5 | Iter: 1
2026-04-20 05:35:22,694 | DEBUG | Input Tensor Shape: torch.Size([3577, 12])
2026-04-20 05:35:22,751 | INFO | Epoch 1/20 - Loss: 0.8246
2026-04-20 05:35:22,808 | INFO | Epoch 2/20 - Loss: 0.7623
2026-04-20 05:35:22,864 | INFO | Epoch 3/20 - Loss: 0.7145
2026-04-20 05:35:22,919 | INFO | Epoch 4/20 - Loss: 0.7045
2026-04-20 05:35:22,975 | INFO | Epoch 5/20 - Loss: 0.7004
2026-04-20 05:35:23,031 | INFO | Epoch 6/20 - Loss: 0.6966
2026-04-20 05:35:23,086 | INFO | Epoch 7/20 - Loss: 0.6969
2026-04-20 05:35:23,142 | INFO | Epoch 8/20 - Loss: 0.6969
2026-04-20 05:35:23,198 | INFO | Epoch 9/20 - Loss: 0.6960
2026-04-20 05:35:23,253 | INFO | Epoch 10/20 - Loss: 0.6924
2026-04-20 05:35:23,309 | INFO | Epoch 11/20 - Loss: 0.6956
2026-04-20 05:35:23,365 | INFO | Epoch 12/20 - Loss: 0.6934
2026-04-20 05:35:23,421 | INFO | Epoch 13/20 - Loss: 0.6935
2026-04-20 05:35:23,692 | INFO | Epoch 14/20 - Loss: 0.6944
2026-04-20 05:35:24,176 | INFO | Epoch 15/20 - Loss: 0.6912
2026-04-20 05:35:24,243 | INFO | Epoch 16/20 - Loss: 0.6942
2026-04-20 05:35:24,299 | INFO | Epoch 17/20 - Loss: 0.6912
2026-04-20 05:35:24,354 | INFO | Epoch 18/20 - Loss: 0.6906
2026-04-20 05:35:24,410 | INFO | Epoch 19/20 - Loss: 0.6897
2026-04-20 05:35:24,466 | INFO | Epoch 20/20 - Loss: 0.6893
2026-04-20 05:35:24,467 | INFO | r-net saved to: ./r_nets/adult/iter_1/beta_05/r_net_inaccurate_trusting.pth
2026-04-20 05:35:24,483 | INFO | --- Training r-net for Beta: 0.7
2026-04-20 05:35:24,483 | INFO | Training r-net | User: inaccurate_trusting | Beta: 0.7 | Iter: 1
2026-04-20 05:35:25,232 | DEBUG | Input Tensor Shape: torch.Size([3577, 12])
2026-04-20 05:35:25,907 | INFO | Epoch 1/20 - Loss: 0.6402
2026-04-20 05:35:26,528 | INFO | Epoch 2/20 - Loss: 0.5938
2026-04-20 05:35:26,834 | INFO | Epoch 3/20 - Loss: 0.5031
2026-04-20 05:35:26,891 | INFO | Epoch 4/20 - Loss: 0.4318
2026-04-20 05:35:26,947 | INFO | Epoch 5/20 - Loss: 0.4125
2026-04-20 05:35:27,004 | INFO | Epoch 6/20 - Loss: 0.4148
2026-04-20 05:35:27,060 | INFO | Epoch 7/20 - Loss: 0.4008
2026-04-20 05:35:27,117 | INFO | Epoch 8/20 - Loss: 0.3982
2026-04-20 05:35:27,179 | INFO | Epoch 9/20 - Loss: 0.3942
2026-04-20 05:35:27,235 | INFO | Epoch 10/20 - Loss: 0.4021
2026-04-20 05:35:27,292 | INFO | Epoch 11/20 - Loss: 0.3932
2026-04-20 05:35:27,348 | INFO | Epoch 12/20 - Loss: 0.3873
2026-04-20 05:35:27,404 | INFO | Epoch 13/20 - Loss: 0.3881
2026-04-20 05:35:27,460 | INFO | Epoch 14/20 - Loss: 0.3842
2026-04-20 05:35:27,516 | INFO | Epoch 15/20 - Loss: 0.3872
2026-04-20 05:35:27,571 | INFO | Epoch 16/20 - Loss: 0.3863
2026-04-20 05:35:27,628 | INFO | Epoch 17/20 - Loss: 0.3898
2026-04-20 05:35:27,683 | INFO | Epoch 18/20 - Loss: 0.3796
2026-04-20 05:35:27,739 | INFO | Epoch 19/20 - Loss: 0.3868
2026-04-20 05:35:27,795 | INFO | Epoch 20/20 - Loss: 0.3821
2026-04-20 05:35:27,796 | INFO | r-net saved to: ./r_nets/adult/iter_1/beta_07/r_net_inaccurate_trusting.pth
2026-04-20 05:35:27,812 | INFO | --- Training r-net for Beta: 0.9
2026-04-20 05:35:27,813 | INFO | Training r-net | User: inaccurate_trusting | Beta: 0.9 | Iter: 1
2026-04-20 05:35:28,572 | DEBUG | Input Tensor Shape: torch.Size([3577, 12])
2026-04-20 05:35:28,952 | INFO | Epoch 1/20 - Loss: 0.5125
2026-04-20 05:35:29,009 | INFO | Epoch 2/20 - Loss: 0.4362
2026-04-20 05:35:29,065 | INFO | Epoch 3/20 - Loss: 0.2928
2026-04-20 05:35:29,126 | INFO | Epoch 4/20 - Loss: 0.1027
2026-04-20 05:35:29,182 | INFO | Epoch 5/20 - Loss: -0.0834
2026-04-20 05:35:29,239 | INFO | Epoch 6/20 - Loss: -0.2617
2026-04-20 05:35:29,295 | INFO | Epoch 7/20 - Loss: -0.4172
2026-04-20 05:35:29,352 | INFO | Epoch 8/20 - Loss: -0.6398
2026-04-20 05:35:29,408 | INFO | Epoch 9/20 - Loss: -0.8935
2026-04-20 05:35:29,464 | INFO | Epoch 10/20 - Loss: -1.1821
2026-04-20 05:35:29,521 | INFO | Epoch 11/20 - Loss: -1.6872
2026-04-20 05:35:29,577 | INFO | Epoch 12/20 - Loss: -2.4514
2026-04-20 05:35:29,635 | INFO | Epoch 13/20 - Loss: -2.8744
2026-04-20 05:35:29,776 | INFO | Epoch 14/20 - Loss: -4.1162
2026-04-20 05:35:29,995 | INFO | Epoch 15/20 - Loss: -5.1783
2026-04-20 05:35:30,053 | INFO | Epoch 16/20 - Loss: -6.3350
2026-04-20 05:35:30,111 | INFO | Epoch 17/20 - Loss: -8.2550
2026-04-20 05:35:30,169 | INFO | Epoch 18/20 - Loss: -9.7865
2026-04-20 05:35:30,227 | INFO | Epoch 19/20 - Loss: -12.2068
2026-04-20 05:35:30,285 | INFO | Epoch 20/20 - Loss: -14.6584
2026-04-20 05:35:30,286 | INFO | r-net saved to: ./r_nets/adult/iter_1/beta_09/r_net_inaccurate_trusting.pth
2026-04-20 05:35:30,301 | INFO | --- R-NET TRAINING FINISHED | User: inaccurate_trusting | DS: adult
2026-04-20 05:35:30,306 | INFO | STARTING R-NETS TRAINING | User: inaccurate_trusting | DS: adult
2026-04-20 05:35:30,307 | INFO | --- Calibrating for iteration 2 ---
2026-04-20 05:35:30,307 | INFO | --- Training r-net for Beta: 0.1
2026-04-20 05:35:30,307 | INFO | Training r-net | User: inaccurate_trusting | Beta: 0.1 | Iter: 2
2026-04-20 05:35:31,069 | DEBUG | Input Tensor Shape: torch.Size([3574, 12])
2026-04-20 05:35:31,468 | INFO | Epoch 1/20 - Loss: 1.0290
2026-04-20 05:35:31,875 | INFO | Epoch 2/20 - Loss: 1.0263
2026-04-20 05:35:31,937 | INFO | Epoch 3/20 - Loss: 1.0245
2026-04-20 05:35:31,995 | INFO | Epoch 4/20 - Loss: 1.0232
2026-04-20 05:35:32,053 | INFO | Epoch 5/20 - Loss: 1.0218
2026-04-20 05:35:32,111 | INFO | Epoch 6/20 - Loss: 1.0220
2026-04-20 05:35:32,169 | INFO | Epoch 7/20 - Loss: 1.0207
2026-04-20 05:35:32,227 | INFO | Epoch 8/20 - Loss: 1.0213
2026-04-20 05:35:32,285 | INFO | Epoch 9/20 - Loss: 1.0205
2026-04-20 05:35:32,348 | INFO | Epoch 10/20 - Loss: 1.0202
2026-04-20 05:35:32,406 | INFO | Epoch 11/20 - Loss: 1.0199
2026-04-20 05:35:32,464 | INFO | Epoch 12/20 - Loss: 1.0202
2026-04-20 05:35:32,522 | INFO | Epoch 13/20 - Loss: 1.0191
2026-04-20 05:35:32,580 | INFO | Epoch 14/20 - Loss: 1.0198
2026-04-20 05:35:32,638 | INFO | Epoch 15/20 - Loss: 1.0189
2026-04-20 05:35:32,696 | INFO | Epoch 16/20 - Loss: 1.0192
2026-04-20 05:35:32,754 | INFO | Epoch 17/20 - Loss: 1.0183
2026-04-20 05:35:32,812 | INFO | Epoch 18/20 - Loss: 1.0182
2026-04-20 05:35:32,870 | INFO | Epoch 19/20 - Loss: 1.0184
2026-04-20 05:35:32,929 | INFO | Epoch 20/20 - Loss: 1.0185
2026-04-20 05:35:32,929 | INFO | r-net saved to: ./r_nets/adult/iter_2/beta_01/r_net_inaccurate_trusting.pth
2026-04-20 05:35:32,946 | INFO | --- Training r-net for Beta: 0.3
2026-04-20 05:35:32,946 | INFO | Training r-net | User: inaccurate_trusting | Beta: 0.3 | Iter: 2
2026-04-20 05:35:33,717 | DEBUG | Input Tensor Shape: torch.Size([3574, 12])
2026-04-20 05:35:34,612 | INFO | Epoch 1/20 - Loss: 0.9149
2026-04-20 05:35:35,575 | INFO | Epoch 2/20 - Loss: 0.8738
2026-04-20 05:35:35,631 | INFO | Epoch 3/20 - Loss: 0.8609
2026-04-20 05:35:35,757 | INFO | Epoch 4/20 - Loss: 0.8564
2026-04-20 05:35:35,813 | INFO | Epoch 5/20 - Loss: 0.8557
2026-04-20 05:35:35,868 | INFO | Epoch 6/20 - Loss: 0.8560
2026-04-20 05:35:35,924 | INFO | Epoch 7/20 - Loss: 0.8572
2026-04-20 05:35:36,065 | INFO | Epoch 8/20 - Loss: 0.8564
2026-04-20 05:35:36,334 | INFO | Epoch 9/20 - Loss: 0.8558
2026-04-20 05:35:37,018 | INFO | Epoch 10/20 - Loss: 0.8548
2026-04-20 05:35:37,145 | INFO | Epoch 11/20 - Loss: 0.8542
2026-04-20 05:35:37,201 | INFO | Epoch 12/20 - Loss: 0.8549
2026-04-20 05:35:37,257 | INFO | Epoch 13/20 - Loss: 0.8540
2026-04-20 05:35:37,316 | INFO | Epoch 14/20 - Loss: 0.8529
2026-04-20 05:35:37,372 | INFO | Epoch 15/20 - Loss: 0.8547
2026-04-20 05:35:37,428 | INFO | Epoch 16/20 - Loss: 0.8546
2026-04-20 05:35:37,485 | INFO | Epoch 17/20 - Loss: 0.8527
2026-04-20 05:35:37,795 | INFO | Epoch 18/20 - Loss: 0.8521
2026-04-20 05:35:37,852 | INFO | Epoch 19/20 - Loss: 0.8520
2026-04-20 05:35:37,913 | INFO | Epoch 20/20 - Loss: 0.8528
2026-04-20 05:35:37,914 | INFO | r-net saved to: ./r_nets/adult/iter_2/beta_03/r_net_inaccurate_trusting.pth
2026-04-20 05:35:37,934 | INFO | --- Training r-net for Beta: 0.5
2026-04-20 05:35:37,934 | INFO | Training r-net | User: inaccurate_trusting | Beta: 0.5 | Iter: 2
2026-04-20 05:35:38,687 | DEBUG | Input Tensor Shape: torch.Size([3574, 12])
2026-04-20 05:35:39,667 | INFO | Epoch 1/20 - Loss: 0.8029
2026-04-20 05:35:40,300 | INFO | Epoch 2/20 - Loss: 0.7649
2026-04-20 05:35:41,309 | INFO | Epoch 3/20 - Loss: 0.7024
2026-04-20 05:35:41,565 | INFO | Epoch 4/20 - Loss: 0.6540
2026-04-20 05:35:41,623 | INFO | Epoch 5/20 - Loss: 0.6426
2026-04-20 05:35:41,679 | INFO | Epoch 6/20 - Loss: 0.6420
2026-04-20 05:35:41,735 | INFO | Epoch 7/20 - Loss: 0.6395
2026-04-20 05:35:41,791 | INFO | Epoch 8/20 - Loss: 0.6375
2026-04-20 05:35:41,846 | INFO | Epoch 9/20 - Loss: 0.6383
2026-04-20 05:35:41,902 | INFO | Epoch 10/20 - Loss: 0.6378
2026-04-20 05:35:41,958 | INFO | Epoch 11/20 - Loss: 0.6376
2026-04-20 05:35:42,014 | INFO | Epoch 12/20 - Loss: 0.6336
2026-04-20 05:35:42,070 | INFO | Epoch 13/20 - Loss: 0.6348
2026-04-20 05:35:42,125 | INFO | Epoch 14/20 - Loss: 0.6343
2026-04-20 05:35:42,181 | INFO | Epoch 15/20 - Loss: 0.6343
2026-04-20 05:35:42,446 | INFO | Epoch 16/20 - Loss: 0.6296
2026-04-20 05:35:42,501 | INFO | Epoch 17/20 - Loss: 0.6320
2026-04-20 05:35:42,557 | INFO | Epoch 18/20 - Loss: 0.6319
2026-04-20 05:35:42,613 | INFO | Epoch 19/20 - Loss: 0.6341
2026-04-20 05:35:42,669 | INFO | Epoch 20/20 - Loss: 0.6308
2026-04-20 05:35:42,670 | INFO | r-net saved to: ./r_nets/adult/iter_2/beta_05/r_net_inaccurate_trusting.pth
2026-04-20 05:35:42,688 | INFO | --- Training r-net for Beta: 0.7
2026-04-20 05:35:42,688 | INFO | Training r-net | User: inaccurate_trusting | Beta: 0.7 | Iter: 2
2026-04-20 05:35:43,445 | DEBUG | Input Tensor Shape: torch.Size([3574, 12])
2026-04-20 05:35:43,974 | INFO | Epoch 1/20 - Loss: 0.5712
2026-04-20 05:35:44,290 | INFO | Epoch 2/20 - Loss: 0.5374
2026-04-20 05:35:44,348 | INFO | Epoch 3/20 - Loss: 0.4627
2026-04-20 05:35:44,404 | INFO | Epoch 4/20 - Loss: 0.3726
2026-04-20 05:35:44,459 | INFO | Epoch 5/20 - Loss: 0.3192
2026-04-20 05:35:44,515 | INFO | Epoch 6/20 - Loss: 0.3051
2026-04-20 05:35:44,571 | INFO | Epoch 7/20 - Loss: 0.3009
2026-04-20 05:35:44,630 | INFO | Epoch 8/20 - Loss: 0.2992
2026-04-20 05:35:44,686 | INFO | Epoch 9/20 - Loss: 0.2978
2026-04-20 05:35:44,742 | INFO | Epoch 10/20 - Loss: 0.2981
2026-04-20 05:35:44,797 | INFO | Epoch 11/20 - Loss: 0.2922
2026-04-20 05:35:44,853 | INFO | Epoch 12/20 - Loss: 0.2937
2026-04-20 05:35:44,908 | INFO | Epoch 13/20 - Loss: 0.2870
2026-04-20 05:35:44,963 | INFO | Epoch 14/20 - Loss: 0.2900
2026-04-20 05:35:45,019 | INFO | Epoch 15/20 - Loss: 0.2947
2026-04-20 05:35:45,074 | INFO | Epoch 16/20 - Loss: 0.2928
2026-04-20 05:35:45,130 | INFO | Epoch 17/20 - Loss: 0.2884
2026-04-20 05:35:45,185 | INFO | Epoch 18/20 - Loss: 0.2950
2026-04-20 05:35:45,241 | INFO | Epoch 19/20 - Loss: 0.2874
2026-04-20 05:35:45,296 | INFO | Epoch 20/20 - Loss: 0.2900
2026-04-20 05:35:45,298 | INFO | r-net saved to: ./r_nets/adult/iter_2/beta_07/r_net_inaccurate_trusting.pth
2026-04-20 05:35:45,316 | INFO | --- Training r-net for Beta: 0.9
2026-04-20 05:35:45,316 | INFO | Training r-net | User: inaccurate_trusting | Beta: 0.9 | Iter: 2
2026-04-20 05:35:46,075 | DEBUG | Input Tensor Shape: torch.Size([3574, 12])
2026-04-20 05:35:46,314 | INFO | Epoch 1/20 - Loss: 0.3080
2026-04-20 05:35:46,369 | INFO | Epoch 2/20 - Loss: 0.2427
2026-04-20 05:35:46,427 | INFO | Epoch 3/20 - Loss: 0.1541
2026-04-20 05:35:46,482 | INFO | Epoch 4/20 - Loss: 0.0392
2026-04-20 05:35:46,678 | INFO | Epoch 5/20 - Loss: -0.0878
2026-04-20 05:35:46,822 | INFO | Epoch 6/20 - Loss: -0.2154
2026-04-20 05:35:46,877 | INFO | Epoch 7/20 - Loss: -0.3502
2026-04-20 05:35:46,933 | INFO | Epoch 8/20 - Loss: -0.5098
2026-04-20 05:35:46,989 | INFO | Epoch 9/20 - Loss: -0.7149
2026-04-20 05:35:47,044 | INFO | Epoch 10/20 - Loss: -0.9123
2026-04-20 05:35:47,264 | INFO | Epoch 11/20 - Loss: -1.1758
2026-04-20 05:35:47,507 | INFO | Epoch 12/20 - Loss: -1.6399
2026-04-20 05:35:47,563 | INFO | Epoch 13/20 - Loss: -2.0502
2026-04-20 05:35:47,618 | INFO | Epoch 14/20 - Loss: -2.6769
2026-04-20 05:35:47,674 | INFO | Epoch 15/20 - Loss: -3.2915
2026-04-20 05:35:47,729 | INFO | Epoch 16/20 - Loss: -4.0958
2026-04-20 05:35:47,786 | INFO | Epoch 17/20 - Loss: -4.9872
2026-04-20 05:35:47,841 | INFO | Epoch 18/20 - Loss: -6.3968
2026-04-20 05:35:47,897 | INFO | Epoch 19/20 - Loss: -7.4860
2026-04-20 05:35:47,952 | INFO | Epoch 20/20 - Loss: -8.7912
2026-04-20 05:35:47,954 | INFO | r-net saved to: ./r_nets/adult/iter_2/beta_09/r_net_inaccurate_trusting.pth
2026-04-20 05:35:47,973 | INFO | --- R-NET TRAINING FINISHED | User: inaccurate_trusting | DS: adult
2026-04-20 05:35:47,979 | INFO | STARTING R-NETS TRAINING | User: inaccurate_trusting | DS: adult
2026-04-20 05:35:47,980 | INFO | --- Calibrating for iteration 3 ---
2026-04-20 05:35:47,980 | INFO | --- Training r-net for Beta: 0.1
2026-04-20 05:35:47,980 | INFO | Training r-net | User: inaccurate_trusting | Beta: 0.1 | Iter: 3
2026-04-20 05:35:48,736 | DEBUG | Input Tensor Shape: torch.Size([3573, 12])
2026-04-20 05:35:49,251 | INFO | Epoch 1/20 - Loss: 1.0239
2026-04-20 05:35:49,872 | INFO | Epoch 2/20 - Loss: 1.0051
2026-04-20 05:35:49,928 | INFO | Epoch 3/20 - Loss: 1.0038
2026-04-20 05:35:50,000 | INFO | Epoch 4/20 - Loss: 1.0017
2026-04-20 05:35:50,171 | INFO | Epoch 5/20 - Loss: 1.0004
2026-04-20 05:35:50,235 | INFO | Epoch 6/20 - Loss: 1.0012
2026-04-20 05:35:50,293 | INFO | Epoch 7/20 - Loss: 1.0003
2026-04-20 05:35:50,350 | INFO | Epoch 8/20 - Loss: 0.9990
2026-04-20 05:35:50,406 | INFO | Epoch 9/20 - Loss: 0.9992
2026-04-20 05:35:50,463 | INFO | Epoch 10/20 - Loss: 0.9989
2026-04-20 05:35:50,519 | INFO | Epoch 11/20 - Loss: 0.9976
2026-04-20 05:35:50,576 | INFO | Epoch 12/20 - Loss: 0.9969
2026-04-20 05:35:50,632 | INFO | Epoch 13/20 - Loss: 0.9967
2026-04-20 05:35:50,751 | INFO | Epoch 14/20 - Loss: 0.9969
2026-04-20 05:35:50,814 | INFO | Epoch 15/20 - Loss: 0.9967
2026-04-20 05:35:50,870 | INFO | Epoch 16/20 - Loss: 0.9971
2026-04-20 05:35:50,927 | INFO | Epoch 17/20 - Loss: 0.9970
2026-04-20 05:35:50,983 | INFO | Epoch 18/20 - Loss: 0.9963
2026-04-20 05:35:51,040 | INFO | Epoch 19/20 - Loss: 0.9956
2026-04-20 05:35:51,096 | INFO | Epoch 20/20 - Loss: 0.9963
2026-04-20 05:35:51,098 | INFO | r-net saved to: ./r_nets/adult/iter_3/beta_01/r_net_inaccurate_trusting.pth
2026-04-20 05:35:51,118 | INFO | --- Training r-net for Beta: 0.3
2026-04-20 05:35:51,119 | INFO | Training r-net | User: inaccurate_trusting | Beta: 0.3 | Iter: 3
2026-04-20 05:35:51,872 | DEBUG | Input Tensor Shape: torch.Size([3573, 12])
2026-04-20 05:35:52,061 | INFO | Epoch 1/20 - Loss: 0.8394
2026-04-20 05:35:52,121 | INFO | Epoch 2/20 - Loss: 0.8270
2026-04-20 05:35:52,178 | INFO | Epoch 3/20 - Loss: 0.8251
2026-04-20 05:35:52,236 | INFO | Epoch 4/20 - Loss: 0.8255
2026-04-20 05:35:52,296 | INFO | Epoch 5/20 - Loss: 0.8238
2026-04-20 05:35:52,352 | INFO | Epoch 6/20 - Loss: 0.8231
2026-04-20 05:35:52,409 | INFO | Epoch 7/20 - Loss: 0.8233
2026-04-20 05:35:52,466 | INFO | Epoch 8/20 - Loss: 0.8223
2026-04-20 05:35:52,523 | INFO | Epoch 9/20 - Loss: 0.8226
2026-04-20 05:35:52,579 | INFO | Epoch 10/20 - Loss: 0.8215
2026-04-20 05:35:52,636 | INFO | Epoch 11/20 - Loss: 0.8228
2026-04-20 05:35:52,692 | INFO | Epoch 12/20 - Loss: 0.8225
2026-04-20 05:35:52,751 | INFO | Epoch 13/20 - Loss: 0.8212
2026-04-20 05:35:52,807 | INFO | Epoch 14/20 - Loss: 0.8219
2026-04-20 05:35:52,862 | INFO | Epoch 15/20 - Loss: 0.8214
2026-04-20 05:35:52,918 | INFO | Epoch 16/20 - Loss: 0.8216
2026-04-20 05:35:52,974 | INFO | Epoch 17/20 - Loss: 0.8213
2026-04-20 05:35:53,029 | INFO | Epoch 18/20 - Loss: 0.8212
2026-04-20 05:35:53,282 | INFO | Epoch 19/20 - Loss: 0.8211
2026-04-20 05:35:53,613 | INFO | Epoch 20/20 - Loss: 0.8198
2026-04-20 05:35:53,614 | INFO | r-net saved to: ./r_nets/adult/iter_3/beta_03/r_net_inaccurate_trusting.pth
2026-04-20 05:35:53,761 | INFO | --- Training r-net for Beta: 0.5
2026-04-20 05:35:53,761 | INFO | Training r-net | User: inaccurate_trusting | Beta: 0.5 | Iter: 3
2026-04-20 05:35:54,510 | DEBUG | Input Tensor Shape: torch.Size([3573, 12])
2026-04-20 05:35:55,674 | INFO | Epoch 1/20 - Loss: 0.7163
2026-04-20 05:35:56,155 | INFO | Epoch 2/20 - Loss: 0.6594
2026-04-20 05:35:56,610 | INFO | Epoch 3/20 - Loss: 0.6070
2026-04-20 05:35:56,665 | INFO | Epoch 4/20 - Loss: 0.5980
2026-04-20 05:35:56,722 | INFO | Epoch 5/20 - Loss: 0.5957
2026-04-20 05:35:56,778 | INFO | Epoch 6/20 - Loss: 0.5962
2026-04-20 05:35:56,833 | INFO | Epoch 7/20 - Loss: 0.5982
2026-04-20 05:35:56,889 | INFO | Epoch 8/20 - Loss: 0.5962
2026-04-20 05:35:56,944 | INFO | Epoch 9/20 - Loss: 0.5959
2026-04-20 05:35:57,000 | INFO | Epoch 10/20 - Loss: 0.5973
2026-04-20 05:35:57,055 | INFO | Epoch 11/20 - Loss: 0.5960
2026-04-20 05:35:57,110 | INFO | Epoch 12/20 - Loss: 0.5949
2026-04-20 05:35:57,166 | INFO | Epoch 13/20 - Loss: 0.5964
2026-04-20 05:35:57,222 | INFO | Epoch 14/20 - Loss: 0.5942
2026-04-20 05:35:57,277 | INFO | Epoch 15/20 - Loss: 0.5929
2026-04-20 05:35:57,332 | INFO | Epoch 16/20 - Loss: 0.5920
2026-04-20 05:35:57,388 | INFO | Epoch 17/20 - Loss: 0.5920
2026-04-20 05:35:57,443 | INFO | Epoch 18/20 - Loss: 0.5945
2026-04-20 05:35:57,498 | INFO | Epoch 19/20 - Loss: 0.5942
2026-04-20 05:35:57,554 | INFO | Epoch 20/20 - Loss: 0.5931
2026-04-20 05:35:57,555 | INFO | r-net saved to: ./r_nets/adult/iter_3/beta_05/r_net_inaccurate_trusting.pth
2026-04-20 05:35:57,575 | INFO | --- Training r-net for Beta: 0.7
2026-04-20 05:35:57,575 | INFO | Training r-net | User: inaccurate_trusting | Beta: 0.7 | Iter: 3
2026-04-20 05:35:58,329 | DEBUG | Input Tensor Shape: torch.Size([3573, 12])
2026-04-20 05:35:58,887 | INFO | Epoch 1/20 - Loss: 0.5512
2026-04-20 05:35:58,943 | INFO | Epoch 2/20 - Loss: 0.4827
2026-04-20 05:35:58,998 | INFO | Epoch 3/20 - Loss: 0.4089
2026-04-20 05:35:59,053 | INFO | Epoch 4/20 - Loss: 0.3480
2026-04-20 05:35:59,108 | INFO | Epoch 5/20 - Loss: 0.3006
2026-04-20 05:35:59,164 | INFO | Epoch 6/20 - Loss: 0.2581
2026-04-20 05:35:59,220 | INFO | Epoch 7/20 - Loss: 0.2467
2026-04-20 05:35:59,279 | INFO | Epoch 8/20 - Loss: 0.2615
2026-04-20 05:35:59,471 | INFO | Epoch 9/20 - Loss: 0.2541
2026-04-20 05:36:00,101 | INFO | Epoch 10/20 - Loss: 0.2515
2026-04-20 05:36:00,516 | INFO | Epoch 11/20 - Loss: 0.2568
2026-04-20 05:36:00,571 | INFO | Epoch 12/20 - Loss: 0.2514
2026-04-20 05:36:00,627 | INFO | Epoch 13/20 - Loss: 0.2515
2026-04-20 05:36:00,682 | INFO | Epoch 14/20 - Loss: 0.2353
2026-04-20 05:36:00,738 | INFO | Epoch 15/20 - Loss: 0.2398
2026-04-20 05:36:00,796 | INFO | Epoch 16/20 - Loss: 0.2567
2026-04-20 05:36:00,852 | INFO | Epoch 17/20 - Loss: 0.2481
2026-04-20 05:36:00,979 | INFO | Epoch 18/20 - Loss: 0.2473
2026-04-20 05:36:01,035 | INFO | Epoch 19/20 - Loss: 0.2407
2026-04-20 05:36:01,090 | INFO | Epoch 20/20 - Loss: 0.2445
2026-04-20 05:36:01,092 | INFO | r-net saved to: ./r_nets/adult/iter_3/beta_07/r_net_inaccurate_trusting.pth
2026-04-20 05:36:01,111 | INFO | --- Training r-net for Beta: 0.9
2026-04-20 05:36:01,111 | INFO | Training r-net | User: inaccurate_trusting | Beta: 0.9 | Iter: 3
2026-04-20 05:36:01,894 | DEBUG | Input Tensor Shape: torch.Size([3573, 12])
2026-04-20 05:36:02,003 | INFO | Epoch 1/20 - Loss: 0.4727
2026-04-20 05:36:02,059 | INFO | Epoch 2/20 - Loss: 0.3404
2026-04-20 05:36:02,115 | INFO | Epoch 3/20 - Loss: 0.1694
2026-04-20 05:36:02,170 | INFO | Epoch 4/20 - Loss: -0.0653
2026-04-20 05:36:02,226 | INFO | Epoch 5/20 - Loss: -0.3143
2026-04-20 05:36:02,281 | INFO | Epoch 6/20 - Loss: -0.5793
2026-04-20 05:36:02,337 | INFO | Epoch 7/20 - Loss: -0.9268
2026-04-20 05:36:02,392 | INFO | Epoch 8/20 - Loss: -1.4667
2026-04-20 05:36:02,448 | INFO | Epoch 9/20 - Loss: -2.2864
2026-04-20 05:36:02,505 | INFO | Epoch 10/20 - Loss: -3.2689
2026-04-20 05:36:02,566 | INFO | Epoch 11/20 - Loss: -4.6908
2026-04-20 05:36:02,622 | INFO | Epoch 12/20 - Loss: -6.3187
2026-04-20 05:36:02,678 | INFO | Epoch 13/20 - Loss: -8.8169
2026-04-20 05:36:02,846 | INFO | Epoch 14/20 - Loss: -11.6812
2026-04-20 05:36:02,901 | INFO | Epoch 15/20 - Loss: -15.2267
2026-04-20 05:36:02,956 | INFO | Epoch 16/20 - Loss: -19.2755
2026-04-20 05:36:03,011 | INFO | Epoch 17/20 - Loss: -23.7734
2026-04-20 05:36:03,067 | INFO | Epoch 18/20 - Loss: -29.1427
2026-04-20 05:36:03,122 | INFO | Epoch 19/20 - Loss: -35.6333
2026-04-20 05:36:03,177 | INFO | Epoch 20/20 - Loss: -40.7668
2026-04-20 05:36:03,178 | INFO | r-net saved to: ./r_nets/adult/iter_3/beta_09/r_net_inaccurate_trusting.pth
2026-04-20 05:36:03,192 | INFO | --- R-NET TRAINING FINISHED | User: inaccurate_trusting | DS: adult
