2026-04-19 17:55:44,769 | INFO | STARTING R-NETS TRAINING | User: accurate_trusting | DS: dutch
2026-04-19 17:55:44,770 | INFO | --- Calibrating for iteration 1 ---
2026-04-19 17:55:44,770 | INFO | --- Training r-net for Beta: 0.1
2026-04-19 17:55:44,771 | INFO | Training r-net | User: accurate_trusting | Beta: 0.1 | Iter: 1
2026-04-19 17:55:45,299 | DEBUG | Input Tensor Shape: torch.Size([2406, 11])
2026-04-19 17:55:45,332 | INFO | Epoch 1/20 - Loss: 1.1394
2026-04-19 17:55:45,362 | INFO | Epoch 2/20 - Loss: 1.1335
2026-04-19 17:55:45,392 | INFO | Epoch 3/20 - Loss: 1.1314
2026-04-19 17:55:45,422 | INFO | Epoch 4/20 - Loss: 1.1303
2026-04-19 17:55:45,452 | INFO | Epoch 5/20 - Loss: 1.1293
2026-04-19 17:55:45,482 | INFO | Epoch 6/20 - Loss: 1.1281
2026-04-19 17:55:45,512 | INFO | Epoch 7/20 - Loss: 1.1283
2026-04-19 17:55:45,542 | INFO | Epoch 8/20 - Loss: 1.1279
2026-04-19 17:55:45,572 | INFO | Epoch 9/20 - Loss: 1.1275
2026-04-19 17:55:45,602 | INFO | Epoch 10/20 - Loss: 1.1262
2026-04-19 17:55:45,632 | INFO | Epoch 11/20 - Loss: 1.1269
2026-04-19 17:55:45,662 | INFO | Epoch 12/20 - Loss: 1.1264
2026-04-19 17:55:45,692 | INFO | Epoch 13/20 - Loss: 1.1261
2026-04-19 17:55:45,722 | INFO | Epoch 14/20 - Loss: 1.1251
2026-04-19 17:55:45,752 | INFO | Epoch 15/20 - Loss: 1.1253
2026-04-19 17:55:45,782 | INFO | Epoch 16/20 - Loss: 1.1251
2026-04-19 17:55:45,812 | INFO | Epoch 17/20 - Loss: 1.1255
2026-04-19 17:55:45,842 | INFO | Epoch 18/20 - Loss: 1.1247
2026-04-19 17:55:45,872 | INFO | Epoch 19/20 - Loss: 1.1251
2026-04-19 17:55:45,902 | INFO | Epoch 20/20 - Loss: 1.1247
2026-04-19 17:55:45,902 | INFO | r-net saved to: ./r_nets/dutch/iter_1/beta_01/r_net_accurate_trusting.pth
2026-04-19 17:55:45,914 | INFO | --- Training r-net for Beta: 0.3
2026-04-19 17:55:45,914 | INFO | Training r-net | User: accurate_trusting | Beta: 0.3 | Iter: 1
2026-04-19 17:55:46,430 | DEBUG | Input Tensor Shape: torch.Size([2406, 11])
2026-04-19 17:55:46,462 | INFO | Epoch 1/20 - Loss: 0.9951
2026-04-19 17:55:46,492 | INFO | Epoch 2/20 - Loss: 0.9948
2026-04-19 17:55:46,522 | INFO | Epoch 3/20 - Loss: 0.9946
2026-04-19 17:55:46,552 | INFO | Epoch 4/20 - Loss: 0.9943
2026-04-19 17:55:46,582 | INFO | Epoch 5/20 - Loss: 0.9941
2026-04-19 17:55:46,612 | INFO | Epoch 6/20 - Loss: 0.9935
2026-04-19 17:55:46,642 | INFO | Epoch 7/20 - Loss: 0.9938
2026-04-19 17:55:46,672 | INFO | Epoch 8/20 - Loss: 0.9934
2026-04-19 17:55:46,702 | INFO | Epoch 9/20 - Loss: 0.9933
2026-04-19 17:55:46,732 | INFO | Epoch 10/20 - Loss: 0.9930
2026-04-19 17:55:46,761 | INFO | Epoch 11/20 - Loss: 0.9929
2026-04-19 17:55:46,791 | INFO | Epoch 12/20 - Loss: 0.9924
2026-04-19 17:55:46,821 | INFO | Epoch 13/20 - Loss: 0.9928
2026-04-19 17:55:46,851 | INFO | Epoch 14/20 - Loss: 0.9924
2026-04-19 17:55:46,881 | INFO | Epoch 15/20 - Loss: 0.9923
2026-04-19 17:55:46,911 | INFO | Epoch 16/20 - Loss: 0.9925
2026-04-19 17:55:46,941 | INFO | Epoch 17/20 - Loss: 0.9924
2026-04-19 17:55:46,971 | INFO | Epoch 18/20 - Loss: 0.9923
2026-04-19 17:55:47,001 | INFO | Epoch 19/20 - Loss: 0.9922
2026-04-19 17:55:47,031 | INFO | Epoch 20/20 - Loss: 0.9919
2026-04-19 17:55:47,032 | INFO | r-net saved to: ./r_nets/dutch/iter_1/beta_03/r_net_accurate_trusting.pth
2026-04-19 17:55:47,043 | INFO | --- Training r-net for Beta: 0.5
2026-04-19 17:55:47,043 | INFO | Training r-net | User: accurate_trusting | Beta: 0.5 | Iter: 1
2026-04-19 17:55:47,567 | DEBUG | Input Tensor Shape: torch.Size([2406, 11])
2026-04-19 17:55:47,599 | INFO | Epoch 1/20 - Loss: 0.8326
2026-04-19 17:55:47,629 | INFO | Epoch 2/20 - Loss: 0.8315
2026-04-19 17:55:47,659 | INFO | Epoch 3/20 - Loss: 0.8309
2026-04-19 17:55:47,689 | INFO | Epoch 4/20 - Loss: 0.8309
2026-04-19 17:55:47,719 | INFO | Epoch 5/20 - Loss: 0.8305
2026-04-19 17:55:47,749 | INFO | Epoch 6/20 - Loss: 0.8311
2026-04-19 17:55:47,779 | INFO | Epoch 7/20 - Loss: 0.8308
2026-04-19 17:55:47,809 | INFO | Epoch 8/20 - Loss: 0.8306
2026-04-19 17:55:47,839 | INFO | Epoch 9/20 - Loss: 0.8304
2026-04-19 17:55:47,869 | INFO | Epoch 10/20 - Loss: 0.8303
2026-04-19 17:55:47,899 | INFO | Epoch 11/20 - Loss: 0.8302
2026-04-19 17:55:47,929 | INFO | Epoch 12/20 - Loss: 0.8300
2026-04-19 17:55:47,959 | INFO | Epoch 13/20 - Loss: 0.8302
2026-04-19 17:55:47,989 | INFO | Epoch 14/20 - Loss: 0.8305
2026-04-19 17:55:48,020 | INFO | Epoch 15/20 - Loss: 0.8295
2026-04-19 17:55:48,050 | INFO | Epoch 16/20 - Loss: 0.8301
2026-04-19 17:55:48,080 | INFO | Epoch 17/20 - Loss: 0.8296
2026-04-19 17:55:48,116 | INFO | Epoch 18/20 - Loss: 0.8300
2026-04-19 17:55:48,146 | INFO | Epoch 19/20 - Loss: 0.8298
2026-04-19 17:55:48,175 | INFO | Epoch 20/20 - Loss: 0.8298
2026-04-19 17:55:48,176 | INFO | r-net saved to: ./r_nets/dutch/iter_1/beta_05/r_net_accurate_trusting.pth
2026-04-19 17:55:48,188 | INFO | --- Training r-net for Beta: 0.7
2026-04-19 17:55:48,188 | INFO | Training r-net | User: accurate_trusting | Beta: 0.7 | Iter: 1
2026-04-19 17:55:48,711 | DEBUG | Input Tensor Shape: torch.Size([2406, 11])
2026-04-19 17:55:48,749 | INFO | Epoch 1/20 - Loss: 0.6598
2026-04-19 17:55:48,780 | INFO | Epoch 2/20 - Loss: 0.6408
2026-04-19 17:55:48,809 | INFO | Epoch 3/20 - Loss: 0.6294
2026-04-19 17:55:48,839 | INFO | Epoch 4/20 - Loss: 0.6238
2026-04-19 17:55:48,869 | INFO | Epoch 5/20 - Loss: 0.6228
2026-04-19 17:55:48,906 | INFO | Epoch 6/20 - Loss: 0.6230
2026-04-19 17:55:48,936 | INFO | Epoch 7/20 - Loss: 0.6225
2026-04-19 17:55:48,966 | INFO | Epoch 8/20 - Loss: 0.6218
2026-04-19 17:55:48,996 | INFO | Epoch 9/20 - Loss: 0.6216
2026-04-19 17:55:49,026 | INFO | Epoch 10/20 - Loss: 0.6216
2026-04-19 17:55:49,062 | INFO | Epoch 11/20 - Loss: 0.6206
2026-04-19 17:55:49,092 | INFO | Epoch 12/20 - Loss: 0.6213
2026-04-19 17:55:49,122 | INFO | Epoch 13/20 - Loss: 0.6195
2026-04-19 17:55:49,152 | INFO | Epoch 14/20 - Loss: 0.6200
2026-04-19 17:55:49,182 | INFO | Epoch 15/20 - Loss: 0.6201
2026-04-19 17:55:49,212 | INFO | Epoch 16/20 - Loss: 0.6191
2026-04-19 17:55:49,242 | INFO | Epoch 17/20 - Loss: 0.6197
2026-04-19 17:55:49,272 | INFO | Epoch 18/20 - Loss: 0.6193
2026-04-19 17:55:49,302 | INFO | Epoch 19/20 - Loss: 0.6180
2026-04-19 17:55:49,332 | INFO | Epoch 20/20 - Loss: 0.6188
2026-04-19 17:55:49,333 | INFO | r-net saved to: ./r_nets/dutch/iter_1/beta_07/r_net_accurate_trusting.pth
2026-04-19 17:55:49,347 | INFO | --- Training r-net for Beta: 0.9
2026-04-19 17:55:49,347 | INFO | Training r-net | User: accurate_trusting | Beta: 0.9 | Iter: 1
2026-04-19 17:55:49,870 | DEBUG | Input Tensor Shape: torch.Size([2406, 11])
2026-04-19 17:55:49,902 | INFO | Epoch 1/20 - Loss: 0.5282
2026-04-19 17:55:49,932 | INFO | Epoch 2/20 - Loss: 0.5013
2026-04-19 17:55:49,962 | INFO | Epoch 3/20 - Loss: 0.4741
2026-04-19 17:55:49,992 | INFO | Epoch 4/20 - Loss: 0.4369
2026-04-19 17:55:50,022 | INFO | Epoch 5/20 - Loss: 0.3910
2026-04-19 17:55:50,052 | INFO | Epoch 6/20 - Loss: 0.3525
2026-04-19 17:55:50,081 | INFO | Epoch 7/20 - Loss: 0.3240
2026-04-19 17:55:50,111 | INFO | Epoch 8/20 - Loss: 0.3132
2026-04-19 17:55:50,141 | INFO | Epoch 9/20 - Loss: 0.3122
2026-04-19 17:55:50,171 | INFO | Epoch 10/20 - Loss: 0.3117
2026-04-19 17:55:50,201 | INFO | Epoch 11/20 - Loss: 0.3104
2026-04-19 17:55:50,231 | INFO | Epoch 12/20 - Loss: 0.3102
2026-04-19 17:55:50,263 | INFO | Epoch 13/20 - Loss: 0.3120
2026-04-19 17:55:50,293 | INFO | Epoch 14/20 - Loss: 0.3103
2026-04-19 17:55:50,322 | INFO | Epoch 15/20 - Loss: 0.3081
2026-04-19 17:55:50,352 | INFO | Epoch 16/20 - Loss: 0.3106
2026-04-19 17:55:50,382 | INFO | Epoch 17/20 - Loss: 0.3105
2026-04-19 17:55:50,412 | INFO | Epoch 18/20 - Loss: 0.3071
2026-04-19 17:55:50,445 | INFO | Epoch 19/20 - Loss: 0.3084
2026-04-19 17:55:50,475 | INFO | Epoch 20/20 - Loss: 0.3062
2026-04-19 17:55:50,476 | INFO | r-net saved to: ./r_nets/dutch/iter_1/beta_09/r_net_accurate_trusting.pth
2026-04-19 17:55:50,490 | INFO | --- R-NET TRAINING FINISHED | User: accurate_trusting | DS: dutch
2026-04-19 17:55:50,495 | INFO | STARTING R-NETS TRAINING | User: accurate_trusting | DS: dutch
2026-04-19 17:55:50,496 | INFO | --- Calibrating for iteration 2 ---
2026-04-19 17:55:50,496 | INFO | --- Training r-net for Beta: 0.1
2026-04-19 17:55:50,496 | INFO | Training r-net | User: accurate_trusting | Beta: 0.1 | Iter: 2
2026-04-19 17:55:51,046 | DEBUG | Input Tensor Shape: torch.Size([2418, 11])
2026-04-19 17:55:51,086 | INFO | Epoch 1/20 - Loss: 1.0971
2026-04-19 17:55:51,116 | INFO | Epoch 2/20 - Loss: 1.0966
2026-04-19 17:55:51,146 | INFO | Epoch 3/20 - Loss: 1.0955
2026-04-19 17:55:51,176 | INFO | Epoch 4/20 - Loss: 1.0956
2026-04-19 17:55:51,206 | INFO | Epoch 5/20 - Loss: 1.0946
2026-04-19 17:55:51,236 | INFO | Epoch 6/20 - Loss: 1.0939
2026-04-19 17:55:51,266 | INFO | Epoch 7/20 - Loss: 1.0933
2026-04-19 17:55:51,296 | INFO | Epoch 8/20 - Loss: 1.0936
2026-04-19 17:55:51,326 | INFO | Epoch 9/20 - Loss: 1.0931
2026-04-19 17:55:51,356 | INFO | Epoch 10/20 - Loss: 1.0923
2026-04-19 17:55:51,386 | INFO | Epoch 11/20 - Loss: 1.0934
2026-04-19 17:55:51,416 | INFO | Epoch 12/20 - Loss: 1.0922
2026-04-19 17:55:51,446 | INFO | Epoch 13/20 - Loss: 1.0913
2026-04-19 17:55:51,477 | INFO | Epoch 14/20 - Loss: 1.0909
2026-04-19 17:55:51,507 | INFO | Epoch 15/20 - Loss: 1.0914
2026-04-19 17:55:51,537 | INFO | Epoch 16/20 - Loss: 1.0906
2026-04-19 17:55:51,567 | INFO | Epoch 17/20 - Loss: 1.0914
2026-04-19 17:55:51,597 | INFO | Epoch 18/20 - Loss: 1.0899
2026-04-19 17:55:51,627 | INFO | Epoch 19/20 - Loss: 1.0912
2026-04-19 17:55:51,657 | INFO | Epoch 20/20 - Loss: 1.0908
2026-04-19 17:55:51,658 | INFO | r-net saved to: ./r_nets/dutch/iter_2/beta_01/r_net_accurate_trusting.pth
2026-04-19 17:55:51,668 | INFO | --- Training r-net for Beta: 0.3
2026-04-19 17:55:51,668 | INFO | Training r-net | User: accurate_trusting | Beta: 0.3 | Iter: 2
2026-04-19 17:55:52,203 | DEBUG | Input Tensor Shape: torch.Size([2418, 11])
2026-04-19 17:55:52,234 | INFO | Epoch 1/20 - Loss: 0.9555
2026-04-19 17:55:52,264 | INFO | Epoch 2/20 - Loss: 0.9534
2026-04-19 17:55:52,294 | INFO | Epoch 3/20 - Loss: 0.9535
2026-04-19 17:55:52,324 | INFO | Epoch 4/20 - Loss: 0.9527
2026-04-19 17:55:52,354 | INFO | Epoch 5/20 - Loss: 0.9525
2026-04-19 17:55:52,384 | INFO | Epoch 6/20 - Loss: 0.9523
2026-04-19 17:55:52,415 | INFO | Epoch 7/20 - Loss: 0.9520
2026-04-19 17:55:52,445 | INFO | Epoch 8/20 - Loss: 0.9520
2026-04-19 17:55:52,474 | INFO | Epoch 9/20 - Loss: 0.9513
2026-04-19 17:55:52,504 | INFO | Epoch 10/20 - Loss: 0.9511
2026-04-19 17:55:52,534 | INFO | Epoch 11/20 - Loss: 0.9506
2026-04-19 17:55:52,564 | INFO | Epoch 12/20 - Loss: 0.9508
2026-04-19 17:55:52,595 | INFO | Epoch 13/20 - Loss: 0.9505
2026-04-19 17:55:52,625 | INFO | Epoch 14/20 - Loss: 0.9506
2026-04-19 17:55:52,655 | INFO | Epoch 15/20 - Loss: 0.9508
2026-04-19 17:55:52,685 | INFO | Epoch 16/20 - Loss: 0.9494
2026-04-19 17:55:52,715 | INFO | Epoch 17/20 - Loss: 0.9488
2026-04-19 17:55:52,744 | INFO | Epoch 18/20 - Loss: 0.9492
2026-04-19 17:55:52,775 | INFO | Epoch 19/20 - Loss: 0.9500
2026-04-19 17:55:52,805 | INFO | Epoch 20/20 - Loss: 0.9494
2026-04-19 17:55:52,805 | INFO | r-net saved to: ./r_nets/dutch/iter_2/beta_03/r_net_accurate_trusting.pth
2026-04-19 17:55:52,815 | INFO | --- Training r-net for Beta: 0.5
2026-04-19 17:55:52,815 | INFO | Training r-net | User: accurate_trusting | Beta: 0.5 | Iter: 2
2026-04-19 17:55:53,336 | DEBUG | Input Tensor Shape: torch.Size([2418, 11])
2026-04-19 17:55:53,368 | INFO | Epoch 1/20 - Loss: 0.7847
2026-04-19 17:55:53,399 | INFO | Epoch 2/20 - Loss: 0.7817
2026-04-19 17:55:53,429 | INFO | Epoch 3/20 - Loss: 0.7797
2026-04-19 17:55:53,460 | INFO | Epoch 4/20 - Loss: 0.7791
2026-04-19 17:55:53,490 | INFO | Epoch 5/20 - Loss: 0.7790
2026-04-19 17:55:53,520 | INFO | Epoch 6/20 - Loss: 0.7784
2026-04-19 17:55:53,550 | INFO | Epoch 7/20 - Loss: 0.7774
2026-04-19 17:55:53,586 | INFO | Epoch 8/20 - Loss: 0.7765
2026-04-19 17:55:53,616 | INFO | Epoch 9/20 - Loss: 0.7762
2026-04-19 17:55:53,646 | INFO | Epoch 10/20 - Loss: 0.7759
2026-04-19 17:55:53,676 | INFO | Epoch 11/20 - Loss: 0.7754
2026-04-19 17:55:53,706 | INFO | Epoch 12/20 - Loss: 0.7749
2026-04-19 17:55:53,736 | INFO | Epoch 13/20 - Loss: 0.7749
2026-04-19 17:55:53,766 | INFO | Epoch 14/20 - Loss: 0.7747
2026-04-19 17:55:53,796 | INFO | Epoch 15/20 - Loss: 0.7740
2026-04-19 17:55:53,826 | INFO | Epoch 16/20 - Loss: 0.7748
2026-04-19 17:55:53,856 | INFO | Epoch 17/20 - Loss: 0.7739
2026-04-19 17:55:53,887 | INFO | Epoch 18/20 - Loss: 0.7741
2026-04-19 17:55:53,917 | INFO | Epoch 19/20 - Loss: 0.7738
2026-04-19 17:55:53,947 | INFO | Epoch 20/20 - Loss: 0.7742
2026-04-19 17:55:53,948 | INFO | r-net saved to: ./r_nets/dutch/iter_2/beta_05/r_net_accurate_trusting.pth
2026-04-19 17:55:53,960 | INFO | --- Training r-net for Beta: 0.7
2026-04-19 17:55:53,961 | INFO | Training r-net | User: accurate_trusting | Beta: 0.7 | Iter: 2
2026-04-19 17:55:54,485 | DEBUG | Input Tensor Shape: torch.Size([2418, 11])
2026-04-19 17:55:54,516 | INFO | Epoch 1/20 - Loss: 0.6576
2026-04-19 17:55:54,547 | INFO | Epoch 2/20 - Loss: 0.6273
2026-04-19 17:55:54,577 | INFO | Epoch 3/20 - Loss: 0.5904
2026-04-19 17:55:54,608 | INFO | Epoch 4/20 - Loss: 0.5615
2026-04-19 17:55:54,638 | INFO | Epoch 5/20 - Loss: 0.5560
2026-04-19 17:55:54,669 | INFO | Epoch 6/20 - Loss: 0.5526
2026-04-19 17:55:54,699 | INFO | Epoch 7/20 - Loss: 0.5527
2026-04-19 17:55:54,729 | INFO | Epoch 8/20 - Loss: 0.5496
2026-04-19 17:55:54,759 | INFO | Epoch 9/20 - Loss: 0.5500
2026-04-19 17:55:54,790 | INFO | Epoch 10/20 - Loss: 0.5479
2026-04-19 17:55:54,821 | INFO | Epoch 11/20 - Loss: 0.5471
2026-04-19 17:55:54,851 | INFO | Epoch 12/20 - Loss: 0.5463
2026-04-19 17:55:54,882 | INFO | Epoch 13/20 - Loss: 0.5422
2026-04-19 17:55:54,912 | INFO | Epoch 14/20 - Loss: 0.5459
2026-04-19 17:55:54,942 | INFO | Epoch 15/20 - Loss: 0.5445
2026-04-19 17:55:54,973 | INFO | Epoch 16/20 - Loss: 0.5444
2026-04-19 17:55:55,003 | INFO | Epoch 17/20 - Loss: 0.5457
2026-04-19 17:55:55,033 | INFO | Epoch 18/20 - Loss: 0.5434
2026-04-19 17:55:55,064 | INFO | Epoch 19/20 - Loss: 0.5437
2026-04-19 17:55:55,094 | INFO | Epoch 20/20 - Loss: 0.5422
2026-04-19 17:55:55,095 | INFO | r-net saved to: ./r_nets/dutch/iter_2/beta_07/r_net_accurate_trusting.pth
2026-04-19 17:55:55,107 | INFO | --- Training r-net for Beta: 0.9
2026-04-19 17:55:55,107 | INFO | Training r-net | User: accurate_trusting | Beta: 0.9 | Iter: 2
2026-04-19 17:55:55,630 | DEBUG | Input Tensor Shape: torch.Size([2418, 11])
2026-04-19 17:55:55,667 | INFO | Epoch 1/20 - Loss: 0.6037
2026-04-19 17:55:55,698 | INFO | Epoch 2/20 - Loss: 0.5805
2026-04-19 17:55:55,729 | INFO | Epoch 3/20 - Loss: 0.5452
2026-04-19 17:55:55,760 | INFO | Epoch 4/20 - Loss: 0.4859
2026-04-19 17:55:55,791 | INFO | Epoch 5/20 - Loss: 0.4000
2026-04-19 17:55:55,822 | INFO | Epoch 6/20 - Loss: 0.2982
2026-04-19 17:55:55,852 | INFO | Epoch 7/20 - Loss: 0.2220
2026-04-19 17:55:55,883 | INFO | Epoch 8/20 - Loss: 0.1862
2026-04-19 17:55:55,914 | INFO | Epoch 9/20 - Loss: 0.1711
2026-04-19 17:55:55,945 | INFO | Epoch 10/20 - Loss: 0.1645
2026-04-19 17:55:55,975 | INFO | Epoch 11/20 - Loss: 0.1609
2026-04-19 17:55:56,006 | INFO | Epoch 12/20 - Loss: 0.1651
2026-04-19 17:55:56,037 | INFO | Epoch 13/20 - Loss: 0.1630
2026-04-19 17:55:56,068 | INFO | Epoch 14/20 - Loss: 0.1655
2026-04-19 17:55:56,098 | INFO | Epoch 15/20 - Loss: 0.1615
2026-04-19 17:55:56,129 | INFO | Epoch 16/20 - Loss: 0.1614
2026-04-19 17:55:56,160 | INFO | Epoch 17/20 - Loss: 0.1712
2026-04-19 17:55:56,191 | INFO | Epoch 18/20 - Loss: 0.1526
2026-04-19 17:55:56,221 | INFO | Epoch 19/20 - Loss: 0.1591
2026-04-19 17:55:56,252 | INFO | Epoch 20/20 - Loss: 0.1532
2026-04-19 17:55:56,253 | INFO | r-net saved to: ./r_nets/dutch/iter_2/beta_09/r_net_accurate_trusting.pth
2026-04-19 17:55:56,265 | INFO | --- R-NET TRAINING FINISHED | User: accurate_trusting | DS: dutch
2026-04-19 17:55:56,271 | INFO | STARTING R-NETS TRAINING | User: accurate_trusting | DS: dutch
2026-04-19 17:55:56,272 | INFO | --- Calibrating for iteration 3 ---
2026-04-19 17:55:56,272 | INFO | --- Training r-net for Beta: 0.1
2026-04-19 17:55:56,272 | INFO | Training r-net | User: accurate_trusting | Beta: 0.1 | Iter: 3
2026-04-19 17:55:56,786 | DEBUG | Input Tensor Shape: torch.Size([2411, 11])
2026-04-19 17:55:56,819 | INFO | Epoch 1/20 - Loss: 1.0704
2026-04-19 17:55:56,850 | INFO | Epoch 2/20 - Loss: 1.0684
2026-04-19 17:55:56,881 | INFO | Epoch 3/20 - Loss: 1.0678
2026-04-19 17:55:56,912 | INFO | Epoch 4/20 - Loss: 1.0673
2026-04-19 17:55:56,943 | INFO | Epoch 5/20 - Loss: 1.0672
2026-04-19 17:55:56,973 | INFO | Epoch 6/20 - Loss: 1.0665
2026-04-19 17:55:57,004 | INFO | Epoch 7/20 - Loss: 1.0664
2026-04-19 17:55:57,036 | INFO | Epoch 8/20 - Loss: 1.0660
2026-04-19 17:55:57,066 | INFO | Epoch 9/20 - Loss: 1.0657
2026-04-19 17:55:57,098 | INFO | Epoch 10/20 - Loss: 1.0652
2026-04-19 17:55:57,128 | INFO | Epoch 11/20 - Loss: 1.0645
2026-04-19 17:55:57,159 | INFO | Epoch 12/20 - Loss: 1.0649
2026-04-19 17:55:57,189 | INFO | Epoch 13/20 - Loss: 1.0648
2026-04-19 17:55:57,221 | INFO | Epoch 14/20 - Loss: 1.0647
2026-04-19 17:55:57,251 | INFO | Epoch 15/20 - Loss: 1.0648
2026-04-19 17:55:57,282 | INFO | Epoch 16/20 - Loss: 1.0638
2026-04-19 17:55:57,313 | INFO | Epoch 17/20 - Loss: 1.0646
2026-04-19 17:55:57,344 | INFO | Epoch 18/20 - Loss: 1.0638
2026-04-19 17:55:57,375 | INFO | Epoch 19/20 - Loss: 1.0644
2026-04-19 17:55:57,406 | INFO | Epoch 20/20 - Loss: 1.0642
2026-04-19 17:55:57,407 | INFO | r-net saved to: ./r_nets/dutch/iter_3/beta_01/r_net_accurate_trusting.pth
2026-04-19 17:55:57,418 | INFO | --- Training r-net for Beta: 0.3
2026-04-19 17:55:57,418 | INFO | Training r-net | User: accurate_trusting | Beta: 0.3 | Iter: 3
2026-04-19 17:55:57,934 | DEBUG | Input Tensor Shape: torch.Size([2411, 11])
2026-04-19 17:55:57,966 | INFO | Epoch 1/20 - Loss: 0.9378
2026-04-19 17:55:57,997 | INFO | Epoch 2/20 - Loss: 0.9307
2026-04-19 17:55:58,027 | INFO | Epoch 3/20 - Loss: 0.9267
2026-04-19 17:55:58,058 | INFO | Epoch 4/20 - Loss: 0.9257
2026-04-19 17:55:58,090 | INFO | Epoch 5/20 - Loss: 0.9257
2026-04-19 17:55:58,121 | INFO | Epoch 6/20 - Loss: 0.9244
2026-04-19 17:55:58,152 | INFO | Epoch 7/20 - Loss: 0.9237
2026-04-19 17:55:58,183 | INFO | Epoch 8/20 - Loss: 0.9231
2026-04-19 17:55:58,214 | INFO | Epoch 9/20 - Loss: 0.9226
2026-04-19 17:55:58,245 | INFO | Epoch 10/20 - Loss: 0.9225
2026-04-19 17:55:58,277 | INFO | Epoch 11/20 - Loss: 0.9223
2026-04-19 17:55:58,308 | INFO | Epoch 12/20 - Loss: 0.9222
2026-04-19 17:55:58,339 | INFO | Epoch 13/20 - Loss: 0.9219
2026-04-19 17:55:58,370 | INFO | Epoch 14/20 - Loss: 0.9215
2026-04-19 17:55:58,401 | INFO | Epoch 15/20 - Loss: 0.9212
2026-04-19 17:55:58,433 | INFO | Epoch 16/20 - Loss: 0.9216
2026-04-19 17:55:58,464 | INFO | Epoch 17/20 - Loss: 0.9210
2026-04-19 17:55:58,496 | INFO | Epoch 18/20 - Loss: 0.9205
2026-04-19 17:55:58,527 | INFO | Epoch 19/20 - Loss: 0.9203
2026-04-19 17:55:58,559 | INFO | Epoch 20/20 - Loss: 0.9211
2026-04-19 17:55:58,559 | INFO | r-net saved to: ./r_nets/dutch/iter_3/beta_03/r_net_accurate_trusting.pth
2026-04-19 17:55:58,571 | INFO | --- Training r-net for Beta: 0.5
2026-04-19 17:55:58,571 | INFO | Training r-net | User: accurate_trusting | Beta: 0.5 | Iter: 3
2026-04-19 17:55:59,084 | DEBUG | Input Tensor Shape: torch.Size([2411, 11])
2026-04-19 17:55:59,116 | INFO | Epoch 1/20 - Loss: 0.7797
2026-04-19 17:55:59,148 | INFO | Epoch 2/20 - Loss: 0.7598
2026-04-19 17:55:59,179 | INFO | Epoch 3/20 - Loss: 0.7525
2026-04-19 17:55:59,210 | INFO | Epoch 4/20 - Loss: 0.7515
2026-04-19 17:55:59,241 | INFO | Epoch 5/20 - Loss: 0.7528
2026-04-19 17:55:59,272 | INFO | Epoch 6/20 - Loss: 0.7507
2026-04-19 17:55:59,303 | INFO | Epoch 7/20 - Loss: 0.7481
2026-04-19 17:55:59,334 | INFO | Epoch 8/20 - Loss: 0.7486
2026-04-19 17:55:59,365 | INFO | Epoch 9/20 - Loss: 0.7462
2026-04-19 17:55:59,396 | INFO | Epoch 10/20 - Loss: 0.7461
2026-04-19 17:55:59,427 | INFO | Epoch 11/20 - Loss: 0.7441
2026-04-19 17:55:59,458 | INFO | Epoch 12/20 - Loss: 0.7435
2026-04-19 17:55:59,489 | INFO | Epoch 13/20 - Loss: 0.7438
2026-04-19 17:55:59,520 | INFO | Epoch 14/20 - Loss: 0.7435
2026-04-19 17:55:59,552 | INFO | Epoch 15/20 - Loss: 0.7423
2026-04-19 17:55:59,583 | INFO | Epoch 16/20 - Loss: 0.7414
2026-04-19 17:55:59,615 | INFO | Epoch 17/20 - Loss: 0.7421
2026-04-19 17:55:59,646 | INFO | Epoch 18/20 - Loss: 0.7432
2026-04-19 17:55:59,678 | INFO | Epoch 19/20 - Loss: 0.7404
2026-04-19 17:55:59,709 | INFO | Epoch 20/20 - Loss: 0.7416
2026-04-19 17:55:59,710 | INFO | r-net saved to: ./r_nets/dutch/iter_3/beta_05/r_net_accurate_trusting.pth
2026-04-19 17:55:59,721 | INFO | --- Training r-net for Beta: 0.7
2026-04-19 17:55:59,721 | INFO | Training r-net | User: accurate_trusting | Beta: 0.7 | Iter: 3
2026-04-19 17:56:00,235 | DEBUG | Input Tensor Shape: torch.Size([2411, 11])
2026-04-19 17:56:00,267 | INFO | Epoch 1/20 - Loss: 0.6734
2026-04-19 17:56:00,298 | INFO | Epoch 2/20 - Loss: 0.6396
2026-04-19 17:56:00,329 | INFO | Epoch 3/20 - Loss: 0.6061
2026-04-19 17:56:00,360 | INFO | Epoch 4/20 - Loss: 0.5653
2026-04-19 17:56:00,391 | INFO | Epoch 5/20 - Loss: 0.5382
2026-04-19 17:56:00,422 | INFO | Epoch 6/20 - Loss: 0.5231
2026-04-19 17:56:00,453 | INFO | Epoch 7/20 - Loss: 0.5179
2026-04-19 17:56:00,483 | INFO | Epoch 8/20 - Loss: 0.5199
2026-04-19 17:56:00,514 | INFO | Epoch 9/20 - Loss: 0.5145
2026-04-19 17:56:00,545 | INFO | Epoch 10/20 - Loss: 0.5170
2026-04-19 17:56:00,576 | INFO | Epoch 11/20 - Loss: 0.5129
2026-04-19 17:56:00,607 | INFO | Epoch 12/20 - Loss: 0.5104
2026-04-19 17:56:00,638 | INFO | Epoch 13/20 - Loss: 0.5120
2026-04-19 17:56:00,669 | INFO | Epoch 14/20 - Loss: 0.5124
2026-04-19 17:56:00,699 | INFO | Epoch 15/20 - Loss: 0.5078
2026-04-19 17:56:00,730 | INFO | Epoch 16/20 - Loss: 0.5147
2026-04-19 17:56:00,761 | INFO | Epoch 17/20 - Loss: 0.5113
2026-04-19 17:56:00,792 | INFO | Epoch 18/20 - Loss: 0.5113
2026-04-19 17:56:00,823 | INFO | Epoch 19/20 - Loss: 0.5077
2026-04-19 17:56:00,854 | INFO | Epoch 20/20 - Loss: 0.5062
2026-04-19 17:56:00,855 | INFO | r-net saved to: ./r_nets/dutch/iter_3/beta_07/r_net_accurate_trusting.pth
2026-04-19 17:56:00,865 | INFO | --- Training r-net for Beta: 0.9
2026-04-19 17:56:00,865 | INFO | Training r-net | User: accurate_trusting | Beta: 0.9 | Iter: 3
2026-04-19 17:56:01,379 | DEBUG | Input Tensor Shape: torch.Size([2411, 11])
2026-04-19 17:56:01,411 | INFO | Epoch 1/20 - Loss: 0.6105
2026-04-19 17:56:01,442 | INFO | Epoch 2/20 - Loss: 0.5324
2026-04-19 17:56:01,473 | INFO | Epoch 3/20 - Loss: 0.4406
2026-04-19 17:56:01,504 | INFO | Epoch 4/20 - Loss: 0.3313
2026-04-19 17:56:01,536 | INFO | Epoch 5/20 - Loss: 0.2314
2026-04-19 17:56:01,567 | INFO | Epoch 6/20 - Loss: 0.1513
2026-04-19 17:56:01,599 | INFO | Epoch 7/20 - Loss: 0.1123
2026-04-19 17:56:01,631 | INFO | Epoch 8/20 - Loss: 0.0875
2026-04-19 17:56:01,662 | INFO | Epoch 9/20 - Loss: 0.0626
2026-04-19 17:56:01,694 | INFO | Epoch 10/20 - Loss: 0.0502
2026-04-19 17:56:01,725 | INFO | Epoch 11/20 - Loss: 0.0529
2026-04-19 17:56:01,756 | INFO | Epoch 12/20 - Loss: 0.0499
2026-04-19 17:56:01,787 | INFO | Epoch 13/20 - Loss: 0.0552
2026-04-19 17:56:01,817 | INFO | Epoch 14/20 - Loss: 0.0441
2026-04-19 17:56:01,848 | INFO | Epoch 15/20 - Loss: 0.0716
2026-04-19 17:56:01,879 | INFO | Epoch 16/20 - Loss: 0.0423
2026-04-19 17:56:01,910 | INFO | Epoch 17/20 - Loss: 0.0477
2026-04-19 17:56:01,941 | INFO | Epoch 18/20 - Loss: 0.0561
2026-04-19 17:56:01,972 | INFO | Epoch 19/20 - Loss: 0.0398
2026-04-19 17:56:02,003 | INFO | Epoch 20/20 - Loss: 0.0472
2026-04-19 17:56:02,003 | INFO | r-net saved to: ./r_nets/dutch/iter_3/beta_09/r_net_accurate_trusting.pth
2026-04-19 17:56:02,014 | INFO | --- R-NET TRAINING FINISHED | User: accurate_trusting | DS: dutch
