2026-04-20 04:53:27,342 | INFO | STARTING R-NETS TRAINING | User: accurate_not_trusting | DS: dutch
2026-04-20 04:53:27,343 | INFO | --- Calibrating for iteration 1 ---
2026-04-20 04:53:27,343 | INFO | --- Training r-net for Beta: 0.1
2026-04-20 04:53:27,343 | INFO | Training r-net | User: accurate_not_trusting | Beta: 0.1 | Iter: 1
2026-04-20 04:53:27,856 | DEBUG | Input Tensor Shape: torch.Size([2406, 11])
2026-04-20 04:53:27,889 | INFO | Epoch 1/20 - Loss: 1.1244
2026-04-20 04:53:27,919 | INFO | Epoch 2/20 - Loss: 1.1235
2026-04-20 04:53:27,949 | INFO | Epoch 3/20 - Loss: 1.1226
2026-04-20 04:53:27,980 | INFO | Epoch 4/20 - Loss: 1.1225
2026-04-20 04:53:28,010 | INFO | Epoch 5/20 - Loss: 1.1224
2026-04-20 04:53:28,041 | INFO | Epoch 6/20 - Loss: 1.1221
2026-04-20 04:53:28,071 | INFO | Epoch 7/20 - Loss: 1.1221
2026-04-20 04:53:28,101 | INFO | Epoch 8/20 - Loss: 1.1218
2026-04-20 04:53:28,131 | INFO | Epoch 9/20 - Loss: 1.1217
2026-04-20 04:53:28,162 | INFO | Epoch 10/20 - Loss: 1.1214
2026-04-20 04:53:28,192 | INFO | Epoch 11/20 - Loss: 1.1215
2026-04-20 04:53:28,222 | INFO | Epoch 12/20 - Loss: 1.1208
2026-04-20 04:53:28,253 | INFO | Epoch 13/20 - Loss: 1.1205
2026-04-20 04:53:28,283 | INFO | Epoch 14/20 - Loss: 1.1205
2026-04-20 04:53:28,313 | INFO | Epoch 15/20 - Loss: 1.1204
2026-04-20 04:53:28,343 | INFO | Epoch 16/20 - Loss: 1.1205
2026-04-20 04:53:28,373 | INFO | Epoch 17/20 - Loss: 1.1203
2026-04-20 04:53:28,404 | INFO | Epoch 18/20 - Loss: 1.1197
2026-04-20 04:53:28,434 | INFO | Epoch 19/20 - Loss: 1.1197
2026-04-20 04:53:28,464 | INFO | Epoch 20/20 - Loss: 1.1200
2026-04-20 04:53:28,465 | INFO | r-net saved to: ./r_nets/dutch/iter_1/beta_01/r_net_accurate_not_trusting.pth
2026-04-20 04:53:28,477 | INFO | --- Training r-net for Beta: 0.3
2026-04-20 04:53:28,477 | INFO | Training r-net | User: accurate_not_trusting | Beta: 0.3 | Iter: 1
2026-04-20 04:53:28,986 | DEBUG | Input Tensor Shape: torch.Size([2406, 11])
2026-04-20 04:53:29,018 | INFO | Epoch 1/20 - Loss: 0.9919
2026-04-20 04:53:29,048 | INFO | Epoch 2/20 - Loss: 0.9917
2026-04-20 04:53:29,078 | INFO | Epoch 3/20 - Loss: 0.9914
2026-04-20 04:53:29,109 | INFO | Epoch 4/20 - Loss: 0.9912
2026-04-20 04:53:29,139 | INFO | Epoch 5/20 - Loss: 0.9909
2026-04-20 04:53:29,169 | INFO | Epoch 6/20 - Loss: 0.9908
2026-04-20 04:53:29,199 | INFO | Epoch 7/20 - Loss: 0.9904
2026-04-20 04:53:29,229 | INFO | Epoch 8/20 - Loss: 0.9902
2026-04-20 04:53:29,260 | INFO | Epoch 9/20 - Loss: 0.9903
2026-04-20 04:53:29,290 | INFO | Epoch 10/20 - Loss: 0.9899
2026-04-20 04:53:29,320 | INFO | Epoch 11/20 - Loss: 0.9897
2026-04-20 04:53:29,350 | INFO | Epoch 12/20 - Loss: 0.9894
2026-04-20 04:53:29,381 | INFO | Epoch 13/20 - Loss: 0.9899
2026-04-20 04:53:29,411 | INFO | Epoch 14/20 - Loss: 0.9896
2026-04-20 04:53:29,441 | INFO | Epoch 15/20 - Loss: 0.9893
2026-04-20 04:53:29,471 | INFO | Epoch 16/20 - Loss: 0.9892
2026-04-20 04:53:29,502 | INFO | Epoch 17/20 - Loss: 0.9891
2026-04-20 04:53:29,532 | INFO | Epoch 18/20 - Loss: 0.9898
2026-04-20 04:53:29,562 | INFO | Epoch 19/20 - Loss: 0.9894
2026-04-20 04:53:29,593 | INFO | Epoch 20/20 - Loss: 0.9885
2026-04-20 04:53:29,593 | INFO | r-net saved to: ./r_nets/dutch/iter_1/beta_03/r_net_accurate_not_trusting.pth
2026-04-20 04:53:29,604 | INFO | --- Training r-net for Beta: 0.5
2026-04-20 04:53:29,604 | INFO | Training r-net | User: accurate_not_trusting | Beta: 0.5 | Iter: 1
2026-04-20 04:53:30,113 | DEBUG | Input Tensor Shape: torch.Size([2406, 11])
2026-04-20 04:53:30,145 | INFO | Epoch 1/20 - Loss: 0.8548
2026-04-20 04:53:30,175 | INFO | Epoch 2/20 - Loss: 0.8424
2026-04-20 04:53:30,205 | INFO | Epoch 3/20 - Loss: 0.8351
2026-04-20 04:53:30,236 | INFO | Epoch 4/20 - Loss: 0.8332
2026-04-20 04:53:30,266 | INFO | Epoch 5/20 - Loss: 0.8331
2026-04-20 04:53:30,296 | INFO | Epoch 6/20 - Loss: 0.8321
2026-04-20 04:53:30,326 | INFO | Epoch 7/20 - Loss: 0.8321
2026-04-20 04:53:30,356 | INFO | Epoch 8/20 - Loss: 0.8321
2026-04-20 04:53:30,386 | INFO | Epoch 9/20 - Loss: 0.8314
2026-04-20 04:53:30,417 | INFO | Epoch 10/20 - Loss: 0.8306
2026-04-20 04:53:30,447 | INFO | Epoch 11/20 - Loss: 0.8307
2026-04-20 04:53:30,477 | INFO | Epoch 12/20 - Loss: 0.8311
2026-04-20 04:53:30,507 | INFO | Epoch 13/20 - Loss: 0.8301
2026-04-20 04:53:30,538 | INFO | Epoch 14/20 - Loss: 0.8303
2026-04-20 04:53:30,568 | INFO | Epoch 15/20 - Loss: 0.8303
2026-04-20 04:53:30,598 | INFO | Epoch 16/20 - Loss: 0.8306
2026-04-20 04:53:30,628 | INFO | Epoch 17/20 - Loss: 0.8296
2026-04-20 04:53:30,658 | INFO | Epoch 18/20 - Loss: 0.8299
2026-04-20 04:53:30,688 | INFO | Epoch 19/20 - Loss: 0.8294
2026-04-20 04:53:30,718 | INFO | Epoch 20/20 - Loss: 0.8297
2026-04-20 04:53:30,719 | INFO | r-net saved to: ./r_nets/dutch/iter_1/beta_05/r_net_accurate_not_trusting.pth
2026-04-20 04:53:30,730 | INFO | --- Training r-net for Beta: 0.7
2026-04-20 04:53:30,730 | INFO | Training r-net | User: accurate_not_trusting | Beta: 0.7 | Iter: 1
2026-04-20 04:53:31,243 | DEBUG | Input Tensor Shape: torch.Size([2406, 11])
2026-04-20 04:53:31,275 | INFO | Epoch 1/20 - Loss: 0.6752
2026-04-20 04:53:31,305 | INFO | Epoch 2/20 - Loss: 0.6565
2026-04-20 04:53:31,335 | INFO | Epoch 3/20 - Loss: 0.6394
2026-04-20 04:53:31,366 | INFO | Epoch 4/20 - Loss: 0.6273
2026-04-20 04:53:31,396 | INFO | Epoch 5/20 - Loss: 0.6248
2026-04-20 04:53:31,426 | INFO | Epoch 6/20 - Loss: 0.6252
2026-04-20 04:53:31,456 | INFO | Epoch 7/20 - Loss: 0.6244
2026-04-20 04:53:31,486 | INFO | Epoch 8/20 - Loss: 0.6242
2026-04-20 04:53:31,516 | INFO | Epoch 9/20 - Loss: 0.6235
2026-04-20 04:53:31,547 | INFO | Epoch 10/20 - Loss: 0.6234
2026-04-20 04:53:31,577 | INFO | Epoch 11/20 - Loss: 0.6228
2026-04-20 04:53:31,607 | INFO | Epoch 12/20 - Loss: 0.6238
2026-04-20 04:53:31,637 | INFO | Epoch 13/20 - Loss: 0.6239
2026-04-20 04:53:31,668 | INFO | Epoch 14/20 - Loss: 0.6217
2026-04-20 04:53:31,698 | INFO | Epoch 15/20 - Loss: 0.6217
2026-04-20 04:53:31,728 | INFO | Epoch 16/20 - Loss: 0.6217
2026-04-20 04:53:31,758 | INFO | Epoch 17/20 - Loss: 0.6224
2026-04-20 04:53:31,789 | INFO | Epoch 18/20 - Loss: 0.6228
2026-04-20 04:53:31,819 | INFO | Epoch 19/20 - Loss: 0.6220
2026-04-20 04:53:31,849 | INFO | Epoch 20/20 - Loss: 0.6209
2026-04-20 04:53:31,849 | INFO | r-net saved to: ./r_nets/dutch/iter_1/beta_07/r_net_accurate_not_trusting.pth
2026-04-20 04:53:31,861 | INFO | --- Training r-net for Beta: 0.9
2026-04-20 04:53:31,861 | INFO | Training r-net | User: accurate_not_trusting | Beta: 0.9 | Iter: 1
2026-04-20 04:53:32,370 | DEBUG | Input Tensor Shape: torch.Size([2406, 11])
2026-04-20 04:53:32,402 | INFO | Epoch 1/20 - Loss: 0.5207
2026-04-20 04:53:32,432 | INFO | Epoch 2/20 - Loss: 0.4807
2026-04-20 04:53:32,463 | INFO | Epoch 3/20 - Loss: 0.4343
2026-04-20 04:53:32,493 | INFO | Epoch 4/20 - Loss: 0.3805
2026-04-20 04:53:32,523 | INFO | Epoch 5/20 - Loss: 0.3354
2026-04-20 04:53:32,553 | INFO | Epoch 6/20 - Loss: 0.3187
2026-04-20 04:53:32,584 | INFO | Epoch 7/20 - Loss: 0.3151
2026-04-20 04:53:32,614 | INFO | Epoch 8/20 - Loss: 0.3141
2026-04-20 04:53:32,644 | INFO | Epoch 9/20 - Loss: 0.3138
2026-04-20 04:53:32,674 | INFO | Epoch 10/20 - Loss: 0.3145
2026-04-20 04:53:32,704 | INFO | Epoch 11/20 - Loss: 0.3135
2026-04-20 04:53:32,735 | INFO | Epoch 12/20 - Loss: 0.3128
2026-04-20 04:53:32,765 | INFO | Epoch 13/20 - Loss: 0.3126
2026-04-20 04:53:32,795 | INFO | Epoch 14/20 - Loss: 0.3118
2026-04-20 04:53:32,825 | INFO | Epoch 15/20 - Loss: 0.3112
2026-04-20 04:53:32,856 | INFO | Epoch 16/20 - Loss: 0.3133
2026-04-20 04:53:32,886 | INFO | Epoch 17/20 - Loss: 0.3108
2026-04-20 04:53:32,916 | INFO | Epoch 18/20 - Loss: 0.3115
2026-04-20 04:53:32,946 | INFO | Epoch 19/20 - Loss: 0.3109
2026-04-20 04:53:32,976 | INFO | Epoch 20/20 - Loss: 0.3111
2026-04-20 04:53:32,977 | INFO | r-net saved to: ./r_nets/dutch/iter_1/beta_09/r_net_accurate_not_trusting.pth
2026-04-20 04:53:32,988 | INFO | --- R-NET TRAINING FINISHED | User: accurate_not_trusting | DS: dutch
2026-04-20 04:53:32,992 | INFO | STARTING R-NETS TRAINING | User: accurate_not_trusting | DS: dutch
2026-04-20 04:53:32,993 | INFO | --- Calibrating for iteration 2 ---
2026-04-20 04:53:32,993 | INFO | --- Training r-net for Beta: 0.1
2026-04-20 04:53:32,993 | INFO | Training r-net | User: accurate_not_trusting | Beta: 0.1 | Iter: 2
2026-04-20 04:53:33,505 | DEBUG | Input Tensor Shape: torch.Size([2418, 11])
2026-04-20 04:53:33,537 | INFO | Epoch 1/20 - Loss: 1.1310
2026-04-20 04:53:33,567 | INFO | Epoch 2/20 - Loss: 1.1294
2026-04-20 04:53:33,597 | INFO | Epoch 3/20 - Loss: 1.1292
2026-04-20 04:53:33,627 | INFO | Epoch 4/20 - Loss: 1.1285
2026-04-20 04:53:33,658 | INFO | Epoch 5/20 - Loss: 1.1284
2026-04-20 04:53:33,688 | INFO | Epoch 6/20 - Loss: 1.1284
2026-04-20 04:53:33,718 | INFO | Epoch 7/20 - Loss: 1.1284
2026-04-20 04:53:33,748 | INFO | Epoch 8/20 - Loss: 1.1280
2026-04-20 04:53:33,779 | INFO | Epoch 9/20 - Loss: 1.1272
2026-04-20 04:53:33,809 | INFO | Epoch 10/20 - Loss: 1.1271
2026-04-20 04:53:33,839 | INFO | Epoch 11/20 - Loss: 1.1274
2026-04-20 04:53:33,869 | INFO | Epoch 12/20 - Loss: 1.1279
2026-04-20 04:53:33,900 | INFO | Epoch 13/20 - Loss: 1.1271
2026-04-20 04:53:33,930 | INFO | Epoch 14/20 - Loss: 1.1266
2026-04-20 04:53:33,960 | INFO | Epoch 15/20 - Loss: 1.1269
2026-04-20 04:53:33,991 | INFO | Epoch 16/20 - Loss: 1.1272
2026-04-20 04:53:34,021 | INFO | Epoch 17/20 - Loss: 1.1267
2026-04-20 04:53:34,051 | INFO | Epoch 18/20 - Loss: 1.1266
2026-04-20 04:53:34,081 | INFO | Epoch 19/20 - Loss: 1.1264
2026-04-20 04:53:34,112 | INFO | Epoch 20/20 - Loss: 1.1266
2026-04-20 04:53:34,112 | INFO | r-net saved to: ./r_nets/dutch/iter_2/beta_01/r_net_accurate_not_trusting.pth
2026-04-20 04:53:34,123 | INFO | --- Training r-net for Beta: 0.3
2026-04-20 04:53:34,124 | INFO | Training r-net | User: accurate_not_trusting | Beta: 0.3 | Iter: 2
2026-04-20 04:53:34,639 | DEBUG | Input Tensor Shape: torch.Size([2418, 11])
2026-04-20 04:53:34,671 | INFO | Epoch 1/20 - Loss: 1.0011
2026-04-20 04:53:34,701 | INFO | Epoch 2/20 - Loss: 0.9961
2026-04-20 04:53:34,732 | INFO | Epoch 3/20 - Loss: 0.9946
2026-04-20 04:53:34,762 | INFO | Epoch 4/20 - Loss: 0.9943
2026-04-20 04:53:34,792 | INFO | Epoch 5/20 - Loss: 0.9941
2026-04-20 04:53:34,823 | INFO | Epoch 6/20 - Loss: 0.9938
2026-04-20 04:53:34,854 | INFO | Epoch 7/20 - Loss: 0.9936
2026-04-20 04:53:34,884 | INFO | Epoch 8/20 - Loss: 0.9934
2026-04-20 04:53:34,915 | INFO | Epoch 9/20 - Loss: 0.9933
2026-04-20 04:53:34,945 | INFO | Epoch 10/20 - Loss: 0.9933
2026-04-20 04:53:34,975 | INFO | Epoch 11/20 - Loss: 0.9931
2026-04-20 04:53:35,005 | INFO | Epoch 12/20 - Loss: 0.9930
2026-04-20 04:53:35,036 | INFO | Epoch 13/20 - Loss: 0.9930
2026-04-20 04:53:35,066 | INFO | Epoch 14/20 - Loss: 0.9928
2026-04-20 04:53:35,096 | INFO | Epoch 15/20 - Loss: 0.9928
2026-04-20 04:53:35,127 | INFO | Epoch 16/20 - Loss: 0.9926
2026-04-20 04:53:35,157 | INFO | Epoch 17/20 - Loss: 0.9926
2026-04-20 04:53:35,187 | INFO | Epoch 18/20 - Loss: 0.9923
2026-04-20 04:53:35,217 | INFO | Epoch 19/20 - Loss: 0.9926
2026-04-20 04:53:35,248 | INFO | Epoch 20/20 - Loss: 0.9925
2026-04-20 04:53:35,248 | INFO | r-net saved to: ./r_nets/dutch/iter_2/beta_03/r_net_accurate_not_trusting.pth
2026-04-20 04:53:35,259 | INFO | --- Training r-net for Beta: 0.5
2026-04-20 04:53:35,259 | INFO | Training r-net | User: accurate_not_trusting | Beta: 0.5 | Iter: 2
2026-04-20 04:53:35,797 | DEBUG | Input Tensor Shape: torch.Size([2418, 11])
2026-04-20 04:53:35,829 | INFO | Epoch 1/20 - Loss: 0.8708
2026-04-20 04:53:35,859 | INFO | Epoch 2/20 - Loss: 0.8520
2026-04-20 04:53:35,890 | INFO | Epoch 3/20 - Loss: 0.8356
2026-04-20 04:53:35,920 | INFO | Epoch 4/20 - Loss: 0.8306
2026-04-20 04:53:35,950 | INFO | Epoch 5/20 - Loss: 0.8303
2026-04-20 04:53:35,980 | INFO | Epoch 6/20 - Loss: 0.8303
2026-04-20 04:53:36,010 | INFO | Epoch 7/20 - Loss: 0.8306
2026-04-20 04:53:36,040 | INFO | Epoch 8/20 - Loss: 0.8298
2026-04-20 04:53:36,070 | INFO | Epoch 9/20 - Loss: 0.8292
2026-04-20 04:53:36,101 | INFO | Epoch 10/20 - Loss: 0.8290
2026-04-20 04:53:36,131 | INFO | Epoch 11/20 - Loss: 0.8287
2026-04-20 04:53:36,161 | INFO | Epoch 12/20 - Loss: 0.8295
2026-04-20 04:53:36,191 | INFO | Epoch 13/20 - Loss: 0.8278
2026-04-20 04:53:36,221 | INFO | Epoch 14/20 - Loss: 0.8294
2026-04-20 04:53:36,252 | INFO | Epoch 15/20 - Loss: 0.8281
2026-04-20 04:53:36,282 | INFO | Epoch 16/20 - Loss: 0.8286
2026-04-20 04:53:36,312 | INFO | Epoch 17/20 - Loss: 0.8281
2026-04-20 04:53:36,342 | INFO | Epoch 18/20 - Loss: 0.8275
2026-04-20 04:53:36,373 | INFO | Epoch 19/20 - Loss: 0.8276
2026-04-20 04:53:36,403 | INFO | Epoch 20/20 - Loss: 0.8275
2026-04-20 04:53:36,404 | INFO | r-net saved to: ./r_nets/dutch/iter_2/beta_05/r_net_accurate_not_trusting.pth
2026-04-20 04:53:36,415 | INFO | --- Training r-net for Beta: 0.7
2026-04-20 04:53:36,415 | INFO | Training r-net | User: accurate_not_trusting | Beta: 0.7 | Iter: 2
2026-04-20 04:53:36,927 | DEBUG | Input Tensor Shape: torch.Size([2418, 11])
2026-04-20 04:53:36,959 | INFO | Epoch 1/20 - Loss: 0.6674
2026-04-20 04:53:36,989 | INFO | Epoch 2/20 - Loss: 0.6442
2026-04-20 04:53:37,019 | INFO | Epoch 3/20 - Loss: 0.6266
2026-04-20 04:53:37,049 | INFO | Epoch 4/20 - Loss: 0.6179
2026-04-20 04:53:37,080 | INFO | Epoch 5/20 - Loss: 0.6166
2026-04-20 04:53:37,110 | INFO | Epoch 6/20 - Loss: 0.6156
2026-04-20 04:53:37,140 | INFO | Epoch 7/20 - Loss: 0.6140
2026-04-20 04:53:37,170 | INFO | Epoch 8/20 - Loss: 0.6138
2026-04-20 04:53:37,200 | INFO | Epoch 9/20 - Loss: 0.6139
2026-04-20 04:53:37,230 | INFO | Epoch 10/20 - Loss: 0.6134
2026-04-20 04:53:37,260 | INFO | Epoch 11/20 - Loss: 0.6140
2026-04-20 04:53:37,291 | INFO | Epoch 12/20 - Loss: 0.6137
2026-04-20 04:53:37,321 | INFO | Epoch 13/20 - Loss: 0.6143
2026-04-20 04:53:37,351 | INFO | Epoch 14/20 - Loss: 0.6132
2026-04-20 04:53:37,382 | INFO | Epoch 15/20 - Loss: 0.6126
2026-04-20 04:53:37,412 | INFO | Epoch 16/20 - Loss: 0.6135
2026-04-20 04:53:37,443 | INFO | Epoch 17/20 - Loss: 0.6136
2026-04-20 04:53:37,473 | INFO | Epoch 18/20 - Loss: 0.6131
2026-04-20 04:53:37,503 | INFO | Epoch 19/20 - Loss: 0.6131
2026-04-20 04:53:37,533 | INFO | Epoch 20/20 - Loss: 0.6125
2026-04-20 04:53:37,534 | INFO | r-net saved to: ./r_nets/dutch/iter_2/beta_07/r_net_accurate_not_trusting.pth
2026-04-20 04:53:37,545 | INFO | --- Training r-net for Beta: 0.9
2026-04-20 04:53:37,545 | INFO | Training r-net | User: accurate_not_trusting | Beta: 0.9 | Iter: 2
2026-04-20 04:53:38,060 | DEBUG | Input Tensor Shape: torch.Size([2418, 11])
2026-04-20 04:53:38,091 | INFO | Epoch 1/20 - Loss: 0.5222
2026-04-20 04:53:38,121 | INFO | Epoch 2/20 - Loss: 0.4887
2026-04-20 04:53:38,152 | INFO | Epoch 3/20 - Loss: 0.4455
2026-04-20 04:53:38,182 | INFO | Epoch 4/20 - Loss: 0.3866
2026-04-20 04:53:38,212 | INFO | Epoch 5/20 - Loss: 0.3308
2026-04-20 04:53:38,242 | INFO | Epoch 6/20 - Loss: 0.2963
2026-04-20 04:53:38,272 | INFO | Epoch 7/20 - Loss: 0.2892
2026-04-20 04:53:38,302 | INFO | Epoch 8/20 - Loss: 0.2867
2026-04-20 04:53:38,333 | INFO | Epoch 9/20 - Loss: 0.2858
2026-04-20 04:53:38,363 | INFO | Epoch 10/20 - Loss: 0.2871
2026-04-20 04:53:38,393 | INFO | Epoch 11/20 - Loss: 0.2862
2026-04-20 04:53:38,423 | INFO | Epoch 12/20 - Loss: 0.2868
2026-04-20 04:53:38,454 | INFO | Epoch 13/20 - Loss: 0.2878
2026-04-20 04:53:38,484 | INFO | Epoch 14/20 - Loss: 0.2849
2026-04-20 04:53:38,514 | INFO | Epoch 15/20 - Loss: 0.2860
2026-04-20 04:53:38,545 | INFO | Epoch 16/20 - Loss: 0.2831
2026-04-20 04:53:38,575 | INFO | Epoch 17/20 - Loss: 0.2848
2026-04-20 04:53:38,605 | INFO | Epoch 18/20 - Loss: 0.2857
2026-04-20 04:53:38,635 | INFO | Epoch 19/20 - Loss: 0.2843
2026-04-20 04:53:38,666 | INFO | Epoch 20/20 - Loss: 0.2832
2026-04-20 04:53:38,666 | INFO | r-net saved to: ./r_nets/dutch/iter_2/beta_09/r_net_accurate_not_trusting.pth
2026-04-20 04:53:38,677 | INFO | --- R-NET TRAINING FINISHED | User: accurate_not_trusting | DS: dutch
2026-04-20 04:53:38,681 | INFO | STARTING R-NETS TRAINING | User: accurate_not_trusting | DS: dutch
2026-04-20 04:53:38,682 | INFO | --- Calibrating for iteration 3 ---
2026-04-20 04:53:38,682 | INFO | --- Training r-net for Beta: 0.1
2026-04-20 04:53:38,682 | INFO | Training r-net | User: accurate_not_trusting | Beta: 0.1 | Iter: 3
2026-04-20 04:53:39,194 | DEBUG | Input Tensor Shape: torch.Size([2411, 11])
2026-04-20 04:53:39,226 | INFO | Epoch 1/20 - Loss: 1.1190
2026-04-20 04:53:39,256 | INFO | Epoch 2/20 - Loss: 1.1172
2026-04-20 04:53:39,286 | INFO | Epoch 3/20 - Loss: 1.1163
2026-04-20 04:53:39,317 | INFO | Epoch 4/20 - Loss: 1.1166
2026-04-20 04:53:39,347 | INFO | Epoch 5/20 - Loss: 1.1162
2026-04-20 04:53:39,377 | INFO | Epoch 6/20 - Loss: 1.1154
2026-04-20 04:53:39,407 | INFO | Epoch 7/20 - Loss: 1.1152
2026-04-20 04:53:39,437 | INFO | Epoch 8/20 - Loss: 1.1151
2026-04-20 04:53:39,468 | INFO | Epoch 9/20 - Loss: 1.1143
2026-04-20 04:53:39,498 | INFO | Epoch 10/20 - Loss: 1.1144
2026-04-20 04:53:39,528 | INFO | Epoch 11/20 - Loss: 1.1143
2026-04-20 04:53:39,558 | INFO | Epoch 12/20 - Loss: 1.1139
2026-04-20 04:53:39,589 | INFO | Epoch 13/20 - Loss: 1.1132
2026-04-20 04:53:39,619 | INFO | Epoch 14/20 - Loss: 1.1137
2026-04-20 04:53:39,649 | INFO | Epoch 15/20 - Loss: 1.1131
2026-04-20 04:53:39,679 | INFO | Epoch 16/20 - Loss: 1.1131
2026-04-20 04:53:39,710 | INFO | Epoch 17/20 - Loss: 1.1129
2026-04-20 04:53:39,740 | INFO | Epoch 18/20 - Loss: 1.1130
2026-04-20 04:53:39,770 | INFO | Epoch 19/20 - Loss: 1.1127
2026-04-20 04:53:39,801 | INFO | Epoch 20/20 - Loss: 1.1124
2026-04-20 04:53:39,801 | INFO | r-net saved to: ./r_nets/dutch/iter_3/beta_01/r_net_accurate_not_trusting.pth
2026-04-20 04:53:39,812 | INFO | --- Training r-net for Beta: 0.3
2026-04-20 04:53:39,812 | INFO | Training r-net | User: accurate_not_trusting | Beta: 0.3 | Iter: 3
2026-04-20 04:53:40,322 | DEBUG | Input Tensor Shape: torch.Size([2411, 11])
2026-04-20 04:53:40,354 | INFO | Epoch 1/20 - Loss: 0.9881
2026-04-20 04:53:40,384 | INFO | Epoch 2/20 - Loss: 0.9856
2026-04-20 04:53:40,414 | INFO | Epoch 3/20 - Loss: 0.9847
2026-04-20 04:53:40,444 | INFO | Epoch 4/20 - Loss: 0.9848
2026-04-20 04:53:40,475 | INFO | Epoch 5/20 - Loss: 0.9843
2026-04-20 04:53:40,505 | INFO | Epoch 6/20 - Loss: 0.9840
2026-04-20 04:53:40,535 | INFO | Epoch 7/20 - Loss: 0.9840
2026-04-20 04:53:40,565 | INFO | Epoch 8/20 - Loss: 0.9837
2026-04-20 04:53:40,595 | INFO | Epoch 9/20 - Loss: 0.9835
2026-04-20 04:53:40,625 | INFO | Epoch 10/20 - Loss: 0.9830
2026-04-20 04:53:40,655 | INFO | Epoch 11/20 - Loss: 0.9832
2026-04-20 04:53:40,685 | INFO | Epoch 12/20 - Loss: 0.9830
2026-04-20 04:53:40,715 | INFO | Epoch 13/20 - Loss: 0.9823
2026-04-20 04:53:40,745 | INFO | Epoch 14/20 - Loss: 0.9823
2026-04-20 04:53:40,775 | INFO | Epoch 15/20 - Loss: 0.9823
2026-04-20 04:53:40,805 | INFO | Epoch 16/20 - Loss: 0.9823
2026-04-20 04:53:40,835 | INFO | Epoch 17/20 - Loss: 0.9819
2026-04-20 04:53:40,865 | INFO | Epoch 18/20 - Loss: 0.9816
2026-04-20 04:53:40,895 | INFO | Epoch 19/20 - Loss: 0.9817
2026-04-20 04:53:40,925 | INFO | Epoch 20/20 - Loss: 0.9817
2026-04-20 04:53:40,926 | INFO | r-net saved to: ./r_nets/dutch/iter_3/beta_03/r_net_accurate_not_trusting.pth
2026-04-20 04:53:40,937 | INFO | --- Training r-net for Beta: 0.5
2026-04-20 04:53:40,937 | INFO | Training r-net | User: accurate_not_trusting | Beta: 0.5 | Iter: 3
2026-04-20 04:53:41,453 | DEBUG | Input Tensor Shape: torch.Size([2411, 11])
2026-04-20 04:53:41,484 | INFO | Epoch 1/20 - Loss: 0.8941
2026-04-20 04:53:41,514 | INFO | Epoch 2/20 - Loss: 0.8676
2026-04-20 04:53:41,544 | INFO | Epoch 3/20 - Loss: 0.8467
2026-04-20 04:53:41,575 | INFO | Epoch 4/20 - Loss: 0.8342
2026-04-20 04:53:41,605 | INFO | Epoch 5/20 - Loss: 0.8287
2026-04-20 04:53:41,646 | INFO | Epoch 6/20 - Loss: 0.8279
2026-04-20 04:53:41,676 | INFO | Epoch 7/20 - Loss: 0.8285
2026-04-20 04:53:41,706 | INFO | Epoch 8/20 - Loss: 0.8278
2026-04-20 04:53:41,736 | INFO | Epoch 9/20 - Loss: 0.8271
2026-04-20 04:53:41,766 | INFO | Epoch 10/20 - Loss: 0.8247
2026-04-20 04:53:41,798 | INFO | Epoch 11/20 - Loss: 0.8256
2026-04-20 04:53:41,828 | INFO | Epoch 12/20 - Loss: 0.8266
2026-04-20 04:53:41,858 | INFO | Epoch 13/20 - Loss: 0.8248
2026-04-20 04:53:41,888 | INFO | Epoch 14/20 - Loss: 0.8237
2026-04-20 04:53:41,918 | INFO | Epoch 15/20 - Loss: 0.8229
2026-04-20 04:53:41,949 | INFO | Epoch 16/20 - Loss: 0.8236
2026-04-20 04:53:41,979 | INFO | Epoch 17/20 - Loss: 0.8233
2026-04-20 04:53:42,009 | INFO | Epoch 18/20 - Loss: 0.8237
2026-04-20 04:53:42,039 | INFO | Epoch 19/20 - Loss: 0.8233
2026-04-20 04:53:42,069 | INFO | Epoch 20/20 - Loss: 0.8213
2026-04-20 04:53:42,070 | INFO | r-net saved to: ./r_nets/dutch/iter_3/beta_05/r_net_accurate_not_trusting.pth
2026-04-20 04:53:42,083 | INFO | --- Training r-net for Beta: 0.7
2026-04-20 04:53:42,084 | INFO | Training r-net | User: accurate_not_trusting | Beta: 0.7 | Iter: 3
2026-04-20 04:53:42,595 | DEBUG | Input Tensor Shape: torch.Size([2411, 11])
2026-04-20 04:53:42,627 | INFO | Epoch 1/20 - Loss: 0.7221
2026-04-20 04:53:42,657 | INFO | Epoch 2/20 - Loss: 0.6852
2026-04-20 04:53:42,687 | INFO | Epoch 3/20 - Loss: 0.6465
2026-04-20 04:53:42,717 | INFO | Epoch 4/20 - Loss: 0.6221
2026-04-20 04:53:42,747 | INFO | Epoch 5/20 - Loss: 0.6181
2026-04-20 04:53:42,777 | INFO | Epoch 6/20 - Loss: 0.6175
2026-04-20 04:53:42,807 | INFO | Epoch 7/20 - Loss: 0.6193
2026-04-20 04:53:42,838 | INFO | Epoch 8/20 - Loss: 0.6180
2026-04-20 04:53:42,868 | INFO | Epoch 9/20 - Loss: 0.6178
2026-04-20 04:53:42,898 | INFO | Epoch 10/20 - Loss: 0.6146
2026-04-20 04:53:42,929 | INFO | Epoch 11/20 - Loss: 0.6157
2026-04-20 04:53:42,959 | INFO | Epoch 12/20 - Loss: 0.6148
2026-04-20 04:53:42,990 | INFO | Epoch 13/20 - Loss: 0.6147
2026-04-20 04:53:43,020 | INFO | Epoch 14/20 - Loss: 0.6149
2026-04-20 04:53:43,050 | INFO | Epoch 15/20 - Loss: 0.6133
2026-04-20 04:53:43,080 | INFO | Epoch 16/20 - Loss: 0.6142
2026-04-20 04:53:43,111 | INFO | Epoch 17/20 - Loss: 0.6138
2026-04-20 04:53:43,141 | INFO | Epoch 18/20 - Loss: 0.6136
2026-04-20 04:53:43,171 | INFO | Epoch 19/20 - Loss: 0.6140
2026-04-20 04:53:43,201 | INFO | Epoch 20/20 - Loss: 0.6123
2026-04-20 04:53:43,202 | INFO | r-net saved to: ./r_nets/dutch/iter_3/beta_07/r_net_accurate_not_trusting.pth
2026-04-20 04:53:43,213 | INFO | --- Training r-net for Beta: 0.9
2026-04-20 04:53:43,213 | INFO | Training r-net | User: accurate_not_trusting | Beta: 0.9 | Iter: 3
2026-04-20 04:53:43,725 | DEBUG | Input Tensor Shape: torch.Size([2411, 11])
2026-04-20 04:53:43,756 | INFO | Epoch 1/20 - Loss: 0.5057
2026-04-20 04:53:43,786 | INFO | Epoch 2/20 - Loss: 0.4833
2026-04-20 04:53:43,816 | INFO | Epoch 3/20 - Loss: 0.4532
2026-04-20 04:53:43,846 | INFO | Epoch 4/20 - Loss: 0.4083
2026-04-20 04:53:43,876 | INFO | Epoch 5/20 - Loss: 0.3567
2026-04-20 04:53:43,907 | INFO | Epoch 6/20 - Loss: 0.3124
2026-04-20 04:53:43,937 | INFO | Epoch 7/20 - Loss: 0.2976
2026-04-20 04:53:43,967 | INFO | Epoch 8/20 - Loss: 0.2951
2026-04-20 04:53:43,997 | INFO | Epoch 9/20 - Loss: 0.2914
2026-04-20 04:53:44,027 | INFO | Epoch 10/20 - Loss: 0.2935
2026-04-20 04:53:44,057 | INFO | Epoch 11/20 - Loss: 0.2916
2026-04-20 04:53:44,087 | INFO | Epoch 12/20 - Loss: 0.2910
2026-04-20 04:53:44,121 | INFO | Epoch 13/20 - Loss: 0.2913
2026-04-20 04:53:44,151 | INFO | Epoch 14/20 - Loss: 0.2897
2026-04-20 04:53:44,181 | INFO | Epoch 15/20 - Loss: 0.2893
2026-04-20 04:53:44,211 | INFO | Epoch 16/20 - Loss: 0.2906
2026-04-20 04:53:44,241 | INFO | Epoch 17/20 - Loss: 0.2884
2026-04-20 04:53:44,276 | INFO | Epoch 18/20 - Loss: 0.2897
2026-04-20 04:53:44,306 | INFO | Epoch 19/20 - Loss: 0.2867
2026-04-20 04:53:44,336 | INFO | Epoch 20/20 - Loss: 0.2885
2026-04-20 04:53:44,337 | INFO | r-net saved to: ./r_nets/dutch/iter_3/beta_09/r_net_accurate_not_trusting.pth
2026-04-20 04:53:44,352 | INFO | --- R-NET TRAINING FINISHED | User: accurate_not_trusting | DS: dutch
