2026-04-19 23:04:05,535 | INFO | STARTING R-NETS TRAINING | User: inaccurate_trusting | DS: dutch
2026-04-19 23:04:05,537 | INFO | --- Calibrating for iteration 1 ---
2026-04-19 23:04:05,537 | INFO | --- Training r-net for Beta: 0.1
2026-04-19 23:04:05,537 | INFO | Training r-net | User: inaccurate_trusting | Beta: 0.1 | Iter: 1
2026-04-19 23:04:06,104 | DEBUG | Input Tensor Shape: torch.Size([2406, 11])
2026-04-19 23:04:06,237 | INFO | Epoch 1/20 - Loss: 1.1209
2026-04-19 23:04:06,466 | INFO | Epoch 2/20 - Loss: 1.1201
2026-04-19 23:04:06,498 | INFO | Epoch 3/20 - Loss: 1.1196
2026-04-19 23:04:06,536 | INFO | Epoch 4/20 - Loss: 1.1195
2026-04-19 23:04:06,574 | INFO | Epoch 5/20 - Loss: 1.1189
2026-04-19 23:04:06,613 | INFO | Epoch 6/20 - Loss: 1.1193
2026-04-19 23:04:06,651 | INFO | Epoch 7/20 - Loss: 1.1190
2026-04-19 23:04:06,689 | INFO | Epoch 8/20 - Loss: 1.1188
2026-04-19 23:04:06,807 | INFO | Epoch 9/20 - Loss: 1.1187
2026-04-19 23:04:06,868 | INFO | Epoch 10/20 - Loss: 1.1186
2026-04-19 23:04:06,900 | INFO | Epoch 11/20 - Loss: 1.1182
2026-04-19 23:04:06,935 | INFO | Epoch 12/20 - Loss: 1.1180
2026-04-19 23:04:06,973 | INFO | Epoch 13/20 - Loss: 1.1177
2026-04-19 23:04:07,015 | INFO | Epoch 14/20 - Loss: 1.1174
2026-04-19 23:04:07,054 | INFO | Epoch 15/20 - Loss: 1.1172
2026-04-19 23:04:07,092 | INFO | Epoch 16/20 - Loss: 1.1173
2026-04-19 23:04:07,131 | INFO | Epoch 17/20 - Loss: 1.1175
2026-04-19 23:04:07,170 | INFO | Epoch 18/20 - Loss: 1.1169
2026-04-19 23:04:07,208 | INFO | Epoch 19/20 - Loss: 1.1168
2026-04-19 23:04:07,247 | INFO | Epoch 20/20 - Loss: 1.1167
2026-04-19 23:04:07,248 | INFO | r-net saved to: ./r_nets/dutch/iter_1/beta_01/r_net_inaccurate_trusting.pth
2026-04-19 23:04:07,265 | INFO | --- Training r-net for Beta: 0.3
2026-04-19 23:04:07,265 | INFO | Training r-net | User: inaccurate_trusting | Beta: 0.3 | Iter: 1
2026-04-19 23:04:07,791 | DEBUG | Input Tensor Shape: torch.Size([2406, 11])
2026-04-19 23:04:07,879 | INFO | Epoch 1/20 - Loss: 0.9897
2026-04-19 23:04:07,917 | INFO | Epoch 2/20 - Loss: 0.9894
2026-04-19 23:04:08,127 | INFO | Epoch 3/20 - Loss: 0.9895
2026-04-19 23:04:08,165 | INFO | Epoch 4/20 - Loss: 0.9890
2026-04-19 23:04:08,204 | INFO | Epoch 5/20 - Loss: 0.9886
2026-04-19 23:04:08,242 | INFO | Epoch 6/20 - Loss: 0.9887
2026-04-19 23:04:08,280 | INFO | Epoch 7/20 - Loss: 0.9887
2026-04-19 23:04:08,318 | INFO | Epoch 8/20 - Loss: 0.9884
2026-04-19 23:04:08,356 | INFO | Epoch 9/20 - Loss: 0.9884
2026-04-19 23:04:08,395 | INFO | Epoch 10/20 - Loss: 0.9881
2026-04-19 23:04:08,433 | INFO | Epoch 11/20 - Loss: 0.9876
2026-04-19 23:04:08,471 | INFO | Epoch 12/20 - Loss: 0.9876
2026-04-19 23:04:08,509 | INFO | Epoch 13/20 - Loss: 0.9876
2026-04-19 23:04:08,634 | INFO | Epoch 14/20 - Loss: 0.9873
2026-04-19 23:04:08,942 | INFO | Epoch 15/20 - Loss: 0.9874
2026-04-19 23:04:08,980 | INFO | Epoch 16/20 - Loss: 0.9870
2026-04-19 23:04:09,017 | INFO | Epoch 17/20 - Loss: 0.9874
2026-04-19 23:04:09,055 | INFO | Epoch 18/20 - Loss: 0.9877
2026-04-19 23:04:09,093 | INFO | Epoch 19/20 - Loss: 0.9870
2026-04-19 23:04:09,283 | INFO | Epoch 20/20 - Loss: 0.9864
2026-04-19 23:04:09,284 | INFO | r-net saved to: ./r_nets/dutch/iter_1/beta_03/r_net_inaccurate_trusting.pth
2026-04-19 23:04:09,301 | INFO | --- Training r-net for Beta: 0.5
2026-04-19 23:04:09,301 | INFO | Training r-net | User: inaccurate_trusting | Beta: 0.5 | Iter: 1
2026-04-19 23:04:09,814 | DEBUG | Input Tensor Shape: torch.Size([2406, 11])
2026-04-19 23:04:10,055 | INFO | Epoch 1/20 - Loss: 0.8531
2026-04-19 23:04:10,175 | INFO | Epoch 2/20 - Loss: 0.8407
2026-04-19 23:04:10,205 | INFO | Epoch 3/20 - Loss: 0.8344
2026-04-19 23:04:10,330 | INFO | Epoch 4/20 - Loss: 0.8321
2026-04-19 23:04:10,360 | INFO | Epoch 5/20 - Loss: 0.8316
2026-04-19 23:04:10,389 | INFO | Epoch 6/20 - Loss: 0.8318
2026-04-19 23:04:10,419 | INFO | Epoch 7/20 - Loss: 0.8311
2026-04-19 23:04:10,448 | INFO | Epoch 8/20 - Loss: 0.8309
2026-04-19 23:04:10,478 | INFO | Epoch 9/20 - Loss: 0.8312
2026-04-19 23:04:10,507 | INFO | Epoch 10/20 - Loss: 0.8299
2026-04-19 23:04:10,543 | INFO | Epoch 11/20 - Loss: 0.8302
2026-04-19 23:04:10,755 | INFO | Epoch 12/20 - Loss: 0.8304
2026-04-19 23:04:10,800 | INFO | Epoch 13/20 - Loss: 0.8293
2026-04-19 23:04:10,840 | INFO | Epoch 14/20 - Loss: 0.8295
2026-04-19 23:04:10,879 | INFO | Epoch 15/20 - Loss: 0.8296
2026-04-19 23:04:10,919 | INFO | Epoch 16/20 - Loss: 0.8295
2026-04-19 23:04:10,959 | INFO | Epoch 17/20 - Loss: 0.8289
2026-04-19 23:04:11,002 | INFO | Epoch 18/20 - Loss: 0.8291
2026-04-19 23:04:11,041 | INFO | Epoch 19/20 - Loss: 0.8289
2026-04-19 23:04:11,079 | INFO | Epoch 20/20 - Loss: 0.8291
2026-04-19 23:04:11,081 | INFO | r-net saved to: ./r_nets/dutch/iter_1/beta_05/r_net_inaccurate_trusting.pth
2026-04-19 23:04:11,100 | INFO | --- Training r-net for Beta: 0.7
2026-04-19 23:04:11,101 | INFO | Training r-net | User: inaccurate_trusting | Beta: 0.7 | Iter: 1
2026-04-19 23:04:11,642 | DEBUG | Input Tensor Shape: torch.Size([2406, 11])
2026-04-19 23:04:11,689 | INFO | Epoch 1/20 - Loss: 0.6740
2026-04-19 23:04:11,727 | INFO | Epoch 2/20 - Loss: 0.6557
2026-04-19 23:04:11,765 | INFO | Epoch 3/20 - Loss: 0.6388
2026-04-19 23:04:11,952 | INFO | Epoch 4/20 - Loss: 0.6284
2026-04-19 23:04:11,991 | INFO | Epoch 5/20 - Loss: 0.6258
2026-04-19 23:04:12,028 | INFO | Epoch 6/20 - Loss: 0.6252
2026-04-19 23:04:12,066 | INFO | Epoch 7/20 - Loss: 0.6252
2026-04-19 23:04:12,104 | INFO | Epoch 8/20 - Loss: 0.6245
2026-04-19 23:04:12,143 | INFO | Epoch 9/20 - Loss: 0.6254
2026-04-19 23:04:12,180 | INFO | Epoch 10/20 - Loss: 0.6243
2026-04-19 23:04:12,218 | INFO | Epoch 11/20 - Loss: 0.6240
2026-04-19 23:04:12,256 | INFO | Epoch 12/20 - Loss: 0.6245
2026-04-19 23:04:12,293 | INFO | Epoch 13/20 - Loss: 0.6239
2026-04-19 23:04:12,331 | INFO | Epoch 14/20 - Loss: 0.6231
2026-04-19 23:04:12,368 | INFO | Epoch 15/20 - Loss: 0.6230
2026-04-19 23:04:12,632 | INFO | Epoch 16/20 - Loss: 0.6229
2026-04-19 23:04:12,669 | INFO | Epoch 17/20 - Loss: 0.6238
2026-04-19 23:04:12,707 | INFO | Epoch 18/20 - Loss: 0.6229
2026-04-19 23:04:12,745 | INFO | Epoch 19/20 - Loss: 0.6232
2026-04-19 23:04:12,782 | INFO | Epoch 20/20 - Loss: 0.6222
2026-04-19 23:04:12,783 | INFO | r-net saved to: ./r_nets/dutch/iter_1/beta_07/r_net_inaccurate_trusting.pth
2026-04-19 23:04:12,798 | INFO | --- Training r-net for Beta: 0.9
2026-04-19 23:04:12,798 | INFO | Training r-net | User: inaccurate_trusting | Beta: 0.9 | Iter: 1
2026-04-19 23:04:13,369 | DEBUG | Input Tensor Shape: torch.Size([2406, 11])
2026-04-19 23:04:13,407 | INFO | Epoch 1/20 - Loss: 0.5194
2026-04-19 23:04:13,445 | INFO | Epoch 2/20 - Loss: 0.4804
2026-04-19 23:04:13,483 | INFO | Epoch 3/20 - Loss: 0.4340
2026-04-19 23:04:13,520 | INFO | Epoch 4/20 - Loss: 0.3813
2026-04-19 23:04:13,558 | INFO | Epoch 5/20 - Loss: 0.3390
2026-04-19 23:04:13,596 | INFO | Epoch 6/20 - Loss: 0.3222
2026-04-19 23:04:13,633 | INFO | Epoch 7/20 - Loss: 0.3194
2026-04-19 23:04:13,670 | INFO | Epoch 8/20 - Loss: 0.3184
2026-04-19 23:04:13,709 | INFO | Epoch 9/20 - Loss: 0.3186
2026-04-19 23:04:13,747 | INFO | Epoch 10/20 - Loss: 0.3176
2026-04-19 23:04:13,784 | INFO | Epoch 11/20 - Loss: 0.3178
2026-04-19 23:04:13,821 | INFO | Epoch 12/20 - Loss: 0.3159
2026-04-19 23:04:13,858 | INFO | Epoch 13/20 - Loss: 0.3181
2026-04-19 23:04:13,895 | INFO | Epoch 14/20 - Loss: 0.3157
2026-04-19 23:04:13,932 | INFO | Epoch 15/20 - Loss: 0.3168
2026-04-19 23:04:13,969 | INFO | Epoch 16/20 - Loss: 0.3172
2026-04-19 23:04:14,006 | INFO | Epoch 17/20 - Loss: 0.3168
2026-04-19 23:04:14,043 | INFO | Epoch 18/20 - Loss: 0.3161
2026-04-19 23:04:14,080 | INFO | Epoch 19/20 - Loss: 0.3144
2026-04-19 23:04:14,117 | INFO | Epoch 20/20 - Loss: 0.3158
2026-04-19 23:04:14,118 | INFO | r-net saved to: ./r_nets/dutch/iter_1/beta_09/r_net_inaccurate_trusting.pth
2026-04-19 23:04:14,133 | INFO | --- R-NET TRAINING FINISHED | User: inaccurate_trusting | DS: dutch
2026-04-19 23:04:14,139 | INFO | STARTING R-NETS TRAINING | User: inaccurate_trusting | DS: dutch
2026-04-19 23:04:14,141 | INFO | --- Calibrating for iteration 2 ---
2026-04-19 23:04:14,141 | INFO | --- Training r-net for Beta: 0.1
2026-04-19 23:04:14,141 | INFO | Training r-net | User: inaccurate_trusting | Beta: 0.1 | Iter: 2
2026-04-19 23:04:14,660 | DEBUG | Input Tensor Shape: torch.Size([2418, 11])
2026-04-19 23:04:14,817 | INFO | Epoch 1/20 - Loss: 1.1104
2026-04-19 23:04:14,854 | INFO | Epoch 2/20 - Loss: 1.1091
2026-04-19 23:04:14,892 | INFO | Epoch 3/20 - Loss: 1.1081
2026-04-19 23:04:14,934 | INFO | Epoch 4/20 - Loss: 1.1079
2026-04-19 23:04:14,972 | INFO | Epoch 5/20 - Loss: 1.1075
2026-04-19 23:04:15,009 | INFO | Epoch 6/20 - Loss: 1.1069
2026-04-19 23:04:15,046 | INFO | Epoch 7/20 - Loss: 1.1070
2026-04-19 23:04:15,084 | INFO | Epoch 8/20 - Loss: 1.1069
2026-04-19 23:04:15,121 | INFO | Epoch 9/20 - Loss: 1.1062
2026-04-19 23:04:15,158 | INFO | Epoch 10/20 - Loss: 1.1062
2026-04-19 23:04:15,196 | INFO | Epoch 11/20 - Loss: 1.1058
2026-04-19 23:04:15,233 | INFO | Epoch 12/20 - Loss: 1.1063
2026-04-19 23:04:15,270 | INFO | Epoch 13/20 - Loss: 1.1055
2026-04-19 23:04:15,308 | INFO | Epoch 14/20 - Loss: 1.1047
2026-04-19 23:04:15,345 | INFO | Epoch 15/20 - Loss: 1.1052
2026-04-19 23:04:15,383 | INFO | Epoch 16/20 - Loss: 1.1058
2026-04-19 23:04:15,420 | INFO | Epoch 17/20 - Loss: 1.1054
2026-04-19 23:04:15,457 | INFO | Epoch 18/20 - Loss: 1.1047
2026-04-19 23:04:15,495 | INFO | Epoch 19/20 - Loss: 1.1045
2026-04-19 23:04:15,532 | INFO | Epoch 20/20 - Loss: 1.1042
2026-04-19 23:04:15,533 | INFO | r-net saved to: ./r_nets/dutch/iter_2/beta_01/r_net_inaccurate_trusting.pth
2026-04-19 23:04:15,547 | INFO | --- Training r-net for Beta: 0.3
2026-04-19 23:04:15,547 | INFO | Training r-net | User: inaccurate_trusting | Beta: 0.3 | Iter: 2
2026-04-19 23:04:16,070 | DEBUG | Input Tensor Shape: torch.Size([2418, 11])
2026-04-19 23:04:16,110 | INFO | Epoch 1/20 - Loss: 0.9924
2026-04-19 23:04:16,148 | INFO | Epoch 2/20 - Loss: 0.9851
2026-04-19 23:04:16,185 | INFO | Epoch 3/20 - Loss: 0.9823
2026-04-19 23:04:16,223 | INFO | Epoch 4/20 - Loss: 0.9812
2026-04-19 23:04:16,260 | INFO | Epoch 5/20 - Loss: 0.9806
2026-04-19 23:04:16,297 | INFO | Epoch 6/20 - Loss: 0.9804
2026-04-19 23:04:16,371 | INFO | Epoch 7/20 - Loss: 0.9798
2026-04-19 23:04:16,409 | INFO | Epoch 8/20 - Loss: 0.9793
2026-04-19 23:04:16,446 | INFO | Epoch 9/20 - Loss: 0.9792
2026-04-19 23:04:16,484 | INFO | Epoch 10/20 - Loss: 0.9791
2026-04-19 23:04:16,522 | INFO | Epoch 11/20 - Loss: 0.9789
2026-04-19 23:04:16,559 | INFO | Epoch 12/20 - Loss: 0.9788
2026-04-19 23:04:16,597 | INFO | Epoch 13/20 - Loss: 0.9783
2026-04-19 23:04:16,635 | INFO | Epoch 14/20 - Loss: 0.9785
2026-04-19 23:04:16,673 | INFO | Epoch 15/20 - Loss: 0.9784
2026-04-19 23:04:16,711 | INFO | Epoch 16/20 - Loss: 0.9778
2026-04-19 23:04:16,748 | INFO | Epoch 17/20 - Loss: 0.9777
2026-04-19 23:04:16,786 | INFO | Epoch 18/20 - Loss: 0.9776
2026-04-19 23:04:16,824 | INFO | Epoch 19/20 - Loss: 0.9778
2026-04-19 23:04:16,862 | INFO | Epoch 20/20 - Loss: 0.9769
2026-04-19 23:04:16,863 | INFO | r-net saved to: ./r_nets/dutch/iter_2/beta_03/r_net_inaccurate_trusting.pth
2026-04-19 23:04:16,876 | INFO | --- Training r-net for Beta: 0.5
2026-04-19 23:04:16,876 | INFO | Training r-net | User: inaccurate_trusting | Beta: 0.5 | Iter: 2
2026-04-19 23:04:17,393 | DEBUG | Input Tensor Shape: torch.Size([2418, 11])
2026-04-19 23:04:17,432 | INFO | Epoch 1/20 - Loss: 0.8527
2026-04-19 23:04:17,470 | INFO | Epoch 2/20 - Loss: 0.8380
2026-04-19 23:04:17,508 | INFO | Epoch 3/20 - Loss: 0.8263
2026-04-19 23:04:17,546 | INFO | Epoch 4/20 - Loss: 0.8238
2026-04-19 23:04:17,584 | INFO | Epoch 5/20 - Loss: 0.8240
2026-04-19 23:04:17,622 | INFO | Epoch 6/20 - Loss: 0.8233
2026-04-19 23:04:17,659 | INFO | Epoch 7/20 - Loss: 0.8236
2026-04-19 23:04:17,697 | INFO | Epoch 8/20 - Loss: 0.8223
2026-04-19 23:04:17,737 | INFO | Epoch 9/20 - Loss: 0.8222
2026-04-19 23:04:17,775 | INFO | Epoch 10/20 - Loss: 0.8220
2026-04-19 23:04:17,813 | INFO | Epoch 11/20 - Loss: 0.8211
2026-04-19 23:04:17,851 | INFO | Epoch 12/20 - Loss: 0.8215
2026-04-19 23:04:17,889 | INFO | Epoch 13/20 - Loss: 0.8211
2026-04-19 23:04:17,927 | INFO | Epoch 14/20 - Loss: 0.8211
2026-04-19 23:04:17,965 | INFO | Epoch 15/20 - Loss: 0.8211
2026-04-19 23:04:18,003 | INFO | Epoch 16/20 - Loss: 0.8211
2026-04-19 23:04:18,041 | INFO | Epoch 17/20 - Loss: 0.8206
2026-04-19 23:04:18,079 | INFO | Epoch 18/20 - Loss: 0.8195
2026-04-19 23:04:18,117 | INFO | Epoch 19/20 - Loss: 0.8199
2026-04-19 23:04:18,155 | INFO | Epoch 20/20 - Loss: 0.8200
2026-04-19 23:04:18,156 | INFO | r-net saved to: ./r_nets/dutch/iter_2/beta_05/r_net_inaccurate_trusting.pth
2026-04-19 23:04:18,169 | INFO | --- Training r-net for Beta: 0.7
2026-04-19 23:04:18,169 | INFO | Training r-net | User: inaccurate_trusting | Beta: 0.7 | Iter: 2
2026-04-19 23:04:18,685 | DEBUG | Input Tensor Shape: torch.Size([2418, 11])
2026-04-19 23:04:18,934 | INFO | Epoch 1/20 - Loss: 0.6578
2026-04-19 23:04:18,972 | INFO | Epoch 2/20 - Loss: 0.6385
2026-04-19 23:04:19,011 | INFO | Epoch 3/20 - Loss: 0.6262
2026-04-19 23:04:19,049 | INFO | Epoch 4/20 - Loss: 0.6212
2026-04-19 23:04:19,088 | INFO | Epoch 5/20 - Loss: 0.6199
2026-04-19 23:04:19,127 | INFO | Epoch 6/20 - Loss: 0.6201
2026-04-19 23:04:19,165 | INFO | Epoch 7/20 - Loss: 0.6187
2026-04-19 23:04:19,203 | INFO | Epoch 8/20 - Loss: 0.6175
2026-04-19 23:04:19,242 | INFO | Epoch 9/20 - Loss: 0.6185
2026-04-19 23:04:19,280 | INFO | Epoch 10/20 - Loss: 0.6175
2026-04-19 23:04:19,318 | INFO | Epoch 11/20 - Loss: 0.6179
2026-04-19 23:04:19,357 | INFO | Epoch 12/20 - Loss: 0.6171
2026-04-19 23:04:19,395 | INFO | Epoch 13/20 - Loss: 0.6185
2026-04-19 23:04:19,434 | INFO | Epoch 14/20 - Loss: 0.6174
2026-04-19 23:04:19,472 | INFO | Epoch 15/20 - Loss: 0.6171
2026-04-19 23:04:19,511 | INFO | Epoch 16/20 - Loss: 0.6170
2026-04-19 23:04:19,551 | INFO | Epoch 17/20 - Loss: 0.6174
2026-04-19 23:04:19,589 | INFO | Epoch 18/20 - Loss: 0.6165
2026-04-19 23:04:19,628 | INFO | Epoch 19/20 - Loss: 0.6170
2026-04-19 23:04:19,666 | INFO | Epoch 20/20 - Loss: 0.6172
2026-04-19 23:04:19,667 | INFO | r-net saved to: ./r_nets/dutch/iter_2/beta_07/r_net_inaccurate_trusting.pth
2026-04-19 23:04:19,680 | INFO | --- Training r-net for Beta: 0.9
2026-04-19 23:04:19,680 | INFO | Training r-net | User: inaccurate_trusting | Beta: 0.9 | Iter: 2
2026-04-19 23:04:20,237 | DEBUG | Input Tensor Shape: torch.Size([2418, 11])
2026-04-19 23:04:20,288 | INFO | Epoch 1/20 - Loss: 0.5113
2026-04-19 23:04:20,327 | INFO | Epoch 2/20 - Loss: 0.4808
2026-04-19 23:04:20,366 | INFO | Epoch 3/20 - Loss: 0.4423
2026-04-19 23:04:20,404 | INFO | Epoch 4/20 - Loss: 0.3915
2026-04-19 23:04:20,443 | INFO | Epoch 5/20 - Loss: 0.3433
2026-04-19 23:04:20,482 | INFO | Epoch 6/20 - Loss: 0.3195
2026-04-19 23:04:20,521 | INFO | Epoch 7/20 - Loss: 0.3157
2026-04-19 23:04:20,559 | INFO | Epoch 8/20 - Loss: 0.3144
2026-04-19 23:04:20,598 | INFO | Epoch 9/20 - Loss: 0.3146
2026-04-19 23:04:20,636 | INFO | Epoch 10/20 - Loss: 0.3144
2026-04-19 23:04:20,743 | INFO | Epoch 11/20 - Loss: 0.3136
2026-04-19 23:04:20,920 | INFO | Epoch 12/20 - Loss: 0.3126
2026-04-19 23:04:20,958 | INFO | Epoch 13/20 - Loss: 0.3136
2026-04-19 23:04:20,997 | INFO | Epoch 14/20 - Loss: 0.3120
2026-04-19 23:04:21,035 | INFO | Epoch 15/20 - Loss: 0.3122
2026-04-19 23:04:21,073 | INFO | Epoch 16/20 - Loss: 0.3116
2026-04-19 23:04:21,111 | INFO | Epoch 17/20 - Loss: 0.3106
2026-04-19 23:04:21,149 | INFO | Epoch 18/20 - Loss: 0.3104
2026-04-19 23:04:21,187 | INFO | Epoch 19/20 - Loss: 0.3101
2026-04-19 23:04:21,225 | INFO | Epoch 20/20 - Loss: 0.3100
2026-04-19 23:04:21,226 | INFO | r-net saved to: ./r_nets/dutch/iter_2/beta_09/r_net_inaccurate_trusting.pth
2026-04-19 23:04:21,239 | INFO | --- R-NET TRAINING FINISHED | User: inaccurate_trusting | DS: dutch
2026-04-19 23:04:21,243 | INFO | STARTING R-NETS TRAINING | User: inaccurate_trusting | DS: dutch
2026-04-19 23:04:21,244 | INFO | --- Calibrating for iteration 3 ---
2026-04-19 23:04:21,244 | INFO | --- Training r-net for Beta: 0.1
2026-04-19 23:04:21,244 | INFO | Training r-net | User: inaccurate_trusting | Beta: 0.1 | Iter: 3
2026-04-19 23:04:21,768 | DEBUG | Input Tensor Shape: torch.Size([2411, 11])
2026-04-19 23:04:21,807 | INFO | Epoch 1/20 - Loss: 1.1126
2026-04-19 23:04:21,845 | INFO | Epoch 2/20 - Loss: 1.1098
2026-04-19 23:04:21,889 | INFO | Epoch 3/20 - Loss: 1.1090
2026-04-19 23:04:21,927 | INFO | Epoch 4/20 - Loss: 1.1092
2026-04-19 23:04:21,965 | INFO | Epoch 5/20 - Loss: 1.1090
2026-04-19 23:04:22,004 | INFO | Epoch 6/20 - Loss: 1.1085
2026-04-19 23:04:22,042 | INFO | Epoch 7/20 - Loss: 1.1081
2026-04-19 23:04:22,080 | INFO | Epoch 8/20 - Loss: 1.1080
2026-04-19 23:04:22,118 | INFO | Epoch 9/20 - Loss: 1.1073
2026-04-19 23:04:22,328 | INFO | Epoch 10/20 - Loss: 1.1076
2026-04-19 23:04:22,366 | INFO | Epoch 11/20 - Loss: 1.1071
2026-04-19 23:04:22,404 | INFO | Epoch 12/20 - Loss: 1.1068
2026-04-19 23:04:22,442 | INFO | Epoch 13/20 - Loss: 1.1062
2026-04-19 23:04:22,480 | INFO | Epoch 14/20 - Loss: 1.1069
2026-04-19 23:04:22,518 | INFO | Epoch 15/20 - Loss: 1.1061
2026-04-19 23:04:22,556 | INFO | Epoch 16/20 - Loss: 1.1062
2026-04-19 23:04:22,594 | INFO | Epoch 17/20 - Loss: 1.1060
2026-04-19 23:04:22,632 | INFO | Epoch 18/20 - Loss: 1.1063
2026-04-19 23:04:22,670 | INFO | Epoch 19/20 - Loss: 1.1054
2026-04-19 23:04:22,708 | INFO | Epoch 20/20 - Loss: 1.1051
2026-04-19 23:04:22,708 | INFO | r-net saved to: ./r_nets/dutch/iter_3/beta_01/r_net_inaccurate_trusting.pth
2026-04-19 23:04:22,721 | INFO | --- Training r-net for Beta: 0.3
2026-04-19 23:04:22,721 | INFO | Training r-net | User: inaccurate_trusting | Beta: 0.3 | Iter: 3
2026-04-19 23:04:23,241 | DEBUG | Input Tensor Shape: torch.Size([2411, 11])
2026-04-19 23:04:23,499 | INFO | Epoch 1/20 - Loss: 0.9835
2026-04-19 23:04:23,622 | INFO | Epoch 2/20 - Loss: 0.9817
2026-04-19 23:04:23,772 | INFO | Epoch 3/20 - Loss: 0.9811
2026-04-19 23:04:23,810 | INFO | Epoch 4/20 - Loss: 0.9811
2026-04-19 23:04:23,848 | INFO | Epoch 5/20 - Loss: 0.9804
2026-04-19 23:04:23,885 | INFO | Epoch 6/20 - Loss: 0.9803
2026-04-19 23:04:23,923 | INFO | Epoch 7/20 - Loss: 0.9805
2026-04-19 23:04:23,961 | INFO | Epoch 8/20 - Loss: 0.9803
2026-04-19 23:04:23,999 | INFO | Epoch 9/20 - Loss: 0.9800
2026-04-19 23:04:24,037 | INFO | Epoch 10/20 - Loss: 0.9798
2026-04-19 23:04:24,075 | INFO | Epoch 11/20 - Loss: 0.9796
2026-04-19 23:04:24,114 | INFO | Epoch 12/20 - Loss: 0.9798
2026-04-19 23:04:24,152 | INFO | Epoch 13/20 - Loss: 0.9790
2026-04-19 23:04:24,190 | INFO | Epoch 14/20 - Loss: 0.9796
2026-04-19 23:04:24,228 | INFO | Epoch 15/20 - Loss: 0.9792
2026-04-19 23:04:24,266 | INFO | Epoch 16/20 - Loss: 0.9791
2026-04-19 23:04:24,304 | INFO | Epoch 17/20 - Loss: 0.9789
2026-04-19 23:04:24,342 | INFO | Epoch 18/20 - Loss: 0.9787
2026-04-19 23:04:24,380 | INFO | Epoch 19/20 - Loss: 0.9785
2026-04-19 23:04:24,426 | INFO | Epoch 20/20 - Loss: 0.9788
2026-04-19 23:04:24,427 | INFO | r-net saved to: ./r_nets/dutch/iter_3/beta_03/r_net_inaccurate_trusting.pth
2026-04-19 23:04:24,441 | INFO | --- Training r-net for Beta: 0.5
2026-04-19 23:04:24,442 | INFO | Training r-net | User: inaccurate_trusting | Beta: 0.5 | Iter: 3
2026-04-19 23:04:24,959 | DEBUG | Input Tensor Shape: torch.Size([2411, 11])
2026-04-19 23:04:25,200 | INFO | Epoch 1/20 - Loss: 0.8852
2026-04-19 23:04:25,464 | INFO | Epoch 2/20 - Loss: 0.8620
2026-04-19 23:04:25,502 | INFO | Epoch 3/20 - Loss: 0.8435
2026-04-19 23:04:25,710 | INFO | Epoch 4/20 - Loss: 0.8329
2026-04-19 23:04:25,748 | INFO | Epoch 5/20 - Loss: 0.8297
2026-04-19 23:04:25,786 | INFO | Epoch 6/20 - Loss: 0.8284
2026-04-19 23:04:25,824 | INFO | Epoch 7/20 - Loss: 0.8290
2026-04-19 23:04:25,861 | INFO | Epoch 8/20 - Loss: 0.8286
2026-04-19 23:04:25,899 | INFO | Epoch 9/20 - Loss: 0.8280
2026-04-19 23:04:25,937 | INFO | Epoch 10/20 - Loss: 0.8271
2026-04-19 23:04:25,975 | INFO | Epoch 11/20 - Loss: 0.8273
2026-04-19 23:04:26,017 | INFO | Epoch 12/20 - Loss: 0.8274
2026-04-19 23:04:26,055 | INFO | Epoch 13/20 - Loss: 0.8264
2026-04-19 23:04:26,093 | INFO | Epoch 14/20 - Loss: 0.8246
2026-04-19 23:04:26,131 | INFO | Epoch 15/20 - Loss: 0.8258
2026-04-19 23:04:26,169 | INFO | Epoch 16/20 - Loss: 0.8252
2026-04-19 23:04:26,207 | INFO | Epoch 17/20 - Loss: 0.8251
2026-04-19 23:04:26,245 | INFO | Epoch 18/20 - Loss: 0.8261
2026-04-19 23:04:26,283 | INFO | Epoch 19/20 - Loss: 0.8255
2026-04-19 23:04:26,322 | INFO | Epoch 20/20 - Loss: 0.8240
2026-04-19 23:04:26,323 | INFO | r-net saved to: ./r_nets/dutch/iter_3/beta_05/r_net_inaccurate_trusting.pth
2026-04-19 23:04:26,339 | INFO | --- Training r-net for Beta: 0.7
2026-04-19 23:04:26,339 | INFO | Training r-net | User: inaccurate_trusting | Beta: 0.7 | Iter: 3
2026-04-19 23:04:26,858 | DEBUG | Input Tensor Shape: torch.Size([2411, 11])
2026-04-19 23:04:26,910 | INFO | Epoch 1/20 - Loss: 0.7172
2026-04-19 23:04:27,059 | INFO | Epoch 2/20 - Loss: 0.6840
2026-04-19 23:04:27,260 | INFO | Epoch 3/20 - Loss: 0.6494
2026-04-19 23:04:27,299 | INFO | Epoch 4/20 - Loss: 0.6311
2026-04-19 23:04:27,337 | INFO | Epoch 5/20 - Loss: 0.6269
2026-04-19 23:04:27,375 | INFO | Epoch 6/20 - Loss: 0.6273
2026-04-19 23:04:27,413 | INFO | Epoch 7/20 - Loss: 0.6282
2026-04-19 23:04:27,451 | INFO | Epoch 8/20 - Loss: 0.6276
2026-04-19 23:04:27,489 | INFO | Epoch 9/20 - Loss: 0.6282
2026-04-19 23:04:27,527 | INFO | Epoch 10/20 - Loss: 0.6252
2026-04-19 23:04:27,565 | INFO | Epoch 11/20 - Loss: 0.6261
2026-04-19 23:04:27,603 | INFO | Epoch 12/20 - Loss: 0.6248
2026-04-19 23:04:27,641 | INFO | Epoch 13/20 - Loss: 0.6257
2026-04-19 23:04:27,679 | INFO | Epoch 14/20 - Loss: 0.6250
2026-04-19 23:04:27,717 | INFO | Epoch 15/20 - Loss: 0.6238
2026-04-19 23:04:27,755 | INFO | Epoch 16/20 - Loss: 0.6245
2026-04-19 23:04:27,814 | INFO | Epoch 17/20 - Loss: 0.6233
2026-04-19 23:04:27,852 | INFO | Epoch 18/20 - Loss: 0.6239
2026-04-19 23:04:27,890 | INFO | Epoch 19/20 - Loss: 0.6238
2026-04-19 23:04:27,928 | INFO | Epoch 20/20 - Loss: 0.6216
2026-04-19 23:04:27,929 | INFO | r-net saved to: ./r_nets/dutch/iter_3/beta_07/r_net_inaccurate_trusting.pth
2026-04-19 23:04:27,941 | INFO | --- Training r-net for Beta: 0.9
2026-04-19 23:04:27,941 | INFO | Training r-net | User: inaccurate_trusting | Beta: 0.9 | Iter: 3
2026-04-19 23:04:28,457 | DEBUG | Input Tensor Shape: torch.Size([2411, 11])
2026-04-19 23:04:28,497 | INFO | Epoch 1/20 - Loss: 0.5047
2026-04-19 23:04:28,535 | INFO | Epoch 2/20 - Loss: 0.4838
2026-04-19 23:04:28,574 | INFO | Epoch 3/20 - Loss: 0.4557
2026-04-19 23:04:28,618 | INFO | Epoch 4/20 - Loss: 0.4148
2026-04-19 23:04:28,656 | INFO | Epoch 5/20 - Loss: 0.3682
2026-04-19 23:04:28,694 | INFO | Epoch 6/20 - Loss: 0.3322
2026-04-19 23:04:28,731 | INFO | Epoch 7/20 - Loss: 0.3209
2026-04-19 23:04:28,773 | INFO | Epoch 8/20 - Loss: 0.3182
2026-04-19 23:04:28,811 | INFO | Epoch 9/20 - Loss: 0.3176
2026-04-19 23:04:28,849 | INFO | Epoch 10/20 - Loss: 0.3173
2026-04-19 23:04:28,887 | INFO | Epoch 11/20 - Loss: 0.3175
2026-04-19 23:04:28,925 | INFO | Epoch 12/20 - Loss: 0.3172
2026-04-19 23:04:28,963 | INFO | Epoch 13/20 - Loss: 0.3180
2026-04-19 23:04:29,001 | INFO | Epoch 14/20 - Loss: 0.3168
2026-04-19 23:04:29,038 | INFO | Epoch 15/20 - Loss: 0.3166
2026-04-19 23:04:29,076 | INFO | Epoch 16/20 - Loss: 0.3166
2026-04-19 23:04:29,114 | INFO | Epoch 17/20 - Loss: 0.3154
2026-04-19 23:04:29,154 | INFO | Epoch 18/20 - Loss: 0.3156
2026-04-19 23:04:29,191 | INFO | Epoch 19/20 - Loss: 0.3147
2026-04-19 23:04:29,229 | INFO | Epoch 20/20 - Loss: 0.3153
2026-04-19 23:04:29,229 | INFO | r-net saved to: ./r_nets/dutch/iter_3/beta_09/r_net_inaccurate_trusting.pth
2026-04-19 23:04:29,248 | INFO | --- R-NET TRAINING FINISHED | User: inaccurate_trusting | DS: dutch
