2026-04-20 10:31:09,190 | INFO | STARTING R-NETS TRAINING | User: inaccurate_not_trusting | DS: dutch
2026-04-20 10:31:09,191 | INFO | --- Calibrating for iteration 1 ---
2026-04-20 10:31:09,191 | INFO | --- Training r-net for Beta: 0.1
2026-04-20 10:31:09,191 | INFO | Training r-net | User: inaccurate_not_trusting | Beta: 0.1 | Iter: 1
2026-04-20 10:31:09,719 | DEBUG | Input Tensor Shape: torch.Size([2406, 11])
2026-04-20 10:31:09,761 | INFO | Epoch 1/20 - Loss: 1.1199
2026-04-20 10:31:09,799 | INFO | Epoch 2/20 - Loss: 1.1195
2026-04-20 10:31:09,837 | INFO | Epoch 3/20 - Loss: 1.1192
2026-04-20 10:31:09,880 | INFO | Epoch 4/20 - Loss: 1.1190
2026-04-20 10:31:09,918 | INFO | Epoch 5/20 - Loss: 1.1188
2026-04-20 10:31:09,956 | INFO | Epoch 6/20 - Loss: 1.1187
2026-04-20 10:31:09,994 | INFO | Epoch 7/20 - Loss: 1.1184
2026-04-20 10:31:10,036 | INFO | Epoch 8/20 - Loss: 1.1186
2026-04-20 10:31:10,074 | INFO | Epoch 9/20 - Loss: 1.1185
2026-04-20 10:31:10,112 | INFO | Epoch 10/20 - Loss: 1.1181
2026-04-20 10:31:10,156 | INFO | Epoch 11/20 - Loss: 1.1179
2026-04-20 10:31:10,213 | INFO | Epoch 12/20 - Loss: 1.1175
2026-04-20 10:31:10,253 | INFO | Epoch 13/20 - Loss: 1.1171
2026-04-20 10:31:10,293 | INFO | Epoch 14/20 - Loss: 1.1174
2026-04-20 10:31:10,336 | INFO | Epoch 15/20 - Loss: 1.1170
2026-04-20 10:31:10,374 | INFO | Epoch 16/20 - Loss: 1.1170
2026-04-20 10:31:10,412 | INFO | Epoch 17/20 - Loss: 1.1167
2026-04-20 10:31:10,450 | INFO | Epoch 18/20 - Loss: 1.1170
2026-04-20 10:31:10,501 | INFO | Epoch 19/20 - Loss: 1.1168
2026-04-20 10:31:10,539 | INFO | Epoch 20/20 - Loss: 1.1164
2026-04-20 10:31:10,541 | INFO | r-net saved to: ./r_nets/dutch/iter_1/beta_01/r_net_inaccurate_not_trusting.pth
2026-04-20 10:31:10,559 | INFO | --- Training r-net for Beta: 0.3
2026-04-20 10:31:10,559 | INFO | Training r-net | User: inaccurate_not_trusting | Beta: 0.3 | Iter: 1
2026-04-20 10:31:11,084 | DEBUG | Input Tensor Shape: torch.Size([2406, 11])
2026-04-20 10:31:11,170 | INFO | Epoch 1/20 - Loss: 1.0042
2026-04-20 10:31:11,209 | INFO | Epoch 2/20 - Loss: 0.9960
2026-04-20 10:31:11,247 | INFO | Epoch 3/20 - Loss: 0.9931
2026-04-20 10:31:11,286 | INFO | Epoch 4/20 - Loss: 0.9916
2026-04-20 10:31:11,324 | INFO | Epoch 5/20 - Loss: 0.9907
2026-04-20 10:31:11,362 | INFO | Epoch 6/20 - Loss: 0.9908
2026-04-20 10:31:11,401 | INFO | Epoch 7/20 - Loss: 0.9896
2026-04-20 10:31:11,439 | INFO | Epoch 8/20 - Loss: 0.9894
2026-04-20 10:31:11,478 | INFO | Epoch 9/20 - Loss: 0.9893
2026-04-20 10:31:11,517 | INFO | Epoch 10/20 - Loss: 0.9889
2026-04-20 10:31:11,556 | INFO | Epoch 11/20 - Loss: 0.9886
2026-04-20 10:31:11,594 | INFO | Epoch 12/20 - Loss: 0.9884
2026-04-20 10:31:11,633 | INFO | Epoch 13/20 - Loss: 0.9888
2026-04-20 10:31:11,672 | INFO | Epoch 14/20 - Loss: 0.9880
2026-04-20 10:31:11,711 | INFO | Epoch 15/20 - Loss: 0.9876
2026-04-20 10:31:11,749 | INFO | Epoch 16/20 - Loss: 0.9873
2026-04-20 10:31:11,787 | INFO | Epoch 17/20 - Loss: 0.9874
2026-04-20 10:31:11,827 | INFO | Epoch 18/20 - Loss: 0.9879
2026-04-20 10:31:11,865 | INFO | Epoch 19/20 - Loss: 0.9873
2026-04-20 10:31:11,903 | INFO | Epoch 20/20 - Loss: 0.9870
2026-04-20 10:31:11,904 | INFO | r-net saved to: ./r_nets/dutch/iter_1/beta_03/r_net_inaccurate_not_trusting.pth
2026-04-20 10:31:11,918 | INFO | --- Training r-net for Beta: 0.5
2026-04-20 10:31:11,918 | INFO | Training r-net | User: inaccurate_not_trusting | Beta: 0.5 | Iter: 1
2026-04-20 10:31:12,440 | DEBUG | Input Tensor Shape: torch.Size([2406, 11])
2026-04-20 10:31:12,504 | INFO | Epoch 1/20 - Loss: 0.8367
2026-04-20 10:31:12,542 | INFO | Epoch 2/20 - Loss: 0.8340
2026-04-20 10:31:12,580 | INFO | Epoch 3/20 - Loss: 0.8324
2026-04-20 10:31:12,618 | INFO | Epoch 4/20 - Loss: 0.8314
2026-04-20 10:31:12,656 | INFO | Epoch 5/20 - Loss: 0.8304
2026-04-20 10:31:12,694 | INFO | Epoch 6/20 - Loss: 0.8299
2026-04-20 10:31:12,732 | INFO | Epoch 7/20 - Loss: 0.8297
2026-04-20 10:31:12,770 | INFO | Epoch 8/20 - Loss: 0.8296
2026-04-20 10:31:12,808 | INFO | Epoch 9/20 - Loss: 0.8292
2026-04-20 10:31:12,846 | INFO | Epoch 10/20 - Loss: 0.8293
2026-04-20 10:31:12,884 | INFO | Epoch 11/20 - Loss: 0.8288
2026-04-20 10:31:12,921 | INFO | Epoch 12/20 - Loss: 0.8293
2026-04-20 10:31:12,959 | INFO | Epoch 13/20 - Loss: 0.8288
2026-04-20 10:31:12,997 | INFO | Epoch 14/20 - Loss: 0.8287
2026-04-20 10:31:13,035 | INFO | Epoch 15/20 - Loss: 0.8287
2026-04-20 10:31:13,073 | INFO | Epoch 16/20 - Loss: 0.8285
2026-04-20 10:31:13,112 | INFO | Epoch 17/20 - Loss: 0.8285
2026-04-20 10:31:13,150 | INFO | Epoch 18/20 - Loss: 0.8280
2026-04-20 10:31:13,188 | INFO | Epoch 19/20 - Loss: 0.8280
2026-04-20 10:31:13,227 | INFO | Epoch 20/20 - Loss: 0.8279
2026-04-20 10:31:13,228 | INFO | r-net saved to: ./r_nets/dutch/iter_1/beta_05/r_net_inaccurate_not_trusting.pth
2026-04-20 10:31:13,242 | INFO | --- Training r-net for Beta: 0.7
2026-04-20 10:31:13,242 | INFO | Training r-net | User: inaccurate_not_trusting | Beta: 0.7 | Iter: 1
2026-04-20 10:31:13,767 | DEBUG | Input Tensor Shape: torch.Size([2406, 11])
2026-04-20 10:31:13,825 | INFO | Epoch 1/20 - Loss: 0.7801
2026-04-20 10:31:13,900 | INFO | Epoch 2/20 - Loss: 0.7430
2026-04-20 10:31:13,930 | INFO | Epoch 3/20 - Loss: 0.7033
2026-04-20 10:31:13,961 | INFO | Epoch 4/20 - Loss: 0.6619
2026-04-20 10:31:13,993 | INFO | Epoch 5/20 - Loss: 0.6379
2026-04-20 10:31:14,031 | INFO | Epoch 6/20 - Loss: 0.6344
2026-04-20 10:31:14,069 | INFO | Epoch 7/20 - Loss: 0.6328
2026-04-20 10:31:14,107 | INFO | Epoch 8/20 - Loss: 0.6336
2026-04-20 10:31:14,145 | INFO | Epoch 9/20 - Loss: 0.6321
2026-04-20 10:31:14,182 | INFO | Epoch 10/20 - Loss: 0.6287
2026-04-20 10:31:14,220 | INFO | Epoch 11/20 - Loss: 0.6307
2026-04-20 10:31:14,258 | INFO | Epoch 12/20 - Loss: 0.6296
2026-04-20 10:31:14,296 | INFO | Epoch 13/20 - Loss: 0.6305
2026-04-20 10:31:14,334 | INFO | Epoch 14/20 - Loss: 0.6284
2026-04-20 10:31:14,372 | INFO | Epoch 15/20 - Loss: 0.6275
2026-04-20 10:31:14,409 | INFO | Epoch 16/20 - Loss: 0.6276
2026-04-20 10:31:14,447 | INFO | Epoch 17/20 - Loss: 0.6268
2026-04-20 10:31:14,485 | INFO | Epoch 18/20 - Loss: 0.6293
2026-04-20 10:31:14,524 | INFO | Epoch 19/20 - Loss: 0.6273
2026-04-20 10:31:14,562 | INFO | Epoch 20/20 - Loss: 0.6282
2026-04-20 10:31:14,563 | INFO | r-net saved to: ./r_nets/dutch/iter_1/beta_07/r_net_inaccurate_not_trusting.pth
2026-04-20 10:31:14,576 | INFO | --- Training r-net for Beta: 0.9
2026-04-20 10:31:14,576 | INFO | Training r-net | User: inaccurate_not_trusting | Beta: 0.9 | Iter: 1
2026-04-20 10:31:15,134 | DEBUG | Input Tensor Shape: torch.Size([2406, 11])
2026-04-20 10:31:15,173 | INFO | Epoch 1/20 - Loss: 0.4634
2026-04-20 10:31:15,212 | INFO | Epoch 2/20 - Loss: 0.4070
2026-04-20 10:31:15,250 | INFO | Epoch 3/20 - Loss: 0.3563
2026-04-20 10:31:15,288 | INFO | Epoch 4/20 - Loss: 0.3239
2026-04-20 10:31:15,326 | INFO | Epoch 5/20 - Loss: 0.3158
2026-04-20 10:31:15,364 | INFO | Epoch 6/20 - Loss: 0.3175
2026-04-20 10:31:15,402 | INFO | Epoch 7/20 - Loss: 0.3175
2026-04-20 10:31:15,439 | INFO | Epoch 8/20 - Loss: 0.3164
2026-04-20 10:31:15,484 | INFO | Epoch 9/20 - Loss: 0.3160
2026-04-20 10:31:15,522 | INFO | Epoch 10/20 - Loss: 0.3158
2026-04-20 10:31:15,559 | INFO | Epoch 11/20 - Loss: 0.3170
2026-04-20 10:31:15,597 | INFO | Epoch 12/20 - Loss: 0.3154
2026-04-20 10:31:15,635 | INFO | Epoch 13/20 - Loss: 0.3159
2026-04-20 10:31:15,673 | INFO | Epoch 14/20 - Loss: 0.3147
2026-04-20 10:31:15,710 | INFO | Epoch 15/20 - Loss: 0.3143
2026-04-20 10:31:15,748 | INFO | Epoch 16/20 - Loss: 0.3158
2026-04-20 10:31:15,786 | INFO | Epoch 17/20 - Loss: 0.3149
2026-04-20 10:31:15,824 | INFO | Epoch 18/20 - Loss: 0.3155
2026-04-20 10:31:15,862 | INFO | Epoch 19/20 - Loss: 0.3145
2026-04-20 10:31:15,900 | INFO | Epoch 20/20 - Loss: 0.3136
2026-04-20 10:31:15,901 | INFO | r-net saved to: ./r_nets/dutch/iter_1/beta_09/r_net_inaccurate_not_trusting.pth
2026-04-20 10:31:15,915 | INFO | --- R-NET TRAINING FINISHED | User: inaccurate_not_trusting | DS: dutch
2026-04-20 10:31:15,921 | INFO | STARTING R-NETS TRAINING | User: inaccurate_not_trusting | DS: dutch
2026-04-20 10:31:15,922 | INFO | --- Calibrating for iteration 2 ---
2026-04-20 10:31:15,922 | INFO | --- Training r-net for Beta: 0.1
2026-04-20 10:31:15,922 | INFO | Training r-net | User: inaccurate_not_trusting | Beta: 0.1 | Iter: 2
2026-04-20 10:31:16,457 | DEBUG | Input Tensor Shape: torch.Size([2418, 11])
2026-04-20 10:31:16,497 | INFO | Epoch 1/20 - Loss: 1.1253
2026-04-20 10:31:16,536 | INFO | Epoch 2/20 - Loss: 1.1201
2026-04-20 10:31:16,574 | INFO | Epoch 3/20 - Loss: 1.1189
2026-04-20 10:31:16,618 | INFO | Epoch 4/20 - Loss: 1.1183
2026-04-20 10:31:16,657 | INFO | Epoch 5/20 - Loss: 1.1180
2026-04-20 10:31:16,726 | INFO | Epoch 6/20 - Loss: 1.1177
2026-04-20 10:31:16,764 | INFO | Epoch 7/20 - Loss: 1.1173
2026-04-20 10:31:16,802 | INFO | Epoch 8/20 - Loss: 1.1176
2026-04-20 10:31:16,841 | INFO | Epoch 9/20 - Loss: 1.1168
2026-04-20 10:31:16,955 | INFO | Epoch 10/20 - Loss: 1.1166
2026-04-20 10:31:16,995 | INFO | Epoch 11/20 - Loss: 1.1168
2026-04-20 10:31:17,033 | INFO | Epoch 12/20 - Loss: 1.1166
2026-04-20 10:31:17,071 | INFO | Epoch 13/20 - Loss: 1.1163
2026-04-20 10:31:17,110 | INFO | Epoch 14/20 - Loss: 1.1158
2026-04-20 10:31:17,148 | INFO | Epoch 15/20 - Loss: 1.1159
2026-04-20 10:31:17,186 | INFO | Epoch 16/20 - Loss: 1.1159
2026-04-20 10:31:17,224 | INFO | Epoch 17/20 - Loss: 1.1160
2026-04-20 10:31:17,262 | INFO | Epoch 18/20 - Loss: 1.1152
2026-04-20 10:31:17,301 | INFO | Epoch 19/20 - Loss: 1.1157
2026-04-20 10:31:17,339 | INFO | Epoch 20/20 - Loss: 1.1151
2026-04-20 10:31:17,340 | INFO | r-net saved to: ./r_nets/dutch/iter_2/beta_01/r_net_inaccurate_not_trusting.pth
2026-04-20 10:31:17,357 | INFO | --- Training r-net for Beta: 0.3
2026-04-20 10:31:17,357 | INFO | Training r-net | User: inaccurate_not_trusting | Beta: 0.3 | Iter: 2
2026-04-20 10:31:17,893 | DEBUG | Input Tensor Shape: torch.Size([2418, 11])
2026-04-20 10:31:17,958 | INFO | Epoch 1/20 - Loss: 0.9912
2026-04-20 10:31:17,995 | INFO | Epoch 2/20 - Loss: 0.9889
2026-04-20 10:31:18,033 | INFO | Epoch 3/20 - Loss: 0.9884
2026-04-20 10:31:18,070 | INFO | Epoch 4/20 - Loss: 0.9884
2026-04-20 10:31:18,108 | INFO | Epoch 5/20 - Loss: 0.9876
2026-04-20 10:31:18,145 | INFO | Epoch 6/20 - Loss: 0.9878
2026-04-20 10:31:18,183 | INFO | Epoch 7/20 - Loss: 0.9875
2026-04-20 10:31:18,221 | INFO | Epoch 8/20 - Loss: 0.9876
2026-04-20 10:31:18,293 | INFO | Epoch 9/20 - Loss: 0.9876
2026-04-20 10:31:18,331 | INFO | Epoch 10/20 - Loss: 0.9869
2026-04-20 10:31:18,369 | INFO | Epoch 11/20 - Loss: 0.9870
2026-04-20 10:31:18,407 | INFO | Epoch 12/20 - Loss: 0.9867
2026-04-20 10:31:18,446 | INFO | Epoch 13/20 - Loss: 0.9867
2026-04-20 10:31:18,484 | INFO | Epoch 14/20 - Loss: 0.9862
2026-04-20 10:31:18,522 | INFO | Epoch 15/20 - Loss: 0.9863
2026-04-20 10:31:18,559 | INFO | Epoch 16/20 - Loss: 0.9861
2026-04-20 10:31:18,597 | INFO | Epoch 17/20 - Loss: 0.9864
2026-04-20 10:31:18,635 | INFO | Epoch 18/20 - Loss: 0.9861
2026-04-20 10:31:18,673 | INFO | Epoch 19/20 - Loss: 0.9859
2026-04-20 10:31:18,711 | INFO | Epoch 20/20 - Loss: 0.9855
2026-04-20 10:31:18,712 | INFO | r-net saved to: ./r_nets/dutch/iter_2/beta_03/r_net_inaccurate_not_trusting.pth
2026-04-20 10:31:18,724 | INFO | --- Training r-net for Beta: 0.5
2026-04-20 10:31:18,724 | INFO | Training r-net | User: inaccurate_not_trusting | Beta: 0.5 | Iter: 2
2026-04-20 10:31:19,245 | DEBUG | Input Tensor Shape: torch.Size([2418, 11])
2026-04-20 10:31:19,292 | INFO | Epoch 1/20 - Loss: 0.8737
2026-04-20 10:31:19,330 | INFO | Epoch 2/20 - Loss: 0.8600
2026-04-20 10:31:19,367 | INFO | Epoch 3/20 - Loss: 0.8487
2026-04-20 10:31:19,405 | INFO | Epoch 4/20 - Loss: 0.8403
2026-04-20 10:31:19,447 | INFO | Epoch 5/20 - Loss: 0.8347
2026-04-20 10:31:19,484 | INFO | Epoch 6/20 - Loss: 0.8334
2026-04-20 10:31:19,522 | INFO | Epoch 7/20 - Loss: 0.8314
2026-04-20 10:31:19,559 | INFO | Epoch 8/20 - Loss: 0.8322
2026-04-20 10:31:19,597 | INFO | Epoch 9/20 - Loss: 0.8318
2026-04-20 10:31:19,634 | INFO | Epoch 10/20 - Loss: 0.8303
2026-04-20 10:31:19,672 | INFO | Epoch 11/20 - Loss: 0.8311
2026-04-20 10:31:19,710 | INFO | Epoch 12/20 - Loss: 0.8309
2026-04-20 10:31:19,749 | INFO | Epoch 13/20 - Loss: 0.8303
2026-04-20 10:31:19,787 | INFO | Epoch 14/20 - Loss: 0.8298
2026-04-20 10:31:19,828 | INFO | Epoch 15/20 - Loss: 0.8303
2026-04-20 10:31:19,903 | INFO | Epoch 16/20 - Loss: 0.8293
2026-04-20 10:31:19,942 | INFO | Epoch 17/20 - Loss: 0.8300
2026-04-20 10:31:19,979 | INFO | Epoch 18/20 - Loss: 0.8288
2026-04-20 10:31:20,077 | INFO | Epoch 19/20 - Loss: 0.8288
2026-04-20 10:31:20,117 | INFO | Epoch 20/20 - Loss: 0.8286
2026-04-20 10:31:20,118 | INFO | r-net saved to: ./r_nets/dutch/iter_2/beta_05/r_net_inaccurate_not_trusting.pth
2026-04-20 10:31:20,134 | INFO | --- Training r-net for Beta: 0.7
2026-04-20 10:31:20,134 | INFO | Training r-net | User: inaccurate_not_trusting | Beta: 0.7 | Iter: 2
2026-04-20 10:31:20,656 | DEBUG | Input Tensor Shape: torch.Size([2418, 11])
2026-04-20 10:31:20,788 | INFO | Epoch 1/20 - Loss: 0.7583
2026-04-20 10:31:20,827 | INFO | Epoch 2/20 - Loss: 0.7115
2026-04-20 10:31:20,865 | INFO | Epoch 3/20 - Loss: 0.6728
2026-04-20 10:31:20,902 | INFO | Epoch 4/20 - Loss: 0.6461
2026-04-20 10:31:20,939 | INFO | Epoch 5/20 - Loss: 0.6328
2026-04-20 10:31:20,976 | INFO | Epoch 6/20 - Loss: 0.6318
2026-04-20 10:31:21,013 | INFO | Epoch 7/20 - Loss: 0.6274
2026-04-20 10:31:21,051 | INFO | Epoch 8/20 - Loss: 0.6287
2026-04-20 10:31:21,089 | INFO | Epoch 9/20 - Loss: 0.6300
2026-04-20 10:31:21,125 | INFO | Epoch 10/20 - Loss: 0.6294
2026-04-20 10:31:21,163 | INFO | Epoch 11/20 - Loss: 0.6279
2026-04-20 10:31:21,200 | INFO | Epoch 12/20 - Loss: 0.6285
2026-04-20 10:31:21,237 | INFO | Epoch 13/20 - Loss: 0.6292
2026-04-20 10:31:21,276 | INFO | Epoch 14/20 - Loss: 0.6281
2026-04-20 10:31:21,313 | INFO | Epoch 15/20 - Loss: 0.6280
2026-04-20 10:31:21,350 | INFO | Epoch 16/20 - Loss: 0.6266
2026-04-20 10:31:21,387 | INFO | Epoch 17/20 - Loss: 0.6275
2026-04-20 10:31:21,430 | INFO | Epoch 18/20 - Loss: 0.6267
2026-04-20 10:31:21,467 | INFO | Epoch 19/20 - Loss: 0.6268
2026-04-20 10:31:21,504 | INFO | Epoch 20/20 - Loss: 0.6254
2026-04-20 10:31:21,505 | INFO | r-net saved to: ./r_nets/dutch/iter_2/beta_07/r_net_inaccurate_not_trusting.pth
2026-04-20 10:31:21,521 | INFO | --- Training r-net for Beta: 0.9
2026-04-20 10:31:21,521 | INFO | Training r-net | User: inaccurate_not_trusting | Beta: 0.9 | Iter: 2
2026-04-20 10:31:22,043 | DEBUG | Input Tensor Shape: torch.Size([2418, 11])
2026-04-20 10:31:22,081 | INFO | Epoch 1/20 - Loss: 0.6899
2026-04-20 10:31:22,119 | INFO | Epoch 2/20 - Loss: 0.6565
2026-04-20 10:31:22,157 | INFO | Epoch 3/20 - Loss: 0.6091
2026-04-20 10:31:22,195 | INFO | Epoch 4/20 - Loss: 0.5391
2026-04-20 10:31:22,232 | INFO | Epoch 5/20 - Loss: 0.4582
2026-04-20 10:31:22,278 | INFO | Epoch 6/20 - Loss: 0.3901
2026-04-20 10:31:22,319 | INFO | Epoch 7/20 - Loss: 0.3438
2026-04-20 10:31:22,359 | INFO | Epoch 8/20 - Loss: 0.3293
2026-04-20 10:31:22,398 | INFO | Epoch 9/20 - Loss: 0.3253
2026-04-20 10:31:22,435 | INFO | Epoch 10/20 - Loss: 0.3284
2026-04-20 10:31:22,473 | INFO | Epoch 11/20 - Loss: 0.3277
2026-04-20 10:31:22,510 | INFO | Epoch 12/20 - Loss: 0.3266
2026-04-20 10:31:22,549 | INFO | Epoch 13/20 - Loss: 0.3230
2026-04-20 10:31:22,586 | INFO | Epoch 14/20 - Loss: 0.3239
2026-04-20 10:31:22,623 | INFO | Epoch 15/20 - Loss: 0.3213
2026-04-20 10:31:22,660 | INFO | Epoch 16/20 - Loss: 0.3218
2026-04-20 10:31:22,698 | INFO | Epoch 17/20 - Loss: 0.3212
2026-04-20 10:31:22,735 | INFO | Epoch 18/20 - Loss: 0.3186
2026-04-20 10:31:22,773 | INFO | Epoch 19/20 - Loss: 0.3193
2026-04-20 10:31:22,810 | INFO | Epoch 20/20 - Loss: 0.3193
2026-04-20 10:31:22,811 | INFO | r-net saved to: ./r_nets/dutch/iter_2/beta_09/r_net_inaccurate_not_trusting.pth
2026-04-20 10:31:22,824 | INFO | --- R-NET TRAINING FINISHED | User: inaccurate_not_trusting | DS: dutch
2026-04-20 10:31:22,831 | INFO | STARTING R-NETS TRAINING | User: inaccurate_not_trusting | DS: dutch
2026-04-20 10:31:22,832 | INFO | --- Calibrating for iteration 3 ---
2026-04-20 10:31:22,832 | INFO | --- Training r-net for Beta: 0.1
2026-04-20 10:31:22,833 | INFO | Training r-net | User: inaccurate_not_trusting | Beta: 0.1 | Iter: 3
2026-04-20 10:31:23,354 | DEBUG | Input Tensor Shape: torch.Size([2411, 11])
2026-04-20 10:31:23,400 | INFO | Epoch 1/20 - Loss: 1.1169
2026-04-20 10:31:23,438 | INFO | Epoch 2/20 - Loss: 1.1138
2026-04-20 10:31:23,499 | INFO | Epoch 3/20 - Loss: 1.1135
2026-04-20 10:31:23,545 | INFO | Epoch 4/20 - Loss: 1.1137
2026-04-20 10:31:23,584 | INFO | Epoch 5/20 - Loss: 1.1138
2026-04-20 10:31:23,621 | INFO | Epoch 6/20 - Loss: 1.1128
2026-04-20 10:31:23,659 | INFO | Epoch 7/20 - Loss: 1.1129
2026-04-20 10:31:23,696 | INFO | Epoch 8/20 - Loss: 1.1127
2026-04-20 10:31:23,733 | INFO | Epoch 9/20 - Loss: 1.1127
2026-04-20 10:31:23,772 | INFO | Epoch 10/20 - Loss: 1.1126
2026-04-20 10:31:23,809 | INFO | Epoch 11/20 - Loss: 1.1124
2026-04-20 10:31:23,846 | INFO | Epoch 12/20 - Loss: 1.1124
2026-04-20 10:31:23,884 | INFO | Epoch 13/20 - Loss: 1.1123
2026-04-20 10:31:23,921 | INFO | Epoch 14/20 - Loss: 1.1127
2026-04-20 10:31:23,958 | INFO | Epoch 15/20 - Loss: 1.1118
2026-04-20 10:31:23,996 | INFO | Epoch 16/20 - Loss: 1.1120
2026-04-20 10:31:24,033 | INFO | Epoch 17/20 - Loss: 1.1126
2026-04-20 10:31:24,070 | INFO | Epoch 18/20 - Loss: 1.1121
2026-04-20 10:31:24,109 | INFO | Epoch 19/20 - Loss: 1.1120
2026-04-20 10:31:24,146 | INFO | Epoch 20/20 - Loss: 1.1117
2026-04-20 10:31:24,147 | INFO | r-net saved to: ./r_nets/dutch/iter_3/beta_01/r_net_inaccurate_not_trusting.pth
2026-04-20 10:31:24,162 | INFO | --- Training r-net for Beta: 0.3
2026-04-20 10:31:24,162 | INFO | Training r-net | User: inaccurate_not_trusting | Beta: 0.3 | Iter: 3
2026-04-20 10:31:24,680 | DEBUG | Input Tensor Shape: torch.Size([2411, 11])
2026-04-20 10:31:24,803 | INFO | Epoch 1/20 - Loss: 0.9873
2026-04-20 10:31:24,840 | INFO | Epoch 2/20 - Loss: 0.9855
2026-04-20 10:31:24,879 | INFO | Epoch 3/20 - Loss: 0.9842
2026-04-20 10:31:24,917 | INFO | Epoch 4/20 - Loss: 0.9843
2026-04-20 10:31:24,954 | INFO | Epoch 5/20 - Loss: 0.9838
2026-04-20 10:31:24,992 | INFO | Epoch 6/20 - Loss: 0.9835
2026-04-20 10:31:25,033 | INFO | Epoch 7/20 - Loss: 0.9837
2026-04-20 10:31:25,071 | INFO | Epoch 8/20 - Loss: 0.9838
2026-04-20 10:31:25,109 | INFO | Epoch 9/20 - Loss: 0.9833
2026-04-20 10:31:25,146 | INFO | Epoch 10/20 - Loss: 0.9835
2026-04-20 10:31:25,190 | INFO | Epoch 11/20 - Loss: 0.9836
2026-04-20 10:31:25,228 | INFO | Epoch 12/20 - Loss: 0.9827
2026-04-20 10:31:25,265 | INFO | Epoch 13/20 - Loss: 0.9831
2026-04-20 10:31:25,304 | INFO | Epoch 14/20 - Loss: 0.9832
2026-04-20 10:31:25,341 | INFO | Epoch 15/20 - Loss: 0.9825
2026-04-20 10:31:25,380 | INFO | Epoch 16/20 - Loss: 0.9831
2026-04-20 10:31:25,418 | INFO | Epoch 17/20 - Loss: 0.9827
2026-04-20 10:31:25,455 | INFO | Epoch 18/20 - Loss: 0.9825
2026-04-20 10:31:25,493 | INFO | Epoch 19/20 - Loss: 0.9825
2026-04-20 10:31:25,530 | INFO | Epoch 20/20 - Loss: 0.9824
2026-04-20 10:31:25,532 | INFO | r-net saved to: ./r_nets/dutch/iter_3/beta_03/r_net_inaccurate_not_trusting.pth
2026-04-20 10:31:25,549 | INFO | --- Training r-net for Beta: 0.5
2026-04-20 10:31:25,549 | INFO | Training r-net | User: inaccurate_not_trusting | Beta: 0.5 | Iter: 3
2026-04-20 10:31:26,065 | DEBUG | Input Tensor Shape: torch.Size([2411, 11])
2026-04-20 10:31:26,168 | INFO | Epoch 1/20 - Loss: 0.8340
2026-04-20 10:31:26,206 | INFO | Epoch 2/20 - Loss: 0.8281
2026-04-20 10:31:26,340 | INFO | Epoch 3/20 - Loss: 0.8264
2026-04-20 10:31:26,378 | INFO | Epoch 4/20 - Loss: 0.8253
2026-04-20 10:31:26,417 | INFO | Epoch 5/20 - Loss: 0.8260
2026-04-20 10:31:26,455 | INFO | Epoch 6/20 - Loss: 0.8256
2026-04-20 10:31:26,493 | INFO | Epoch 7/20 - Loss: 0.8250
2026-04-20 10:31:26,532 | INFO | Epoch 8/20 - Loss: 0.8249
2026-04-20 10:31:26,570 | INFO | Epoch 9/20 - Loss: 0.8246
2026-04-20 10:31:26,608 | INFO | Epoch 10/20 - Loss: 0.8240
2026-04-20 10:31:26,646 | INFO | Epoch 11/20 - Loss: 0.8240
2026-04-20 10:31:26,684 | INFO | Epoch 12/20 - Loss: 0.8238
2026-04-20 10:31:26,723 | INFO | Epoch 13/20 - Loss: 0.8236
2026-04-20 10:31:26,762 | INFO | Epoch 14/20 - Loss: 0.8239
2026-04-20 10:31:26,800 | INFO | Epoch 15/20 - Loss: 0.8234
2026-04-20 10:31:26,839 | INFO | Epoch 16/20 - Loss: 0.8238
2026-04-20 10:31:26,877 | INFO | Epoch 17/20 - Loss: 0.8231
2026-04-20 10:31:26,915 | INFO | Epoch 18/20 - Loss: 0.8231
2026-04-20 10:31:26,954 | INFO | Epoch 19/20 - Loss: 0.8231
2026-04-20 10:31:26,992 | INFO | Epoch 20/20 - Loss: 0.8230
2026-04-20 10:31:26,993 | INFO | r-net saved to: ./r_nets/dutch/iter_3/beta_05/r_net_inaccurate_not_trusting.pth
2026-04-20 10:31:27,009 | INFO | --- Training r-net for Beta: 0.7
2026-04-20 10:31:27,009 | INFO | Training r-net | User: inaccurate_not_trusting | Beta: 0.7 | Iter: 3
2026-04-20 10:31:27,530 | DEBUG | Input Tensor Shape: torch.Size([2411, 11])
2026-04-20 10:31:27,569 | INFO | Epoch 1/20 - Loss: 0.7840
2026-04-20 10:31:27,607 | INFO | Epoch 2/20 - Loss: 0.7526
2026-04-20 10:31:27,645 | INFO | Epoch 3/20 - Loss: 0.7219
2026-04-20 10:31:27,683 | INFO | Epoch 4/20 - Loss: 0.6879
2026-04-20 10:31:27,720 | INFO | Epoch 5/20 - Loss: 0.6614
2026-04-20 10:31:27,758 | INFO | Epoch 6/20 - Loss: 0.6444
2026-04-20 10:31:27,807 | INFO | Epoch 7/20 - Loss: 0.6376
2026-04-20 10:31:27,844 | INFO | Epoch 8/20 - Loss: 0.6372
2026-04-20 10:31:27,883 | INFO | Epoch 9/20 - Loss: 0.6334
2026-04-20 10:31:27,921 | INFO | Epoch 10/20 - Loss: 0.6316
2026-04-20 10:31:27,959 | INFO | Epoch 11/20 - Loss: 0.6308
2026-04-20 10:31:27,996 | INFO | Epoch 12/20 - Loss: 0.6297
2026-04-20 10:31:28,034 | INFO | Epoch 13/20 - Loss: 0.6317
2026-04-20 10:31:28,072 | INFO | Epoch 14/20 - Loss: 0.6310
2026-04-20 10:31:28,110 | INFO | Epoch 15/20 - Loss: 0.6325
2026-04-20 10:31:28,149 | INFO | Epoch 16/20 - Loss: 0.6301
2026-04-20 10:31:28,187 | INFO | Epoch 17/20 - Loss: 0.6299
2026-04-20 10:31:28,225 | INFO | Epoch 18/20 - Loss: 0.6295
2026-04-20 10:31:28,263 | INFO | Epoch 19/20 - Loss: 0.6296
2026-04-20 10:31:28,304 | INFO | Epoch 20/20 - Loss: 0.6290
2026-04-20 10:31:28,305 | INFO | r-net saved to: ./r_nets/dutch/iter_3/beta_07/r_net_inaccurate_not_trusting.pth
2026-04-20 10:31:28,320 | INFO | --- Training r-net for Beta: 0.9
2026-04-20 10:31:28,320 | INFO | Training r-net | User: inaccurate_not_trusting | Beta: 0.9 | Iter: 3
2026-04-20 10:31:28,844 | DEBUG | Input Tensor Shape: torch.Size([2411, 11])
2026-04-20 10:31:28,983 | INFO | Epoch 1/20 - Loss: 0.5432
2026-04-20 10:31:29,028 | INFO | Epoch 2/20 - Loss: 0.5174
2026-04-20 10:31:29,066 | INFO | Epoch 3/20 - Loss: 0.4801
2026-04-20 10:31:29,105 | INFO | Epoch 4/20 - Loss: 0.4263
2026-04-20 10:31:29,143 | INFO | Epoch 5/20 - Loss: 0.3683
2026-04-20 10:31:29,182 | INFO | Epoch 6/20 - Loss: 0.3317
2026-04-20 10:31:29,223 | INFO | Epoch 7/20 - Loss: 0.3212
2026-04-20 10:31:29,262 | INFO | Epoch 8/20 - Loss: 0.3202
2026-04-20 10:31:29,302 | INFO | Epoch 9/20 - Loss: 0.3184
2026-04-20 10:31:29,345 | INFO | Epoch 10/20 - Loss: 0.3194
2026-04-20 10:31:29,384 | INFO | Epoch 11/20 - Loss: 0.3182
2026-04-20 10:31:29,422 | INFO | Epoch 12/20 - Loss: 0.3160
2026-04-20 10:31:29,461 | INFO | Epoch 13/20 - Loss: 0.3169
2026-04-20 10:31:29,499 | INFO | Epoch 14/20 - Loss: 0.3147
2026-04-20 10:31:29,538 | INFO | Epoch 15/20 - Loss: 0.3127
2026-04-20 10:31:29,577 | INFO | Epoch 16/20 - Loss: 0.3132
2026-04-20 10:31:29,615 | INFO | Epoch 17/20 - Loss: 0.3150
2026-04-20 10:31:29,653 | INFO | Epoch 18/20 - Loss: 0.3139
2026-04-20 10:31:29,691 | INFO | Epoch 19/20 - Loss: 0.3135
2026-04-20 10:31:29,731 | INFO | Epoch 20/20 - Loss: 0.3128
2026-04-20 10:31:29,733 | INFO | r-net saved to: ./r_nets/dutch/iter_3/beta_09/r_net_inaccurate_not_trusting.pth
2026-04-20 10:31:29,755 | INFO | --- R-NET TRAINING FINISHED | User: inaccurate_not_trusting | DS: dutch
