2026-04-20 16:36:42,419 | INFO | STARTING MIC RUN | User: accurate_not_trusting | DS: compas
2026-04-20 16:36:42,419 | INFO | ---  ITERATION 1/3 ---
2026-04-20 16:36:42,420 | DEBUG | RETRIEVING NET | User accurate_not_trusting | Iter 1 | NET 32_16_model_*.pt
2026-04-20 16:36:42,429 | INFO | Loaded Tau: 0.53, iter 1
2026-04-20 16:36:42,430 | INFO | STARTING STRAT Confidence | USER accurate_not_trusting | Iter 1
2026-04-20 16:36:42,430 | INFO | Iteration 1 starting with benchmark: 63.00, delta: 0.05
2026-04-20 16:38:20,083 | INFO | Finished Iteration 1, strat Confidence | Machine EA: 77.56 | Delta: 0.05
2026-04-20 16:38:20,092 | INFO | Saved Strat 1 results to: ./processed_data/compas/mic_result_ds\iter_1\results_acc_nt\strats\Confidence.parquet
2026-04-20 16:38:20,092 | INFO | STARTING STRAT Mao | USER accurate_not_trusting | Iter 1
2026-04-20 16:38:20,092 | INFO |  Current Beta 0.1 | Start Perf: 63.00
2026-04-20 16:38:20,093 | DEBUG | RETRIEVING NET | User accurate_not_trusting | Iter 1
2026-04-20 16:38:20,095 | DEBUG | RETRIEVING R-NET | PATH ./r_nets/compas\iter_1\beta_01\r_net_accurate_not_trusting.pth
2026-04-20 16:39:58,290 | INFO | Beta 01 | Iteration 1 | Machine EA: 94.35
2026-04-20 16:39:58,296 | INFO | Saved Strat 2, Beta 0.1 results to: ./processed_data/compas/mic_result_ds\iter_1\results_acc_nt\strats\Mao_beta_01.parquet
2026-04-20 16:39:58,296 | INFO |  Current Beta 0.3 | Start Perf: 63.00
2026-04-20 16:39:58,296 | DEBUG | RETRIEVING NET | User accurate_not_trusting | Iter 1
2026-04-20 16:39:58,298 | DEBUG | RETRIEVING R-NET | PATH ./r_nets/compas\iter_1\beta_03\r_net_accurate_not_trusting.pth
2026-04-20 16:41:38,596 | INFO | Beta 03 | Iteration 1 | Machine EA: 88.36
2026-04-20 16:41:38,604 | INFO | Saved Strat 2, Beta 0.3 results to: ./processed_data/compas/mic_result_ds\iter_1\results_acc_nt\strats\Mao_beta_03.parquet
2026-04-20 16:41:38,604 | INFO |  Current Beta 0.5 | Start Perf: 63.00
2026-04-20 16:41:38,604 | DEBUG | RETRIEVING NET | User accurate_not_trusting | Iter 1
2026-04-20 16:41:38,606 | DEBUG | RETRIEVING R-NET | PATH ./r_nets/compas\iter_1\beta_05\r_net_accurate_not_trusting.pth
2026-04-20 16:41:57,315 | WARNING | Drift here! Record index 216
2026-04-20 16:41:57,339 | WARNING | DRIFT DETECTED | Phase: MiC | Strat: Mao
2026-04-20 16:41:57,340 | INFO | DRIFT METRICS: Current  belief_threshold: 0.7 | Last 5 Machine EA: [0.6197183098591549, 0.616822429906542, 0.6186046511627907, 0.6157407407407407, 0.6175115207373272]
2026-04-20 16:41:57,344 | INFO | Drift df saved to: processed_data\compas\drift_checkpoints\MiC\iter_1\MiC_accurate_not_trusting_Mao_0.5.parquet
2026-04-20 16:41:57,350 | INFO | Beta 05 | Iteration 1 | Machine EA: 57.32
2026-04-20 16:41:57,357 | INFO | Saved Strat 2, Beta 0.5 results to: ./processed_data/compas/mic_result_ds\iter_1\results_acc_nt\strats\Mao_beta_05.parquet
2026-04-20 16:41:57,358 | INFO |  Current Beta 0.7 | Start Perf: 63.00
2026-04-20 16:41:57,358 | DEBUG | RETRIEVING NET | User accurate_not_trusting | Iter 1
2026-04-20 16:41:57,360 | DEBUG | RETRIEVING R-NET | PATH ./r_nets/compas\iter_1\beta_07\r_net_accurate_not_trusting.pth
2026-04-20 16:42:19,182 | WARNING | Drift here! Record index 216
2026-04-20 16:42:19,203 | WARNING | DRIFT DETECTED | Phase: MiC | Strat: Mao
2026-04-20 16:42:19,204 | INFO | DRIFT METRICS: Current  belief_threshold: 0.7 | Last 5 Machine EA: [0.6197183098591549, 0.616822429906542, 0.6186046511627907, 0.6157407407407407, 0.6175115207373272]
2026-04-20 16:42:19,208 | INFO | Drift df saved to: processed_data\compas\drift_checkpoints\MiC\iter_1\MiC_accurate_not_trusting_Mao_0.7.parquet
2026-04-20 16:42:19,214 | INFO | Beta 07 | Iteration 1 | Machine EA: 57.32
2026-04-20 16:42:19,222 | INFO | Saved Strat 2, Beta 0.7 results to: ./processed_data/compas/mic_result_ds\iter_1\results_acc_nt\strats\Mao_beta_07.parquet
2026-04-20 16:42:19,222 | INFO |  Current Beta 0.9 | Start Perf: 63.00
2026-04-20 16:42:19,222 | DEBUG | RETRIEVING NET | User accurate_not_trusting | Iter 1
2026-04-20 16:42:19,225 | DEBUG | RETRIEVING R-NET | PATH ./r_nets/compas\iter_1\beta_09\r_net_accurate_not_trusting.pth
2026-04-20 16:42:38,257 | WARNING | Drift here! Record index 216
2026-04-20 16:42:38,281 | WARNING | DRIFT DETECTED | Phase: MiC | Strat: Mao
2026-04-20 16:42:38,282 | INFO | DRIFT METRICS: Current  belief_threshold: 0.7 | Last 5 Machine EA: [0.6197183098591549, 0.616822429906542, 0.6186046511627907, 0.6157407407407407, 0.6175115207373272]
2026-04-20 16:42:38,287 | INFO | Drift df saved to: processed_data\compas\drift_checkpoints\MiC\iter_1\MiC_accurate_not_trusting_Mao_0.9.parquet
2026-04-20 16:42:38,290 | INFO | Beta 09 | Iteration 1 | Machine EA: 57.32
2026-04-20 16:42:38,295 | INFO | Saved Strat 2, Beta 0.9 results to: ./processed_data/compas/mic_result_ds\iter_1\results_acc_nt\strats\Mao_beta_09.parquet
2026-04-20 16:42:38,297 | INFO | STARTING MIC RUN | User: accurate_not_trusting | DS: compas
2026-04-20 16:42:38,297 | INFO | ---  ITERATION 2/3 ---
2026-04-20 16:42:38,297 | DEBUG | RETRIEVING NET | User accurate_not_trusting | Iter 2 | NET 32_16_model_*.pt
2026-04-20 16:42:38,304 | INFO | Loaded Tau: 0.55, iter 2
2026-04-20 16:42:38,305 | INFO | STARTING STRAT Confidence | USER accurate_not_trusting | Iter 2
2026-04-20 16:42:38,305 | INFO | Iteration 2 starting with benchmark: 77.56, delta: 0.05
2026-04-20 16:45:07,596 | INFO | Finished Iteration 2, strat Confidence | Machine EA: 77.02 | Delta: 0.05
2026-04-20 16:45:07,606 | INFO | Saved Strat 1 results to: ./processed_data/compas/mic_result_ds\iter_2\results_acc_nt\strats\Confidence.parquet
2026-04-20 16:45:07,606 | INFO | STARTING STRAT Mao | USER accurate_not_trusting | Iter 2
2026-04-20 16:45:07,607 | INFO |  Current Beta 0.1 | Start Perf: 94.35
2026-04-20 16:45:07,607 | DEBUG | RETRIEVING NET | User accurate_not_trusting | Iter 2
2026-04-20 16:45:07,610 | DEBUG | RETRIEVING R-NET | PATH ./r_nets/compas\iter_2\beta_01\r_net_accurate_not_trusting.pth
2026-04-20 16:47:27,737 | INFO | Beta 01 | Iteration 2 | Machine EA: 94.35
2026-04-20 16:47:27,746 | INFO | Saved Strat 2, Beta 0.1 results to: ./processed_data/compas/mic_result_ds\iter_2\results_acc_nt\strats\Mao_beta_01.parquet
2026-04-20 16:47:27,746 | INFO |  Current Beta 0.3 | Start Perf: 88.36
2026-04-20 16:47:27,746 | DEBUG | RETRIEVING NET | User accurate_not_trusting | Iter 2
2026-04-20 16:47:27,748 | DEBUG | RETRIEVING R-NET | PATH ./r_nets/compas\iter_2\beta_03\r_net_accurate_not_trusting.pth
2026-04-20 16:49:47,873 | INFO | Beta 03 | Iteration 2 | Machine EA: 94.35
2026-04-20 16:49:47,885 | INFO | Saved Strat 2, Beta 0.3 results to: ./processed_data/compas/mic_result_ds\iter_2\results_acc_nt\strats\Mao_beta_03.parquet
2026-04-20 16:49:47,885 | INFO |  Current Beta 0.5 | Start Perf: 57.32
2026-04-20 16:49:47,885 | DEBUG | RETRIEVING NET | User accurate_not_trusting | Iter 2
2026-04-20 16:49:47,888 | DEBUG | RETRIEVING R-NET | PATH ./r_nets/compas\iter_2\beta_05\r_net_accurate_not_trusting.pth
2026-04-20 16:50:21,734 | WARNING | Drift here! Record index 216
2026-04-20 16:50:21,760 | WARNING | DRIFT DETECTED | Phase: MiC | Strat: Mao
2026-04-20 16:50:21,760 | INFO | DRIFT METRICS: Current  belief_threshold: 0.7 | Last 5 Machine EA: [0.6009389671361502, 0.5981308411214953, 0.6, 0.5972222222222222, 0.5990783410138248]
2026-04-20 16:50:21,768 | INFO | Drift df saved to: processed_data\compas\drift_checkpoints\MiC\iter_2\MiC_accurate_not_trusting_Mao_0.5.parquet
2026-04-20 16:50:21,777 | INFO | Beta 05 | Iteration 2 | Machine EA: 53.41
2026-04-20 16:50:21,790 | INFO | Saved Strat 2, Beta 0.5 results to: ./processed_data/compas/mic_result_ds\iter_2\results_acc_nt\strats\Mao_beta_05.parquet
2026-04-20 16:50:21,790 | INFO |  Current Beta 0.7 | Start Perf: 57.32
2026-04-20 16:50:21,790 | DEBUG | RETRIEVING NET | User accurate_not_trusting | Iter 2
2026-04-20 16:50:21,794 | DEBUG | RETRIEVING R-NET | PATH ./r_nets/compas\iter_2\beta_07\r_net_accurate_not_trusting.pth
2026-04-20 16:50:55,074 | WARNING | Drift here! Record index 216
2026-04-20 16:50:55,106 | WARNING | DRIFT DETECTED | Phase: MiC | Strat: Mao
2026-04-20 16:50:55,106 | INFO | DRIFT METRICS: Current  belief_threshold: 0.7 | Last 5 Machine EA: [0.6009389671361502, 0.5981308411214953, 0.6, 0.5972222222222222, 0.5990783410138248]
2026-04-20 16:50:55,113 | INFO | Drift df saved to: processed_data\compas\drift_checkpoints\MiC\iter_2\MiC_accurate_not_trusting_Mao_0.7.parquet
2026-04-20 16:50:55,120 | INFO | Beta 07 | Iteration 2 | Machine EA: 53.41
2026-04-20 16:50:55,131 | INFO | Saved Strat 2, Beta 0.7 results to: ./processed_data/compas/mic_result_ds\iter_2\results_acc_nt\strats\Mao_beta_07.parquet
2026-04-20 16:50:55,131 | INFO |  Current Beta 0.9 | Start Perf: 57.32
2026-04-20 16:50:55,132 | DEBUG | RETRIEVING NET | User accurate_not_trusting | Iter 2
2026-04-20 16:50:55,136 | DEBUG | RETRIEVING R-NET | PATH ./r_nets/compas\iter_2\beta_09\r_net_accurate_not_trusting.pth
2026-04-20 16:51:28,805 | WARNING | Drift here! Record index 216
2026-04-20 16:51:28,863 | WARNING | DRIFT DETECTED | Phase: MiC | Strat: Mao
2026-04-20 16:51:28,863 | INFO | DRIFT METRICS: Current  belief_threshold: 0.7 | Last 5 Machine EA: [0.6009389671361502, 0.5981308411214953, 0.6, 0.5972222222222222, 0.5990783410138248]
2026-04-20 16:51:28,870 | INFO | Drift df saved to: processed_data\compas\drift_checkpoints\MiC\iter_2\MiC_accurate_not_trusting_Mao_0.9.parquet
2026-04-20 16:51:28,875 | INFO | Beta 09 | Iteration 2 | Machine EA: 53.41
2026-04-20 16:51:28,888 | INFO | Saved Strat 2, Beta 0.9 results to: ./processed_data/compas/mic_result_ds\iter_2\results_acc_nt\strats\Mao_beta_09.parquet
2026-04-20 16:51:28,892 | INFO | STARTING MIC RUN | User: accurate_not_trusting | DS: compas
2026-04-20 16:51:28,892 | INFO | ---  ITERATION 3/3 ---
2026-04-20 16:51:28,892 | DEBUG | RETRIEVING NET | User accurate_not_trusting | Iter 3 | NET 32_16_model_*.pt
2026-04-20 16:51:28,906 | INFO | Loaded Tau: 0.56, iter 3
2026-04-20 16:51:28,906 | INFO | STARTING STRAT Confidence | USER accurate_not_trusting | Iter 3
2026-04-20 16:51:28,907 | INFO | Iteration 3 starting with benchmark: 77.02, delta: 0.05
2026-04-20 16:52:24,718 | WARNING | Drift here! Record index 338
2026-04-20 16:52:24,754 | WARNING | DRIFT DETECTED | Phase: MiC | Strat: Confidence
2026-04-20 16:52:24,755 | INFO | DRIFT METRICS: Current  belief_threshold: 0.7 | Last 5 Machine EA: [0.7582089552238805, 0.7589285714285714, 0.7596439169139466, 0.7603550295857988, 0.7581120943952803]
2026-04-20 16:52:24,762 | INFO | Drift df saved to: processed_data\compas\drift_checkpoints\MiC\iter_3\MiC_accurate_not_trusting_Confidence_None.parquet
2026-04-20 16:52:24,765 | INFO | Finished Iteration 3, strat Confidence | Machine EA: 72.25 | Delta: 0.03
2026-04-20 16:52:24,776 | INFO | Saved Strat 1 results to: ./processed_data/compas/mic_result_ds\iter_3\results_acc_nt\strats\Confidence.parquet
2026-04-20 16:52:24,776 | INFO | STARTING STRAT Mao | USER accurate_not_trusting | Iter 3
2026-04-20 16:52:24,776 | INFO |  Current Beta 0.1 | Start Perf: 94.35
2026-04-20 16:52:24,776 | DEBUG | RETRIEVING NET | User accurate_not_trusting | Iter 3
2026-04-20 16:52:24,780 | DEBUG | RETRIEVING R-NET | PATH ./r_nets/compas\iter_3\beta_01\r_net_accurate_not_trusting.pth
2026-04-20 16:55:27,246 | INFO | Beta 01 | Iteration 3 | Machine EA: 94.35
2026-04-20 16:55:27,256 | INFO | Saved Strat 2, Beta 0.1 results to: ./processed_data/compas/mic_result_ds\iter_3\results_acc_nt\strats\Mao_beta_01.parquet
2026-04-20 16:55:27,257 | INFO |  Current Beta 0.3 | Start Perf: 94.35
2026-04-20 16:55:27,257 | DEBUG | RETRIEVING NET | User accurate_not_trusting | Iter 3
2026-04-20 16:55:27,260 | DEBUG | RETRIEVING R-NET | PATH ./r_nets/compas\iter_3\beta_03\r_net_accurate_not_trusting.pth
2026-04-20 16:58:33,447 | INFO | Beta 03 | Iteration 3 | Machine EA: 94.29
2026-04-20 16:58:33,458 | INFO | Saved Strat 2, Beta 0.3 results to: ./processed_data/compas/mic_result_ds\iter_3\results_acc_nt\strats\Mao_beta_03.parquet
2026-04-20 16:58:33,458 | INFO |  Current Beta 0.5 | Start Perf: 53.41
2026-04-20 16:58:33,458 | DEBUG | RETRIEVING NET | User accurate_not_trusting | Iter 3
2026-04-20 16:58:33,462 | DEBUG | RETRIEVING R-NET | PATH ./r_nets/compas\iter_3\beta_05\r_net_accurate_not_trusting.pth
2026-04-20 17:01:39,746 | INFO | Beta 05 | Iteration 3 | Machine EA: 59.94
2026-04-20 17:01:39,757 | INFO | Saved Strat 2, Beta 0.5 results to: ./processed_data/compas/mic_result_ds\iter_3\results_acc_nt\strats\Mao_beta_05.parquet
2026-04-20 17:01:39,757 | INFO |  Current Beta 0.7 | Start Perf: 53.41
2026-04-20 17:01:39,757 | DEBUG | RETRIEVING NET | User accurate_not_trusting | Iter 3
2026-04-20 17:01:39,760 | DEBUG | RETRIEVING R-NET | PATH ./r_nets/compas\iter_3\beta_07\r_net_accurate_not_trusting.pth
2026-04-20 17:04:42,782 | INFO | Beta 07 | Iteration 3 | Machine EA: 59.94
2026-04-20 17:04:42,793 | INFO | Saved Strat 2, Beta 0.7 results to: ./processed_data/compas/mic_result_ds\iter_3\results_acc_nt\strats\Mao_beta_07.parquet
2026-04-20 17:04:42,793 | INFO |  Current Beta 0.9 | Start Perf: 53.41
2026-04-20 17:04:42,793 | DEBUG | RETRIEVING NET | User accurate_not_trusting | Iter 3
2026-04-20 17:04:42,797 | DEBUG | RETRIEVING R-NET | PATH ./r_nets/compas\iter_3\beta_09\r_net_accurate_not_trusting.pth
2026-04-20 17:07:46,446 | INFO | Beta 09 | Iteration 3 | Machine EA: 59.94
2026-04-20 17:07:46,458 | INFO | Saved Strat 2, Beta 0.9 results to: ./processed_data/compas/mic_result_ds\iter_3\results_acc_nt\strats\Mao_beta_09.parquet
