2026-04-20 15:45:48,826 | INFO | STARTING MIC RUN | User: accurate_trusting | DS: compas
2026-04-20 15:45:48,826 | INFO | ---  ITERATION 1/3 ---
2026-04-20 15:45:48,827 | DEBUG | RETRIEVING NET | User accurate_trusting | Iter 1 | NET 32_16_model_*.pt
2026-04-20 15:45:48,834 | INFO | Loaded Tau: 0.54, iter 1
2026-04-20 15:45:48,836 | INFO | STARTING STRAT Confidence | USER accurate_trusting | Iter 1
2026-04-20 15:45:48,836 | INFO | Iteration 1 starting with benchmark: 63.00, delta: 0.05
2026-04-20 15:47:20,069 | INFO | Finished Iteration 1, strat Confidence | Machine EA: 77.62 | Delta: 0.05
2026-04-20 15:47:20,077 | INFO | Saved Strat 1 results to: ./processed_data/compas/mic_result_ds\iter_1\results_acc_t\strats\Confidence.parquet
2026-04-20 15:47:20,077 | INFO | STARTING STRAT Mao | USER accurate_trusting | Iter 1
2026-04-20 15:47:20,077 | INFO |  Current Beta 0.1 | Start Perf: 63.00
2026-04-20 15:47:20,078 | DEBUG | RETRIEVING NET | User accurate_trusting | Iter 1
2026-04-20 15:47:20,080 | DEBUG | RETRIEVING R-NET | PATH ./r_nets/compas\iter_1\beta_01\r_net_accurate_trusting.pth
2026-04-20 15:48:51,415 | INFO | Beta 01 | Iteration 1 | Machine EA: 94.22
2026-04-20 15:48:51,422 | INFO | Saved Strat 2, Beta 0.1 results to: ./processed_data/compas/mic_result_ds\iter_1\results_acc_t\strats\Mao_beta_01.parquet
2026-04-20 15:48:51,422 | INFO |  Current Beta 0.3 | Start Perf: 63.00
2026-04-20 15:48:51,422 | DEBUG | RETRIEVING NET | User accurate_trusting | Iter 1
2026-04-20 15:48:51,424 | DEBUG | RETRIEVING R-NET | PATH ./r_nets/compas\iter_1\beta_03\r_net_accurate_trusting.pth
2026-04-20 15:50:19,154 | INFO | Beta 03 | Iteration 1 | Machine EA: 94.22
2026-04-20 15:50:19,161 | INFO | Saved Strat 2, Beta 0.3 results to: ./processed_data/compas/mic_result_ds\iter_1\results_acc_t\strats\Mao_beta_03.parquet
2026-04-20 15:50:19,161 | INFO |  Current Beta 0.5 | Start Perf: 63.00
2026-04-20 15:50:19,161 | DEBUG | RETRIEVING NET | User accurate_trusting | Iter 1
2026-04-20 15:50:19,163 | DEBUG | RETRIEVING R-NET | PATH ./r_nets/compas\iter_1\beta_05\r_net_accurate_trusting.pth
2026-04-20 15:51:47,544 | INFO | Beta 05 | Iteration 1 | Machine EA: 64.13
2026-04-20 15:51:47,552 | INFO | Saved Strat 2, Beta 0.5 results to: ./processed_data/compas/mic_result_ds\iter_1\results_acc_t\strats\Mao_beta_05.parquet
2026-04-20 15:51:47,552 | INFO |  Current Beta 0.7 | Start Perf: 63.00
2026-04-20 15:51:47,552 | DEBUG | RETRIEVING NET | User accurate_trusting | Iter 1
2026-04-20 15:51:47,555 | DEBUG | RETRIEVING R-NET | PATH ./r_nets/compas\iter_1\beta_07\r_net_accurate_trusting.pth
2026-04-20 15:53:19,722 | INFO | Beta 07 | Iteration 1 | Machine EA: 64.13
2026-04-20 15:53:19,728 | INFO | Saved Strat 2, Beta 0.7 results to: ./processed_data/compas/mic_result_ds\iter_1\results_acc_t\strats\Mao_beta_07.parquet
2026-04-20 15:53:19,728 | INFO |  Current Beta 0.9 | Start Perf: 63.00
2026-04-20 15:53:19,729 | DEBUG | RETRIEVING NET | User accurate_trusting | Iter 1
2026-04-20 15:53:19,731 | DEBUG | RETRIEVING R-NET | PATH ./r_nets/compas\iter_1\beta_09\r_net_accurate_trusting.pth
2026-04-20 15:54:54,243 | INFO | Beta 09 | Iteration 1 | Machine EA: 64.13
2026-04-20 15:54:54,250 | INFO | Saved Strat 2, Beta 0.9 results to: ./processed_data/compas/mic_result_ds\iter_1\results_acc_t\strats\Mao_beta_09.parquet
2026-04-20 15:54:54,253 | INFO | STARTING MIC RUN | User: accurate_trusting | DS: compas
2026-04-20 15:54:54,253 | INFO | ---  ITERATION 2/3 ---
2026-04-20 15:54:54,253 | DEBUG | RETRIEVING NET | User accurate_trusting | Iter 2 | NET 32_16_model_*.pt
2026-04-20 15:54:54,259 | INFO | Loaded Tau: 0.56, iter 2
2026-04-20 15:54:54,260 | INFO | STARTING STRAT Confidence | USER accurate_trusting | Iter 2
2026-04-20 15:54:54,260 | INFO | Iteration 2 starting with benchmark: 77.62, delta: 0.05
2026-04-20 15:55:22,582 | WARNING | Drift here! Record index 345
2026-04-20 15:55:22,603 | WARNING | DRIFT DETECTED | Phase: MiC | Strat: Confidence
2026-04-20 15:55:22,603 | INFO | DRIFT METRICS: Current  belief_threshold: 0.7 | Last 5 Machine EA: [0.7514619883040936, 0.749271137026239, 0.75, 0.7507246376811594, 0.7485549132947977]
2026-04-20 15:55:22,610 | INFO | Drift df saved to: processed_data\compas\drift_checkpoints\MiC\iter_2\MiC_accurate_trusting_Confidence_None.parquet
2026-04-20 15:55:22,615 | INFO | Finished Iteration 2, strat Confidence | Machine EA: 72.95 | Delta: 0.03
2026-04-20 15:55:22,625 | INFO | Saved Strat 1 results to: ./processed_data/compas/mic_result_ds\iter_2\results_acc_t\strats\Confidence.parquet
2026-04-20 15:55:22,625 | INFO | STARTING STRAT Mao | USER accurate_trusting | Iter 2
2026-04-20 15:55:22,625 | INFO |  Current Beta 0.1 | Start Perf: 94.22
2026-04-20 15:55:22,625 | DEBUG | RETRIEVING NET | User accurate_trusting | Iter 2
2026-04-20 15:55:22,628 | DEBUG | RETRIEVING R-NET | PATH ./r_nets/compas\iter_2\beta_01\r_net_accurate_trusting.pth
2026-04-20 15:56:47,717 | INFO | Beta 01 | Iteration 2 | Machine EA: 94.22
2026-04-20 15:56:47,724 | INFO | Saved Strat 2, Beta 0.1 results to: ./processed_data/compas/mic_result_ds\iter_2\results_acc_t\strats\Mao_beta_01.parquet
2026-04-20 15:56:47,724 | INFO |  Current Beta 0.3 | Start Perf: 94.22
2026-04-20 15:56:47,724 | DEBUG | RETRIEVING NET | User accurate_trusting | Iter 2
2026-04-20 15:56:47,727 | DEBUG | RETRIEVING R-NET | PATH ./r_nets/compas\iter_2\beta_03\r_net_accurate_trusting.pth
2026-04-20 15:57:05,721 | WARNING | Drift here! Record index 216
2026-04-20 15:57:05,741 | WARNING | DRIFT DETECTED | Phase: MiC | Strat: Mao
2026-04-20 15:57:05,742 | INFO | DRIFT METRICS: Current  belief_threshold: 0.7 | Last 5 Machine EA: [0.596244131455399, 0.5934579439252337, 0.5953488372093023, 0.5925925925925926, 0.5944700460829493]
2026-04-20 15:57:05,748 | INFO | Drift df saved to: processed_data\compas\drift_checkpoints\MiC\iter_2\MiC_accurate_trusting_Mao_0.3.parquet
2026-04-20 15:57:05,755 | INFO | Beta 03 | Iteration 2 | Machine EA: 52.08
2026-04-20 15:57:05,763 | INFO | Saved Strat 2, Beta 0.3 results to: ./processed_data/compas/mic_result_ds\iter_2\results_acc_t\strats\Mao_beta_03.parquet
2026-04-20 15:57:05,764 | INFO |  Current Beta 0.5 | Start Perf: 64.13
2026-04-20 15:57:05,764 | DEBUG | RETRIEVING NET | User accurate_trusting | Iter 2
2026-04-20 15:57:05,766 | DEBUG | RETRIEVING R-NET | PATH ./r_nets/compas\iter_2\beta_05\r_net_accurate_trusting.pth
2026-04-20 15:57:23,431 | WARNING | Drift here! Record index 216
2026-04-20 15:57:23,480 | WARNING | DRIFT DETECTED | Phase: MiC | Strat: Mao
2026-04-20 15:57:23,480 | INFO | DRIFT METRICS: Current  belief_threshold: 0.7 | Last 5 Machine EA: [0.596244131455399, 0.5934579439252337, 0.5953488372093023, 0.5925925925925926, 0.5944700460829493]
2026-04-20 15:57:23,486 | INFO | Drift df saved to: processed_data\compas\drift_checkpoints\MiC\iter_2\MiC_accurate_trusting_Mao_0.5.parquet
2026-04-20 15:57:23,489 | INFO | Beta 05 | Iteration 2 | Machine EA: 52.08
2026-04-20 15:57:23,495 | INFO | Saved Strat 2, Beta 0.5 results to: ./processed_data/compas/mic_result_ds\iter_2\results_acc_t\strats\Mao_beta_05.parquet
2026-04-20 15:57:23,495 | INFO |  Current Beta 0.7 | Start Perf: 64.13
2026-04-20 15:57:23,495 | DEBUG | RETRIEVING NET | User accurate_trusting | Iter 2
2026-04-20 15:57:23,497 | DEBUG | RETRIEVING R-NET | PATH ./r_nets/compas\iter_2\beta_07\r_net_accurate_trusting.pth
2026-04-20 15:57:41,860 | WARNING | Drift here! Record index 216
2026-04-20 15:57:41,882 | WARNING | DRIFT DETECTED | Phase: MiC | Strat: Mao
2026-04-20 15:57:41,882 | INFO | DRIFT METRICS: Current  belief_threshold: 0.7 | Last 5 Machine EA: [0.596244131455399, 0.5934579439252337, 0.5953488372093023, 0.5925925925925926, 0.5944700460829493]
2026-04-20 15:57:41,888 | INFO | Drift df saved to: processed_data\compas\drift_checkpoints\MiC\iter_2\MiC_accurate_trusting_Mao_0.7.parquet
2026-04-20 15:57:41,893 | INFO | Beta 07 | Iteration 2 | Machine EA: 52.08
2026-04-20 15:57:41,901 | INFO | Saved Strat 2, Beta 0.7 results to: ./processed_data/compas/mic_result_ds\iter_2\results_acc_t\strats\Mao_beta_07.parquet
2026-04-20 15:57:41,901 | INFO |  Current Beta 0.9 | Start Perf: 64.13
2026-04-20 15:57:41,901 | DEBUG | RETRIEVING NET | User accurate_trusting | Iter 2
2026-04-20 15:57:41,904 | DEBUG | RETRIEVING R-NET | PATH ./r_nets/compas\iter_2\beta_09\r_net_accurate_trusting.pth
2026-04-20 15:58:01,706 | WARNING | Drift here! Record index 216
2026-04-20 15:58:01,728 | WARNING | DRIFT DETECTED | Phase: MiC | Strat: Mao
2026-04-20 15:58:01,728 | INFO | DRIFT METRICS: Current  belief_threshold: 0.7 | Last 5 Machine EA: [0.596244131455399, 0.5934579439252337, 0.5953488372093023, 0.5925925925925926, 0.5944700460829493]
2026-04-20 15:58:01,732 | INFO | Drift df saved to: processed_data\compas\drift_checkpoints\MiC\iter_2\MiC_accurate_trusting_Mao_0.9.parquet
2026-04-20 15:58:01,735 | INFO | Beta 09 | Iteration 2 | Machine EA: 52.08
2026-04-20 15:58:01,743 | INFO | Saved Strat 2, Beta 0.9 results to: ./processed_data/compas/mic_result_ds\iter_2\results_acc_t\strats\Mao_beta_09.parquet
2026-04-20 15:58:01,745 | INFO | STARTING MIC RUN | User: accurate_trusting | DS: compas
2026-04-20 15:58:01,745 | INFO | ---  ITERATION 3/3 ---
2026-04-20 15:58:01,745 | DEBUG | RETRIEVING NET | User accurate_trusting | Iter 3 | NET 32_16_model_*.pt
2026-04-20 15:58:01,754 | INFO | Loaded Tau: 0.56, iter 3
2026-04-20 15:58:01,754 | INFO | STARTING STRAT Confidence | USER accurate_trusting | Iter 3
2026-04-20 15:58:01,754 | INFO | Iteration 3 starting with benchmark: 72.95, delta: 0.03
2026-04-20 15:59:41,283 | INFO | Finished Iteration 3, strat Confidence | Machine EA: 77.26 | Delta: 0.05
2026-04-20 15:59:41,290 | INFO | Saved Strat 1 results to: ./processed_data/compas/mic_result_ds\iter_3\results_acc_t\strats\Confidence.parquet
2026-04-20 15:59:41,290 | INFO | STARTING STRAT Mao | USER accurate_trusting | Iter 3
2026-04-20 15:59:41,290 | INFO |  Current Beta 0.1 | Start Perf: 94.22
2026-04-20 15:59:41,290 | DEBUG | RETRIEVING NET | User accurate_trusting | Iter 3
2026-04-20 15:59:41,293 | DEBUG | RETRIEVING R-NET | PATH ./r_nets/compas\iter_3\beta_01\r_net_accurate_trusting.pth
2026-04-20 16:01:12,565 | INFO | Beta 01 | Iteration 3 | Machine EA: 94.09
2026-04-20 16:01:12,573 | INFO | Saved Strat 2, Beta 0.1 results to: ./processed_data/compas/mic_result_ds\iter_3\results_acc_t\strats\Mao_beta_01.parquet
2026-04-20 16:01:12,573 | INFO |  Current Beta 0.3 | Start Perf: 52.08
2026-04-20 16:01:12,573 | DEBUG | RETRIEVING NET | User accurate_trusting | Iter 3
2026-04-20 16:01:12,576 | DEBUG | RETRIEVING R-NET | PATH ./r_nets/compas\iter_3\beta_03\r_net_accurate_trusting.pth
2026-04-20 16:02:39,391 | INFO | Beta 03 | Iteration 3 | Machine EA: 60.48
2026-04-20 16:02:39,398 | INFO | Saved Strat 2, Beta 0.3 results to: ./processed_data/compas/mic_result_ds\iter_3\results_acc_t\strats\Mao_beta_03.parquet
2026-04-20 16:02:39,398 | INFO |  Current Beta 0.5 | Start Perf: 52.08
2026-04-20 16:02:39,399 | DEBUG | RETRIEVING NET | User accurate_trusting | Iter 3
2026-04-20 16:02:39,400 | DEBUG | RETRIEVING R-NET | PATH ./r_nets/compas\iter_3\beta_05\r_net_accurate_trusting.pth
2026-04-20 16:04:12,421 | INFO | Beta 05 | Iteration 3 | Machine EA: 60.48
2026-04-20 16:04:12,430 | INFO | Saved Strat 2, Beta 0.5 results to: ./processed_data/compas/mic_result_ds\iter_3\results_acc_t\strats\Mao_beta_05.parquet
2026-04-20 16:04:12,430 | INFO |  Current Beta 0.7 | Start Perf: 52.08
2026-04-20 16:04:12,430 | DEBUG | RETRIEVING NET | User accurate_trusting | Iter 3
2026-04-20 16:04:12,433 | DEBUG | RETRIEVING R-NET | PATH ./r_nets/compas\iter_3\beta_07\r_net_accurate_trusting.pth
2026-04-20 16:05:50,094 | INFO | Beta 07 | Iteration 3 | Machine EA: 60.48
2026-04-20 16:05:50,101 | INFO | Saved Strat 2, Beta 0.7 results to: ./processed_data/compas/mic_result_ds\iter_3\results_acc_t\strats\Mao_beta_07.parquet
2026-04-20 16:05:50,101 | INFO |  Current Beta 0.9 | Start Perf: 52.08
2026-04-20 16:05:50,101 | DEBUG | RETRIEVING NET | User accurate_trusting | Iter 3
2026-04-20 16:05:50,104 | DEBUG | RETRIEVING R-NET | PATH ./r_nets/compas\iter_3\beta_09\r_net_accurate_trusting.pth
2026-04-20 16:07:31,574 | INFO | Beta 09 | Iteration 3 | Machine EA: 60.48
2026-04-20 16:07:31,582 | INFO | Saved Strat 2, Beta 0.9 results to: ./processed_data/compas/mic_result_ds\iter_3\results_acc_t\strats\Mao_beta_09.parquet
