2026-04-20 17:18:13,362 | INFO | STARTING MIC RUN | User: inaccurate_not_trusting | DS: compas
2026-04-20 17:18:13,362 | INFO | ---  ITERATION 1/3 ---
2026-04-20 17:18:13,362 | DEBUG | RETRIEVING NET | User inaccurate_not_trusting | Iter 1 | NET 32_16_model_*.pt
2026-04-20 17:18:13,373 | INFO | Loaded Tau: 0.54, iter 1
2026-04-20 17:18:13,376 | INFO | STARTING STRAT Confidence | USER inaccurate_not_trusting | Iter 1
2026-04-20 17:18:13,376 | INFO | Iteration 1 starting with benchmark: 63.00, delta: 0.05
2026-04-20 17:21:17,614 | INFO | Finished Iteration 1, strat Confidence | Machine EA: 66.59 | Delta: 0.05
2026-04-20 17:21:17,624 | INFO | Saved Strat 1 results to: ./processed_data/compas/mic_result_ds\iter_1\results_inacc_nt\strats\Confidence.parquet
2026-04-20 17:21:17,624 | INFO | STARTING STRAT Mao | USER inaccurate_not_trusting | Iter 1
2026-04-20 17:21:17,625 | INFO |  Current Beta 0.1 | Start Perf: 63.00
2026-04-20 17:21:17,625 | DEBUG | RETRIEVING NET | User inaccurate_not_trusting | Iter 1
2026-04-20 17:21:17,628 | DEBUG | RETRIEVING R-NET | PATH ./r_nets/compas\iter_1\beta_01\r_net_inaccurate_not_trusting.pth
2026-04-20 17:24:19,091 | INFO | Beta 01 | Iteration 1 | Machine EA: 66.18
2026-04-20 17:24:19,102 | INFO | Saved Strat 2, Beta 0.1 results to: ./processed_data/compas/mic_result_ds\iter_1\results_inacc_nt\strats\Mao_beta_01.parquet
2026-04-20 17:24:19,102 | INFO |  Current Beta 0.3 | Start Perf: 63.00
2026-04-20 17:24:19,102 | DEBUG | RETRIEVING NET | User inaccurate_not_trusting | Iter 1
2026-04-20 17:24:19,106 | DEBUG | RETRIEVING R-NET | PATH ./r_nets/compas\iter_1\beta_03\r_net_inaccurate_not_trusting.pth
2026-04-20 17:27:00,104 | INFO | Beta 03 | Iteration 1 | Machine EA: 66.18
2026-04-20 17:27:00,111 | INFO | Saved Strat 2, Beta 0.3 results to: ./processed_data/compas/mic_result_ds\iter_1\results_inacc_nt\strats\Mao_beta_03.parquet
2026-04-20 17:27:00,111 | INFO |  Current Beta 0.5 | Start Perf: 63.00
2026-04-20 17:27:00,112 | DEBUG | RETRIEVING NET | User inaccurate_not_trusting | Iter 1
2026-04-20 17:27:00,114 | DEBUG | RETRIEVING R-NET | PATH ./r_nets/compas\iter_1\beta_05\r_net_inaccurate_not_trusting.pth
2026-04-20 17:27:18,814 | WARNING | Drift here! Record index 216
2026-04-20 17:27:18,836 | WARNING | DRIFT DETECTED | Phase: MiC | Strat: Mao
2026-04-20 17:27:18,836 | INFO | DRIFT METRICS: Current  belief_threshold: 0.7 | Last 5 Machine EA: [0.5868544600938967, 0.5841121495327103, 0.586046511627907, 0.5833333333333334, 0.5852534562211982]
2026-04-20 17:27:18,841 | INFO | Drift df saved to: processed_data\compas\drift_checkpoints\MiC\iter_1\MiC_inaccurate_not_trusting_Mao_0.5.parquet
2026-04-20 17:27:18,850 | INFO | Beta 05 | Iteration 1 | Machine EA: 51.30
2026-04-20 17:27:18,859 | INFO | Saved Strat 2, Beta 0.5 results to: ./processed_data/compas/mic_result_ds\iter_1\results_inacc_nt\strats\Mao_beta_05.parquet
2026-04-20 17:27:18,859 | INFO |  Current Beta 0.7 | Start Perf: 63.00
2026-04-20 17:27:18,860 | DEBUG | RETRIEVING NET | User inaccurate_not_trusting | Iter 1
2026-04-20 17:27:18,862 | DEBUG | RETRIEVING R-NET | PATH ./r_nets/compas\iter_1\beta_07\r_net_inaccurate_not_trusting.pth
2026-04-20 17:27:37,360 | WARNING | Drift here! Record index 216
2026-04-20 17:27:37,378 | WARNING | DRIFT DETECTED | Phase: MiC | Strat: Mao
2026-04-20 17:27:37,378 | INFO | DRIFT METRICS: Current  belief_threshold: 0.7 | Last 5 Machine EA: [0.5868544600938967, 0.5841121495327103, 0.586046511627907, 0.5833333333333334, 0.5852534562211982]
2026-04-20 17:27:37,382 | INFO | Drift df saved to: processed_data\compas\drift_checkpoints\MiC\iter_1\MiC_inaccurate_not_trusting_Mao_0.7.parquet
2026-04-20 17:27:37,386 | INFO | Beta 07 | Iteration 1 | Machine EA: 51.30
2026-04-20 17:27:37,393 | INFO | Saved Strat 2, Beta 0.7 results to: ./processed_data/compas/mic_result_ds\iter_1\results_inacc_nt\strats\Mao_beta_07.parquet
2026-04-20 17:27:37,394 | INFO |  Current Beta 0.9 | Start Perf: 63.00
2026-04-20 17:27:37,394 | DEBUG | RETRIEVING NET | User inaccurate_not_trusting | Iter 1
2026-04-20 17:27:37,396 | DEBUG | RETRIEVING R-NET | PATH ./r_nets/compas\iter_1\beta_09\r_net_inaccurate_not_trusting.pth
2026-04-20 17:27:55,997 | WARNING | Drift here! Record index 216
2026-04-20 17:27:56,015 | WARNING | DRIFT DETECTED | Phase: MiC | Strat: Mao
2026-04-20 17:27:56,015 | INFO | DRIFT METRICS: Current  belief_threshold: 0.7 | Last 5 Machine EA: [0.5868544600938967, 0.5841121495327103, 0.586046511627907, 0.5833333333333334, 0.5852534562211982]
2026-04-20 17:27:56,019 | INFO | Drift df saved to: processed_data\compas\drift_checkpoints\MiC\iter_1\MiC_inaccurate_not_trusting_Mao_0.9.parquet
2026-04-20 17:27:56,026 | INFO | Beta 09 | Iteration 1 | Machine EA: 51.30
2026-04-20 17:27:56,034 | INFO | Saved Strat 2, Beta 0.9 results to: ./processed_data/compas/mic_result_ds\iter_1\results_inacc_nt\strats\Mao_beta_09.parquet
2026-04-20 17:27:56,036 | INFO | STARTING MIC RUN | User: inaccurate_not_trusting | DS: compas
2026-04-20 17:27:56,036 | INFO | ---  ITERATION 2/3 ---
2026-04-20 17:27:56,036 | DEBUG | RETRIEVING NET | User inaccurate_not_trusting | Iter 2 | NET 32_16_model_*.pt
2026-04-20 17:27:56,043 | INFO | Loaded Tau: 0.55, iter 2
2026-04-20 17:27:56,044 | INFO | STARTING STRAT Confidence | USER inaccurate_not_trusting | Iter 2
2026-04-20 17:27:56,044 | INFO | Iteration 2 starting with benchmark: 66.59, delta: 0.05
2026-04-20 17:28:23,854 | WARNING | Drift here! Record index 316
2026-04-20 17:28:23,876 | WARNING | DRIFT DETECTED | Phase: MiC | Strat: Confidence
2026-04-20 17:28:23,876 | INFO | DRIFT METRICS: Current  belief_threshold: 0.7 | Last 5 Machine EA: [0.6293929712460063, 0.6273885350318471, 0.6253968253968254, 0.6265822784810127, 0.6277602523659306]
2026-04-20 17:28:23,883 | INFO | Drift df saved to: processed_data\compas\drift_checkpoints\MiC\iter_2\MiC_inaccurate_not_trusting_Confidence_None.parquet
2026-04-20 17:28:23,888 | INFO | Finished Iteration 2, strat Confidence | Machine EA: 56.51 | Delta: 0.03
2026-04-20 17:28:23,894 | INFO | Saved Strat 1 results to: ./processed_data/compas/mic_result_ds\iter_2\results_inacc_nt\strats\Confidence.parquet
2026-04-20 17:28:23,894 | INFO | STARTING STRAT Mao | USER inaccurate_not_trusting | Iter 2
2026-04-20 17:28:23,894 | INFO |  Current Beta 0.1 | Start Perf: 66.18
2026-04-20 17:28:23,894 | DEBUG | RETRIEVING NET | User inaccurate_not_trusting | Iter 2
2026-04-20 17:28:23,896 | DEBUG | RETRIEVING R-NET | PATH ./r_nets/compas\iter_2\beta_01\r_net_inaccurate_not_trusting.pth
2026-04-20 17:29:52,885 | INFO | Beta 01 | Iteration 2 | Machine EA: 66.18
2026-04-20 17:29:52,893 | INFO | Saved Strat 2, Beta 0.1 results to: ./processed_data/compas/mic_result_ds\iter_2\results_inacc_nt\strats\Mao_beta_01.parquet
2026-04-20 17:29:52,894 | INFO |  Current Beta 0.3 | Start Perf: 66.18
2026-04-20 17:29:52,894 | DEBUG | RETRIEVING NET | User inaccurate_not_trusting | Iter 2
2026-04-20 17:29:52,896 | DEBUG | RETRIEVING R-NET | PATH ./r_nets/compas\iter_2\beta_03\r_net_inaccurate_not_trusting.pth
2026-04-20 17:31:20,326 | INFO | Beta 03 | Iteration 2 | Machine EA: 67.69
2026-04-20 17:31:20,334 | INFO | Saved Strat 2, Beta 0.3 results to: ./processed_data/compas/mic_result_ds\iter_2\results_inacc_nt\strats\Mao_beta_03.parquet
2026-04-20 17:31:20,334 | INFO |  Current Beta 0.5 | Start Perf: 51.30
2026-04-20 17:31:20,335 | DEBUG | RETRIEVING NET | User inaccurate_not_trusting | Iter 2
2026-04-20 17:31:20,338 | DEBUG | RETRIEVING R-NET | PATH ./r_nets/compas\iter_2\beta_05\r_net_inaccurate_not_trusting.pth
2026-04-20 17:32:47,752 | INFO | Beta 05 | Iteration 2 | Machine EA: 57.23
2026-04-20 17:32:47,760 | INFO | Saved Strat 2, Beta 0.5 results to: ./processed_data/compas/mic_result_ds\iter_2\results_inacc_nt\strats\Mao_beta_05.parquet
2026-04-20 17:32:47,760 | INFO |  Current Beta 0.7 | Start Perf: 51.30
2026-04-20 17:32:47,760 | DEBUG | RETRIEVING NET | User inaccurate_not_trusting | Iter 2
2026-04-20 17:32:47,762 | DEBUG | RETRIEVING R-NET | PATH ./r_nets/compas\iter_2\beta_07\r_net_inaccurate_not_trusting.pth
2026-04-20 17:34:16,795 | INFO | Beta 07 | Iteration 2 | Machine EA: 57.23
2026-04-20 17:34:16,803 | INFO | Saved Strat 2, Beta 0.7 results to: ./processed_data/compas/mic_result_ds\iter_2\results_inacc_nt\strats\Mao_beta_07.parquet
2026-04-20 17:34:16,803 | INFO |  Current Beta 0.9 | Start Perf: 51.30
2026-04-20 17:34:16,804 | DEBUG | RETRIEVING NET | User inaccurate_not_trusting | Iter 2
2026-04-20 17:34:16,806 | DEBUG | RETRIEVING R-NET | PATH ./r_nets/compas\iter_2\beta_09\r_net_inaccurate_not_trusting.pth
2026-04-20 17:35:42,705 | INFO | Beta 09 | Iteration 2 | Machine EA: 57.23
2026-04-20 17:35:42,714 | INFO | Saved Strat 2, Beta 0.9 results to: ./processed_data/compas/mic_result_ds\iter_2\results_inacc_nt\strats\Mao_beta_09.parquet
2026-04-20 17:35:42,719 | INFO | STARTING MIC RUN | User: inaccurate_not_trusting | DS: compas
2026-04-20 17:35:42,719 | INFO | ---  ITERATION 3/3 ---
2026-04-20 17:35:42,719 | DEBUG | RETRIEVING NET | User inaccurate_not_trusting | Iter 3 | NET 32_16_model_*.pt
2026-04-20 17:35:42,727 | INFO | Loaded Tau: 0.5700000000000001, iter 3
2026-04-20 17:35:42,730 | INFO | STARTING STRAT Confidence | USER inaccurate_not_trusting | Iter 3
2026-04-20 17:35:42,730 | INFO | Iteration 3 starting with benchmark: 56.51, delta: 0.03
2026-04-20 17:36:09,667 | WARNING | Drift here! Record index 338
2026-04-20 17:36:09,687 | WARNING | DRIFT DETECTED | Phase: MiC | Strat: Confidence
2026-04-20 17:36:09,687 | INFO | DRIFT METRICS: Current  belief_threshold: 0.7 | Last 5 Machine EA: [0.5940298507462687, 0.5952380952380952, 0.5934718100890207, 0.5946745562130178, 0.5929203539823009]
2026-04-20 17:36:09,692 | INFO | Drift df saved to: processed_data\compas\drift_checkpoints\MiC\iter_3\MiC_inaccurate_not_trusting_Confidence_None.parquet
2026-04-20 17:36:09,697 | INFO | Finished Iteration 3, strat Confidence | Machine EA: 53.12 | Delta: 0.03
2026-04-20 17:36:09,705 | INFO | Saved Strat 1 results to: ./processed_data/compas/mic_result_ds\iter_3\results_inacc_nt\strats\Confidence.parquet
2026-04-20 17:36:09,705 | INFO | STARTING STRAT Mao | USER inaccurate_not_trusting | Iter 3
2026-04-20 17:36:09,705 | INFO |  Current Beta 0.1 | Start Perf: 66.18
2026-04-20 17:36:09,706 | DEBUG | RETRIEVING NET | User inaccurate_not_trusting | Iter 3
2026-04-20 17:36:09,708 | DEBUG | RETRIEVING R-NET | PATH ./r_nets/compas\iter_3\beta_01\r_net_inaccurate_not_trusting.pth
2026-04-20 17:37:33,332 | INFO | Beta 01 | Iteration 3 | Machine EA: 65.97
2026-04-20 17:37:33,342 | INFO | Saved Strat 2, Beta 0.1 results to: ./processed_data/compas/mic_result_ds\iter_3\results_inacc_nt\strats\Mao_beta_01.parquet
2026-04-20 17:37:33,342 | INFO |  Current Beta 0.3 | Start Perf: 67.69
2026-04-20 17:37:33,342 | DEBUG | RETRIEVING NET | User inaccurate_not_trusting | Iter 3
2026-04-20 17:37:33,345 | DEBUG | RETRIEVING R-NET | PATH ./r_nets/compas\iter_3\beta_03\r_net_inaccurate_not_trusting.pth
2026-04-20 17:38:56,678 | INFO | Beta 03 | Iteration 3 | Machine EA: 67.89
2026-04-20 17:38:56,685 | INFO | Saved Strat 2, Beta 0.3 results to: ./processed_data/compas/mic_result_ds\iter_3\results_inacc_nt\strats\Mao_beta_03.parquet
2026-04-20 17:38:56,685 | INFO |  Current Beta 0.5 | Start Perf: 57.23
2026-04-20 17:38:56,685 | DEBUG | RETRIEVING NET | User inaccurate_not_trusting | Iter 3
2026-04-20 17:38:56,687 | DEBUG | RETRIEVING R-NET | PATH ./r_nets/compas\iter_3\beta_05\r_net_inaccurate_not_trusting.pth
2026-04-20 17:39:13,847 | WARNING | Drift here! Record index 216
2026-04-20 17:39:13,867 | WARNING | DRIFT DETECTED | Phase: MiC | Strat: Mao
2026-04-20 17:39:13,867 | INFO | DRIFT METRICS: Current  belief_threshold: 0.7 | Last 5 Machine EA: [0.5586854460093896, 0.5560747663551402, 0.5581395348837209, 0.5555555555555556, 0.5529953917050692]
2026-04-20 17:39:13,872 | INFO | Drift df saved to: processed_data\compas\drift_checkpoints\MiC\iter_3\MiC_inaccurate_not_trusting_Mao_0.5.parquet
2026-04-20 17:39:13,881 | INFO | Beta 05 | Iteration 3 | Machine EA: 46.09
2026-04-20 17:39:13,890 | INFO | Saved Strat 2, Beta 0.5 results to: ./processed_data/compas/mic_result_ds\iter_3\results_inacc_nt\strats\Mao_beta_05.parquet
2026-04-20 17:39:13,890 | INFO |  Current Beta 0.7 | Start Perf: 57.23
2026-04-20 17:39:13,890 | DEBUG | RETRIEVING NET | User inaccurate_not_trusting | Iter 3
2026-04-20 17:39:13,893 | DEBUG | RETRIEVING R-NET | PATH ./r_nets/compas\iter_3\beta_07\r_net_inaccurate_not_trusting.pth
2026-04-20 17:39:31,247 | WARNING | Drift here! Record index 216
2026-04-20 17:39:31,266 | WARNING | DRIFT DETECTED | Phase: MiC | Strat: Mao
2026-04-20 17:39:31,267 | INFO | DRIFT METRICS: Current  belief_threshold: 0.7 | Last 5 Machine EA: [0.5586854460093896, 0.5560747663551402, 0.5581395348837209, 0.5555555555555556, 0.5529953917050692]
2026-04-20 17:39:31,270 | INFO | Drift df saved to: processed_data\compas\drift_checkpoints\MiC\iter_3\MiC_inaccurate_not_trusting_Mao_0.7.parquet
2026-04-20 17:39:31,277 | INFO | Beta 07 | Iteration 3 | Machine EA: 46.09
2026-04-20 17:39:31,285 | INFO | Saved Strat 2, Beta 0.7 results to: ./processed_data/compas/mic_result_ds\iter_3\results_inacc_nt\strats\Mao_beta_07.parquet
2026-04-20 17:39:31,285 | INFO |  Current Beta 0.9 | Start Perf: 57.23
2026-04-20 17:39:31,285 | DEBUG | RETRIEVING NET | User inaccurate_not_trusting | Iter 3
2026-04-20 17:39:31,288 | DEBUG | RETRIEVING R-NET | PATH ./r_nets/compas\iter_3\beta_09\r_net_inaccurate_not_trusting.pth
2026-04-20 17:39:48,566 | WARNING | Drift here! Record index 216
2026-04-20 17:39:48,583 | WARNING | DRIFT DETECTED | Phase: MiC | Strat: Mao
2026-04-20 17:39:48,583 | INFO | DRIFT METRICS: Current  belief_threshold: 0.7 | Last 5 Machine EA: [0.5586854460093896, 0.5560747663551402, 0.5581395348837209, 0.5555555555555556, 0.5529953917050692]
2026-04-20 17:39:48,588 | INFO | Drift df saved to: processed_data\compas\drift_checkpoints\MiC\iter_3\MiC_inaccurate_not_trusting_Mao_0.9.parquet
2026-04-20 17:39:48,594 | INFO | Beta 09 | Iteration 3 | Machine EA: 46.09
2026-04-20 17:39:48,601 | INFO | Saved Strat 2, Beta 0.9 results to: ./processed_data/compas/mic_result_ds\iter_3\results_inacc_nt\strats\Mao_beta_09.parquet
