2026-04-20 16:12:43,435 | INFO | STARTING MIC RUN | User: inaccurate_trusting | DS: compas
2026-04-20 16:12:43,435 | INFO | ---  ITERATION 1/3 ---
2026-04-20 16:12:43,435 | DEBUG | RETRIEVING NET | User inaccurate_trusting | Iter 1 | NET 32_16_model_*.pt
2026-04-20 16:12:43,442 | INFO | Loaded Tau: 0.55, iter 1
2026-04-20 16:12:43,443 | INFO | STARTING STRAT Confidence | USER inaccurate_trusting | Iter 1
2026-04-20 16:12:43,443 | INFO | Iteration 1 starting with benchmark: 63.00, delta: 0.05
2026-04-20 16:14:19,545 | INFO | Finished Iteration 1, strat Confidence | Machine EA: 64.11 | Delta: 0.05
2026-04-20 16:14:19,554 | INFO | Saved Strat 1 results to: ./processed_data/compas/mic_result_ds\iter_1\results_inacc_t\strats\Confidence.parquet
2026-04-20 16:14:19,554 | INFO | STARTING STRAT Mao | USER inaccurate_trusting | Iter 1
2026-04-20 16:14:19,554 | INFO |  Current Beta 0.1 | Start Perf: 63.00
2026-04-20 16:14:19,554 | DEBUG | RETRIEVING NET | User inaccurate_trusting | Iter 1
2026-04-20 16:14:19,556 | DEBUG | RETRIEVING R-NET | PATH ./r_nets/compas\iter_1\beta_01\r_net_inaccurate_trusting.pth
2026-04-20 16:15:55,544 | INFO | Beta 01 | Iteration 1 | Machine EA: 65.42
2026-04-20 16:15:55,553 | INFO | Saved Strat 2, Beta 0.1 results to: ./processed_data/compas/mic_result_ds\iter_1\results_inacc_t\strats\Mao_beta_01.parquet
2026-04-20 16:15:55,553 | INFO |  Current Beta 0.3 | Start Perf: 63.00
2026-04-20 16:15:55,553 | DEBUG | RETRIEVING NET | User inaccurate_trusting | Iter 1
2026-04-20 16:15:55,555 | DEBUG | RETRIEVING R-NET | PATH ./r_nets/compas\iter_1\beta_03\r_net_inaccurate_trusting.pth
2026-04-20 16:17:29,725 | INFO | Beta 03 | Iteration 1 | Machine EA: 65.47
2026-04-20 16:17:29,732 | INFO | Saved Strat 2, Beta 0.3 results to: ./processed_data/compas/mic_result_ds\iter_1\results_inacc_t\strats\Mao_beta_03.parquet
2026-04-20 16:17:29,732 | INFO |  Current Beta 0.5 | Start Perf: 63.00
2026-04-20 16:17:29,732 | DEBUG | RETRIEVING NET | User inaccurate_trusting | Iter 1
2026-04-20 16:17:29,735 | DEBUG | RETRIEVING R-NET | PATH ./r_nets/compas\iter_1\beta_05\r_net_inaccurate_trusting.pth
2026-04-20 16:17:48,857 | WARNING | Drift here! Record index 216
2026-04-20 16:17:48,875 | WARNING | DRIFT DETECTED | Phase: MiC | Strat: Mao
2026-04-20 16:17:48,876 | INFO | DRIFT METRICS: Current  belief_threshold: 0.7 | Last 5 Machine EA: [0.5727699530516432, 0.5700934579439252, 0.5720930232558139, 0.5694444444444444, 0.5714285714285714]
2026-04-20 16:17:48,882 | INFO | Drift df saved to: processed_data\compas\drift_checkpoints\MiC\iter_1\MiC_inaccurate_trusting_Mao_0.5.parquet
2026-04-20 16:17:48,888 | INFO | Beta 05 | Iteration 1 | Machine EA: 48.49
2026-04-20 16:17:48,898 | INFO | Saved Strat 2, Beta 0.5 results to: ./processed_data/compas/mic_result_ds\iter_1\results_inacc_t\strats\Mao_beta_05.parquet
2026-04-20 16:17:48,898 | INFO |  Current Beta 0.7 | Start Perf: 63.00
2026-04-20 16:17:48,898 | DEBUG | RETRIEVING NET | User inaccurate_trusting | Iter 1
2026-04-20 16:17:48,901 | DEBUG | RETRIEVING R-NET | PATH ./r_nets/compas\iter_1\beta_07\r_net_inaccurate_trusting.pth
2026-04-20 16:18:08,004 | WARNING | Drift here! Record index 216
2026-04-20 16:18:08,028 | WARNING | DRIFT DETECTED | Phase: MiC | Strat: Mao
2026-04-20 16:18:08,029 | INFO | DRIFT METRICS: Current  belief_threshold: 0.7 | Last 5 Machine EA: [0.5727699530516432, 0.5700934579439252, 0.5720930232558139, 0.5694444444444444, 0.5714285714285714]
2026-04-20 16:18:08,033 | INFO | Drift df saved to: processed_data\compas\drift_checkpoints\MiC\iter_1\MiC_inaccurate_trusting_Mao_0.7.parquet
2026-04-20 16:18:08,039 | INFO | Beta 07 | Iteration 1 | Machine EA: 48.49
2026-04-20 16:18:08,048 | INFO | Saved Strat 2, Beta 0.7 results to: ./processed_data/compas/mic_result_ds\iter_1\results_inacc_t\strats\Mao_beta_07.parquet
2026-04-20 16:18:08,048 | INFO |  Current Beta 0.9 | Start Perf: 63.00
2026-04-20 16:18:08,049 | DEBUG | RETRIEVING NET | User inaccurate_trusting | Iter 1
2026-04-20 16:18:08,051 | DEBUG | RETRIEVING R-NET | PATH ./r_nets/compas\iter_1\beta_09\r_net_inaccurate_trusting.pth
2026-04-20 16:18:26,721 | WARNING | Drift here! Record index 216
2026-04-20 16:18:26,739 | WARNING | DRIFT DETECTED | Phase: MiC | Strat: Mao
2026-04-20 16:18:26,740 | INFO | DRIFT METRICS: Current  belief_threshold: 0.7 | Last 5 Machine EA: [0.5727699530516432, 0.5700934579439252, 0.5720930232558139, 0.5694444444444444, 0.5714285714285714]
2026-04-20 16:18:26,744 | INFO | Drift df saved to: processed_data\compas\drift_checkpoints\MiC\iter_1\MiC_inaccurate_trusting_Mao_0.9.parquet
2026-04-20 16:18:26,750 | INFO | Beta 09 | Iteration 1 | Machine EA: 48.49
2026-04-20 16:18:26,760 | INFO | Saved Strat 2, Beta 0.9 results to: ./processed_data/compas/mic_result_ds\iter_1\results_inacc_t\strats\Mao_beta_09.parquet
2026-04-20 16:18:26,763 | INFO | STARTING MIC RUN | User: inaccurate_trusting | DS: compas
2026-04-20 16:18:26,763 | INFO | ---  ITERATION 2/3 ---
2026-04-20 16:18:26,763 | DEBUG | RETRIEVING NET | User inaccurate_trusting | Iter 2 | NET 32_16_model_*.pt
2026-04-20 16:18:26,771 | INFO | Loaded Tau: 0.55, iter 2
2026-04-20 16:18:26,773 | INFO | STARTING STRAT Confidence | USER inaccurate_trusting | Iter 2
2026-04-20 16:18:26,773 | INFO | Iteration 2 starting with benchmark: 64.11, delta: 0.05
2026-04-20 16:20:03,316 | INFO | Finished Iteration 2, strat Confidence | Machine EA: 66.43 | Delta: 0.05
2026-04-20 16:20:03,324 | INFO | Saved Strat 1 results to: ./processed_data/compas/mic_result_ds\iter_2\results_inacc_t\strats\Confidence.parquet
2026-04-20 16:20:03,324 | INFO | STARTING STRAT Mao | USER inaccurate_trusting | Iter 2
2026-04-20 16:20:03,324 | INFO |  Current Beta 0.1 | Start Perf: 65.42
2026-04-20 16:20:03,324 | DEBUG | RETRIEVING NET | User inaccurate_trusting | Iter 2
2026-04-20 16:20:03,327 | DEBUG | RETRIEVING R-NET | PATH ./r_nets/compas\iter_2\beta_01\r_net_inaccurate_trusting.pth
2026-04-20 16:21:39,746 | INFO | Beta 01 | Iteration 2 | Machine EA: 65.42
2026-04-20 16:21:39,754 | INFO | Saved Strat 2, Beta 0.1 results to: ./processed_data/compas/mic_result_ds\iter_2\results_inacc_t\strats\Mao_beta_01.parquet
2026-04-20 16:21:39,754 | INFO |  Current Beta 0.3 | Start Perf: 65.47
2026-04-20 16:21:39,754 | DEBUG | RETRIEVING NET | User inaccurate_trusting | Iter 2
2026-04-20 16:21:39,757 | DEBUG | RETRIEVING R-NET | PATH ./r_nets/compas\iter_2\beta_03\r_net_inaccurate_trusting.pth
2026-04-20 16:22:17,817 | WARNING | Drift here! Record index 434
2026-04-20 16:22:17,850 | WARNING | DRIFT DETECTED | Phase: MiC | Strat: Mao
2026-04-20 16:22:17,851 | INFO | DRIFT METRICS: Current  belief_threshold: 0.7 | Last 5 Machine EA: [0.617169373549884, 0.6180555555555556, 0.6166281755196305, 0.6175115207373272, 0.6183908045977011]
2026-04-20 16:22:17,855 | INFO | Drift df saved to: processed_data\compas\drift_checkpoints\MiC\iter_2\MiC_inaccurate_trusting_Mao_0.3.parquet
2026-04-20 16:22:17,862 | INFO | Beta 03 | Iteration 2 | Machine EA: 58.04
2026-04-20 16:22:17,871 | INFO | Saved Strat 2, Beta 0.3 results to: ./processed_data/compas/mic_result_ds\iter_2\results_inacc_t\strats\Mao_beta_03.parquet
2026-04-20 16:22:17,871 | INFO |  Current Beta 0.5 | Start Perf: 48.49
2026-04-20 16:22:17,871 | DEBUG | RETRIEVING NET | User inaccurate_trusting | Iter 2
2026-04-20 16:22:17,873 | DEBUG | RETRIEVING R-NET | PATH ./r_nets/compas\iter_2\beta_05\r_net_inaccurate_trusting.pth
2026-04-20 16:23:54,480 | INFO | Beta 05 | Iteration 2 | Machine EA: 59.89
2026-04-20 16:23:54,489 | INFO | Saved Strat 2, Beta 0.5 results to: ./processed_data/compas/mic_result_ds\iter_2\results_inacc_t\strats\Mao_beta_05.parquet
2026-04-20 16:23:54,489 | INFO |  Current Beta 0.7 | Start Perf: 48.49
2026-04-20 16:23:54,490 | DEBUG | RETRIEVING NET | User inaccurate_trusting | Iter 2
2026-04-20 16:23:54,492 | DEBUG | RETRIEVING R-NET | PATH ./r_nets/compas\iter_2\beta_07\r_net_inaccurate_trusting.pth
2026-04-20 16:25:30,744 | INFO | Beta 07 | Iteration 2 | Machine EA: 59.89
2026-04-20 16:25:30,751 | INFO | Saved Strat 2, Beta 0.7 results to: ./processed_data/compas/mic_result_ds\iter_2\results_inacc_t\strats\Mao_beta_07.parquet
2026-04-20 16:25:30,751 | INFO |  Current Beta 0.9 | Start Perf: 48.49
2026-04-20 16:25:30,751 | DEBUG | RETRIEVING NET | User inaccurate_trusting | Iter 2
2026-04-20 16:25:30,753 | DEBUG | RETRIEVING R-NET | PATH ./r_nets/compas\iter_2\beta_09\r_net_inaccurate_trusting.pth
2026-04-20 16:27:13,930 | INFO | Beta 09 | Iteration 2 | Machine EA: 59.89
2026-04-20 16:27:13,938 | INFO | Saved Strat 2, Beta 0.9 results to: ./processed_data/compas/mic_result_ds\iter_2\results_inacc_t\strats\Mao_beta_09.parquet
2026-04-20 16:27:13,941 | INFO | STARTING MIC RUN | User: inaccurate_trusting | DS: compas
2026-04-20 16:27:13,941 | INFO | ---  ITERATION 3/3 ---
2026-04-20 16:27:13,941 | DEBUG | RETRIEVING NET | User inaccurate_trusting | Iter 3 | NET 32_16_model_*.pt
2026-04-20 16:27:13,948 | INFO | Loaded Tau: 0.55, iter 3
2026-04-20 16:27:13,950 | INFO | STARTING STRAT Confidence | USER inaccurate_trusting | Iter 3
2026-04-20 16:27:13,950 | INFO | Iteration 3 starting with benchmark: 66.43, delta: 0.05
2026-04-20 16:27:42,696 | WARNING | Drift here! Record index 321
2026-04-20 16:27:42,721 | WARNING | DRIFT DETECTED | Phase: MiC | Strat: Confidence
2026-04-20 16:27:42,722 | INFO | DRIFT METRICS: Current  belief_threshold: 0.7 | Last 5 Machine EA: [0.6257861635220126, 0.6269592476489029, 0.628125, 0.6292834890965732, 0.6304347826086957]
2026-04-20 16:27:42,726 | INFO | Drift df saved to: processed_data\compas\drift_checkpoints\MiC\iter_3\MiC_inaccurate_trusting_Confidence_None.parquet
2026-04-20 16:27:42,729 | INFO | Finished Iteration 3, strat Confidence | Machine EA: 59.79 | Delta: 0.03
2026-04-20 16:27:42,736 | INFO | Saved Strat 1 results to: ./processed_data/compas/mic_result_ds\iter_3\results_inacc_t\strats\Confidence.parquet
2026-04-20 16:27:42,736 | INFO | STARTING STRAT Mao | USER inaccurate_trusting | Iter 3
2026-04-20 16:27:42,736 | INFO |  Current Beta 0.1 | Start Perf: 65.42
2026-04-20 16:27:42,736 | DEBUG | RETRIEVING NET | User inaccurate_trusting | Iter 3
2026-04-20 16:27:42,738 | DEBUG | RETRIEVING R-NET | PATH ./r_nets/compas\iter_3\beta_01\r_net_inaccurate_trusting.pth
2026-04-20 16:29:22,404 | INFO | Beta 01 | Iteration 3 | Machine EA: 65.42
2026-04-20 16:29:22,414 | INFO | Saved Strat 2, Beta 0.1 results to: ./processed_data/compas/mic_result_ds\iter_3\results_inacc_t\strats\Mao_beta_01.parquet
2026-04-20 16:29:22,414 | INFO |  Current Beta 0.3 | Start Perf: 58.04
2026-04-20 16:29:22,414 | DEBUG | RETRIEVING NET | User inaccurate_trusting | Iter 3
2026-04-20 16:29:22,416 | DEBUG | RETRIEVING R-NET | PATH ./r_nets/compas\iter_3\beta_03\r_net_inaccurate_trusting.pth
2026-04-20 16:29:45,263 | WARNING | Drift here! Record index 229
2026-04-20 16:29:45,286 | WARNING | DRIFT DETECTED | Phase: MiC | Strat: Mao
2026-04-20 16:29:45,286 | INFO | DRIFT METRICS: Current  belief_threshold: 0.7 | Last 5 Machine EA: [0.584070796460177, 0.5859030837004405, 0.5877192982456141, 0.5851528384279476, 0.5869565217391305]
2026-04-20 16:29:45,291 | INFO | Drift df saved to: processed_data\compas\drift_checkpoints\MiC\iter_3\MiC_inaccurate_trusting_Mao_0.3.parquet
2026-04-20 16:29:45,297 | INFO | Beta 03 | Iteration 3 | Machine EA: 50.85
2026-04-20 16:29:45,305 | INFO | Saved Strat 2, Beta 0.3 results to: ./processed_data/compas/mic_result_ds\iter_3\results_inacc_t\strats\Mao_beta_03.parquet
2026-04-20 16:29:45,305 | INFO |  Current Beta 0.5 | Start Perf: 59.89
2026-04-20 16:29:45,305 | DEBUG | RETRIEVING NET | User inaccurate_trusting | Iter 3
2026-04-20 16:29:45,309 | DEBUG | RETRIEVING R-NET | PATH ./r_nets/compas\iter_3\beta_05\r_net_inaccurate_trusting.pth
2026-04-20 16:30:05,644 | WARNING | Drift here! Record index 216
2026-04-20 16:30:05,667 | WARNING | DRIFT DETECTED | Phase: MiC | Strat: Mao
2026-04-20 16:30:05,668 | INFO | DRIFT METRICS: Current  belief_threshold: 0.7 | Last 5 Machine EA: [0.5821596244131455, 0.5794392523364486, 0.5813953488372093, 0.5787037037037037, 0.5806451612903226]
2026-04-20 16:30:05,672 | INFO | Drift df saved to: processed_data\compas\drift_checkpoints\MiC\iter_3\MiC_inaccurate_trusting_Mao_0.5.parquet
2026-04-20 16:30:05,675 | INFO | Beta 05 | Iteration 3 | Machine EA: 51.35
2026-04-20 16:30:05,681 | INFO | Saved Strat 2, Beta 0.5 results to: ./processed_data/compas/mic_result_ds\iter_3\results_inacc_t\strats\Mao_beta_05.parquet
2026-04-20 16:30:05,681 | INFO |  Current Beta 0.7 | Start Perf: 59.89
2026-04-20 16:30:05,681 | DEBUG | RETRIEVING NET | User inaccurate_trusting | Iter 3
2026-04-20 16:30:05,683 | DEBUG | RETRIEVING R-NET | PATH ./r_nets/compas\iter_3\beta_07\r_net_inaccurate_trusting.pth
2026-04-20 16:30:24,569 | WARNING | Drift here! Record index 216
2026-04-20 16:30:24,594 | WARNING | DRIFT DETECTED | Phase: MiC | Strat: Mao
2026-04-20 16:30:24,595 | INFO | DRIFT METRICS: Current  belief_threshold: 0.7 | Last 5 Machine EA: [0.5821596244131455, 0.5794392523364486, 0.5813953488372093, 0.5787037037037037, 0.5806451612903226]
2026-04-20 16:30:24,599 | INFO | Drift df saved to: processed_data\compas\drift_checkpoints\MiC\iter_3\MiC_inaccurate_trusting_Mao_0.7.parquet
2026-04-20 16:30:24,604 | INFO | Beta 07 | Iteration 3 | Machine EA: 51.35
2026-04-20 16:30:24,613 | INFO | Saved Strat 2, Beta 0.7 results to: ./processed_data/compas/mic_result_ds\iter_3\results_inacc_t\strats\Mao_beta_07.parquet
2026-04-20 16:30:24,613 | INFO |  Current Beta 0.9 | Start Perf: 59.89
2026-04-20 16:30:24,613 | DEBUG | RETRIEVING NET | User inaccurate_trusting | Iter 3
2026-04-20 16:30:24,616 | DEBUG | RETRIEVING R-NET | PATH ./r_nets/compas\iter_3\beta_09\r_net_inaccurate_trusting.pth
2026-04-20 16:30:42,740 | WARNING | Drift here! Record index 216
2026-04-20 16:30:42,762 | WARNING | DRIFT DETECTED | Phase: MiC | Strat: Mao
2026-04-20 16:30:42,762 | INFO | DRIFT METRICS: Current  belief_threshold: 0.7 | Last 5 Machine EA: [0.5821596244131455, 0.5794392523364486, 0.5813953488372093, 0.5787037037037037, 0.5806451612903226]
2026-04-20 16:30:42,767 | INFO | Drift df saved to: processed_data\compas\drift_checkpoints\MiC\iter_3\MiC_inaccurate_trusting_Mao_0.9.parquet
2026-04-20 16:30:42,774 | INFO | Beta 09 | Iteration 3 | Machine EA: 51.35
2026-04-20 16:30:42,782 | INFO | Saved Strat 2, Beta 0.9 results to: ./processed_data/compas/mic_result_ds\iter_3\results_inacc_t\strats\Mao_beta_09.parquet
