2026-04-22 04:12:44,239 | INFO | STARTING MIC RUN | User: accurate_not_trusting | DS: dutch
2026-04-22 04:12:44,240 | INFO | ---  ITERATION 1/3 ---
2026-04-22 04:12:44,240 | DEBUG | RETRIEVING NET | User accurate_not_trusting | Iter 1 | NET 32_16_model_*.pt
2026-04-22 04:12:44,246 | INFO | Loaded Tau: 0.7, iter 1
2026-04-22 04:12:44,246 | INFO | STARTING STRAT Confidence | USER accurate_not_trusting | Iter 1
2026-04-22 04:12:44,246 | INFO | Iteration 1 starting with benchmark: 65.00, delta: 0.05
2026-04-22 04:24:32,289 | INFO | Finished Iteration 1, strat Confidence | System EA: 83.82 | Delta: 0.05
2026-04-22 04:24:32,296 | INFO | Saved Strat 1 results to: ./processed_data/dutch/mic_result_ds/iter_1/results_acc_nt/strats/Confidence.parquet
2026-04-22 04:24:32,296 | INFO | STARTING STRAT Mao | USER accurate_not_trusting | Iter 1
2026-04-22 04:24:32,296 | INFO |  Current Beta 0.2 | Start Perf: 65.00
2026-04-22 04:24:32,296 | DEBUG | RETRIEVING NET | User accurate_not_trusting | Iter 1
2026-04-22 04:24:32,299 | DEBUG | RETRIEVING R-NET | PATH ./r_nets/dutch/iter_1/beta_02/r_net_accurate_not_trusting.pth
2026-04-22 04:35:48,477 | INFO | Beta 02 | Iteration 1 | System EA: 88.47
2026-04-22 04:35:48,484 | INFO | Saved Strat 2, Beta 0.2 results to: ./processed_data/dutch/mic_result_ds/iter_1/results_acc_nt/strats/Mao_beta_02.parquet
2026-04-22 04:35:48,484 | INFO |  Current Beta 0.25 | Start Perf: 65.00
2026-04-22 04:35:48,485 | DEBUG | RETRIEVING NET | User accurate_not_trusting | Iter 1
2026-04-22 04:35:48,487 | DEBUG | RETRIEVING R-NET | PATH ./r_nets/dutch/iter_1/beta_025/r_net_accurate_not_trusting.pth
2026-04-22 04:47:22,925 | INFO | Beta 025 | Iteration 1 | System EA: 87.76
2026-04-22 04:47:22,934 | INFO | Saved Strat 2, Beta 0.25 results to: ./processed_data/dutch/mic_result_ds/iter_1/results_acc_nt/strats/Mao_beta_025.parquet
2026-04-22 04:47:22,934 | INFO |  Current Beta 0.3 | Start Perf: 65.00
2026-04-22 04:47:22,934 | DEBUG | RETRIEVING NET | User accurate_not_trusting | Iter 1
2026-04-22 04:47:22,936 | DEBUG | RETRIEVING R-NET | PATH ./r_nets/dutch/iter_1/beta_03/r_net_accurate_not_trusting.pth
2026-04-22 04:58:45,867 | INFO | Beta 03 | Iteration 1 | System EA: 84.70
2026-04-22 04:58:45,875 | INFO | Saved Strat 2, Beta 0.3 results to: ./processed_data/dutch/mic_result_ds/iter_1/results_acc_nt/strats/Mao_beta_03.parquet
2026-04-22 04:58:45,875 | INFO |  Current Beta 0.35 | Start Perf: 65.00
2026-04-22 04:58:45,875 | DEBUG | RETRIEVING NET | User accurate_not_trusting | Iter 1
2026-04-22 04:58:45,877 | DEBUG | RETRIEVING R-NET | PATH ./r_nets/dutch/iter_1/beta_035/r_net_accurate_not_trusting.pth
2026-04-22 05:10:33,280 | INFO | Beta 035 | Iteration 1 | System EA: 74.65
2026-04-22 05:10:33,287 | INFO | Saved Strat 2, Beta 0.35 results to: ./processed_data/dutch/mic_result_ds/iter_1/results_acc_nt/strats/Mao_beta_035.parquet
2026-04-22 05:10:33,287 | INFO |  Current Beta 0.4 | Start Perf: 65.00
2026-04-22 05:10:33,287 | DEBUG | RETRIEVING NET | User accurate_not_trusting | Iter 1
2026-04-22 05:10:33,290 | DEBUG | RETRIEVING R-NET | PATH ./r_nets/dutch/iter_1/beta_04/r_net_accurate_not_trusting.pth
2026-04-22 05:21:47,342 | INFO | Beta 04 | Iteration 1 | System EA: 71.54
2026-04-22 05:21:47,351 | INFO | Saved Strat 2, Beta 0.4 results to: ./processed_data/dutch/mic_result_ds/iter_1/results_acc_nt/strats/Mao_beta_04.parquet
2026-04-22 05:21:47,351 | INFO |  Current Beta 0.45 | Start Perf: 65.00
2026-04-22 05:21:47,351 | DEBUG | RETRIEVING NET | User accurate_not_trusting | Iter 1
2026-04-22 05:21:47,355 | DEBUG | RETRIEVING R-NET | PATH ./r_nets/dutch/iter_1/beta_045/r_net_accurate_not_trusting.pth
2026-04-22 05:33:13,951 | INFO | Beta 045 | Iteration 1 | System EA: 71.54
2026-04-22 05:33:13,959 | INFO | Saved Strat 2, Beta 0.45 results to: ./processed_data/dutch/mic_result_ds/iter_1/results_acc_nt/strats/Mao_beta_045.parquet
2026-04-22 05:33:13,959 | INFO |  Current Beta 0.5 | Start Perf: 65.00
2026-04-22 05:33:13,959 | DEBUG | RETRIEVING NET | User accurate_not_trusting | Iter 1
2026-04-22 05:33:13,961 | DEBUG | RETRIEVING R-NET | PATH ./r_nets/dutch/iter_1/beta_05/r_net_accurate_not_trusting.pth
2026-04-22 05:44:41,668 | INFO | Beta 05 | Iteration 1 | System EA: 71.54
2026-04-22 05:44:41,675 | INFO | Saved Strat 2, Beta 0.5 results to: ./processed_data/dutch/mic_result_ds/iter_1/results_acc_nt/strats/Mao_beta_05.parquet
2026-04-22 05:44:41,682 | INFO | STARTING MIC RUN | User: accurate_not_trusting | DS: dutch
2026-04-22 05:44:41,683 | INFO | ---  ITERATION 2/3 ---
2026-04-22 05:44:41,683 | DEBUG | RETRIEVING NET | User accurate_not_trusting | Iter 2 | NET 32_16_model_*.pt
2026-04-22 05:44:41,689 | INFO | Loaded Tau: 0.67, iter 2
2026-04-22 05:44:41,689 | INFO | STARTING STRAT Confidence | USER accurate_not_trusting | Iter 2
2026-04-22 05:44:41,689 | INFO | Iteration 2 starting with benchmark: 83.82, delta: 0.05
2026-04-22 05:56:06,188 | INFO | Finished Iteration 2, strat Confidence | System EA: 83.75 | Delta: 0.05
2026-04-22 05:56:06,195 | INFO | Saved Strat 1 results to: ./processed_data/dutch/mic_result_ds/iter_2/results_acc_nt/strats/Confidence.parquet
2026-04-22 05:56:06,195 | INFO | STARTING STRAT Mao | USER accurate_not_trusting | Iter 2
2026-04-22 05:56:06,195 | INFO |  Current Beta 0.2 | Start Perf: 88.47
2026-04-22 05:56:06,195 | DEBUG | RETRIEVING NET | User accurate_not_trusting | Iter 2
2026-04-22 05:56:06,197 | DEBUG | RETRIEVING R-NET | PATH ./r_nets/dutch/iter_2/beta_02/r_net_accurate_not_trusting.pth
2026-04-22 06:07:30,028 | INFO | Beta 02 | Iteration 2 | System EA: 88.86
2026-04-22 06:07:30,035 | INFO | Saved Strat 2, Beta 0.2 results to: ./processed_data/dutch/mic_result_ds/iter_2/results_acc_nt/strats/Mao_beta_02.parquet
2026-04-22 06:07:30,036 | INFO |  Current Beta 0.25 | Start Perf: 87.76
2026-04-22 06:07:30,036 | DEBUG | RETRIEVING NET | User accurate_not_trusting | Iter 2
2026-04-22 06:07:30,038 | DEBUG | RETRIEVING R-NET | PATH ./r_nets/dutch/iter_2/beta_025/r_net_accurate_not_trusting.pth
2026-04-22 06:18:59,738 | INFO | Beta 025 | Iteration 2 | System EA: 85.61
2026-04-22 06:18:59,746 | INFO | Saved Strat 2, Beta 0.25 results to: ./processed_data/dutch/mic_result_ds/iter_2/results_acc_nt/strats/Mao_beta_025.parquet
2026-04-22 06:18:59,746 | INFO |  Current Beta 0.3 | Start Perf: 84.70
2026-04-22 06:18:59,746 | DEBUG | RETRIEVING NET | User accurate_not_trusting | Iter 2
2026-04-22 06:18:59,748 | DEBUG | RETRIEVING R-NET | PATH ./r_nets/dutch/iter_2/beta_03/r_net_accurate_not_trusting.pth
2026-04-22 06:21:29,424 | WARNING | Drift here! Record index 890
2026-04-22 06:21:29,448 | WARNING | DRIFT DETECTED | Phase: MiC | Strat: Mao
2026-04-22 06:21:29,449 | INFO | DRIFT METRICS: Current  belief_threshold: 0.7 | Last 5 Machine EA: [0.7598647125140925, 0.7601351351351351, 0.7604049493813273, 0.7606741573033707, 0.7609427609427609]
2026-04-22 06:21:29,451 | INFO | Drift df saved to: processed_data/dutch/drift_checkpoints/MiC/iter_2/MiC_accurate_not_trusting_Mao_0.3.parquet
2026-04-22 06:21:29,466 | INFO | Beta 03 | Iteration 2 | System EA: 76.08
2026-04-22 06:21:29,469 | INFO | Saved Strat 2, Beta 0.3 results to: ./processed_data/dutch/mic_result_ds/iter_2/results_acc_nt/strats/Mao_beta_03.parquet
2026-04-22 06:21:29,469 | INFO |  Current Beta 0.35 | Start Perf: 74.65
2026-04-22 06:21:29,469 | DEBUG | RETRIEVING NET | User accurate_not_trusting | Iter 2
2026-04-22 06:21:29,471 | DEBUG | RETRIEVING R-NET | PATH ./r_nets/dutch/iter_2/beta_035/r_net_accurate_not_trusting.pth
2026-04-22 06:32:57,214 | INFO | Beta 035 | Iteration 2 | System EA: 71.52
2026-04-22 06:32:57,222 | INFO | Saved Strat 2, Beta 0.35 results to: ./processed_data/dutch/mic_result_ds/iter_2/results_acc_nt/strats/Mao_beta_035.parquet
2026-04-22 06:32:57,222 | INFO |  Current Beta 0.4 | Start Perf: 71.54
2026-04-22 06:32:57,222 | DEBUG | RETRIEVING NET | User accurate_not_trusting | Iter 2
2026-04-22 06:32:57,224 | DEBUG | RETRIEVING R-NET | PATH ./r_nets/dutch/iter_2/beta_04/r_net_accurate_not_trusting.pth
2026-04-22 06:44:17,303 | INFO | Beta 04 | Iteration 2 | System EA: 71.52
2026-04-22 06:44:17,311 | INFO | Saved Strat 2, Beta 0.4 results to: ./processed_data/dutch/mic_result_ds/iter_2/results_acc_nt/strats/Mao_beta_04.parquet
2026-04-22 06:44:17,311 | INFO |  Current Beta 0.45 | Start Perf: 71.54
2026-04-22 06:44:17,311 | DEBUG | RETRIEVING NET | User accurate_not_trusting | Iter 2
2026-04-22 06:44:17,313 | DEBUG | RETRIEVING R-NET | PATH ./r_nets/dutch/iter_2/beta_045/r_net_accurate_not_trusting.pth
2026-04-22 06:55:50,660 | INFO | Beta 045 | Iteration 2 | System EA: 71.52
2026-04-22 06:55:50,671 | INFO | Saved Strat 2, Beta 0.45 results to: ./processed_data/dutch/mic_result_ds/iter_2/results_acc_nt/strats/Mao_beta_045.parquet
2026-04-22 06:55:50,671 | INFO |  Current Beta 0.5 | Start Perf: 71.54
2026-04-22 06:55:50,672 | DEBUG | RETRIEVING NET | User accurate_not_trusting | Iter 2
2026-04-22 06:55:50,674 | DEBUG | RETRIEVING R-NET | PATH ./r_nets/dutch/iter_2/beta_05/r_net_accurate_not_trusting.pth
2026-04-22 07:07:25,611 | INFO | Beta 05 | Iteration 2 | System EA: 71.52
2026-04-22 07:07:25,619 | INFO | Saved Strat 2, Beta 0.5 results to: ./processed_data/dutch/mic_result_ds/iter_2/results_acc_nt/strats/Mao_beta_05.parquet
2026-04-22 07:07:25,631 | INFO | STARTING MIC RUN | User: accurate_not_trusting | DS: dutch
2026-04-22 07:07:25,631 | INFO | ---  ITERATION 3/3 ---
2026-04-22 07:07:25,631 | DEBUG | RETRIEVING NET | User accurate_not_trusting | Iter 3 | NET 32_16_model_*.pt
2026-04-22 07:07:25,638 | INFO | Loaded Tau: 0.7, iter 3
2026-04-22 07:07:25,638 | INFO | STARTING STRAT Confidence | USER accurate_not_trusting | Iter 3
2026-04-22 07:07:25,638 | INFO | Iteration 3 starting with benchmark: 83.75, delta: 0.05
2026-04-22 07:20:01,949 | INFO | Finished Iteration 3, strat Confidence | System EA: 84.43 | Delta: 0.05
2026-04-22 07:20:01,957 | INFO | Saved Strat 1 results to: ./processed_data/dutch/mic_result_ds/iter_3/results_acc_nt/strats/Confidence.parquet
2026-04-22 07:20:01,957 | INFO | STARTING STRAT Mao | USER accurate_not_trusting | Iter 3
2026-04-22 07:20:01,957 | INFO |  Current Beta 0.2 | Start Perf: 88.86
2026-04-22 07:20:01,957 | DEBUG | RETRIEVING NET | User accurate_not_trusting | Iter 3
2026-04-22 07:20:01,960 | DEBUG | RETRIEVING R-NET | PATH ./r_nets/dutch/iter_3/beta_02/r_net_accurate_not_trusting.pth
2026-04-22 07:41:04,674 | INFO | Beta 02 | Iteration 3 | System EA: 88.38
2026-04-22 07:41:04,681 | INFO | Saved Strat 2, Beta 0.2 results to: ./processed_data/dutch/mic_result_ds/iter_3/results_acc_nt/strats/Mao_beta_02.parquet
2026-04-22 07:41:04,681 | INFO |  Current Beta 0.25 | Start Perf: 85.61
2026-04-22 07:41:04,681 | DEBUG | RETRIEVING NET | User accurate_not_trusting | Iter 3
2026-04-22 07:41:04,683 | DEBUG | RETRIEVING R-NET | PATH ./r_nets/dutch/iter_3/beta_025/r_net_accurate_not_trusting.pth
2026-04-22 07:58:18,329 | INFO | Beta 025 | Iteration 3 | System EA: 87.67
2026-04-22 07:58:18,337 | INFO | Saved Strat 2, Beta 0.25 results to: ./processed_data/dutch/mic_result_ds/iter_3/results_acc_nt/strats/Mao_beta_025.parquet
2026-04-22 07:58:18,337 | INFO |  Current Beta 0.3 | Start Perf: 76.08
2026-04-22 07:58:18,337 | DEBUG | RETRIEVING NET | User accurate_not_trusting | Iter 3
2026-04-22 07:58:18,340 | DEBUG | RETRIEVING R-NET | PATH ./r_nets/dutch/iter_3/beta_03/r_net_accurate_not_trusting.pth
2026-04-22 08:15:07,084 | INFO | Beta 03 | Iteration 3 | System EA: 84.11
2026-04-22 08:15:07,092 | INFO | Saved Strat 2, Beta 0.3 results to: ./processed_data/dutch/mic_result_ds/iter_3/results_acc_nt/strats/Mao_beta_03.parquet
2026-04-22 08:15:07,092 | INFO |  Current Beta 0.35 | Start Perf: 71.52
2026-04-22 08:15:07,092 | DEBUG | RETRIEVING NET | User accurate_not_trusting | Iter 3
2026-04-22 08:15:07,095 | DEBUG | RETRIEVING R-NET | PATH ./r_nets/dutch/iter_3/beta_035/r_net_accurate_not_trusting.pth
2026-04-22 08:31:13,102 | INFO | Beta 035 | Iteration 3 | System EA: 74.69
2026-04-22 08:31:13,111 | INFO | Saved Strat 2, Beta 0.35 results to: ./processed_data/dutch/mic_result_ds/iter_3/results_acc_nt/strats/Mao_beta_035.parquet
2026-04-22 08:31:13,111 | INFO |  Current Beta 0.4 | Start Perf: 71.52
2026-04-22 08:31:13,111 | DEBUG | RETRIEVING NET | User accurate_not_trusting | Iter 3
2026-04-22 08:31:13,113 | DEBUG | RETRIEVING R-NET | PATH ./r_nets/dutch/iter_3/beta_04/r_net_accurate_not_trusting.pth
2026-04-22 08:47:27,986 | INFO | Beta 04 | Iteration 3 | System EA: 72.53
2026-04-22 08:47:27,994 | INFO | Saved Strat 2, Beta 0.4 results to: ./processed_data/dutch/mic_result_ds/iter_3/results_acc_nt/strats/Mao_beta_04.parquet
2026-04-22 08:47:27,994 | INFO |  Current Beta 0.45 | Start Perf: 71.52
2026-04-22 08:47:27,994 | DEBUG | RETRIEVING NET | User accurate_not_trusting | Iter 3
2026-04-22 08:47:27,996 | DEBUG | RETRIEVING R-NET | PATH ./r_nets/dutch/iter_3/beta_045/r_net_accurate_not_trusting.pth
2026-04-22 09:21:00,424 | INFO | Beta 045 | Iteration 3 | System EA: 72.43
2026-04-22 09:21:00,432 | INFO | Saved Strat 2, Beta 0.45 results to: ./processed_data/dutch/mic_result_ds/iter_3/results_acc_nt/strats/Mao_beta_045.parquet
2026-04-22 09:21:00,432 | INFO |  Current Beta 0.5 | Start Perf: 71.52
2026-04-22 09:21:00,432 | DEBUG | RETRIEVING NET | User accurate_not_trusting | Iter 3
2026-04-22 09:21:00,435 | DEBUG | RETRIEVING R-NET | PATH ./r_nets/dutch/iter_3/beta_05/r_net_accurate_not_trusting.pth
2026-04-22 10:04:33,847 | INFO | Beta 05 | Iteration 3 | System EA: 72.43
2026-04-22 10:04:33,859 | INFO | Saved Strat 2, Beta 0.5 results to: ./processed_data/dutch/mic_result_ds/iter_3/results_acc_nt/strats/Mao_beta_05.parquet
