2026-04-21 23:35:16,893 | INFO | STARTING MIC RUN | User: inaccurate_trusting | DS: dutch
2026-04-21 23:35:16,893 | INFO | ---  ITERATION 1/3 ---
2026-04-21 23:35:16,893 | DEBUG | RETRIEVING NET | User inaccurate_trusting | Iter 1 | NET 32_16_model_*.pt
2026-04-21 23:35:16,900 | INFO | Loaded Tau: 0.59, iter 1
2026-04-21 23:35:16,900 | INFO | STARTING STRAT Confidence | USER inaccurate_trusting | Iter 1
2026-04-21 23:35:16,900 | INFO | Iteration 1 starting with benchmark: 65.00, delta: 0.05
2026-04-21 23:46:24,921 | INFO | Finished Iteration 1, strat Confidence | System EA: 72.87 | Delta: 0.05
2026-04-21 23:46:24,928 | INFO | Saved Strat 1 results to: ./processed_data/dutch/mic_result_ds/iter_1/results_inacc_t/strats/Confidence.parquet
2026-04-21 23:46:24,928 | INFO | STARTING STRAT Mao | USER inaccurate_trusting | Iter 1
2026-04-21 23:46:24,928 | INFO |  Current Beta 0.2 | Start Perf: 65.00
2026-04-21 23:46:24,928 | DEBUG | RETRIEVING NET | User inaccurate_trusting | Iter 1
2026-04-21 23:46:24,930 | DEBUG | RETRIEVING R-NET | PATH ./r_nets/dutch/iter_1/beta_02/r_net_inaccurate_trusting.pth
2026-04-21 23:58:27,220 | INFO | Beta 02 | Iteration 1 | System EA: 69.80
2026-04-21 23:58:27,228 | INFO | Saved Strat 2, Beta 0.2 results to: ./processed_data/dutch/mic_result_ds/iter_1/results_inacc_t/strats/Mao_beta_02.parquet
2026-04-21 23:58:27,228 | INFO |  Current Beta 0.25 | Start Perf: 65.00
2026-04-21 23:58:27,228 | DEBUG | RETRIEVING NET | User inaccurate_trusting | Iter 1
2026-04-21 23:58:27,230 | DEBUG | RETRIEVING R-NET | PATH ./r_nets/dutch/iter_1/beta_025/r_net_inaccurate_trusting.pth
2026-04-22 00:10:00,655 | INFO | Beta 025 | Iteration 1 | System EA: 71.26
2026-04-22 00:10:00,663 | INFO | Saved Strat 2, Beta 0.25 results to: ./processed_data/dutch/mic_result_ds/iter_1/results_inacc_t/strats/Mao_beta_025.parquet
2026-04-22 00:10:00,663 | INFO |  Current Beta 0.3 | Start Perf: 65.00
2026-04-22 00:10:00,663 | DEBUG | RETRIEVING NET | User inaccurate_trusting | Iter 1
2026-04-22 00:10:00,665 | DEBUG | RETRIEVING R-NET | PATH ./r_nets/dutch/iter_1/beta_03/r_net_inaccurate_trusting.pth
2026-04-22 00:21:54,815 | INFO | Beta 03 | Iteration 1 | System EA: 71.70
2026-04-22 00:21:54,822 | INFO | Saved Strat 2, Beta 0.3 results to: ./processed_data/dutch/mic_result_ds/iter_1/results_inacc_t/strats/Mao_beta_03.parquet
2026-04-22 00:21:54,822 | INFO |  Current Beta 0.35 | Start Perf: 65.00
2026-04-22 00:21:54,822 | DEBUG | RETRIEVING NET | User inaccurate_trusting | Iter 1
2026-04-22 00:21:54,824 | DEBUG | RETRIEVING R-NET | PATH ./r_nets/dutch/iter_1/beta_035/r_net_inaccurate_trusting.pth
2026-04-22 00:33:33,729 | INFO | Beta 035 | Iteration 1 | System EA: 70.26
2026-04-22 00:33:33,735 | INFO | Saved Strat 2, Beta 0.35 results to: ./processed_data/dutch/mic_result_ds/iter_1/results_inacc_t/strats/Mao_beta_035.parquet
2026-04-22 00:33:33,736 | INFO |  Current Beta 0.4 | Start Perf: 65.00
2026-04-22 00:33:33,736 | DEBUG | RETRIEVING NET | User inaccurate_trusting | Iter 1
2026-04-22 00:33:33,738 | DEBUG | RETRIEVING R-NET | PATH ./r_nets/dutch/iter_1/beta_04/r_net_inaccurate_trusting.pth
2026-04-22 00:44:55,735 | INFO | Beta 04 | Iteration 1 | System EA: 68.91
2026-04-22 00:44:55,743 | INFO | Saved Strat 2, Beta 0.4 results to: ./processed_data/dutch/mic_result_ds/iter_1/results_inacc_t/strats/Mao_beta_04.parquet
2026-04-22 00:44:55,743 | INFO |  Current Beta 0.45 | Start Perf: 65.00
2026-04-22 00:44:55,743 | DEBUG | RETRIEVING NET | User inaccurate_trusting | Iter 1
2026-04-22 00:44:55,745 | DEBUG | RETRIEVING R-NET | PATH ./r_nets/dutch/iter_1/beta_045/r_net_inaccurate_trusting.pth
2026-04-22 00:56:52,746 | INFO | Beta 045 | Iteration 1 | System EA: 68.68
2026-04-22 00:56:52,754 | INFO | Saved Strat 2, Beta 0.45 results to: ./processed_data/dutch/mic_result_ds/iter_1/results_inacc_t/strats/Mao_beta_045.parquet
2026-04-22 00:56:52,754 | INFO |  Current Beta 0.5 | Start Perf: 65.00
2026-04-22 00:56:52,754 | DEBUG | RETRIEVING NET | User inaccurate_trusting | Iter 1
2026-04-22 00:56:52,756 | DEBUG | RETRIEVING R-NET | PATH ./r_nets/dutch/iter_1/beta_05/r_net_inaccurate_trusting.pth
2026-04-22 01:08:21,418 | INFO | Beta 05 | Iteration 1 | System EA: 68.68
2026-04-22 01:08:21,424 | INFO | Saved Strat 2, Beta 0.5 results to: ./processed_data/dutch/mic_result_ds/iter_1/results_inacc_t/strats/Mao_beta_05.parquet
2026-04-22 01:08:21,432 | INFO | STARTING MIC RUN | User: inaccurate_trusting | DS: dutch
2026-04-22 01:08:21,432 | INFO | ---  ITERATION 2/3 ---
2026-04-22 01:08:21,432 | DEBUG | RETRIEVING NET | User inaccurate_trusting | Iter 2 | NET 32_16_model_*.pt
2026-04-22 01:08:21,439 | INFO | Loaded Tau: 0.59, iter 2
2026-04-22 01:08:21,439 | INFO | STARTING STRAT Confidence | USER inaccurate_trusting | Iter 2
2026-04-22 01:08:21,439 | INFO | Iteration 2 starting with benchmark: 72.87, delta: 0.05
2026-04-22 01:19:30,725 | INFO | Finished Iteration 2, strat Confidence | System EA: 72.53 | Delta: 0.05
2026-04-22 01:19:30,734 | INFO | Saved Strat 1 results to: ./processed_data/dutch/mic_result_ds/iter_2/results_inacc_t/strats/Confidence.parquet
2026-04-22 01:19:30,734 | INFO | STARTING STRAT Mao | USER inaccurate_trusting | Iter 2
2026-04-22 01:19:30,734 | INFO |  Current Beta 0.2 | Start Perf: 69.80
2026-04-22 01:19:30,734 | DEBUG | RETRIEVING NET | User inaccurate_trusting | Iter 2
2026-04-22 01:19:30,736 | DEBUG | RETRIEVING R-NET | PATH ./r_nets/dutch/iter_2/beta_02/r_net_inaccurate_trusting.pth
2026-04-22 01:31:00,580 | INFO | Beta 02 | Iteration 2 | System EA: 71.05
2026-04-22 01:31:00,587 | INFO | Saved Strat 2, Beta 0.2 results to: ./processed_data/dutch/mic_result_ds/iter_2/results_inacc_t/strats/Mao_beta_02.parquet
2026-04-22 01:31:00,587 | INFO |  Current Beta 0.25 | Start Perf: 71.26
2026-04-22 01:31:00,587 | DEBUG | RETRIEVING NET | User inaccurate_trusting | Iter 2
2026-04-22 01:31:00,589 | DEBUG | RETRIEVING R-NET | PATH ./r_nets/dutch/iter_2/beta_025/r_net_inaccurate_trusting.pth
2026-04-22 01:42:32,588 | INFO | Beta 025 | Iteration 2 | System EA: 72.65
2026-04-22 01:42:32,597 | INFO | Saved Strat 2, Beta 0.25 results to: ./processed_data/dutch/mic_result_ds/iter_2/results_inacc_t/strats/Mao_beta_025.parquet
2026-04-22 01:42:32,597 | INFO |  Current Beta 0.3 | Start Perf: 71.70
2026-04-22 01:42:32,597 | DEBUG | RETRIEVING NET | User inaccurate_trusting | Iter 2
2026-04-22 01:42:32,599 | DEBUG | RETRIEVING R-NET | PATH ./r_nets/dutch/iter_2/beta_03/r_net_inaccurate_trusting.pth
2026-04-22 01:54:16,770 | INFO | Beta 03 | Iteration 2 | System EA: 72.84
2026-04-22 01:54:16,777 | INFO | Saved Strat 2, Beta 0.3 results to: ./processed_data/dutch/mic_result_ds/iter_2/results_inacc_t/strats/Mao_beta_03.parquet
2026-04-22 01:54:16,777 | INFO |  Current Beta 0.35 | Start Perf: 70.26
2026-04-22 01:54:16,777 | DEBUG | RETRIEVING NET | User inaccurate_trusting | Iter 2
2026-04-22 01:54:16,779 | DEBUG | RETRIEVING R-NET | PATH ./r_nets/dutch/iter_2/beta_035/r_net_inaccurate_trusting.pth
2026-04-22 02:05:24,954 | INFO | Beta 035 | Iteration 2 | System EA: 72.25
2026-04-22 02:05:24,963 | INFO | Saved Strat 2, Beta 0.35 results to: ./processed_data/dutch/mic_result_ds/iter_2/results_inacc_t/strats/Mao_beta_035.parquet
2026-04-22 02:05:24,963 | INFO |  Current Beta 0.4 | Start Perf: 68.91
2026-04-22 02:05:24,963 | DEBUG | RETRIEVING NET | User inaccurate_trusting | Iter 2
2026-04-22 02:05:24,966 | DEBUG | RETRIEVING R-NET | PATH ./r_nets/dutch/iter_2/beta_04/r_net_inaccurate_trusting.pth
2026-04-22 02:16:55,370 | INFO | Beta 04 | Iteration 2 | System EA: 70.55
2026-04-22 02:16:55,377 | INFO | Saved Strat 2, Beta 0.4 results to: ./processed_data/dutch/mic_result_ds/iter_2/results_inacc_t/strats/Mao_beta_04.parquet
2026-04-22 02:16:55,377 | INFO |  Current Beta 0.45 | Start Perf: 68.68
2026-04-22 02:16:55,377 | DEBUG | RETRIEVING NET | User inaccurate_trusting | Iter 2
2026-04-22 02:16:55,379 | DEBUG | RETRIEVING R-NET | PATH ./r_nets/dutch/iter_2/beta_045/r_net_inaccurate_trusting.pth
2026-04-22 02:28:10,846 | INFO | Beta 045 | Iteration 2 | System EA: 69.79
2026-04-22 02:28:10,856 | INFO | Saved Strat 2, Beta 0.45 results to: ./processed_data/dutch/mic_result_ds/iter_2/results_inacc_t/strats/Mao_beta_045.parquet
2026-04-22 02:28:10,856 | INFO |  Current Beta 0.5 | Start Perf: 68.68
2026-04-22 02:28:10,856 | DEBUG | RETRIEVING NET | User inaccurate_trusting | Iter 2
2026-04-22 02:28:10,858 | DEBUG | RETRIEVING R-NET | PATH ./r_nets/dutch/iter_2/beta_05/r_net_inaccurate_trusting.pth
2026-04-22 02:39:33,917 | INFO | Beta 05 | Iteration 2 | System EA: 69.79
2026-04-22 02:39:33,924 | INFO | Saved Strat 2, Beta 0.5 results to: ./processed_data/dutch/mic_result_ds/iter_2/results_inacc_t/strats/Mao_beta_05.parquet
2026-04-22 02:39:33,933 | INFO | STARTING MIC RUN | User: inaccurate_trusting | DS: dutch
2026-04-22 02:39:33,933 | INFO | ---  ITERATION 3/3 ---
2026-04-22 02:39:33,933 | DEBUG | RETRIEVING NET | User inaccurate_trusting | Iter 3 | NET 32_16_model_*.pt
2026-04-22 02:39:33,940 | INFO | Loaded Tau: 0.61, iter 3
2026-04-22 02:39:33,940 | INFO | STARTING STRAT Confidence | USER inaccurate_trusting | Iter 3
2026-04-22 02:39:33,940 | INFO | Iteration 3 starting with benchmark: 72.53, delta: 0.05
2026-04-22 02:50:47,826 | INFO | Finished Iteration 3, strat Confidence | System EA: 73.54 | Delta: 0.05
2026-04-22 02:50:47,833 | INFO | Saved Strat 1 results to: ./processed_data/dutch/mic_result_ds/iter_3/results_inacc_t/strats/Confidence.parquet
2026-04-22 02:50:47,833 | INFO | STARTING STRAT Mao | USER inaccurate_trusting | Iter 3
2026-04-22 02:50:47,833 | INFO |  Current Beta 0.2 | Start Perf: 71.05
2026-04-22 02:50:47,834 | DEBUG | RETRIEVING NET | User inaccurate_trusting | Iter 3
2026-04-22 02:50:47,836 | DEBUG | RETRIEVING R-NET | PATH ./r_nets/dutch/iter_3/beta_02/r_net_inaccurate_trusting.pth
2026-04-22 03:01:56,215 | INFO | Beta 02 | Iteration 3 | System EA: 69.49
2026-04-22 03:01:56,223 | INFO | Saved Strat 2, Beta 0.2 results to: ./processed_data/dutch/mic_result_ds/iter_3/results_inacc_t/strats/Mao_beta_02.parquet
2026-04-22 03:01:56,223 | INFO |  Current Beta 0.25 | Start Perf: 72.65
2026-04-22 03:01:56,223 | DEBUG | RETRIEVING NET | User inaccurate_trusting | Iter 3
2026-04-22 03:01:56,225 | DEBUG | RETRIEVING R-NET | PATH ./r_nets/dutch/iter_3/beta_025/r_net_inaccurate_trusting.pth
2026-04-22 03:13:53,953 | INFO | Beta 025 | Iteration 3 | System EA: 70.88
2026-04-22 03:13:53,960 | INFO | Saved Strat 2, Beta 0.25 results to: ./processed_data/dutch/mic_result_ds/iter_3/results_inacc_t/strats/Mao_beta_025.parquet
2026-04-22 03:13:53,960 | INFO |  Current Beta 0.3 | Start Perf: 72.84
2026-04-22 03:13:53,960 | DEBUG | RETRIEVING NET | User inaccurate_trusting | Iter 3
2026-04-22 03:13:53,963 | DEBUG | RETRIEVING R-NET | PATH ./r_nets/dutch/iter_3/beta_03/r_net_inaccurate_trusting.pth
2026-04-22 03:25:35,201 | INFO | Beta 03 | Iteration 3 | System EA: 73.31
2026-04-22 03:25:35,209 | INFO | Saved Strat 2, Beta 0.3 results to: ./processed_data/dutch/mic_result_ds/iter_3/results_inacc_t/strats/Mao_beta_03.parquet
2026-04-22 03:25:35,209 | INFO |  Current Beta 0.35 | Start Perf: 72.25
2026-04-22 03:25:35,209 | DEBUG | RETRIEVING NET | User inaccurate_trusting | Iter 3
2026-04-22 03:25:35,211 | DEBUG | RETRIEVING R-NET | PATH ./r_nets/dutch/iter_3/beta_035/r_net_inaccurate_trusting.pth
2026-04-22 03:37:24,645 | INFO | Beta 035 | Iteration 3 | System EA: 72.57
2026-04-22 03:37:24,653 | INFO | Saved Strat 2, Beta 0.35 results to: ./processed_data/dutch/mic_result_ds/iter_3/results_inacc_t/strats/Mao_beta_035.parquet
2026-04-22 03:37:24,653 | INFO |  Current Beta 0.4 | Start Perf: 70.55
2026-04-22 03:37:24,654 | DEBUG | RETRIEVING NET | User inaccurate_trusting | Iter 3
2026-04-22 03:37:24,656 | DEBUG | RETRIEVING R-NET | PATH ./r_nets/dutch/iter_3/beta_04/r_net_inaccurate_trusting.pth
2026-04-22 03:48:44,639 | INFO | Beta 04 | Iteration 3 | System EA: 71.45
2026-04-22 03:48:44,648 | INFO | Saved Strat 2, Beta 0.4 results to: ./processed_data/dutch/mic_result_ds/iter_3/results_inacc_t/strats/Mao_beta_04.parquet
2026-04-22 03:48:44,648 | INFO |  Current Beta 0.45 | Start Perf: 69.79
2026-04-22 03:48:44,648 | DEBUG | RETRIEVING NET | User inaccurate_trusting | Iter 3
2026-04-22 03:48:44,650 | DEBUG | RETRIEVING R-NET | PATH ./r_nets/dutch/iter_3/beta_045/r_net_inaccurate_trusting.pth
2026-04-22 04:00:36,342 | INFO | Beta 045 | Iteration 3 | System EA: 71.45
2026-04-22 04:00:36,349 | INFO | Saved Strat 2, Beta 0.45 results to: ./processed_data/dutch/mic_result_ds/iter_3/results_inacc_t/strats/Mao_beta_045.parquet
2026-04-22 04:00:36,349 | INFO |  Current Beta 0.5 | Start Perf: 69.79
2026-04-22 04:00:36,349 | DEBUG | RETRIEVING NET | User inaccurate_trusting | Iter 3
2026-04-22 04:00:36,352 | DEBUG | RETRIEVING R-NET | PATH ./r_nets/dutch/iter_3/beta_05/r_net_inaccurate_trusting.pth
2026-04-22 04:12:10,274 | INFO | Beta 05 | Iteration 3 | System EA: 71.45
2026-04-22 04:12:10,282 | INFO | Saved Strat 2, Beta 0.5 results to: ./processed_data/dutch/mic_result_ds/iter_3/results_inacc_t/strats/Mao_beta_05.parquet
