2026-03-29 19:00:12,108 | INFO | STARTING R-NETS TRAINING | User: accurate_trusting | DS: adult
2026-03-29 19:00:12,121 | INFO | --- Calibrating for iteration 1 ---
2026-03-29 19:00:12,122 | INFO | --- Training r-net for Beta: 0.1
2026-03-29 19:00:12,122 | INFO | Training r-net | User: accurate_trusting | Beta: 0.1 | Iter: 1
2026-03-29 19:00:12,916 | DEBUG | Input Tensor Shape: torch.Size([3577, 12])
2026-03-29 19:00:13,098 | INFO | Epoch 1/20 - Loss: 0.6204
2026-03-29 19:00:13,157 | INFO | Epoch 2/20 - Loss: 0.5993
2026-03-29 19:00:13,216 | INFO | Epoch 3/20 - Loss: 0.5703
2026-03-29 19:00:13,273 | INFO | Epoch 4/20 - Loss: 0.5301
2026-03-29 19:00:13,329 | INFO | Epoch 5/20 - Loss: 0.5028
2026-03-29 19:00:13,390 | INFO | Epoch 6/20 - Loss: 0.4961
2026-03-29 19:00:13,447 | INFO | Epoch 7/20 - Loss: 0.4945
2026-03-29 19:00:13,594 | INFO | Epoch 8/20 - Loss: 0.4977
2026-03-29 19:00:13,650 | INFO | Epoch 9/20 - Loss: 0.4951
2026-03-29 19:00:13,707 | INFO | Epoch 10/20 - Loss: 0.4933
2026-03-29 19:00:13,762 | INFO | Epoch 11/20 - Loss: 0.4949
2026-03-29 19:00:13,818 | INFO | Epoch 12/20 - Loss: 0.4960
2026-03-29 19:00:13,874 | INFO | Epoch 13/20 - Loss: 0.4935
2026-03-29 19:00:13,929 | INFO | Epoch 14/20 - Loss: 0.4934
2026-03-29 19:00:13,985 | INFO | Epoch 15/20 - Loss: 0.4932
2026-03-29 19:00:14,052 | INFO | Epoch 16/20 - Loss: 0.4925
2026-03-29 19:00:14,294 | INFO | Epoch 17/20 - Loss: 0.4932
2026-03-29 19:00:14,466 | INFO | Epoch 18/20 - Loss: 0.4915
2026-03-29 19:00:14,526 | INFO | Epoch 19/20 - Loss: 0.4908
2026-03-29 19:00:14,582 | INFO | Epoch 20/20 - Loss: 0.4920
2026-03-29 19:00:14,584 | INFO | r-net saved to: ./r_nets/adult/iter_1/beta_01/r_net_accurate_trusting.pth
2026-03-29 19:00:14,611 | INFO | --- Training r-net for Beta: 0.3
2026-03-29 19:00:14,611 | INFO | Training r-net | User: accurate_trusting | Beta: 0.3 | Iter: 1
2026-03-29 19:00:15,391 | DEBUG | Input Tensor Shape: torch.Size([3577, 12])
2026-03-29 19:00:16,108 | INFO | Epoch 1/20 - Loss: 0.7868
2026-03-29 19:00:16,587 | INFO | Epoch 2/20 - Loss: 0.7764
2026-03-29 19:00:17,083 | INFO | Epoch 3/20 - Loss: 0.7659
2026-03-29 19:00:17,138 | INFO | Epoch 4/20 - Loss: 0.7587
2026-03-29 19:00:17,193 | INFO | Epoch 5/20 - Loss: 0.7577
2026-03-29 19:00:17,248 | INFO | Epoch 6/20 - Loss: 0.7565
2026-03-29 19:00:17,303 | INFO | Epoch 7/20 - Loss: 0.7555
2026-03-29 19:00:17,358 | INFO | Epoch 8/20 - Loss: 0.7566
2026-03-29 19:00:17,413 | INFO | Epoch 9/20 - Loss: 0.7555
2026-03-29 19:00:17,468 | INFO | Epoch 10/20 - Loss: 0.7548
2026-03-29 19:00:17,523 | INFO | Epoch 11/20 - Loss: 0.7551
2026-03-29 19:00:17,577 | INFO | Epoch 12/20 - Loss: 0.7553
2026-03-29 19:00:17,633 | INFO | Epoch 13/20 - Loss: 0.7545
2026-03-29 19:00:17,687 | INFO | Epoch 14/20 - Loss: 0.7544
2026-03-29 19:00:17,742 | INFO | Epoch 15/20 - Loss: 0.7543
2026-03-29 19:00:17,797 | INFO | Epoch 16/20 - Loss: 0.7542
2026-03-29 19:00:17,853 | INFO | Epoch 17/20 - Loss: 0.7543
2026-03-29 19:00:17,908 | INFO | Epoch 18/20 - Loss: 0.7534
2026-03-29 19:00:17,964 | INFO | Epoch 19/20 - Loss: 0.7535
2026-03-29 19:00:18,019 | INFO | Epoch 20/20 - Loss: 0.7539
2026-03-29 19:00:18,020 | INFO | r-net saved to: ./r_nets/adult/iter_1/beta_03/r_net_accurate_trusting.pth
2026-03-29 19:00:18,034 | INFO | --- Training r-net for Beta: 0.5
2026-03-29 19:00:18,034 | INFO | Training r-net | User: accurate_trusting | Beta: 0.5 | Iter: 1
2026-03-29 19:00:18,803 | DEBUG | Input Tensor Shape: torch.Size([3577, 12])
2026-03-29 19:00:19,382 | INFO | Epoch 1/20 - Loss: 0.9533
2026-03-29 19:00:19,438 | INFO | Epoch 2/20 - Loss: 0.9519
2026-03-29 19:00:19,494 | INFO | Epoch 3/20 - Loss: 0.9512
2026-03-29 19:00:19,549 | INFO | Epoch 4/20 - Loss: 0.9507
2026-03-29 19:00:19,604 | INFO | Epoch 5/20 - Loss: 0.9500
2026-03-29 19:00:19,660 | INFO | Epoch 6/20 - Loss: 0.9497
2026-03-29 19:00:19,715 | INFO | Epoch 7/20 - Loss: 0.9492
2026-03-29 19:00:19,771 | INFO | Epoch 8/20 - Loss: 0.9490
2026-03-29 19:00:19,826 | INFO | Epoch 9/20 - Loss: 0.9485
2026-03-29 19:00:19,882 | INFO | Epoch 10/20 - Loss: 0.9485
2026-03-29 19:00:19,937 | INFO | Epoch 11/20 - Loss: 0.9486
2026-03-29 19:00:19,992 | INFO | Epoch 12/20 - Loss: 0.9485
2026-03-29 19:00:20,048 | INFO | Epoch 13/20 - Loss: 0.9486
2026-03-29 19:00:20,103 | INFO | Epoch 14/20 - Loss: 0.9485
2026-03-29 19:00:20,160 | INFO | Epoch 15/20 - Loss: 0.9483
2026-03-29 19:00:20,215 | INFO | Epoch 16/20 - Loss: 0.9481
2026-03-29 19:00:20,271 | INFO | Epoch 17/20 - Loss: 0.9483
2026-03-29 19:00:20,350 | INFO | Epoch 18/20 - Loss: 0.9481
2026-03-29 19:00:20,732 | INFO | Epoch 19/20 - Loss: 0.9482
2026-03-29 19:00:20,792 | INFO | Epoch 20/20 - Loss: 0.9482
2026-03-29 19:00:20,793 | INFO | r-net saved to: ./r_nets/adult/iter_1/beta_05/r_net_accurate_trusting.pth
2026-03-29 19:00:20,807 | INFO | --- Training r-net for Beta: 0.7
2026-03-29 19:00:20,807 | INFO | Training r-net | User: accurate_trusting | Beta: 0.7 | Iter: 1
2026-03-29 19:00:21,579 | DEBUG | Input Tensor Shape: torch.Size([3577, 12])
2026-03-29 19:00:21,641 | INFO | Epoch 1/20 - Loss: 1.1124
2026-03-29 19:00:21,958 | INFO | Epoch 2/20 - Loss: 1.1088
2026-03-29 19:00:22,340 | INFO | Epoch 3/20 - Loss: 1.1067
2026-03-29 19:00:22,722 | INFO | Epoch 4/20 - Loss: 1.1060
2026-03-29 19:00:22,925 | INFO | Epoch 5/20 - Loss: 1.1054
2026-03-29 19:00:22,980 | INFO | Epoch 6/20 - Loss: 1.1057
2026-03-29 19:00:23,034 | INFO | Epoch 7/20 - Loss: 1.1054
2026-03-29 19:00:23,089 | INFO | Epoch 8/20 - Loss: 1.1051
2026-03-29 19:00:23,143 | INFO | Epoch 9/20 - Loss: 1.1049
2026-03-29 19:00:23,198 | INFO | Epoch 10/20 - Loss: 1.1048
2026-03-29 19:00:23,252 | INFO | Epoch 11/20 - Loss: 1.1051
2026-03-29 19:00:23,306 | INFO | Epoch 12/20 - Loss: 1.1048
2026-03-29 19:00:23,558 | INFO | Epoch 13/20 - Loss: 1.1047
2026-03-29 19:00:23,613 | INFO | Epoch 14/20 - Loss: 1.1048
2026-03-29 19:00:23,675 | INFO | Epoch 15/20 - Loss: 1.1045
2026-03-29 19:00:24,082 | INFO | Epoch 16/20 - Loss: 1.1040
2026-03-29 19:00:24,145 | INFO | Epoch 17/20 - Loss: 1.1042
2026-03-29 19:00:24,200 | INFO | Epoch 18/20 - Loss: 1.1044
2026-03-29 19:00:24,255 | INFO | Epoch 19/20 - Loss: 1.1041
2026-03-29 19:00:24,309 | INFO | Epoch 20/20 - Loss: 1.1041
2026-03-29 19:00:24,311 | INFO | r-net saved to: ./r_nets/adult/iter_1/beta_07/r_net_accurate_trusting.pth
2026-03-29 19:00:24,327 | INFO | --- Training r-net for Beta: 0.9
2026-03-29 19:00:24,327 | INFO | Training r-net | User: accurate_trusting | Beta: 0.9 | Iter: 1
2026-03-29 19:00:25,104 | DEBUG | Input Tensor Shape: torch.Size([3577, 12])
2026-03-29 19:00:25,233 | INFO | Epoch 1/20 - Loss: 1.2657
2026-03-29 19:00:25,289 | INFO | Epoch 2/20 - Loss: 1.2476
2026-03-29 19:00:25,344 | INFO | Epoch 3/20 - Loss: 1.2405
2026-03-29 19:00:25,403 | INFO | Epoch 4/20 - Loss: 1.2388
2026-03-29 19:00:25,458 | INFO | Epoch 5/20 - Loss: 1.2379
2026-03-29 19:00:25,513 | INFO | Epoch 6/20 - Loss: 1.2382
2026-03-29 19:00:25,569 | INFO | Epoch 7/20 - Loss: 1.2375
2026-03-29 19:00:25,624 | INFO | Epoch 8/20 - Loss: 1.2369
2026-03-29 19:00:25,679 | INFO | Epoch 9/20 - Loss: 1.2369
2026-03-29 19:00:25,734 | INFO | Epoch 10/20 - Loss: 1.2368
2026-03-29 19:00:25,789 | INFO | Epoch 11/20 - Loss: 1.2370
2026-03-29 19:00:25,844 | INFO | Epoch 12/20 - Loss: 1.2364
2026-03-29 19:00:25,898 | INFO | Epoch 13/20 - Loss: 1.2361
2026-03-29 19:00:25,957 | INFO | Epoch 14/20 - Loss: 1.2363
2026-03-29 19:00:26,012 | INFO | Epoch 15/20 - Loss: 1.2360
2026-03-29 19:00:26,067 | INFO | Epoch 16/20 - Loss: 1.2351
2026-03-29 19:00:26,125 | INFO | Epoch 17/20 - Loss: 1.2355
2026-03-29 19:00:26,180 | INFO | Epoch 18/20 - Loss: 1.2357
2026-03-29 19:00:26,237 | INFO | Epoch 19/20 - Loss: 1.2352
2026-03-29 19:00:26,292 | INFO | Epoch 20/20 - Loss: 1.2352
2026-03-29 19:00:26,294 | INFO | r-net saved to: ./r_nets/adult/iter_1/beta_09/r_net_accurate_trusting.pth
2026-03-29 19:00:26,316 | INFO | --- R-NET TRAINING FINISHED | User: accurate_trusting | DS: adult
2026-03-29 19:00:26,323 | INFO | STARTING R-NETS TRAINING | User: accurate_trusting | DS: adult
2026-03-29 19:00:26,331 | INFO | --- Calibrating for iteration 2 ---
2026-03-29 19:00:26,331 | INFO | --- Training r-net for Beta: 0.1
2026-03-29 19:00:26,331 | INFO | Training r-net | User: accurate_trusting | Beta: 0.1 | Iter: 2
2026-03-29 19:00:27,158 | DEBUG | Input Tensor Shape: torch.Size([3574, 12])
2026-03-29 19:00:27,778 | INFO | Epoch 1/20 - Loss: 0.6085
2026-03-29 19:00:28,361 | INFO | Epoch 2/20 - Loss: 0.5894
2026-03-29 19:00:28,830 | INFO | Epoch 3/20 - Loss: 0.5646
2026-03-29 19:00:29,282 | INFO | Epoch 4/20 - Loss: 0.5290
2026-03-29 19:00:29,737 | INFO | Epoch 5/20 - Loss: 0.5033
2026-03-29 19:00:30,051 | INFO | Epoch 6/20 - Loss: 0.4968
2026-03-29 19:00:30,382 | INFO | Epoch 7/20 - Loss: 0.4952
2026-03-29 19:00:30,854 | INFO | Epoch 8/20 - Loss: 0.4957
2026-03-29 19:00:30,995 | INFO | Epoch 9/20 - Loss: 0.4984
2026-03-29 19:00:31,051 | INFO | Epoch 10/20 - Loss: 0.4953
2026-03-29 19:00:31,106 | INFO | Epoch 11/20 - Loss: 0.4983
2026-03-29 19:00:31,161 | INFO | Epoch 12/20 - Loss: 0.4959
2026-03-29 19:00:31,217 | INFO | Epoch 13/20 - Loss: 0.4928
2026-03-29 19:00:31,274 | INFO | Epoch 14/20 - Loss: 0.4960
2026-03-29 19:00:31,329 | INFO | Epoch 15/20 - Loss: 0.4946
2026-03-29 19:00:31,385 | INFO | Epoch 16/20 - Loss: 0.4932
2026-03-29 19:00:31,443 | INFO | Epoch 17/20 - Loss: 0.4950
2026-03-29 19:00:31,498 | INFO | Epoch 18/20 - Loss: 0.4947
2026-03-29 19:00:31,554 | INFO | Epoch 19/20 - Loss: 0.4929
2026-03-29 19:00:31,609 | INFO | Epoch 20/20 - Loss: 0.4925
2026-03-29 19:00:31,611 | INFO | r-net saved to: ./r_nets/adult/iter_2/beta_01/r_net_accurate_trusting.pth
2026-03-29 19:00:31,629 | INFO | --- Training r-net for Beta: 0.3
2026-03-29 19:00:31,629 | INFO | Training r-net | User: accurate_trusting | Beta: 0.3 | Iter: 2
2026-03-29 19:00:32,391 | DEBUG | Input Tensor Shape: torch.Size([3574, 12])
2026-03-29 19:00:32,810 | INFO | Epoch 1/20 - Loss: 0.7749
2026-03-29 19:00:33,102 | INFO | Epoch 2/20 - Loss: 0.7663
2026-03-29 19:00:33,159 | INFO | Epoch 3/20 - Loss: 0.7582
2026-03-29 19:00:33,215 | INFO | Epoch 4/20 - Loss: 0.7520
2026-03-29 19:00:33,271 | INFO | Epoch 5/20 - Loss: 0.7509
2026-03-29 19:00:33,327 | INFO | Epoch 6/20 - Loss: 0.7498
2026-03-29 19:00:33,383 | INFO | Epoch 7/20 - Loss: 0.7489
2026-03-29 19:00:33,440 | INFO | Epoch 8/20 - Loss: 0.7489
2026-03-29 19:00:33,496 | INFO | Epoch 9/20 - Loss: 0.7494
2026-03-29 19:00:33,551 | INFO | Epoch 10/20 - Loss: 0.7486
2026-03-29 19:00:33,607 | INFO | Epoch 11/20 - Loss: 0.7491
2026-03-29 19:00:33,663 | INFO | Epoch 12/20 - Loss: 0.7481
2026-03-29 19:00:33,719 | INFO | Epoch 13/20 - Loss: 0.7475
2026-03-29 19:00:33,775 | INFO | Epoch 14/20 - Loss: 0.7481
2026-03-29 19:00:33,830 | INFO | Epoch 15/20 - Loss: 0.7472
2026-03-29 19:00:33,886 | INFO | Epoch 16/20 - Loss: 0.7471
2026-03-29 19:00:33,943 | INFO | Epoch 17/20 - Loss: 0.7475
2026-03-29 19:00:33,999 | INFO | Epoch 18/20 - Loss: 0.7472
2026-03-29 19:00:34,054 | INFO | Epoch 19/20 - Loss: 0.7468
2026-03-29 19:00:34,111 | INFO | Epoch 20/20 - Loss: 0.7467
2026-03-29 19:00:34,112 | INFO | r-net saved to: ./r_nets/adult/iter_2/beta_03/r_net_accurate_trusting.pth
2026-03-29 19:00:34,126 | INFO | --- Training r-net for Beta: 0.5
2026-03-29 19:00:34,126 | INFO | Training r-net | User: accurate_trusting | Beta: 0.5 | Iter: 2
2026-03-29 19:00:34,889 | DEBUG | Input Tensor Shape: torch.Size([3574, 12])
2026-03-29 19:00:35,685 | INFO | Epoch 1/20 - Loss: 0.9410
2026-03-29 19:00:35,756 | INFO | Epoch 2/20 - Loss: 0.9397
2026-03-29 19:00:35,813 | INFO | Epoch 3/20 - Loss: 0.9386
2026-03-29 19:00:35,868 | INFO | Epoch 4/20 - Loss: 0.9378
2026-03-29 19:00:35,922 | INFO | Epoch 5/20 - Loss: 0.9371
2026-03-29 19:00:35,978 | INFO | Epoch 6/20 - Loss: 0.9373
2026-03-29 19:00:36,033 | INFO | Epoch 7/20 - Loss: 0.9365
2026-03-29 19:00:36,088 | INFO | Epoch 8/20 - Loss: 0.9362
2026-03-29 19:00:36,143 | INFO | Epoch 9/20 - Loss: 0.9365
2026-03-29 19:00:36,198 | INFO | Epoch 10/20 - Loss: 0.9361
2026-03-29 19:00:36,253 | INFO | Epoch 11/20 - Loss: 0.9362
2026-03-29 19:00:36,390 | INFO | Epoch 12/20 - Loss: 0.9353
2026-03-29 19:00:36,447 | INFO | Epoch 13/20 - Loss: 0.9357
2026-03-29 19:00:36,502 | INFO | Epoch 14/20 - Loss: 0.9362
2026-03-29 19:00:36,557 | INFO | Epoch 15/20 - Loss: 0.9358
2026-03-29 19:00:36,613 | INFO | Epoch 16/20 - Loss: 0.9361
2026-03-29 19:00:36,667 | INFO | Epoch 17/20 - Loss: 0.9362
2026-03-29 19:00:36,723 | INFO | Epoch 18/20 - Loss: 0.9354
2026-03-29 19:00:36,778 | INFO | Epoch 19/20 - Loss: 0.9357
2026-03-29 19:00:36,833 | INFO | Epoch 20/20 - Loss: 0.9349
2026-03-29 19:00:36,834 | INFO | r-net saved to: ./r_nets/adult/iter_2/beta_05/r_net_accurate_trusting.pth
2026-03-29 19:00:36,850 | INFO | --- Training r-net for Beta: 0.7
2026-03-29 19:00:36,850 | INFO | Training r-net | User: accurate_trusting | Beta: 0.7 | Iter: 2
2026-03-29 19:00:37,611 | DEBUG | Input Tensor Shape: torch.Size([3574, 12])
2026-03-29 19:00:38,269 | INFO | Epoch 1/20 - Loss: 1.0985
2026-03-29 19:00:38,325 | INFO | Epoch 2/20 - Loss: 1.0925
2026-03-29 19:00:38,381 | INFO | Epoch 3/20 - Loss: 1.0901
2026-03-29 19:00:38,436 | INFO | Epoch 4/20 - Loss: 1.0896
2026-03-29 19:00:38,491 | INFO | Epoch 5/20 - Loss: 1.0891
2026-03-29 19:00:38,652 | INFO | Epoch 6/20 - Loss: 1.0888
2026-03-29 19:00:39,366 | INFO | Epoch 7/20 - Loss: 1.0883
2026-03-29 19:00:39,422 | INFO | Epoch 8/20 - Loss: 1.0877
2026-03-29 19:00:39,478 | INFO | Epoch 9/20 - Loss: 1.0878
2026-03-29 19:00:39,534 | INFO | Epoch 10/20 - Loss: 1.0876
2026-03-29 19:00:39,589 | INFO | Epoch 11/20 - Loss: 1.0877
2026-03-29 19:00:39,646 | INFO | Epoch 12/20 - Loss: 1.0868
2026-03-29 19:00:39,701 | INFO | Epoch 13/20 - Loss: 1.0874
2026-03-29 19:00:40,026 | INFO | Epoch 14/20 - Loss: 1.0877
2026-03-29 19:00:40,086 | INFO | Epoch 15/20 - Loss: 1.0873
2026-03-29 19:00:40,142 | INFO | Epoch 16/20 - Loss: 1.0875
2026-03-29 19:00:40,198 | INFO | Epoch 17/20 - Loss: 1.0874
2026-03-29 19:00:40,254 | INFO | Epoch 18/20 - Loss: 1.0864
2026-03-29 19:00:40,314 | INFO | Epoch 19/20 - Loss: 1.0867
2026-03-29 19:00:40,370 | INFO | Epoch 20/20 - Loss: 1.0861
2026-03-29 19:00:40,371 | INFO | r-net saved to: ./r_nets/adult/iter_2/beta_07/r_net_accurate_trusting.pth
2026-03-29 19:00:40,392 | INFO | --- Training r-net for Beta: 0.9
2026-03-29 19:00:40,392 | INFO | Training r-net | User: accurate_trusting | Beta: 0.9 | Iter: 2
2026-03-29 19:00:41,154 | DEBUG | Input Tensor Shape: torch.Size([3574, 12])
2026-03-29 19:00:41,301 | INFO | Epoch 1/20 - Loss: 1.2516
2026-03-29 19:00:41,352 | INFO | Epoch 2/20 - Loss: 1.2294
2026-03-29 19:00:41,403 | INFO | Epoch 3/20 - Loss: 1.2203
2026-03-29 19:00:41,453 | INFO | Epoch 4/20 - Loss: 1.2194
2026-03-29 19:00:41,504 | INFO | Epoch 5/20 - Loss: 1.2180
2026-03-29 19:00:41,554 | INFO | Epoch 6/20 - Loss: 1.2167
2026-03-29 19:00:41,614 | INFO | Epoch 7/20 - Loss: 1.2165
2026-03-29 19:00:41,674 | INFO | Epoch 8/20 - Loss: 1.2158
2026-03-29 19:00:41,735 | INFO | Epoch 9/20 - Loss: 1.2161
2026-03-29 19:00:41,791 | INFO | Epoch 10/20 - Loss: 1.2158
2026-03-29 19:00:41,849 | INFO | Epoch 11/20 - Loss: 1.2156
2026-03-29 19:00:41,906 | INFO | Epoch 12/20 - Loss: 1.2145
2026-03-29 19:00:41,985 | INFO | Epoch 13/20 - Loss: 1.2153
2026-03-29 19:00:42,047 | INFO | Epoch 14/20 - Loss: 1.2156
2026-03-29 19:00:42,103 | INFO | Epoch 15/20 - Loss: 1.2150
2026-03-29 19:00:42,162 | INFO | Epoch 16/20 - Loss: 1.2153
2026-03-29 19:00:42,221 | INFO | Epoch 17/20 - Loss: 1.2150
2026-03-29 19:00:42,277 | INFO | Epoch 18/20 - Loss: 1.2135
2026-03-29 19:00:42,333 | INFO | Epoch 19/20 - Loss: 1.2140
2026-03-29 19:00:42,391 | INFO | Epoch 20/20 - Loss: 1.2136
2026-03-29 19:00:42,393 | INFO | r-net saved to: ./r_nets/adult/iter_2/beta_09/r_net_accurate_trusting.pth
2026-03-29 19:00:42,458 | INFO | --- R-NET TRAINING FINISHED | User: accurate_trusting | DS: adult
2026-03-29 19:00:42,466 | INFO | STARTING R-NETS TRAINING | User: accurate_trusting | DS: adult
2026-03-29 19:00:42,475 | INFO | --- Calibrating for iteration 3 ---
2026-03-29 19:00:42,475 | INFO | --- Training r-net for Beta: 0.1
2026-03-29 19:00:42,475 | INFO | Training r-net | User: accurate_trusting | Beta: 0.1 | Iter: 3
2026-03-29 19:00:43,238 | DEBUG | Input Tensor Shape: torch.Size([3573, 12])
2026-03-29 19:00:43,710 | INFO | Epoch 1/20 - Loss: 0.6097
2026-03-29 19:00:44,510 | INFO | Epoch 2/20 - Loss: 0.5895
2026-03-29 19:00:45,036 | INFO | Epoch 3/20 - Loss: 0.5634
2026-03-29 19:00:45,144 | INFO | Epoch 4/20 - Loss: 0.5248
2026-03-29 19:00:45,213 | INFO | Epoch 5/20 - Loss: 0.4933
2026-03-29 19:00:45,283 | INFO | Epoch 6/20 - Loss: 0.4894
2026-03-29 19:00:45,351 | INFO | Epoch 7/20 - Loss: 0.4890
2026-03-29 19:00:45,419 | INFO | Epoch 8/20 - Loss: 0.4884
2026-03-29 19:00:45,489 | INFO | Epoch 9/20 - Loss: 0.4894
2026-03-29 19:00:45,561 | INFO | Epoch 10/20 - Loss: 0.4903
2026-03-29 19:00:45,628 | INFO | Epoch 11/20 - Loss: 0.4898
2026-03-29 19:00:45,689 | INFO | Epoch 12/20 - Loss: 0.4920
2026-03-29 19:00:45,751 | INFO | Epoch 13/20 - Loss: 0.4880
2026-03-29 19:00:45,812 | INFO | Epoch 14/20 - Loss: 0.4900
2026-03-29 19:00:45,873 | INFO | Epoch 15/20 - Loss: 0.4909
2026-03-29 19:00:45,934 | INFO | Epoch 16/20 - Loss: 0.4884
2026-03-29 19:00:45,997 | INFO | Epoch 17/20 - Loss: 0.4844
2026-03-29 19:00:46,058 | INFO | Epoch 18/20 - Loss: 0.4876
2026-03-29 19:00:46,120 | INFO | Epoch 19/20 - Loss: 0.4855
2026-03-29 19:00:46,181 | INFO | Epoch 20/20 - Loss: 0.4865
2026-03-29 19:00:46,183 | INFO | r-net saved to: ./r_nets/adult/iter_3/beta_01/r_net_accurate_trusting.pth
2026-03-29 19:00:46,344 | INFO | --- Training r-net for Beta: 0.3
2026-03-29 19:00:46,344 | INFO | Training r-net | User: accurate_trusting | Beta: 0.3 | Iter: 3
2026-03-29 19:00:47,105 | DEBUG | Input Tensor Shape: torch.Size([3573, 12])
2026-03-29 19:00:47,443 | INFO | Epoch 1/20 - Loss: 0.7763
2026-03-29 19:00:47,498 | INFO | Epoch 2/20 - Loss: 0.7666
2026-03-29 19:00:47,553 | INFO | Epoch 3/20 - Loss: 0.7578
2026-03-29 19:00:47,607 | INFO | Epoch 4/20 - Loss: 0.7509
2026-03-29 19:00:47,662 | INFO | Epoch 5/20 - Loss: 0.7483
2026-03-29 19:00:47,717 | INFO | Epoch 6/20 - Loss: 0.7484
2026-03-29 19:00:47,772 | INFO | Epoch 7/20 - Loss: 0.7480
2026-03-29 19:00:47,827 | INFO | Epoch 8/20 - Loss: 0.7471
2026-03-29 19:00:47,881 | INFO | Epoch 9/20 - Loss: 0.7474
2026-03-29 19:00:47,937 | INFO | Epoch 10/20 - Loss: 0.7475
2026-03-29 19:00:47,992 | INFO | Epoch 11/20 - Loss: 0.7473
2026-03-29 19:00:48,046 | INFO | Epoch 12/20 - Loss: 0.7479
2026-03-29 19:00:48,105 | INFO | Epoch 13/20 - Loss: 0.7464
2026-03-29 19:00:48,159 | INFO | Epoch 14/20 - Loss: 0.7469
2026-03-29 19:00:48,214 | INFO | Epoch 15/20 - Loss: 0.7466
2026-03-29 19:00:48,269 | INFO | Epoch 16/20 - Loss: 0.7458
2026-03-29 19:00:48,323 | INFO | Epoch 17/20 - Loss: 0.7452
2026-03-29 19:00:48,378 | INFO | Epoch 18/20 - Loss: 0.7459
2026-03-29 19:00:48,433 | INFO | Epoch 19/20 - Loss: 0.7448
2026-03-29 19:00:48,487 | INFO | Epoch 20/20 - Loss: 0.7454
2026-03-29 19:00:48,488 | INFO | r-net saved to: ./r_nets/adult/iter_3/beta_03/r_net_accurate_trusting.pth
2026-03-29 19:00:48,503 | INFO | --- Training r-net for Beta: 0.5
2026-03-29 19:00:48,503 | INFO | Training r-net | User: accurate_trusting | Beta: 0.5 | Iter: 3
2026-03-29 19:00:49,263 | DEBUG | Input Tensor Shape: torch.Size([3573, 12])
2026-03-29 19:00:49,700 | INFO | Epoch 1/20 - Loss: 0.9428
2026-03-29 19:00:49,757 | INFO | Epoch 2/20 - Loss: 0.9413
2026-03-29 19:00:49,812 | INFO | Epoch 3/20 - Loss: 0.9410
2026-03-29 19:00:49,866 | INFO | Epoch 4/20 - Loss: 0.9402
2026-03-29 19:00:49,921 | INFO | Epoch 5/20 - Loss: 0.9399
2026-03-29 19:00:49,976 | INFO | Epoch 6/20 - Loss: 0.9397
2026-03-29 19:00:50,031 | INFO | Epoch 7/20 - Loss: 0.9391
2026-03-29 19:00:50,086 | INFO | Epoch 8/20 - Loss: 0.9388
2026-03-29 19:00:50,140 | INFO | Epoch 9/20 - Loss: 0.9387
2026-03-29 19:00:50,195 | INFO | Epoch 10/20 - Loss: 0.9381
2026-03-29 19:00:50,250 | INFO | Epoch 11/20 - Loss: 0.9386
2026-03-29 19:00:50,305 | INFO | Epoch 12/20 - Loss: 0.9386
2026-03-29 19:00:50,364 | INFO | Epoch 13/20 - Loss: 0.9385
2026-03-29 19:00:50,419 | INFO | Epoch 14/20 - Loss: 0.9382
2026-03-29 19:00:50,474 | INFO | Epoch 15/20 - Loss: 0.9385
2026-03-29 19:00:50,530 | INFO | Epoch 16/20 - Loss: 0.9381
2026-03-29 19:00:50,585 | INFO | Epoch 17/20 - Loss: 0.9381
2026-03-29 19:00:50,639 | INFO | Epoch 18/20 - Loss: 0.9380
2026-03-29 19:00:50,751 | INFO | Epoch 19/20 - Loss: 0.9374
2026-03-29 19:00:50,809 | INFO | Epoch 20/20 - Loss: 0.9379
2026-03-29 19:00:50,811 | INFO | r-net saved to: ./r_nets/adult/iter_3/beta_05/r_net_accurate_trusting.pth
2026-03-29 19:00:50,829 | INFO | --- Training r-net for Beta: 0.7
2026-03-29 19:00:50,829 | INFO | Training r-net | User: accurate_trusting | Beta: 0.7 | Iter: 3
2026-03-29 19:00:51,604 | DEBUG | Input Tensor Shape: torch.Size([3573, 12])
2026-03-29 19:00:51,794 | INFO | Epoch 1/20 - Loss: 1.1013
2026-03-29 19:00:51,849 | INFO | Epoch 2/20 - Loss: 1.0966
2026-03-29 19:00:51,903 | INFO | Epoch 3/20 - Loss: 1.0953
2026-03-29 19:00:51,957 | INFO | Epoch 4/20 - Loss: 1.0939
2026-03-29 19:00:52,012 | INFO | Epoch 5/20 - Loss: 1.0937
2026-03-29 19:00:52,066 | INFO | Epoch 6/20 - Loss: 1.0935
2026-03-29 19:00:52,121 | INFO | Epoch 7/20 - Loss: 1.0934
2026-03-29 19:00:52,176 | INFO | Epoch 8/20 - Loss: 1.0930
2026-03-29 19:00:52,231 | INFO | Epoch 9/20 - Loss: 1.0935
2026-03-29 19:00:52,285 | INFO | Epoch 10/20 - Loss: 1.0925
2026-03-29 19:00:52,340 | INFO | Epoch 11/20 - Loss: 1.0922
2026-03-29 19:00:52,394 | INFO | Epoch 12/20 - Loss: 1.0925
2026-03-29 19:00:52,449 | INFO | Epoch 13/20 - Loss: 1.0923
2026-03-29 19:00:52,503 | INFO | Epoch 14/20 - Loss: 1.0921
2026-03-29 19:00:52,563 | INFO | Epoch 15/20 - Loss: 1.0921
2026-03-29 19:00:52,618 | INFO | Epoch 16/20 - Loss: 1.0923
2026-03-29 19:00:52,672 | INFO | Epoch 17/20 - Loss: 1.0919
2026-03-29 19:00:52,727 | INFO | Epoch 18/20 - Loss: 1.0915
2026-03-29 19:00:52,781 | INFO | Epoch 19/20 - Loss: 1.0912
2026-03-29 19:00:53,625 | INFO | Epoch 20/20 - Loss: 1.0912
2026-03-29 19:00:53,626 | INFO | r-net saved to: ./r_nets/adult/iter_3/beta_07/r_net_accurate_trusting.pth
2026-03-29 19:00:53,664 | INFO | --- Training r-net for Beta: 0.9
2026-03-29 19:00:53,664 | INFO | Training r-net | User: accurate_trusting | Beta: 0.9 | Iter: 3
2026-03-29 19:00:54,429 | DEBUG | Input Tensor Shape: torch.Size([3573, 12])
2026-03-29 19:00:54,545 | INFO | Epoch 1/20 - Loss: 1.2547
2026-03-29 19:00:54,599 | INFO | Epoch 2/20 - Loss: 1.2351
2026-03-29 19:00:54,653 | INFO | Epoch 3/20 - Loss: 1.2277
2026-03-29 19:00:54,934 | INFO | Epoch 4/20 - Loss: 1.2253
2026-03-29 19:00:55,515 | INFO | Epoch 5/20 - Loss: 1.2243
2026-03-29 19:00:55,593 | INFO | Epoch 6/20 - Loss: 1.2233
2026-03-29 19:00:55,648 | INFO | Epoch 7/20 - Loss: 1.2236
2026-03-29 19:00:55,702 | INFO | Epoch 8/20 - Loss: 1.2228
2026-03-29 19:00:55,755 | INFO | Epoch 9/20 - Loss: 1.2241
2026-03-29 19:00:55,809 | INFO | Epoch 10/20 - Loss: 1.2221
2026-03-29 19:00:55,862 | INFO | Epoch 11/20 - Loss: 1.2215
2026-03-29 19:00:55,916 | INFO | Epoch 12/20 - Loss: 1.2219
2026-03-29 19:00:55,969 | INFO | Epoch 13/20 - Loss: 1.2218
2026-03-29 19:00:56,023 | INFO | Epoch 14/20 - Loss: 1.2212
2026-03-29 19:00:56,076 | INFO | Epoch 15/20 - Loss: 1.2214
2026-03-29 19:00:56,130 | INFO | Epoch 16/20 - Loss: 1.2217
2026-03-29 19:00:56,184 | INFO | Epoch 17/20 - Loss: 1.2212
2026-03-29 19:00:56,238 | INFO | Epoch 18/20 - Loss: 1.2204
2026-03-29 19:00:56,291 | INFO | Epoch 19/20 - Loss: 1.2203
2026-03-29 19:00:56,345 | INFO | Epoch 20/20 - Loss: 1.2199
2026-03-29 19:00:56,346 | INFO | r-net saved to: ./r_nets/adult/iter_3/beta_09/r_net_accurate_trusting.pth
2026-03-29 19:00:56,360 | INFO | --- R-NET TRAINING FINISHED | User: accurate_trusting | DS: adult
