2026-03-30 18:18:05,025 | INFO | STARTING R-NETS TRAINING | User: accurate_not_trusting | DS: adult
2026-03-30 18:18:05,027 | INFO | --- Calibrating for iteration 1 ---
2026-03-30 18:18:05,027 | INFO | --- Training r-net for Beta: 0.1
2026-03-30 18:18:05,027 | INFO | Training r-net | User: accurate_not_trusting | Beta: 0.1 | Iter: 1
2026-03-30 18:18:05,800 | DEBUG | Input Tensor Shape: torch.Size([3577, 12])
2026-03-30 18:18:05,848 | INFO | Epoch 1/20 - Loss: 0.6120
2026-03-30 18:18:05,893 | INFO | Epoch 2/20 - Loss: 0.5922
2026-03-30 18:18:05,936 | INFO | Epoch 3/20 - Loss: 0.5666
2026-03-30 18:18:05,980 | INFO | Epoch 4/20 - Loss: 0.5297
2026-03-30 18:18:06,024 | INFO | Epoch 5/20 - Loss: 0.5040
2026-03-30 18:18:06,067 | INFO | Epoch 6/20 - Loss: 0.4987
2026-03-30 18:18:06,111 | INFO | Epoch 7/20 - Loss: 0.4943
2026-03-30 18:18:06,155 | INFO | Epoch 8/20 - Loss: 0.4993
2026-03-30 18:18:06,199 | INFO | Epoch 9/20 - Loss: 0.4967
2026-03-30 18:18:06,243 | INFO | Epoch 10/20 - Loss: 0.4955
2026-03-30 18:18:06,287 | INFO | Epoch 11/20 - Loss: 0.4958
2026-03-30 18:18:06,331 | INFO | Epoch 12/20 - Loss: 0.4966
2026-03-30 18:18:06,375 | INFO | Epoch 13/20 - Loss: 0.4944
2026-03-30 18:18:06,419 | INFO | Epoch 14/20 - Loss: 0.4953
2026-03-30 18:18:06,462 | INFO | Epoch 15/20 - Loss: 0.4949
2026-03-30 18:18:06,506 | INFO | Epoch 16/20 - Loss: 0.4918
2026-03-30 18:18:06,550 | INFO | Epoch 17/20 - Loss: 0.4945
2026-03-30 18:18:06,593 | INFO | Epoch 18/20 - Loss: 0.4917
2026-03-30 18:18:06,637 | INFO | Epoch 19/20 - Loss: 0.4924
2026-03-30 18:18:06,681 | INFO | Epoch 20/20 - Loss: 0.4907
2026-03-30 18:18:06,681 | INFO | r-net saved to: ./r_nets/adult/iter_1/beta_01/r_net_accurate_not_trusting.pth
2026-03-30 18:18:06,694 | INFO | --- Training r-net for Beta: 0.3
2026-03-30 18:18:06,694 | INFO | Training r-net | User: accurate_not_trusting | Beta: 0.3 | Iter: 1
2026-03-30 18:18:07,447 | DEBUG | Input Tensor Shape: torch.Size([3577, 12])
2026-03-30 18:18:07,503 | INFO | Epoch 1/20 - Loss: 0.7784
2026-03-30 18:18:07,547 | INFO | Epoch 2/20 - Loss: 0.7693
2026-03-30 18:18:07,591 | INFO | Epoch 3/20 - Loss: 0.7614
2026-03-30 18:18:07,635 | INFO | Epoch 4/20 - Loss: 0.7547
2026-03-30 18:18:07,679 | INFO | Epoch 5/20 - Loss: 0.7526
2026-03-30 18:18:07,723 | INFO | Epoch 6/20 - Loss: 0.7523
2026-03-30 18:18:07,767 | INFO | Epoch 7/20 - Loss: 0.7503
2026-03-30 18:18:07,811 | INFO | Epoch 8/20 - Loss: 0.7516
2026-03-30 18:18:07,860 | INFO | Epoch 9/20 - Loss: 0.7502
2026-03-30 18:18:07,904 | INFO | Epoch 10/20 - Loss: 0.7493
2026-03-30 18:18:07,948 | INFO | Epoch 11/20 - Loss: 0.7490
2026-03-30 18:18:07,992 | INFO | Epoch 12/20 - Loss: 0.7491
2026-03-30 18:18:08,036 | INFO | Epoch 13/20 - Loss: 0.7480
2026-03-30 18:18:08,080 | INFO | Epoch 14/20 - Loss: 0.7484
2026-03-30 18:18:08,124 | INFO | Epoch 15/20 - Loss: 0.7479
2026-03-30 18:18:08,168 | INFO | Epoch 16/20 - Loss: 0.7478
2026-03-30 18:18:08,212 | INFO | Epoch 17/20 - Loss: 0.7487
2026-03-30 18:18:08,256 | INFO | Epoch 18/20 - Loss: 0.7474
2026-03-30 18:18:08,300 | INFO | Epoch 19/20 - Loss: 0.7482
2026-03-30 18:18:08,344 | INFO | Epoch 20/20 - Loss: 0.7475
2026-03-30 18:18:08,345 | INFO | r-net saved to: ./r_nets/adult/iter_1/beta_03/r_net_accurate_not_trusting.pth
2026-03-30 18:18:08,361 | INFO | --- Training r-net for Beta: 0.5
2026-03-30 18:18:08,362 | INFO | Training r-net | User: accurate_not_trusting | Beta: 0.5 | Iter: 1
2026-03-30 18:18:09,120 | DEBUG | Input Tensor Shape: torch.Size([3577, 12])
2026-03-30 18:18:09,166 | INFO | Epoch 1/20 - Loss: 0.9442
2026-03-30 18:18:09,210 | INFO | Epoch 2/20 - Loss: 0.9430
2026-03-30 18:18:09,255 | INFO | Epoch 3/20 - Loss: 0.9416
2026-03-30 18:18:09,298 | INFO | Epoch 4/20 - Loss: 0.9398
2026-03-30 18:18:09,343 | INFO | Epoch 5/20 - Loss: 0.9390
2026-03-30 18:18:09,386 | INFO | Epoch 6/20 - Loss: 0.9394
2026-03-30 18:18:09,430 | INFO | Epoch 7/20 - Loss: 0.9383
2026-03-30 18:18:09,474 | INFO | Epoch 8/20 - Loss: 0.9381
2026-03-30 18:18:09,518 | INFO | Epoch 9/20 - Loss: 0.9375
2026-03-30 18:18:09,562 | INFO | Epoch 10/20 - Loss: 0.9376
2026-03-30 18:18:09,606 | INFO | Epoch 11/20 - Loss: 0.9378
2026-03-30 18:18:09,650 | INFO | Epoch 12/20 - Loss: 0.9375
2026-03-30 18:18:09,694 | INFO | Epoch 13/20 - Loss: 0.9373
2026-03-30 18:18:09,737 | INFO | Epoch 14/20 - Loss: 0.9377
2026-03-30 18:18:09,781 | INFO | Epoch 15/20 - Loss: 0.9376
2026-03-30 18:18:09,826 | INFO | Epoch 16/20 - Loss: 0.9373
2026-03-30 18:18:09,869 | INFO | Epoch 17/20 - Loss: 0.9375
2026-03-30 18:18:09,913 | INFO | Epoch 18/20 - Loss: 0.9368
2026-03-30 18:18:09,957 | INFO | Epoch 19/20 - Loss: 0.9369
2026-03-30 18:18:10,002 | INFO | Epoch 20/20 - Loss: 0.9372
2026-03-30 18:18:10,002 | INFO | r-net saved to: ./r_nets/adult/iter_1/beta_05/r_net_accurate_not_trusting.pth
2026-03-30 18:18:10,014 | INFO | --- Training r-net for Beta: 0.7
2026-03-30 18:18:10,014 | INFO | Training r-net | User: accurate_not_trusting | Beta: 0.7 | Iter: 1
2026-03-30 18:18:10,770 | DEBUG | Input Tensor Shape: torch.Size([3577, 12])
2026-03-30 18:18:10,816 | INFO | Epoch 1/20 - Loss: 1.1018
2026-03-30 18:18:10,860 | INFO | Epoch 2/20 - Loss: 1.0968
2026-03-30 18:18:10,904 | INFO | Epoch 3/20 - Loss: 1.0938
2026-03-30 18:18:10,948 | INFO | Epoch 4/20 - Loss: 1.0913
2026-03-30 18:18:10,992 | INFO | Epoch 5/20 - Loss: 1.0914
2026-03-30 18:18:11,036 | INFO | Epoch 6/20 - Loss: 1.0917
2026-03-30 18:18:11,080 | INFO | Epoch 7/20 - Loss: 1.0909
2026-03-30 18:18:11,124 | INFO | Epoch 8/20 - Loss: 1.0905
2026-03-30 18:18:11,168 | INFO | Epoch 9/20 - Loss: 1.0898
2026-03-30 18:18:11,212 | INFO | Epoch 10/20 - Loss: 1.0899
2026-03-30 18:18:11,257 | INFO | Epoch 11/20 - Loss: 1.0901
2026-03-30 18:18:11,301 | INFO | Epoch 12/20 - Loss: 1.0897
2026-03-30 18:18:11,345 | INFO | Epoch 13/20 - Loss: 1.0895
2026-03-30 18:18:11,389 | INFO | Epoch 14/20 - Loss: 1.0895
2026-03-30 18:18:11,434 | INFO | Epoch 15/20 - Loss: 1.0893
2026-03-30 18:18:11,478 | INFO | Epoch 16/20 - Loss: 1.0884
2026-03-30 18:18:11,523 | INFO | Epoch 17/20 - Loss: 1.0888
2026-03-30 18:18:11,567 | INFO | Epoch 18/20 - Loss: 1.0886
2026-03-30 18:18:11,611 | INFO | Epoch 19/20 - Loss: 1.0881
2026-03-30 18:18:11,655 | INFO | Epoch 20/20 - Loss: 1.0891
2026-03-30 18:18:11,656 | INFO | r-net saved to: ./r_nets/adult/iter_1/beta_07/r_net_accurate_not_trusting.pth
2026-03-30 18:18:11,668 | INFO | --- Training r-net for Beta: 0.9
2026-03-30 18:18:11,668 | INFO | Training r-net | User: accurate_not_trusting | Beta: 0.9 | Iter: 1
2026-03-30 18:18:12,414 | DEBUG | Input Tensor Shape: torch.Size([3577, 12])
2026-03-30 18:18:12,460 | INFO | Epoch 1/20 - Loss: 1.2550
2026-03-30 18:18:12,504 | INFO | Epoch 2/20 - Loss: 1.2344
2026-03-30 18:18:12,548 | INFO | Epoch 3/20 - Loss: 1.2250
2026-03-30 18:18:12,592 | INFO | Epoch 4/20 - Loss: 1.2213
2026-03-30 18:18:12,635 | INFO | Epoch 5/20 - Loss: 1.2213
2026-03-30 18:18:12,679 | INFO | Epoch 6/20 - Loss: 1.2209
2026-03-30 18:18:12,723 | INFO | Epoch 7/20 - Loss: 1.2197
2026-03-30 18:18:12,767 | INFO | Epoch 8/20 - Loss: 1.2190
2026-03-30 18:18:12,811 | INFO | Epoch 9/20 - Loss: 1.2184
2026-03-30 18:18:12,854 | INFO | Epoch 10/20 - Loss: 1.2182
2026-03-30 18:18:12,898 | INFO | Epoch 11/20 - Loss: 1.2185
2026-03-30 18:18:12,943 | INFO | Epoch 12/20 - Loss: 1.2175
2026-03-30 18:18:12,987 | INFO | Epoch 13/20 - Loss: 1.2176
2026-03-30 18:18:13,031 | INFO | Epoch 14/20 - Loss: 1.2173
2026-03-30 18:18:13,075 | INFO | Epoch 15/20 - Loss: 1.2171
2026-03-30 18:18:13,120 | INFO | Epoch 16/20 - Loss: 1.2160
2026-03-30 18:18:13,164 | INFO | Epoch 17/20 - Loss: 1.2163
2026-03-30 18:18:13,208 | INFO | Epoch 18/20 - Loss: 1.2168
2026-03-30 18:18:13,252 | INFO | Epoch 19/20 - Loss: 1.2156
2026-03-30 18:18:13,297 | INFO | Epoch 20/20 - Loss: 1.2173
2026-03-30 18:18:13,297 | INFO | r-net saved to: ./r_nets/adult/iter_1/beta_09/r_net_accurate_not_trusting.pth
2026-03-30 18:18:13,309 | INFO | --- R-NET TRAINING FINISHED | User: accurate_not_trusting | DS: adult
2026-03-30 18:18:13,317 | INFO | STARTING R-NETS TRAINING | User: accurate_not_trusting | DS: adult
2026-03-30 18:18:13,318 | INFO | --- Calibrating for iteration 2 ---
2026-03-30 18:18:13,318 | INFO | --- Training r-net for Beta: 0.1
2026-03-30 18:18:13,318 | INFO | Training r-net | User: accurate_not_trusting | Beta: 0.1 | Iter: 2
2026-03-30 18:18:14,080 | DEBUG | Input Tensor Shape: torch.Size([3574, 12])
2026-03-30 18:18:14,126 | INFO | Epoch 1/20 - Loss: 0.6122
2026-03-30 18:18:14,170 | INFO | Epoch 2/20 - Loss: 0.5926
2026-03-30 18:18:14,214 | INFO | Epoch 3/20 - Loss: 0.5668
2026-03-30 18:18:14,258 | INFO | Epoch 4/20 - Loss: 0.5285
2026-03-30 18:18:14,302 | INFO | Epoch 5/20 - Loss: 0.5028
2026-03-30 18:18:14,346 | INFO | Epoch 6/20 - Loss: 0.4962
2026-03-30 18:18:14,390 | INFO | Epoch 7/20 - Loss: 0.4952
2026-03-30 18:18:14,434 | INFO | Epoch 8/20 - Loss: 0.4947
2026-03-30 18:18:14,479 | INFO | Epoch 9/20 - Loss: 0.4969
2026-03-30 18:18:14,524 | INFO | Epoch 10/20 - Loss: 0.4935
2026-03-30 18:18:14,568 | INFO | Epoch 11/20 - Loss: 0.4982
2026-03-30 18:18:14,613 | INFO | Epoch 12/20 - Loss: 0.4957
2026-03-30 18:18:14,657 | INFO | Epoch 13/20 - Loss: 0.4941
2026-03-30 18:18:14,701 | INFO | Epoch 14/20 - Loss: 0.4959
2026-03-30 18:18:14,746 | INFO | Epoch 15/20 - Loss: 0.4947
2026-03-30 18:18:14,790 | INFO | Epoch 16/20 - Loss: 0.4916
2026-03-30 18:18:14,835 | INFO | Epoch 17/20 - Loss: 0.4942
2026-03-30 18:18:14,879 | INFO | Epoch 18/20 - Loss: 0.4934
2026-03-30 18:18:14,924 | INFO | Epoch 19/20 - Loss: 0.4921
2026-03-30 18:18:14,968 | INFO | Epoch 20/20 - Loss: 0.4912
2026-03-30 18:18:14,969 | INFO | r-net saved to: ./r_nets/adult/iter_2/beta_01/r_net_accurate_not_trusting.pth
2026-03-30 18:18:14,981 | INFO | --- Training r-net for Beta: 0.3
2026-03-30 18:18:14,981 | INFO | Training r-net | User: accurate_not_trusting | Beta: 0.3 | Iter: 2
2026-03-30 18:18:15,739 | DEBUG | Input Tensor Shape: torch.Size([3574, 12])
2026-03-30 18:18:15,786 | INFO | Epoch 1/20 - Loss: 0.7787
2026-03-30 18:18:15,830 | INFO | Epoch 2/20 - Loss: 0.7697
2026-03-30 18:18:15,874 | INFO | Epoch 3/20 - Loss: 0.7610
2026-03-30 18:18:15,917 | INFO | Epoch 4/20 - Loss: 0.7541
2026-03-30 18:18:15,961 | INFO | Epoch 5/20 - Loss: 0.7533
2026-03-30 18:18:16,005 | INFO | Epoch 6/20 - Loss: 0.7520
2026-03-30 18:18:16,049 | INFO | Epoch 7/20 - Loss: 0.7512
2026-03-30 18:18:16,093 | INFO | Epoch 8/20 - Loss: 0.7508
2026-03-30 18:18:16,136 | INFO | Epoch 9/20 - Loss: 0.7511
2026-03-30 18:18:16,180 | INFO | Epoch 10/20 - Loss: 0.7502
2026-03-30 18:18:16,224 | INFO | Epoch 11/20 - Loss: 0.7513
2026-03-30 18:18:16,268 | INFO | Epoch 12/20 - Loss: 0.7502
2026-03-30 18:18:16,312 | INFO | Epoch 13/20 - Loss: 0.7499
2026-03-30 18:18:16,356 | INFO | Epoch 14/20 - Loss: 0.7501
2026-03-30 18:18:16,399 | INFO | Epoch 15/20 - Loss: 0.7496
2026-03-30 18:18:16,443 | INFO | Epoch 16/20 - Loss: 0.7487
2026-03-30 18:18:16,487 | INFO | Epoch 17/20 - Loss: 0.7492
2026-03-30 18:18:16,531 | INFO | Epoch 18/20 - Loss: 0.7489
2026-03-30 18:18:16,574 | INFO | Epoch 19/20 - Loss: 0.7483
2026-03-30 18:18:16,618 | INFO | Epoch 20/20 - Loss: 0.7479
2026-03-30 18:18:16,619 | INFO | r-net saved to: ./r_nets/adult/iter_2/beta_03/r_net_accurate_not_trusting.pth
2026-03-30 18:18:16,631 | INFO | --- Training r-net for Beta: 0.5
2026-03-30 18:18:16,631 | INFO | Training r-net | User: accurate_not_trusting | Beta: 0.5 | Iter: 2
2026-03-30 18:18:17,384 | DEBUG | Input Tensor Shape: torch.Size([3574, 12])
2026-03-30 18:18:17,430 | INFO | Epoch 1/20 - Loss: 0.9451
2026-03-30 18:18:17,474 | INFO | Epoch 2/20 - Loss: 0.9438
2026-03-30 18:18:17,518 | INFO | Epoch 3/20 - Loss: 0.9427
2026-03-30 18:18:17,561 | INFO | Epoch 4/20 - Loss: 0.9418
2026-03-30 18:18:17,605 | INFO | Epoch 5/20 - Loss: 0.9408
2026-03-30 18:18:17,649 | INFO | Epoch 6/20 - Loss: 0.9414
2026-03-30 18:18:17,692 | INFO | Epoch 7/20 - Loss: 0.9407
2026-03-30 18:18:17,736 | INFO | Epoch 8/20 - Loss: 0.9402
2026-03-30 18:18:17,780 | INFO | Epoch 9/20 - Loss: 0.9403
2026-03-30 18:18:17,824 | INFO | Epoch 10/20 - Loss: 0.9399
2026-03-30 18:18:17,868 | INFO | Epoch 11/20 - Loss: 0.9402
2026-03-30 18:18:17,911 | INFO | Epoch 12/20 - Loss: 0.9394
2026-03-30 18:18:17,955 | INFO | Epoch 13/20 - Loss: 0.9398
2026-03-30 18:18:17,999 | INFO | Epoch 14/20 - Loss: 0.9403
2026-03-30 18:18:18,043 | INFO | Epoch 15/20 - Loss: 0.9398
2026-03-30 18:18:18,087 | INFO | Epoch 16/20 - Loss: 0.9397
2026-03-30 18:18:18,131 | INFO | Epoch 17/20 - Loss: 0.9399
2026-03-30 18:18:18,175 | INFO | Epoch 18/20 - Loss: 0.9397
2026-03-30 18:18:18,219 | INFO | Epoch 19/20 - Loss: 0.9394
2026-03-30 18:18:18,264 | INFO | Epoch 20/20 - Loss: 0.9392
2026-03-30 18:18:18,264 | INFO | r-net saved to: ./r_nets/adult/iter_2/beta_05/r_net_accurate_not_trusting.pth
2026-03-30 18:18:18,276 | INFO | --- Training r-net for Beta: 0.7
2026-03-30 18:18:18,276 | INFO | Training r-net | User: accurate_not_trusting | Beta: 0.7 | Iter: 2
2026-03-30 18:18:19,029 | DEBUG | Input Tensor Shape: torch.Size([3574, 12])
2026-03-30 18:18:19,074 | INFO | Epoch 1/20 - Loss: 1.1031
2026-03-30 18:18:19,118 | INFO | Epoch 2/20 - Loss: 1.0981
2026-03-30 18:18:19,162 | INFO | Epoch 3/20 - Loss: 1.0957
2026-03-30 18:18:19,206 | INFO | Epoch 4/20 - Loss: 1.0956
2026-03-30 18:18:19,250 | INFO | Epoch 5/20 - Loss: 1.0939
2026-03-30 18:18:19,293 | INFO | Epoch 6/20 - Loss: 1.0948
2026-03-30 18:18:19,337 | INFO | Epoch 7/20 - Loss: 1.0939
2026-03-30 18:18:19,381 | INFO | Epoch 8/20 - Loss: 1.0931
2026-03-30 18:18:19,425 | INFO | Epoch 9/20 - Loss: 1.0936
2026-03-30 18:18:19,469 | INFO | Epoch 10/20 - Loss: 1.0928
2026-03-30 18:18:19,513 | INFO | Epoch 11/20 - Loss: 1.0933
2026-03-30 18:18:19,557 | INFO | Epoch 12/20 - Loss: 1.0925
2026-03-30 18:18:19,602 | INFO | Epoch 13/20 - Loss: 1.0930
2026-03-30 18:18:19,646 | INFO | Epoch 14/20 - Loss: 1.0931
2026-03-30 18:18:19,690 | INFO | Epoch 15/20 - Loss: 1.0932
2026-03-30 18:18:19,735 | INFO | Epoch 16/20 - Loss: 1.0926
2026-03-30 18:18:19,779 | INFO | Epoch 17/20 - Loss: 1.0926
2026-03-30 18:18:19,823 | INFO | Epoch 18/20 - Loss: 1.0925
2026-03-30 18:18:19,868 | INFO | Epoch 19/20 - Loss: 1.0926
2026-03-30 18:18:19,912 | INFO | Epoch 20/20 - Loss: 1.0920
2026-03-30 18:18:19,912 | INFO | r-net saved to: ./r_nets/adult/iter_2/beta_07/r_net_accurate_not_trusting.pth
2026-03-30 18:18:19,924 | INFO | --- Training r-net for Beta: 0.9
2026-03-30 18:18:19,925 | INFO | Training r-net | User: accurate_not_trusting | Beta: 0.9 | Iter: 2
2026-03-30 18:18:20,680 | DEBUG | Input Tensor Shape: torch.Size([3574, 12])
2026-03-30 18:18:20,733 | INFO | Epoch 1/20 - Loss: 1.2564
2026-03-30 18:18:20,778 | INFO | Epoch 2/20 - Loss: 1.2359
2026-03-30 18:18:20,822 | INFO | Epoch 3/20 - Loss: 1.2273
2026-03-30 18:18:20,866 | INFO | Epoch 4/20 - Loss: 1.2272
2026-03-30 18:18:20,909 | INFO | Epoch 5/20 - Loss: 1.2241
2026-03-30 18:18:20,953 | INFO | Epoch 6/20 - Loss: 1.2249
2026-03-30 18:18:20,997 | INFO | Epoch 7/20 - Loss: 1.2236
2026-03-30 18:18:21,041 | INFO | Epoch 8/20 - Loss: 1.2227
2026-03-30 18:18:21,085 | INFO | Epoch 9/20 - Loss: 1.2229
2026-03-30 18:18:21,128 | INFO | Epoch 10/20 - Loss: 1.2217
2026-03-30 18:18:21,172 | INFO | Epoch 11/20 - Loss: 1.2225
2026-03-30 18:18:21,216 | INFO | Epoch 12/20 - Loss: 1.2214
2026-03-30 18:18:21,260 | INFO | Epoch 13/20 - Loss: 1.2219
2026-03-30 18:18:21,303 | INFO | Epoch 14/20 - Loss: 1.2218
2026-03-30 18:18:21,347 | INFO | Epoch 15/20 - Loss: 1.2224
2026-03-30 18:18:21,391 | INFO | Epoch 16/20 - Loss: 1.2211
2026-03-30 18:18:21,434 | INFO | Epoch 17/20 - Loss: 1.2210
2026-03-30 18:18:21,478 | INFO | Epoch 18/20 - Loss: 1.2207
2026-03-30 18:18:21,522 | INFO | Epoch 19/20 - Loss: 1.2214
2026-03-30 18:18:21,565 | INFO | Epoch 20/20 - Loss: 1.2204
2026-03-30 18:18:21,566 | INFO | r-net saved to: ./r_nets/adult/iter_2/beta_09/r_net_accurate_not_trusting.pth
2026-03-30 18:18:21,579 | INFO | --- R-NET TRAINING FINISHED | User: accurate_not_trusting | DS: adult
2026-03-30 18:18:21,584 | INFO | STARTING R-NETS TRAINING | User: accurate_not_trusting | DS: adult
2026-03-30 18:18:21,585 | INFO | --- Calibrating for iteration 3 ---
2026-03-30 18:18:21,586 | INFO | --- Training r-net for Beta: 0.1
2026-03-30 18:18:21,586 | INFO | Training r-net | User: accurate_not_trusting | Beta: 0.1 | Iter: 3
2026-03-30 18:18:22,344 | DEBUG | Input Tensor Shape: torch.Size([3573, 12])
2026-03-30 18:18:22,390 | INFO | Epoch 1/20 - Loss: 0.6177
2026-03-30 18:18:22,434 | INFO | Epoch 2/20 - Loss: 0.5972
2026-03-30 18:18:22,478 | INFO | Epoch 3/20 - Loss: 0.5705
2026-03-30 18:18:22,521 | INFO | Epoch 4/20 - Loss: 0.5295
2026-03-30 18:18:22,565 | INFO | Epoch 5/20 - Loss: 0.5020
2026-03-30 18:18:22,608 | INFO | Epoch 6/20 - Loss: 0.4970
2026-03-30 18:18:22,652 | INFO | Epoch 7/20 - Loss: 0.4957
2026-03-30 18:18:22,696 | INFO | Epoch 8/20 - Loss: 0.4918
2026-03-30 18:18:22,739 | INFO | Epoch 9/20 - Loss: 0.4962
2026-03-30 18:18:22,783 | INFO | Epoch 10/20 - Loss: 0.4939
2026-03-30 18:18:22,826 | INFO | Epoch 11/20 - Loss: 0.4927
2026-03-30 18:18:22,870 | INFO | Epoch 12/20 - Loss: 0.4967
2026-03-30 18:18:22,913 | INFO | Epoch 13/20 - Loss: 0.4943
2026-03-30 18:18:22,957 | INFO | Epoch 14/20 - Loss: 0.4945
2026-03-30 18:18:23,000 | INFO | Epoch 15/20 - Loss: 0.4930
2026-03-30 18:18:23,044 | INFO | Epoch 16/20 - Loss: 0.4916
2026-03-30 18:18:23,088 | INFO | Epoch 17/20 - Loss: 0.4893
2026-03-30 18:18:23,131 | INFO | Epoch 18/20 - Loss: 0.4918
2026-03-30 18:18:23,175 | INFO | Epoch 19/20 - Loss: 0.4898
2026-03-30 18:18:23,219 | INFO | Epoch 20/20 - Loss: 0.4896
2026-03-30 18:18:23,220 | INFO | r-net saved to: ./r_nets/adult/iter_3/beta_01/r_net_accurate_not_trusting.pth
2026-03-30 18:18:23,232 | INFO | --- Training r-net for Beta: 0.3
2026-03-30 18:18:23,232 | INFO | Training r-net | User: accurate_not_trusting | Beta: 0.3 | Iter: 3
2026-03-30 18:18:23,992 | DEBUG | Input Tensor Shape: torch.Size([3573, 12])
2026-03-30 18:18:24,038 | INFO | Epoch 1/20 - Loss: 0.7842
2026-03-30 18:18:24,082 | INFO | Epoch 2/20 - Loss: 0.7742
2026-03-30 18:18:24,126 | INFO | Epoch 3/20 - Loss: 0.7650
2026-03-30 18:18:24,170 | INFO | Epoch 4/20 - Loss: 0.7567
2026-03-30 18:18:24,214 | INFO | Epoch 5/20 - Loss: 0.7559
2026-03-30 18:18:24,258 | INFO | Epoch 6/20 - Loss: 0.7552
2026-03-30 18:18:24,302 | INFO | Epoch 7/20 - Loss: 0.7549
2026-03-30 18:18:24,347 | INFO | Epoch 8/20 - Loss: 0.7531
2026-03-30 18:18:24,391 | INFO | Epoch 9/20 - Loss: 0.7544
2026-03-30 18:18:24,435 | INFO | Epoch 10/20 - Loss: 0.7536
2026-03-30 18:18:24,479 | INFO | Epoch 11/20 - Loss: 0.7532
2026-03-30 18:18:24,523 | INFO | Epoch 12/20 - Loss: 0.7546
2026-03-30 18:18:24,567 | INFO | Epoch 13/20 - Loss: 0.7532
2026-03-30 18:18:24,611 | INFO | Epoch 14/20 - Loss: 0.7536
2026-03-30 18:18:24,656 | INFO | Epoch 15/20 - Loss: 0.7529
2026-03-30 18:18:24,700 | INFO | Epoch 16/20 - Loss: 0.7526
2026-03-30 18:18:24,744 | INFO | Epoch 17/20 - Loss: 0.7522
2026-03-30 18:18:24,788 | INFO | Epoch 18/20 - Loss: 0.7530
2026-03-30 18:18:24,832 | INFO | Epoch 19/20 - Loss: 0.7525
2026-03-30 18:18:24,876 | INFO | Epoch 20/20 - Loss: 0.7525
2026-03-30 18:18:24,877 | INFO | r-net saved to: ./r_nets/adult/iter_3/beta_03/r_net_accurate_not_trusting.pth
2026-03-30 18:18:24,888 | INFO | --- Training r-net for Beta: 0.5
2026-03-30 18:18:24,889 | INFO | Training r-net | User: accurate_not_trusting | Beta: 0.5 | Iter: 3
2026-03-30 18:18:25,641 | DEBUG | Input Tensor Shape: torch.Size([3573, 12])
2026-03-30 18:18:25,687 | INFO | Epoch 1/20 - Loss: 0.9506
2026-03-30 18:18:25,731 | INFO | Epoch 2/20 - Loss: 0.9492
2026-03-30 18:18:25,774 | INFO | Epoch 3/20 - Loss: 0.9486
2026-03-30 18:18:25,818 | INFO | Epoch 4/20 - Loss: 0.9476
2026-03-30 18:18:25,862 | INFO | Epoch 5/20 - Loss: 0.9475
2026-03-30 18:18:25,906 | INFO | Epoch 6/20 - Loss: 0.9473
2026-03-30 18:18:25,949 | INFO | Epoch 7/20 - Loss: 0.9468
2026-03-30 18:18:25,993 | INFO | Epoch 8/20 - Loss: 0.9463
2026-03-30 18:18:26,037 | INFO | Epoch 9/20 - Loss: 0.9463
2026-03-30 18:18:26,081 | INFO | Epoch 10/20 - Loss: 0.9466
2026-03-30 18:18:26,124 | INFO | Epoch 11/20 - Loss: 0.9460
2026-03-30 18:18:26,168 | INFO | Epoch 12/20 - Loss: 0.9463
2026-03-30 18:18:26,211 | INFO | Epoch 13/20 - Loss: 0.9461
2026-03-30 18:18:26,255 | INFO | Epoch 14/20 - Loss: 0.9465
2026-03-30 18:18:26,298 | INFO | Epoch 15/20 - Loss: 0.9461
2026-03-30 18:18:26,342 | INFO | Epoch 16/20 - Loss: 0.9457
2026-03-30 18:18:26,386 | INFO | Epoch 17/20 - Loss: 0.9460
2026-03-30 18:18:26,430 | INFO | Epoch 18/20 - Loss: 0.9457
2026-03-30 18:18:26,473 | INFO | Epoch 19/20 - Loss: 0.9456
2026-03-30 18:18:26,517 | INFO | Epoch 20/20 - Loss: 0.9457
2026-03-30 18:18:26,517 | INFO | r-net saved to: ./r_nets/adult/iter_3/beta_05/r_net_accurate_not_trusting.pth
2026-03-30 18:18:26,530 | INFO | --- Training r-net for Beta: 0.7
2026-03-30 18:18:26,530 | INFO | Training r-net | User: accurate_not_trusting | Beta: 0.7 | Iter: 3
2026-03-30 18:18:27,285 | DEBUG | Input Tensor Shape: torch.Size([3573, 12])
2026-03-30 18:18:27,331 | INFO | Epoch 1/20 - Loss: 1.1094
2026-03-30 18:18:27,375 | INFO | Epoch 2/20 - Loss: 1.1052
2026-03-30 18:18:27,419 | INFO | Epoch 3/20 - Loss: 1.1036
2026-03-30 18:18:27,463 | INFO | Epoch 4/20 - Loss: 1.1023
2026-03-30 18:18:27,507 | INFO | Epoch 5/20 - Loss: 1.1026
2026-03-30 18:18:27,551 | INFO | Epoch 6/20 - Loss: 1.1024
2026-03-30 18:18:27,595 | INFO | Epoch 7/20 - Loss: 1.1019
2026-03-30 18:18:27,638 | INFO | Epoch 8/20 - Loss: 1.1016
2026-03-30 18:18:27,682 | INFO | Epoch 9/20 - Loss: 1.1021
2026-03-30 18:18:27,725 | INFO | Epoch 10/20 - Loss: 1.1022
2026-03-30 18:18:27,769 | INFO | Epoch 11/20 - Loss: 1.1009
2026-03-30 18:18:27,813 | INFO | Epoch 12/20 - Loss: 1.1012
2026-03-30 18:18:27,856 | INFO | Epoch 13/20 - Loss: 1.1013
2026-03-30 18:18:27,901 | INFO | Epoch 14/20 - Loss: 1.1020
2026-03-30 18:18:27,944 | INFO | Epoch 15/20 - Loss: 1.1015
2026-03-30 18:18:27,989 | INFO | Epoch 16/20 - Loss: 1.1011
2026-03-30 18:18:28,033 | INFO | Epoch 17/20 - Loss: 1.1013
2026-03-30 18:18:28,077 | INFO | Epoch 18/20 - Loss: 1.1009
2026-03-30 18:18:28,121 | INFO | Epoch 19/20 - Loss: 1.1010
2026-03-30 18:18:28,164 | INFO | Epoch 20/20 - Loss: 1.1006
2026-03-30 18:18:28,165 | INFO | r-net saved to: ./r_nets/adult/iter_3/beta_07/r_net_accurate_not_trusting.pth
2026-03-30 18:18:28,177 | INFO | --- Training r-net for Beta: 0.9
2026-03-30 18:18:28,177 | INFO | Training r-net | User: accurate_not_trusting | Beta: 0.9 | Iter: 3
2026-03-30 18:18:28,931 | DEBUG | Input Tensor Shape: torch.Size([3573, 12])
2026-03-30 18:18:28,976 | INFO | Epoch 1/20 - Loss: 1.2629
2026-03-30 18:18:29,021 | INFO | Epoch 2/20 - Loss: 1.2442
2026-03-30 18:18:29,064 | INFO | Epoch 3/20 - Loss: 1.2371
2026-03-30 18:18:29,108 | INFO | Epoch 4/20 - Loss: 1.2350
2026-03-30 18:18:29,151 | INFO | Epoch 5/20 - Loss: 1.2352
2026-03-30 18:18:29,195 | INFO | Epoch 6/20 - Loss: 1.2341
2026-03-30 18:18:29,238 | INFO | Epoch 7/20 - Loss: 1.2334
2026-03-30 18:18:29,282 | INFO | Epoch 8/20 - Loss: 1.2327
2026-03-30 18:18:29,326 | INFO | Epoch 9/20 - Loss: 1.2338
2026-03-30 18:18:29,369 | INFO | Epoch 10/20 - Loss: 1.2335
2026-03-30 18:18:29,413 | INFO | Epoch 11/20 - Loss: 1.2312
2026-03-30 18:18:29,457 | INFO | Epoch 12/20 - Loss: 1.2320
2026-03-30 18:18:29,500 | INFO | Epoch 13/20 - Loss: 1.2322
2026-03-30 18:18:29,544 | INFO | Epoch 14/20 - Loss: 1.2323
2026-03-30 18:18:29,588 | INFO | Epoch 15/20 - Loss: 1.2321
2026-03-30 18:18:29,631 | INFO | Epoch 16/20 - Loss: 1.2316
2026-03-30 18:18:29,675 | INFO | Epoch 17/20 - Loss: 1.2320
2026-03-30 18:18:29,719 | INFO | Epoch 18/20 - Loss: 1.2309
2026-03-30 18:18:29,762 | INFO | Epoch 19/20 - Loss: 1.2312
2026-03-30 18:18:29,806 | INFO | Epoch 20/20 - Loss: 1.2303
2026-03-30 18:18:29,807 | INFO | r-net saved to: ./r_nets/adult/iter_3/beta_09/r_net_accurate_not_trusting.pth
2026-03-30 18:18:29,819 | INFO | --- R-NET TRAINING FINISHED | User: accurate_not_trusting | DS: adult
