2026-03-31 02:13:23,910 | INFO | STARTING R-NETS TRAINING | User: inaccurate_not_trusting | DS: adult
2026-03-31 02:13:23,912 | INFO | --- Calibrating for iteration 1 ---
2026-03-31 02:13:23,912 | INFO | --- Training r-net for Beta: 0.1
2026-03-31 02:13:23,912 | INFO | Training r-net | User: inaccurate_not_trusting | Beta: 0.1 | Iter: 1
2026-03-31 02:13:24,685 | DEBUG | Input Tensor Shape: torch.Size([3577, 12])
2026-03-31 02:13:24,733 | INFO | Epoch 1/20 - Loss: 0.6169
2026-03-31 02:13:24,777 | INFO | Epoch 2/20 - Loss: 0.5960
2026-03-31 02:13:24,821 | INFO | Epoch 3/20 - Loss: 0.5677
2026-03-31 02:13:24,865 | INFO | Epoch 4/20 - Loss: 0.5274
2026-03-31 02:13:24,908 | INFO | Epoch 5/20 - Loss: 0.4991
2026-03-31 02:13:24,952 | INFO | Epoch 6/20 - Loss: 0.4931
2026-03-31 02:13:24,996 | INFO | Epoch 7/20 - Loss: 0.4915
2026-03-31 02:13:25,040 | INFO | Epoch 8/20 - Loss: 0.4905
2026-03-31 02:13:25,084 | INFO | Epoch 9/20 - Loss: 0.4914
2026-03-31 02:13:25,128 | INFO | Epoch 10/20 - Loss: 0.4902
2026-03-31 02:13:25,172 | INFO | Epoch 11/20 - Loss: 0.4895
2026-03-31 02:13:25,215 | INFO | Epoch 12/20 - Loss: 0.4934
2026-03-31 02:13:25,259 | INFO | Epoch 13/20 - Loss: 0.4914
2026-03-31 02:13:25,303 | INFO | Epoch 14/20 - Loss: 0.4893
2026-03-31 02:13:25,347 | INFO | Epoch 15/20 - Loss: 0.4888
2026-03-31 02:13:25,391 | INFO | Epoch 16/20 - Loss: 0.4881
2026-03-31 02:13:25,435 | INFO | Epoch 17/20 - Loss: 0.4910
2026-03-31 02:13:25,479 | INFO | Epoch 18/20 - Loss: 0.4864
2026-03-31 02:13:25,522 | INFO | Epoch 19/20 - Loss: 0.4869
2026-03-31 02:13:25,566 | INFO | Epoch 20/20 - Loss: 0.4846
2026-03-31 02:13:25,567 | INFO | r-net saved to: ./r_nets/adult/iter_1/beta_01/r_net_inaccurate_not_trusting.pth
2026-03-31 02:13:25,580 | INFO | --- Training r-net for Beta: 0.3
2026-03-31 02:13:25,580 | INFO | Training r-net | User: inaccurate_not_trusting | Beta: 0.3 | Iter: 1
2026-03-31 02:13:26,352 | DEBUG | Input Tensor Shape: torch.Size([3577, 12])
2026-03-31 02:13:26,673 | INFO | Epoch 1/20 - Loss: 0.7833
2026-03-31 02:13:26,717 | INFO | Epoch 2/20 - Loss: 0.7732
2026-03-31 02:13:26,761 | INFO | Epoch 3/20 - Loss: 0.7631
2026-03-31 02:13:26,805 | INFO | Epoch 4/20 - Loss: 0.7556
2026-03-31 02:13:26,849 | INFO | Epoch 5/20 - Loss: 0.7543
2026-03-31 02:13:26,892 | INFO | Epoch 6/20 - Loss: 0.7534
2026-03-31 02:13:26,936 | INFO | Epoch 7/20 - Loss: 0.7525
2026-03-31 02:13:26,980 | INFO | Epoch 8/20 - Loss: 0.7519
2026-03-31 02:13:27,023 | INFO | Epoch 9/20 - Loss: 0.7521
2026-03-31 02:13:27,067 | INFO | Epoch 10/20 - Loss: 0.7516
2026-03-31 02:13:27,111 | INFO | Epoch 11/20 - Loss: 0.7513
2026-03-31 02:13:27,154 | INFO | Epoch 12/20 - Loss: 0.7522
2026-03-31 02:13:27,198 | INFO | Epoch 13/20 - Loss: 0.7517
2026-03-31 02:13:27,242 | INFO | Epoch 14/20 - Loss: 0.7511
2026-03-31 02:13:27,285 | INFO | Epoch 15/20 - Loss: 0.7507
2026-03-31 02:13:27,329 | INFO | Epoch 16/20 - Loss: 0.7508
2026-03-31 02:13:27,373 | INFO | Epoch 17/20 - Loss: 0.7517
2026-03-31 02:13:27,416 | INFO | Epoch 18/20 - Loss: 0.7504
2026-03-31 02:13:27,460 | INFO | Epoch 19/20 - Loss: 0.7502
2026-03-31 02:13:27,504 | INFO | Epoch 20/20 - Loss: 0.7497
2026-03-31 02:13:27,505 | INFO | r-net saved to: ./r_nets/adult/iter_1/beta_03/r_net_inaccurate_not_trusting.pth
2026-03-31 02:13:27,518 | INFO | --- Training r-net for Beta: 0.5
2026-03-31 02:13:27,518 | INFO | Training r-net | User: inaccurate_not_trusting | Beta: 0.5 | Iter: 1
2026-03-31 02:13:28,279 | DEBUG | Input Tensor Shape: torch.Size([3577, 12])
2026-03-31 02:13:28,325 | INFO | Epoch 1/20 - Loss: 0.9497
2026-03-31 02:13:28,369 | INFO | Epoch 2/20 - Loss: 0.9484
2026-03-31 02:13:28,413 | INFO | Epoch 3/20 - Loss: 0.9477
2026-03-31 02:13:28,457 | INFO | Epoch 4/20 - Loss: 0.9471
2026-03-31 02:13:28,500 | INFO | Epoch 5/20 - Loss: 0.9462
2026-03-31 02:13:28,544 | INFO | Epoch 6/20 - Loss: 0.9459
2026-03-31 02:13:28,588 | INFO | Epoch 7/20 - Loss: 0.9456
2026-03-31 02:13:28,642 | INFO | Epoch 8/20 - Loss: 0.9452
2026-03-31 02:13:28,686 | INFO | Epoch 9/20 - Loss: 0.9448
2026-03-31 02:13:28,730 | INFO | Epoch 10/20 - Loss: 0.9449
2026-03-31 02:13:28,773 | INFO | Epoch 11/20 - Loss: 0.9453
2026-03-31 02:13:28,817 | INFO | Epoch 12/20 - Loss: 0.9446
2026-03-31 02:13:28,861 | INFO | Epoch 13/20 - Loss: 0.9450
2026-03-31 02:13:28,910 | INFO | Epoch 14/20 - Loss: 0.9451
2026-03-31 02:13:28,954 | INFO | Epoch 15/20 - Loss: 0.9451
2026-03-31 02:13:28,997 | INFO | Epoch 16/20 - Loss: 0.9447
2026-03-31 02:13:29,041 | INFO | Epoch 17/20 - Loss: 0.9451
2026-03-31 02:13:29,084 | INFO | Epoch 18/20 - Loss: 0.9447
2026-03-31 02:13:29,128 | INFO | Epoch 19/20 - Loss: 0.9443
2026-03-31 02:13:29,171 | INFO | Epoch 20/20 - Loss: 0.9448
2026-03-31 02:13:29,173 | INFO | r-net saved to: ./r_nets/adult/iter_1/beta_05/r_net_inaccurate_not_trusting.pth
2026-03-31 02:13:29,189 | INFO | --- Training r-net for Beta: 0.7
2026-03-31 02:13:29,189 | INFO | Training r-net | User: inaccurate_not_trusting | Beta: 0.7 | Iter: 1
2026-03-31 02:13:29,943 | DEBUG | Input Tensor Shape: torch.Size([3577, 12])
2026-03-31 02:13:29,990 | INFO | Epoch 1/20 - Loss: 1.1088
2026-03-31 02:13:30,034 | INFO | Epoch 2/20 - Loss: 1.1052
2026-03-31 02:13:30,078 | INFO | Epoch 3/20 - Loss: 1.1038
2026-03-31 02:13:30,122 | INFO | Epoch 4/20 - Loss: 1.1026
2026-03-31 02:13:30,165 | INFO | Epoch 5/20 - Loss: 1.1023
2026-03-31 02:13:30,209 | INFO | Epoch 6/20 - Loss: 1.1019
2026-03-31 02:13:30,253 | INFO | Epoch 7/20 - Loss: 1.1018
2026-03-31 02:13:30,297 | INFO | Epoch 8/20 - Loss: 1.1018
2026-03-31 02:13:30,340 | INFO | Epoch 9/20 - Loss: 1.1010
2026-03-31 02:13:30,384 | INFO | Epoch 10/20 - Loss: 1.1010
2026-03-31 02:13:30,428 | INFO | Epoch 11/20 - Loss: 1.1015
2026-03-31 02:13:30,472 | INFO | Epoch 12/20 - Loss: 1.1006
2026-03-31 02:13:30,516 | INFO | Epoch 13/20 - Loss: 1.1010
2026-03-31 02:13:30,559 | INFO | Epoch 14/20 - Loss: 1.1010
2026-03-31 02:13:30,603 | INFO | Epoch 15/20 - Loss: 1.1011
2026-03-31 02:13:30,646 | INFO | Epoch 16/20 - Loss: 1.1003
2026-03-31 02:13:30,690 | INFO | Epoch 17/20 - Loss: 1.1009
2026-03-31 02:13:30,734 | INFO | Epoch 18/20 - Loss: 1.1005
2026-03-31 02:13:30,777 | INFO | Epoch 19/20 - Loss: 1.0999
2026-03-31 02:13:30,822 | INFO | Epoch 20/20 - Loss: 1.1005
2026-03-31 02:13:30,822 | INFO | r-net saved to: ./r_nets/adult/iter_1/beta_07/r_net_inaccurate_not_trusting.pth
2026-03-31 02:13:30,834 | INFO | --- Training r-net for Beta: 0.9
2026-03-31 02:13:30,834 | INFO | Training r-net | User: inaccurate_not_trusting | Beta: 0.9 | Iter: 1
2026-03-31 02:13:31,587 | DEBUG | Input Tensor Shape: torch.Size([3577, 12])
2026-03-31 02:13:31,634 | INFO | Epoch 1/20 - Loss: 1.2622
2026-03-31 02:13:31,678 | INFO | Epoch 2/20 - Loss: 1.2443
2026-03-31 02:13:31,722 | INFO | Epoch 3/20 - Loss: 1.2376
2026-03-31 02:13:31,765 | INFO | Epoch 4/20 - Loss: 1.2355
2026-03-31 02:13:31,809 | INFO | Epoch 5/20 - Loss: 1.2352
2026-03-31 02:13:31,853 | INFO | Epoch 6/20 - Loss: 1.2341
2026-03-31 02:13:31,897 | INFO | Epoch 7/20 - Loss: 1.2340
2026-03-31 02:13:31,941 | INFO | Epoch 8/20 - Loss: 1.2339
2026-03-31 02:13:31,985 | INFO | Epoch 9/20 - Loss: 1.2327
2026-03-31 02:13:32,029 | INFO | Epoch 10/20 - Loss: 1.2329
2026-03-31 02:13:32,072 | INFO | Epoch 11/20 - Loss: 1.2334
2026-03-31 02:13:32,116 | INFO | Epoch 12/20 - Loss: 1.2319
2026-03-31 02:13:32,160 | INFO | Epoch 13/20 - Loss: 1.2323
2026-03-31 02:13:32,204 | INFO | Epoch 14/20 - Loss: 1.2325
2026-03-31 02:13:32,248 | INFO | Epoch 15/20 - Loss: 1.2325
2026-03-31 02:13:32,291 | INFO | Epoch 16/20 - Loss: 1.2310
2026-03-31 02:13:32,335 | INFO | Epoch 17/20 - Loss: 1.2314
2026-03-31 02:13:32,379 | INFO | Epoch 18/20 - Loss: 1.2314
2026-03-31 02:13:32,423 | INFO | Epoch 19/20 - Loss: 1.2306
2026-03-31 02:13:32,466 | INFO | Epoch 20/20 - Loss: 1.2316
2026-03-31 02:13:32,467 | INFO | r-net saved to: ./r_nets/adult/iter_1/beta_09/r_net_inaccurate_not_trusting.pth
2026-03-31 02:13:32,479 | INFO | --- R-NET TRAINING FINISHED | User: inaccurate_not_trusting | DS: adult
2026-03-31 02:13:32,484 | INFO | STARTING R-NETS TRAINING | User: inaccurate_not_trusting | DS: adult
2026-03-31 02:13:32,485 | INFO | --- Calibrating for iteration 2 ---
2026-03-31 02:13:32,485 | INFO | --- Training r-net for Beta: 0.1
2026-03-31 02:13:32,485 | INFO | Training r-net | User: inaccurate_not_trusting | Beta: 0.1 | Iter: 2
2026-03-31 02:13:33,243 | DEBUG | Input Tensor Shape: torch.Size([3574, 12])
2026-03-31 02:13:33,296 | INFO | Epoch 1/20 - Loss: 0.6099
2026-03-31 02:13:33,340 | INFO | Epoch 2/20 - Loss: 0.5908
2026-03-31 02:13:33,384 | INFO | Epoch 3/20 - Loss: 0.5665
2026-03-31 02:13:33,428 | INFO | Epoch 4/20 - Loss: 0.5305
2026-03-31 02:13:33,472 | INFO | Epoch 5/20 - Loss: 0.5038
2026-03-31 02:13:33,516 | INFO | Epoch 6/20 - Loss: 0.4979
2026-03-31 02:13:33,560 | INFO | Epoch 7/20 - Loss: 0.4949
2026-03-31 02:13:33,604 | INFO | Epoch 8/20 - Loss: 0.4985
2026-03-31 02:13:33,648 | INFO | Epoch 9/20 - Loss: 0.4982
2026-03-31 02:13:33,692 | INFO | Epoch 10/20 - Loss: 0.4947
2026-03-31 02:13:33,736 | INFO | Epoch 11/20 - Loss: 0.4970
2026-03-31 02:13:33,780 | INFO | Epoch 12/20 - Loss: 0.4969
2026-03-31 02:13:33,824 | INFO | Epoch 13/20 - Loss: 0.4975
2026-03-31 02:13:33,867 | INFO | Epoch 14/20 - Loss: 0.4972
2026-03-31 02:13:33,911 | INFO | Epoch 15/20 - Loss: 0.4952
2026-03-31 02:13:33,955 | INFO | Epoch 16/20 - Loss: 0.4956
2026-03-31 02:13:33,999 | INFO | Epoch 17/20 - Loss: 0.4938
2026-03-31 02:13:34,043 | INFO | Epoch 18/20 - Loss: 0.4957
2026-03-31 02:13:34,087 | INFO | Epoch 19/20 - Loss: 0.4960
2026-03-31 02:13:34,130 | INFO | Epoch 20/20 - Loss: 0.4917
2026-03-31 02:13:34,131 | INFO | r-net saved to: ./r_nets/adult/iter_2/beta_01/r_net_inaccurate_not_trusting.pth
2026-03-31 02:13:34,143 | INFO | --- Training r-net for Beta: 0.3
2026-03-31 02:13:34,143 | INFO | Training r-net | User: inaccurate_not_trusting | Beta: 0.3 | Iter: 2
2026-03-31 02:13:34,896 | DEBUG | Input Tensor Shape: torch.Size([3574, 12])
2026-03-31 02:13:34,942 | INFO | Epoch 1/20 - Loss: 0.7763
2026-03-31 02:13:34,986 | INFO | Epoch 2/20 - Loss: 0.7677
2026-03-31 02:13:35,030 | INFO | Epoch 3/20 - Loss: 0.7599
2026-03-31 02:13:35,074 | INFO | Epoch 4/20 - Loss: 0.7532
2026-03-31 02:13:35,118 | INFO | Epoch 5/20 - Loss: 0.7516
2026-03-31 02:13:35,162 | INFO | Epoch 6/20 - Loss: 0.7512
2026-03-31 02:13:35,206 | INFO | Epoch 7/20 - Loss: 0.7497
2026-03-31 02:13:35,250 | INFO | Epoch 8/20 - Loss: 0.7505
2026-03-31 02:13:35,294 | INFO | Epoch 9/20 - Loss: 0.7502
2026-03-31 02:13:35,338 | INFO | Epoch 10/20 - Loss: 0.7491
2026-03-31 02:13:35,381 | INFO | Epoch 11/20 - Loss: 0.7494
2026-03-31 02:13:35,425 | INFO | Epoch 12/20 - Loss: 0.7490
2026-03-31 02:13:35,469 | INFO | Epoch 13/20 - Loss: 0.7493
2026-03-31 02:13:35,513 | INFO | Epoch 14/20 - Loss: 0.7488
2026-03-31 02:13:35,557 | INFO | Epoch 15/20 - Loss: 0.7482
2026-03-31 02:13:35,601 | INFO | Epoch 16/20 - Loss: 0.7480
2026-03-31 02:13:35,645 | INFO | Epoch 17/20 - Loss: 0.7474
2026-03-31 02:13:35,693 | INFO | Epoch 18/20 - Loss: 0.7482
2026-03-31 02:13:35,739 | INFO | Epoch 19/20 - Loss: 0.7476
2026-03-31 02:13:35,785 | INFO | Epoch 20/20 - Loss: 0.7467
2026-03-31 02:13:35,786 | INFO | r-net saved to: ./r_nets/adult/iter_2/beta_03/r_net_inaccurate_not_trusting.pth
2026-03-31 02:13:35,798 | INFO | --- Training r-net for Beta: 0.5
2026-03-31 02:13:35,798 | INFO | Training r-net | User: inaccurate_not_trusting | Beta: 0.5 | Iter: 2
2026-03-31 02:13:36,544 | DEBUG | Input Tensor Shape: torch.Size([3574, 12])
2026-03-31 02:13:36,591 | INFO | Epoch 1/20 - Loss: 0.9424
2026-03-31 02:13:36,635 | INFO | Epoch 2/20 - Loss: 0.9411
2026-03-31 02:13:36,679 | INFO | Epoch 3/20 - Loss: 0.9399
2026-03-31 02:13:36,722 | INFO | Epoch 4/20 - Loss: 0.9389
2026-03-31 02:13:36,766 | INFO | Epoch 5/20 - Loss: 0.9377
2026-03-31 02:13:36,810 | INFO | Epoch 6/20 - Loss: 0.9382
2026-03-31 02:13:36,854 | INFO | Epoch 7/20 - Loss: 0.9376
2026-03-31 02:13:36,897 | INFO | Epoch 8/20 - Loss: 0.9371
2026-03-31 02:13:36,941 | INFO | Epoch 9/20 - Loss: 0.9365
2026-03-31 02:13:36,985 | INFO | Epoch 10/20 - Loss: 0.9370
2026-03-31 02:13:37,029 | INFO | Epoch 11/20 - Loss: 0.9363
2026-03-31 02:13:37,073 | INFO | Epoch 12/20 - Loss: 0.9363
2026-03-31 02:13:37,116 | INFO | Epoch 13/20 - Loss: 0.9372
2026-03-31 02:13:37,160 | INFO | Epoch 14/20 - Loss: 0.9364
2026-03-31 02:13:37,204 | INFO | Epoch 15/20 - Loss: 0.9358
2026-03-31 02:13:37,247 | INFO | Epoch 16/20 - Loss: 0.9358
2026-03-31 02:13:37,291 | INFO | Epoch 17/20 - Loss: 0.9366
2026-03-31 02:13:37,335 | INFO | Epoch 18/20 - Loss: 0.9358
2026-03-31 02:13:37,379 | INFO | Epoch 19/20 - Loss: 0.9359
2026-03-31 02:13:37,423 | INFO | Epoch 20/20 - Loss: 0.9344
2026-03-31 02:13:37,423 | INFO | r-net saved to: ./r_nets/adult/iter_2/beta_05/r_net_inaccurate_not_trusting.pth
2026-03-31 02:13:37,435 | INFO | --- Training r-net for Beta: 0.7
2026-03-31 02:13:37,435 | INFO | Training r-net | User: inaccurate_not_trusting | Beta: 0.7 | Iter: 2
2026-03-31 02:13:38,193 | DEBUG | Input Tensor Shape: torch.Size([3574, 12])
2026-03-31 02:13:38,239 | INFO | Epoch 1/20 - Loss: 1.0998
2026-03-31 02:13:38,283 | INFO | Epoch 2/20 - Loss: 1.0943
2026-03-31 02:13:38,327 | INFO | Epoch 3/20 - Loss: 1.0918
2026-03-31 02:13:38,370 | INFO | Epoch 4/20 - Loss: 1.0913
2026-03-31 02:13:38,414 | INFO | Epoch 5/20 - Loss: 1.0898
2026-03-31 02:13:38,458 | INFO | Epoch 6/20 - Loss: 1.0898
2026-03-31 02:13:38,501 | INFO | Epoch 7/20 - Loss: 1.0894
2026-03-31 02:13:38,545 | INFO | Epoch 8/20 - Loss: 1.0886
2026-03-31 02:13:38,589 | INFO | Epoch 9/20 - Loss: 1.0881
2026-03-31 02:13:38,633 | INFO | Epoch 10/20 - Loss: 1.0884
2026-03-31 02:13:38,676 | INFO | Epoch 11/20 - Loss: 1.0880
2026-03-31 02:13:38,720 | INFO | Epoch 12/20 - Loss: 1.0876
2026-03-31 02:13:38,763 | INFO | Epoch 13/20 - Loss: 1.0890
2026-03-31 02:13:38,807 | INFO | Epoch 14/20 - Loss: 1.0878
2026-03-31 02:13:38,851 | INFO | Epoch 15/20 - Loss: 1.0876
2026-03-31 02:13:38,894 | INFO | Epoch 16/20 - Loss: 1.0870
2026-03-31 02:13:38,938 | INFO | Epoch 17/20 - Loss: 1.0881
2026-03-31 02:13:38,981 | INFO | Epoch 18/20 - Loss: 1.0870
2026-03-31 02:13:39,025 | INFO | Epoch 19/20 - Loss: 1.0872
2026-03-31 02:13:39,068 | INFO | Epoch 20/20 - Loss: 1.0855
2026-03-31 02:13:39,069 | INFO | r-net saved to: ./r_nets/adult/iter_2/beta_07/r_net_inaccurate_not_trusting.pth
2026-03-31 02:13:39,081 | INFO | --- Training r-net for Beta: 0.9
2026-03-31 02:13:39,081 | INFO | Training r-net | User: inaccurate_not_trusting | Beta: 0.9 | Iter: 2
2026-03-31 02:13:39,837 | DEBUG | Input Tensor Shape: torch.Size([3574, 12])
2026-03-31 02:13:39,883 | INFO | Epoch 1/20 - Loss: 1.2531
2026-03-31 02:13:39,927 | INFO | Epoch 2/20 - Loss: 1.2318
2026-03-31 02:13:39,971 | INFO | Epoch 3/20 - Loss: 1.2223
2026-03-31 02:13:40,015 | INFO | Epoch 4/20 - Loss: 1.2216
2026-03-31 02:13:40,058 | INFO | Epoch 5/20 - Loss: 1.2193
2026-03-31 02:13:40,102 | INFO | Epoch 6/20 - Loss: 1.2182
2026-03-31 02:13:40,146 | INFO | Epoch 7/20 - Loss: 1.2181
2026-03-31 02:13:40,190 | INFO | Epoch 8/20 - Loss: 1.2172
2026-03-31 02:13:40,234 | INFO | Epoch 9/20 - Loss: 1.2165
2026-03-31 02:13:40,278 | INFO | Epoch 10/20 - Loss: 1.2168
2026-03-31 02:13:40,321 | INFO | Epoch 11/20 - Loss: 1.2163
2026-03-31 02:13:40,365 | INFO | Epoch 12/20 - Loss: 1.2153
2026-03-31 02:13:40,409 | INFO | Epoch 13/20 - Loss: 1.2173
2026-03-31 02:13:40,453 | INFO | Epoch 14/20 - Loss: 1.2157
2026-03-31 02:13:40,497 | INFO | Epoch 15/20 - Loss: 1.2158
2026-03-31 02:13:40,541 | INFO | Epoch 16/20 - Loss: 1.2145
2026-03-31 02:13:40,584 | INFO | Epoch 17/20 - Loss: 1.2159
2026-03-31 02:13:40,628 | INFO | Epoch 18/20 - Loss: 1.2143
2026-03-31 02:13:40,672 | INFO | Epoch 19/20 - Loss: 1.2147
2026-03-31 02:13:40,716 | INFO | Epoch 20/20 - Loss: 1.2129
2026-03-31 02:13:40,716 | INFO | r-net saved to: ./r_nets/adult/iter_2/beta_09/r_net_inaccurate_not_trusting.pth
2026-03-31 02:13:40,728 | INFO | --- R-NET TRAINING FINISHED | User: inaccurate_not_trusting | DS: adult
2026-03-31 02:13:40,731 | INFO | STARTING R-NETS TRAINING | User: inaccurate_not_trusting | DS: adult
2026-03-31 02:13:40,733 | INFO | --- Calibrating for iteration 3 ---
2026-03-31 02:13:40,733 | INFO | --- Training r-net for Beta: 0.1
2026-03-31 02:13:40,733 | INFO | Training r-net | User: inaccurate_not_trusting | Beta: 0.1 | Iter: 3
2026-03-31 02:13:41,494 | DEBUG | Input Tensor Shape: torch.Size([3573, 12])
2026-03-31 02:13:41,544 | INFO | Epoch 1/20 - Loss: 0.6027
2026-03-31 02:13:41,588 | INFO | Epoch 2/20 - Loss: 0.5828
2026-03-31 02:13:41,632 | INFO | Epoch 3/20 - Loss: 0.5560
2026-03-31 02:13:41,676 | INFO | Epoch 4/20 - Loss: 0.5172
2026-03-31 02:13:41,720 | INFO | Epoch 5/20 - Loss: 0.4922
2026-03-31 02:13:41,764 | INFO | Epoch 6/20 - Loss: 0.4869
2026-03-31 02:13:41,808 | INFO | Epoch 7/20 - Loss: 0.4869
2026-03-31 02:13:41,852 | INFO | Epoch 8/20 - Loss: 0.4900
2026-03-31 02:13:41,896 | INFO | Epoch 9/20 - Loss: 0.4875
2026-03-31 02:13:41,940 | INFO | Epoch 10/20 - Loss: 0.4875
2026-03-31 02:13:41,991 | INFO | Epoch 11/20 - Loss: 0.4895
2026-03-31 02:13:42,035 | INFO | Epoch 12/20 - Loss: 0.4863
2026-03-31 02:13:42,079 | INFO | Epoch 13/20 - Loss: 0.4864
2026-03-31 02:13:42,122 | INFO | Epoch 14/20 - Loss: 0.4851
2026-03-31 02:13:42,166 | INFO | Epoch 15/20 - Loss: 0.4872
2026-03-31 02:13:42,210 | INFO | Epoch 16/20 - Loss: 0.4879
2026-03-31 02:13:42,254 | INFO | Epoch 17/20 - Loss: 0.4851
2026-03-31 02:13:42,298 | INFO | Epoch 18/20 - Loss: 0.4854
2026-03-31 02:13:42,341 | INFO | Epoch 19/20 - Loss: 0.4857
2026-03-31 02:13:42,385 | INFO | Epoch 20/20 - Loss: 0.4842
2026-03-31 02:13:42,386 | INFO | r-net saved to: ./r_nets/adult/iter_3/beta_01/r_net_inaccurate_not_trusting.pth
2026-03-31 02:13:42,400 | INFO | --- Training r-net for Beta: 0.3
2026-03-31 02:13:42,400 | INFO | Training r-net | User: inaccurate_not_trusting | Beta: 0.3 | Iter: 3
2026-03-31 02:13:43,158 | DEBUG | Input Tensor Shape: torch.Size([3573, 12])
2026-03-31 02:13:43,205 | INFO | Epoch 1/20 - Loss: 0.7694
2026-03-31 02:13:43,249 | INFO | Epoch 2/20 - Loss: 0.7603
2026-03-31 02:13:43,293 | INFO | Epoch 3/20 - Loss: 0.7515
2026-03-31 02:13:43,337 | INFO | Epoch 4/20 - Loss: 0.7446
2026-03-31 02:13:43,381 | INFO | Epoch 5/20 - Loss: 0.7439
2026-03-31 02:13:43,425 | INFO | Epoch 6/20 - Loss: 0.7431
2026-03-31 02:13:43,469 | INFO | Epoch 7/20 - Loss: 0.7431
2026-03-31 02:13:43,513 | INFO | Epoch 8/20 - Loss: 0.7433
2026-03-31 02:13:43,557 | INFO | Epoch 9/20 - Loss: 0.7424
2026-03-31 02:13:43,601 | INFO | Epoch 10/20 - Loss: 0.7420
2026-03-31 02:13:43,648 | INFO | Epoch 11/20 - Loss: 0.7428
2026-03-31 02:13:43,692 | INFO | Epoch 12/20 - Loss: 0.7417
2026-03-31 02:13:43,736 | INFO | Epoch 13/20 - Loss: 0.7414
2026-03-31 02:13:43,780 | INFO | Epoch 14/20 - Loss: 0.7410
2026-03-31 02:13:43,823 | INFO | Epoch 15/20 - Loss: 0.7408
2026-03-31 02:13:43,867 | INFO | Epoch 16/20 - Loss: 0.7412
2026-03-31 02:13:43,911 | INFO | Epoch 17/20 - Loss: 0.7405
2026-03-31 02:13:43,955 | INFO | Epoch 18/20 - Loss: 0.7406
2026-03-31 02:13:43,999 | INFO | Epoch 19/20 - Loss: 0.7409
2026-03-31 02:13:44,048 | INFO | Epoch 20/20 - Loss: 0.7403
2026-03-31 02:13:44,050 | INFO | r-net saved to: ./r_nets/adult/iter_3/beta_03/r_net_inaccurate_not_trusting.pth
2026-03-31 02:13:44,067 | INFO | --- Training r-net for Beta: 0.5
2026-03-31 02:13:44,067 | INFO | Training r-net | User: inaccurate_not_trusting | Beta: 0.5 | Iter: 3
2026-03-31 02:13:44,829 | DEBUG | Input Tensor Shape: torch.Size([3573, 12])
2026-03-31 02:13:44,876 | INFO | Epoch 1/20 - Loss: 0.9357
2026-03-31 02:13:44,920 | INFO | Epoch 2/20 - Loss: 0.9344
2026-03-31 02:13:44,964 | INFO | Epoch 3/20 - Loss: 0.9336
2026-03-31 02:13:45,008 | INFO | Epoch 4/20 - Loss: 0.9325
2026-03-31 02:13:45,052 | INFO | Epoch 5/20 - Loss: 0.9320
2026-03-31 02:13:45,096 | INFO | Epoch 6/20 - Loss: 0.9319
2026-03-31 02:13:45,140 | INFO | Epoch 7/20 - Loss: 0.9313
2026-03-31 02:13:45,184 | INFO | Epoch 8/20 - Loss: 0.9309
2026-03-31 02:13:45,228 | INFO | Epoch 9/20 - Loss: 0.9310
2026-03-31 02:13:45,272 | INFO | Epoch 10/20 - Loss: 0.9304
2026-03-31 02:13:45,316 | INFO | Epoch 11/20 - Loss: 0.9304
2026-03-31 02:13:45,360 | INFO | Epoch 12/20 - Loss: 0.9308
2026-03-31 02:13:45,403 | INFO | Epoch 13/20 - Loss: 0.9308
2026-03-31 02:13:45,447 | INFO | Epoch 14/20 - Loss: 0.9305
2026-03-31 02:13:45,491 | INFO | Epoch 15/20 - Loss: 0.9296
2026-03-31 02:13:45,535 | INFO | Epoch 16/20 - Loss: 0.9300
2026-03-31 02:13:45,579 | INFO | Epoch 17/20 - Loss: 0.9295
2026-03-31 02:13:45,623 | INFO | Epoch 18/20 - Loss: 0.9298
2026-03-31 02:13:45,667 | INFO | Epoch 19/20 - Loss: 0.9300
2026-03-31 02:13:45,711 | INFO | Epoch 20/20 - Loss: 0.9301
2026-03-31 02:13:45,711 | INFO | r-net saved to: ./r_nets/adult/iter_3/beta_05/r_net_inaccurate_not_trusting.pth
2026-03-31 02:13:45,723 | INFO | --- Training r-net for Beta: 0.7
2026-03-31 02:13:45,723 | INFO | Training r-net | User: inaccurate_not_trusting | Beta: 0.7 | Iter: 3
2026-03-31 02:13:46,475 | DEBUG | Input Tensor Shape: torch.Size([3573, 12])
2026-03-31 02:13:46,521 | INFO | Epoch 1/20 - Loss: 1.0937
2026-03-31 02:13:46,565 | INFO | Epoch 2/20 - Loss: 1.0884
2026-03-31 02:13:46,609 | INFO | Epoch 3/20 - Loss: 1.0861
2026-03-31 02:13:46,653 | INFO | Epoch 4/20 - Loss: 1.0845
2026-03-31 02:13:46,697 | INFO | Epoch 5/20 - Loss: 1.0837
2026-03-31 02:13:46,741 | INFO | Epoch 6/20 - Loss: 1.0839
2026-03-31 02:13:46,785 | INFO | Epoch 7/20 - Loss: 1.0829
2026-03-31 02:13:46,829 | INFO | Epoch 8/20 - Loss: 1.0829
2026-03-31 02:13:46,873 | INFO | Epoch 9/20 - Loss: 1.0835
2026-03-31 02:13:46,917 | INFO | Epoch 10/20 - Loss: 1.0825
2026-03-31 02:13:46,961 | INFO | Epoch 11/20 - Loss: 1.0819
2026-03-31 02:13:47,006 | INFO | Epoch 12/20 - Loss: 1.0825
2026-03-31 02:13:47,050 | INFO | Epoch 13/20 - Loss: 1.0824
2026-03-31 02:13:47,094 | INFO | Epoch 14/20 - Loss: 1.0823
2026-03-31 02:13:47,138 | INFO | Epoch 15/20 - Loss: 1.0813
2026-03-31 02:13:47,182 | INFO | Epoch 16/20 - Loss: 1.0821
2026-03-31 02:13:47,226 | INFO | Epoch 17/20 - Loss: 1.0816
2026-03-31 02:13:47,270 | INFO | Epoch 18/20 - Loss: 1.0821
2026-03-31 02:13:47,315 | INFO | Epoch 19/20 - Loss: 1.0819
2026-03-31 02:13:47,359 | INFO | Epoch 20/20 - Loss: 1.0817
2026-03-31 02:13:47,359 | INFO | r-net saved to: ./r_nets/adult/iter_3/beta_07/r_net_inaccurate_not_trusting.pth
2026-03-31 02:13:47,371 | INFO | --- Training r-net for Beta: 0.9
2026-03-31 02:13:47,371 | INFO | Training r-net | User: inaccurate_not_trusting | Beta: 0.9 | Iter: 3
2026-03-31 02:13:48,138 | DEBUG | Input Tensor Shape: torch.Size([3573, 12])
2026-03-31 02:13:48,185 | INFO | Epoch 1/20 - Loss: 1.2471
2026-03-31 02:13:48,229 | INFO | Epoch 2/20 - Loss: 1.2262
2026-03-31 02:13:48,274 | INFO | Epoch 3/20 - Loss: 1.2175
2026-03-31 02:13:48,318 | INFO | Epoch 4/20 - Loss: 1.2146
2026-03-31 02:13:48,363 | INFO | Epoch 5/20 - Loss: 1.2127
2026-03-31 02:13:48,408 | INFO | Epoch 6/20 - Loss: 1.2126
2026-03-31 02:13:48,452 | INFO | Epoch 7/20 - Loss: 1.2114
2026-03-31 02:13:48,497 | INFO | Epoch 8/20 - Loss: 1.2111
2026-03-31 02:13:48,543 | INFO | Epoch 9/20 - Loss: 1.2124
2026-03-31 02:13:48,588 | INFO | Epoch 10/20 - Loss: 1.2101
2026-03-31 02:13:48,633 | INFO | Epoch 11/20 - Loss: 1.2093
2026-03-31 02:13:48,679 | INFO | Epoch 12/20 - Loss: 1.2103
2026-03-31 02:13:48,724 | INFO | Epoch 13/20 - Loss: 1.2099
2026-03-31 02:13:48,769 | INFO | Epoch 14/20 - Loss: 1.2098
2026-03-31 02:13:48,814 | INFO | Epoch 15/20 - Loss: 1.2084
2026-03-31 02:13:48,859 | INFO | Epoch 16/20 - Loss: 1.2096
2026-03-31 02:13:48,904 | INFO | Epoch 17/20 - Loss: 1.2093
2026-03-31 02:13:48,950 | INFO | Epoch 18/20 - Loss: 1.2096
2026-03-31 02:13:48,995 | INFO | Epoch 19/20 - Loss: 1.2091
2026-03-31 02:13:49,041 | INFO | Epoch 20/20 - Loss: 1.2085
2026-03-31 02:13:49,042 | INFO | r-net saved to: ./r_nets/adult/iter_3/beta_09/r_net_inaccurate_not_trusting.pth
2026-03-31 02:13:49,054 | INFO | --- R-NET TRAINING FINISHED | User: inaccurate_not_trusting | DS: adult
