2026-04-20 16:16:01,605 | INFO | STARTING MIC RUN | User: accurate_not_trusting | DS: adult
2026-04-20 16:16:01,605 | INFO | ---  ITERATION 1/3 ---
2026-04-20 16:16:01,605 | DEBUG | RETRIEVING NET | User accurate_not_trusting | Iter 1 | NET 16_8_model_*.pt
2026-04-20 16:16:01,614 | INFO | Loaded Tau: 0.8200000000000001, iter 1
2026-04-20 16:16:01,615 | INFO | STARTING STRAT Confidence | USER accurate_not_trusting | Iter 1
2026-04-20 16:16:01,615 | INFO | Iteration 1 starting with benchmark: 63.00, delta: 0.05
2026-04-20 17:05:34,789 | INFO | Finished Iteration 1, strat Confidence | System EA: 91.40 | Delta: 0.05
2026-04-20 17:05:34,798 | INFO | Saved Strat 1 results to: ./processed_data/adult/mic_result_ds/iter_1/results_acc_nt/strats/Confidence.parquet
2026-04-20 17:05:34,799 | INFO | STARTING STRAT Mao | USER accurate_not_trusting | Iter 1
2026-04-20 17:05:34,799 | INFO |  Current Beta 0.1 | Start Perf: 63.00
2026-04-20 17:05:34,799 | DEBUG | RETRIEVING NET | User accurate_not_trusting | Iter 1
2026-04-20 17:05:34,801 | DEBUG | RETRIEVING R-NET | PATH ./r_nets/adult/iter_1/beta_01/r_net_accurate_not_trusting.pth
2026-04-20 17:22:58,852 | INFO | Beta 01 | Iteration 1 | System EA: 92.24
2026-04-20 17:22:58,861 | INFO | Saved Strat 2, Beta 0.1 results to: ./processed_data/adult/mic_result_ds/iter_1/results_acc_nt/strats/Mao_beta_01.parquet
2026-04-20 17:22:58,861 | INFO |  Current Beta 0.3 | Start Perf: 63.00
2026-04-20 17:22:58,861 | DEBUG | RETRIEVING NET | User accurate_not_trusting | Iter 1
2026-04-20 17:22:58,863 | DEBUG | RETRIEVING R-NET | PATH ./r_nets/adult/iter_1/beta_03/r_net_accurate_not_trusting.pth
2026-04-20 17:40:02,935 | INFO | Beta 03 | Iteration 1 | System EA: 84.46
2026-04-20 17:40:02,945 | INFO | Saved Strat 2, Beta 0.3 results to: ./processed_data/adult/mic_result_ds/iter_1/results_acc_nt/strats/Mao_beta_03.parquet
2026-04-20 17:40:02,945 | INFO |  Current Beta 0.5 | Start Perf: 63.00
2026-04-20 17:40:02,945 | DEBUG | RETRIEVING NET | User accurate_not_trusting | Iter 1
2026-04-20 17:40:02,947 | DEBUG | RETRIEVING R-NET | PATH ./r_nets/adult/iter_1/beta_05/r_net_accurate_not_trusting.pth
2026-04-20 17:57:03,564 | INFO | Beta 05 | Iteration 1 | System EA: 76.62
2026-04-20 17:57:03,574 | INFO | Saved Strat 2, Beta 0.5 results to: ./processed_data/adult/mic_result_ds/iter_1/results_acc_nt/strats/Mao_beta_05.parquet
2026-04-20 17:57:03,574 | INFO |  Current Beta 0.7 | Start Perf: 63.00
2026-04-20 17:57:03,574 | DEBUG | RETRIEVING NET | User accurate_not_trusting | Iter 1
2026-04-20 17:57:03,576 | DEBUG | RETRIEVING R-NET | PATH ./r_nets/adult/iter_1/beta_07/r_net_accurate_not_trusting.pth
2026-04-20 18:14:12,529 | INFO | Beta 07 | Iteration 1 | System EA: 76.62
2026-04-20 18:14:12,539 | INFO | Saved Strat 2, Beta 0.7 results to: ./processed_data/adult/mic_result_ds/iter_1/results_acc_nt/strats/Mao_beta_07.parquet
2026-04-20 18:14:12,539 | INFO |  Current Beta 0.9 | Start Perf: 63.00
2026-04-20 18:14:12,539 | DEBUG | RETRIEVING NET | User accurate_not_trusting | Iter 1
2026-04-20 18:14:12,541 | DEBUG | RETRIEVING R-NET | PATH ./r_nets/adult/iter_1/beta_09/r_net_accurate_not_trusting.pth
2026-04-20 18:31:22,618 | INFO | Beta 09 | Iteration 1 | System EA: 76.62
2026-04-20 18:31:22,628 | INFO | Saved Strat 2, Beta 0.9 results to: ./processed_data/adult/mic_result_ds/iter_1/results_acc_nt/strats/Mao_beta_09.parquet
2026-04-20 18:31:22,640 | INFO | STARTING MIC RUN | User: accurate_not_trusting | DS: adult
2026-04-20 18:31:22,641 | INFO | ---  ITERATION 2/3 ---
2026-04-20 18:31:22,641 | DEBUG | RETRIEVING NET | User accurate_not_trusting | Iter 2 | NET 16_8_model_*.pt
2026-04-20 18:31:22,648 | INFO | Loaded Tau: 0.8200000000000001, iter 2
2026-04-20 18:31:22,648 | INFO | STARTING STRAT Confidence | USER accurate_not_trusting | Iter 2
2026-04-20 18:31:22,648 | INFO | Iteration 2 starting with benchmark: 91.40, delta: 0.05
2026-04-20 18:48:59,311 | INFO | Finished Iteration 2, strat Confidence | System EA: 91.38 | Delta: 0.05
2026-04-20 18:48:59,320 | INFO | Saved Strat 1 results to: ./processed_data/adult/mic_result_ds/iter_2/results_acc_nt/strats/Confidence.parquet
2026-04-20 18:48:59,320 | INFO | STARTING STRAT Mao | USER accurate_not_trusting | Iter 2
2026-04-20 18:48:59,321 | INFO |  Current Beta 0.1 | Start Perf: 92.24
2026-04-20 18:48:59,321 | DEBUG | RETRIEVING NET | User accurate_not_trusting | Iter 2
2026-04-20 18:48:59,323 | DEBUG | RETRIEVING R-NET | PATH ./r_nets/adult/iter_2/beta_01/r_net_accurate_not_trusting.pth
2026-04-20 19:06:17,503 | INFO | Beta 01 | Iteration 2 | System EA: 91.91
2026-04-20 19:06:17,513 | INFO | Saved Strat 2, Beta 0.1 results to: ./processed_data/adult/mic_result_ds/iter_2/results_acc_nt/strats/Mao_beta_01.parquet
2026-04-20 19:06:17,513 | INFO |  Current Beta 0.3 | Start Perf: 84.46
2026-04-20 19:06:17,513 | DEBUG | RETRIEVING NET | User accurate_not_trusting | Iter 2
2026-04-20 19:06:17,515 | DEBUG | RETRIEVING R-NET | PATH ./r_nets/adult/iter_2/beta_03/r_net_accurate_not_trusting.pth
2026-04-20 19:23:33,953 | INFO | Beta 03 | Iteration 2 | System EA: 80.51
2026-04-20 19:23:33,962 | INFO | Saved Strat 2, Beta 0.3 results to: ./processed_data/adult/mic_result_ds/iter_2/results_acc_nt/strats/Mao_beta_03.parquet
2026-04-20 19:23:33,962 | INFO |  Current Beta 0.5 | Start Perf: 76.62
2026-04-20 19:23:33,963 | DEBUG | RETRIEVING NET | User accurate_not_trusting | Iter 2
2026-04-20 19:23:33,964 | DEBUG | RETRIEVING R-NET | PATH ./r_nets/adult/iter_2/beta_05/r_net_accurate_not_trusting.pth
2026-04-20 19:40:49,944 | INFO | Beta 05 | Iteration 2 | System EA: 76.81
2026-04-20 19:40:49,955 | INFO | Saved Strat 2, Beta 0.5 results to: ./processed_data/adult/mic_result_ds/iter_2/results_acc_nt/strats/Mao_beta_05.parquet
2026-04-20 19:40:49,955 | INFO |  Current Beta 0.7 | Start Perf: 76.62
2026-04-20 19:40:49,955 | DEBUG | RETRIEVING NET | User accurate_not_trusting | Iter 2
2026-04-20 19:40:49,957 | DEBUG | RETRIEVING R-NET | PATH ./r_nets/adult/iter_2/beta_07/r_net_accurate_not_trusting.pth
2026-04-20 19:57:56,097 | INFO | Beta 07 | Iteration 2 | System EA: 76.81
2026-04-20 19:57:56,107 | INFO | Saved Strat 2, Beta 0.7 results to: ./processed_data/adult/mic_result_ds/iter_2/results_acc_nt/strats/Mao_beta_07.parquet
2026-04-20 19:57:56,107 | INFO |  Current Beta 0.9 | Start Perf: 76.62
2026-04-20 19:57:56,107 | DEBUG | RETRIEVING NET | User accurate_not_trusting | Iter 2
2026-04-20 19:57:56,109 | DEBUG | RETRIEVING R-NET | PATH ./r_nets/adult/iter_2/beta_09/r_net_accurate_not_trusting.pth
2026-04-20 20:15:16,739 | INFO | Beta 09 | Iteration 2 | System EA: 76.81
2026-04-20 20:15:16,749 | INFO | Saved Strat 2, Beta 0.9 results to: ./processed_data/adult/mic_result_ds/iter_2/results_acc_nt/strats/Mao_beta_09.parquet
2026-04-20 20:15:16,761 | INFO | STARTING MIC RUN | User: accurate_not_trusting | DS: adult
2026-04-20 20:15:16,761 | INFO | ---  ITERATION 3/3 ---
2026-04-20 20:15:16,762 | DEBUG | RETRIEVING NET | User accurate_not_trusting | Iter 3 | NET 16_8_model_*.pt
2026-04-20 20:15:16,769 | INFO | Loaded Tau: 0.8, iter 3
2026-04-20 20:15:16,769 | INFO | STARTING STRAT Confidence | USER accurate_not_trusting | Iter 3
2026-04-20 20:15:16,769 | INFO | Iteration 3 starting with benchmark: 91.38, delta: 0.05
2026-04-20 20:30:27,204 | INFO | Finished Iteration 3, strat Confidence | System EA: 91.41 | Delta: 0.05
2026-04-20 20:30:27,213 | INFO | Saved Strat 1 results to: ./processed_data/adult/mic_result_ds/iter_3/results_acc_nt/strats/Confidence.parquet
2026-04-20 20:30:27,213 | INFO | STARTING STRAT Mao | USER accurate_not_trusting | Iter 3
2026-04-20 20:30:27,213 | INFO |  Current Beta 0.1 | Start Perf: 91.91
2026-04-20 20:30:27,213 | DEBUG | RETRIEVING NET | User accurate_not_trusting | Iter 3
2026-04-20 20:30:27,215 | DEBUG | RETRIEVING R-NET | PATH ./r_nets/adult/iter_3/beta_01/r_net_accurate_not_trusting.pth
2026-04-20 20:45:43,950 | INFO | Beta 01 | Iteration 3 | System EA: 92.13
2026-04-20 20:45:43,960 | INFO | Saved Strat 2, Beta 0.1 results to: ./processed_data/adult/mic_result_ds/iter_3/results_acc_nt/strats/Mao_beta_01.parquet
2026-04-20 20:45:43,960 | INFO |  Current Beta 0.3 | Start Perf: 80.51
2026-04-20 20:45:43,960 | DEBUG | RETRIEVING NET | User accurate_not_trusting | Iter 3
2026-04-20 20:45:43,962 | DEBUG | RETRIEVING R-NET | PATH ./r_nets/adult/iter_3/beta_03/r_net_accurate_not_trusting.pth
2026-04-20 21:00:55,646 | INFO | Beta 03 | Iteration 3 | System EA: 81.54
2026-04-20 21:00:55,656 | INFO | Saved Strat 2, Beta 0.3 results to: ./processed_data/adult/mic_result_ds/iter_3/results_acc_nt/strats/Mao_beta_03.parquet
2026-04-20 21:00:55,656 | INFO |  Current Beta 0.5 | Start Perf: 76.81
2026-04-20 21:00:55,656 | DEBUG | RETRIEVING NET | User accurate_not_trusting | Iter 3
2026-04-20 21:00:55,658 | DEBUG | RETRIEVING R-NET | PATH ./r_nets/adult/iter_3/beta_05/r_net_accurate_not_trusting.pth
2026-04-20 21:16:02,187 | INFO | Beta 05 | Iteration 3 | System EA: 79.43
2026-04-20 21:16:02,197 | INFO | Saved Strat 2, Beta 0.5 results to: ./processed_data/adult/mic_result_ds/iter_3/results_acc_nt/strats/Mao_beta_05.parquet
2026-04-20 21:16:02,197 | INFO |  Current Beta 0.7 | Start Perf: 76.81
2026-04-20 21:16:02,197 | DEBUG | RETRIEVING NET | User accurate_not_trusting | Iter 3
2026-04-20 21:16:02,199 | DEBUG | RETRIEVING R-NET | PATH ./r_nets/adult/iter_3/beta_07/r_net_accurate_not_trusting.pth
2026-04-20 21:31:01,502 | INFO | Beta 07 | Iteration 3 | System EA: 79.43
2026-04-20 21:31:01,512 | INFO | Saved Strat 2, Beta 0.7 results to: ./processed_data/adult/mic_result_ds/iter_3/results_acc_nt/strats/Mao_beta_07.parquet
2026-04-20 21:31:01,512 | INFO |  Current Beta 0.9 | Start Perf: 76.81
2026-04-20 21:31:01,512 | DEBUG | RETRIEVING NET | User accurate_not_trusting | Iter 3
2026-04-20 21:31:01,514 | DEBUG | RETRIEVING R-NET | PATH ./r_nets/adult/iter_3/beta_09/r_net_accurate_not_trusting.pth
2026-04-20 21:45:59,256 | INFO | Beta 09 | Iteration 3 | System EA: 79.43
2026-04-20 21:45:59,265 | INFO | Saved Strat 2, Beta 0.9 results to: ./processed_data/adult/mic_result_ds/iter_3/results_acc_nt/strats/Mao_beta_09.parquet
