2026-04-22 10:04:33,887 | INFO | STARTING R-NETS TRAINING | User: inaccurate_not_trusting | DS: dutch
2026-04-22 10:04:33,889 | INFO | --- Calibrating for iteration 1 ---
2026-04-22 10:04:33,889 | INFO | --- Training r-net for Beta: 0.2
2026-04-22 10:04:33,889 | INFO | Training r-net | User: inaccurate_not_trusting | Beta: 0.2 | Iter: 1
2026-04-22 10:04:34,494 | DEBUG | Input Tensor Shape: torch.Size([2406, 11])
2026-04-22 10:04:34,676 | INFO | Epoch 1/20 - Loss: 1.0584
2026-04-22 10:04:34,713 | INFO | Epoch 2/20 - Loss: 1.0578
2026-04-22 10:04:34,752 | INFO | Epoch 3/20 - Loss: 1.0572
2026-04-22 10:04:34,788 | INFO | Epoch 4/20 - Loss: 1.0575
2026-04-22 10:04:34,825 | INFO | Epoch 5/20 - Loss: 1.0563
2026-04-22 10:04:34,862 | INFO | Epoch 6/20 - Loss: 1.0558
2026-04-22 10:04:34,899 | INFO | Epoch 7/20 - Loss: 1.0558
2026-04-22 10:04:35,019 | INFO | Epoch 8/20 - Loss: 1.0561
2026-04-22 10:04:35,056 | INFO | Epoch 9/20 - Loss: 1.0558
2026-04-22 10:04:35,093 | INFO | Epoch 10/20 - Loss: 1.0558
2026-04-22 10:04:35,129 | INFO | Epoch 11/20 - Loss: 1.0555
2026-04-22 10:04:35,164 | INFO | Epoch 12/20 - Loss: 1.0547
2026-04-22 10:04:35,200 | INFO | Epoch 13/20 - Loss: 1.0546
2026-04-22 10:04:35,236 | INFO | Epoch 14/20 - Loss: 1.0550
2026-04-22 10:04:35,273 | INFO | Epoch 15/20 - Loss: 1.0554
2026-04-22 10:04:35,309 | INFO | Epoch 16/20 - Loss: 1.0546
2026-04-22 10:04:35,344 | INFO | Epoch 17/20 - Loss: 1.0544
2026-04-22 10:04:35,380 | INFO | Epoch 18/20 - Loss: 1.0545
2026-04-22 10:04:35,417 | INFO | Epoch 19/20 - Loss: 1.0548
2026-04-22 10:04:35,453 | INFO | Epoch 20/20 - Loss: 1.0538
2026-04-22 10:04:35,455 | INFO | r-net saved to: ./r_nets/dutch/iter_1/beta_02/r_net_inaccurate_not_trusting.pth
2026-04-22 10:04:35,472 | INFO | --- Training r-net for Beta: 0.25
2026-04-22 10:04:35,472 | INFO | Training r-net | User: inaccurate_not_trusting | Beta: 0.25 | Iter: 1
2026-04-22 10:04:36,038 | DEBUG | Input Tensor Shape: torch.Size([2406, 11])
2026-04-22 10:04:36,243 | INFO | Epoch 1/20 - Loss: 1.0409
2026-04-22 10:04:36,536 | INFO | Epoch 2/20 - Loss: 1.0290
2026-04-22 10:04:36,573 | INFO | Epoch 3/20 - Loss: 1.0273
2026-04-22 10:04:36,610 | INFO | Epoch 4/20 - Loss: 1.0273
2026-04-22 10:04:36,647 | INFO | Epoch 5/20 - Loss: 1.0261
2026-04-22 10:04:36,685 | INFO | Epoch 6/20 - Loss: 1.0250
2026-04-22 10:04:36,721 | INFO | Epoch 7/20 - Loss: 1.0255
2026-04-22 10:04:36,758 | INFO | Epoch 8/20 - Loss: 1.0248
2026-04-22 10:04:36,794 | INFO | Epoch 9/20 - Loss: 1.0237
2026-04-22 10:04:36,830 | INFO | Epoch 10/20 - Loss: 1.0242
2026-04-22 10:04:36,866 | INFO | Epoch 11/20 - Loss: 1.0244
2026-04-22 10:04:36,903 | INFO | Epoch 12/20 - Loss: 1.0238
2026-04-22 10:04:36,939 | INFO | Epoch 13/20 - Loss: 1.0231
2026-04-22 10:04:36,975 | INFO | Epoch 14/20 - Loss: 1.0234
2026-04-22 10:04:37,012 | INFO | Epoch 15/20 - Loss: 1.0236
2026-04-22 10:04:37,048 | INFO | Epoch 16/20 - Loss: 1.0229
2026-04-22 10:04:37,084 | INFO | Epoch 17/20 - Loss: 1.0223
2026-04-22 10:04:37,120 | INFO | Epoch 18/20 - Loss: 1.0224
2026-04-22 10:04:37,156 | INFO | Epoch 19/20 - Loss: 1.0224
2026-04-22 10:04:37,193 | INFO | Epoch 20/20 - Loss: 1.0224
2026-04-22 10:04:37,194 | INFO | r-net saved to: ./r_nets/dutch/iter_1/beta_025/r_net_inaccurate_not_trusting.pth
2026-04-22 10:04:37,208 | INFO | --- Training r-net for Beta: 0.3
2026-04-22 10:04:37,208 | INFO | Training r-net | User: inaccurate_not_trusting | Beta: 0.3 | Iter: 1
2026-04-22 10:04:37,749 | DEBUG | Input Tensor Shape: torch.Size([2406, 11])
2026-04-22 10:04:38,467 | INFO | Epoch 1/20 - Loss: 1.0015
2026-04-22 10:04:38,504 | INFO | Epoch 2/20 - Loss: 0.9949
2026-04-22 10:04:38,622 | INFO | Epoch 3/20 - Loss: 0.9924
2026-04-22 10:04:39,145 | INFO | Epoch 4/20 - Loss: 0.9914
2026-04-22 10:04:39,185 | INFO | Epoch 5/20 - Loss: 0.9915
2026-04-22 10:04:39,343 | INFO | Epoch 6/20 - Loss: 0.9897
2026-04-22 10:04:39,379 | INFO | Epoch 7/20 - Loss: 0.9900
2026-04-22 10:04:39,573 | INFO | Epoch 8/20 - Loss: 0.9893
2026-04-22 10:04:39,609 | INFO | Epoch 9/20 - Loss: 0.9889
2026-04-22 10:04:39,647 | INFO | Epoch 10/20 - Loss: 0.9887
2026-04-22 10:04:39,687 | INFO | Epoch 11/20 - Loss: 0.9882
2026-04-22 10:04:39,724 | INFO | Epoch 12/20 - Loss: 0.9885
2026-04-22 10:04:39,761 | INFO | Epoch 13/20 - Loss: 0.9882
2026-04-22 10:04:39,798 | INFO | Epoch 14/20 - Loss: 0.9883
2026-04-22 10:04:39,835 | INFO | Epoch 15/20 - Loss: 0.9883
2026-04-22 10:04:40,337 | INFO | Epoch 16/20 - Loss: 0.9882
2026-04-22 10:04:40,374 | INFO | Epoch 17/20 - Loss: 0.9876
2026-04-22 10:04:40,525 | INFO | Epoch 18/20 - Loss: 0.9878
2026-04-22 10:04:40,630 | INFO | Epoch 19/20 - Loss: 0.9872
2026-04-22 10:04:40,666 | INFO | Epoch 20/20 - Loss: 0.9874
2026-04-22 10:04:40,667 | INFO | r-net saved to: ./r_nets/dutch/iter_1/beta_03/r_net_inaccurate_not_trusting.pth
2026-04-22 10:04:40,682 | INFO | --- Training r-net for Beta: 0.35
2026-04-22 10:04:40,682 | INFO | Training r-net | User: inaccurate_not_trusting | Beta: 0.35 | Iter: 1
2026-04-22 10:04:41,217 | DEBUG | Input Tensor Shape: torch.Size([2406, 11])
2026-04-22 10:04:41,403 | INFO | Epoch 1/20 - Loss: 0.9533
2026-04-22 10:04:41,526 | INFO | Epoch 2/20 - Loss: 0.9527
2026-04-22 10:04:41,568 | INFO | Epoch 3/20 - Loss: 0.9531
2026-04-22 10:04:41,621 | INFO | Epoch 4/20 - Loss: 0.9526
2026-04-22 10:04:42,252 | INFO | Epoch 5/20 - Loss: 0.9526
2026-04-22 10:04:42,657 | INFO | Epoch 6/20 - Loss: 0.9528
2026-04-22 10:04:43,132 | INFO | Epoch 7/20 - Loss: 0.9522
2026-04-22 10:04:43,358 | INFO | Epoch 8/20 - Loss: 0.9516
2026-04-22 10:04:43,400 | INFO | Epoch 9/20 - Loss: 0.9519
2026-04-22 10:04:43,437 | INFO | Epoch 10/20 - Loss: 0.9513
2026-04-22 10:04:43,474 | INFO | Epoch 11/20 - Loss: 0.9509
2026-04-22 10:04:43,512 | INFO | Epoch 12/20 - Loss: 0.9510
2026-04-22 10:04:43,549 | INFO | Epoch 13/20 - Loss: 0.9512
2026-04-22 10:04:43,586 | INFO | Epoch 14/20 - Loss: 0.9506
2026-04-22 10:04:43,623 | INFO | Epoch 15/20 - Loss: 0.9505
2026-04-22 10:04:43,659 | INFO | Epoch 16/20 - Loss: 0.9504
2026-04-22 10:04:43,695 | INFO | Epoch 17/20 - Loss: 0.9504
2026-04-22 10:04:43,731 | INFO | Epoch 18/20 - Loss: 0.9503
2026-04-22 10:04:43,768 | INFO | Epoch 19/20 - Loss: 0.9502
2026-04-22 10:04:43,806 | INFO | Epoch 20/20 - Loss: 0.9497
2026-04-22 10:04:43,808 | INFO | r-net saved to: ./r_nets/dutch/iter_1/beta_035/r_net_inaccurate_not_trusting.pth
2026-04-22 10:04:43,829 | INFO | --- Training r-net for Beta: 0.4
2026-04-22 10:04:43,829 | INFO | Training r-net | User: inaccurate_not_trusting | Beta: 0.4 | Iter: 1
2026-04-22 10:04:44,394 | DEBUG | Input Tensor Shape: torch.Size([2406, 11])
2026-04-22 10:04:45,037 | INFO | Epoch 1/20 - Loss: 0.9153
2026-04-22 10:04:45,371 | INFO | Epoch 2/20 - Loss: 0.9133
2026-04-22 10:04:45,647 | INFO | Epoch 3/20 - Loss: 0.9136
2026-04-22 10:04:45,715 | INFO | Epoch 4/20 - Loss: 0.9130
2026-04-22 10:04:45,989 | INFO | Epoch 5/20 - Loss: 0.9131
2026-04-22 10:04:46,025 | INFO | Epoch 6/20 - Loss: 0.9126
2026-04-22 10:04:46,269 | INFO | Epoch 7/20 - Loss: 0.9131
2026-04-22 10:04:46,309 | INFO | Epoch 8/20 - Loss: 0.9126
2026-04-22 10:04:46,345 | INFO | Epoch 9/20 - Loss: 0.9125
2026-04-22 10:04:46,381 | INFO | Epoch 10/20 - Loss: 0.9126
2026-04-22 10:04:46,417 | INFO | Epoch 11/20 - Loss: 0.9127
2026-04-22 10:04:46,454 | INFO | Epoch 12/20 - Loss: 0.9125
2026-04-22 10:04:46,490 | INFO | Epoch 13/20 - Loss: 0.9127
2026-04-22 10:04:46,527 | INFO | Epoch 14/20 - Loss: 0.9122
2026-04-22 10:04:46,563 | INFO | Epoch 15/20 - Loss: 0.9123
2026-04-22 10:04:47,225 | INFO | Epoch 16/20 - Loss: 0.9119
2026-04-22 10:04:47,432 | INFO | Epoch 17/20 - Loss: 0.9121
2026-04-22 10:04:48,168 | INFO | Epoch 18/20 - Loss: 0.9113
2026-04-22 10:04:48,205 | INFO | Epoch 19/20 - Loss: 0.9120
2026-04-22 10:04:48,240 | INFO | Epoch 20/20 - Loss: 0.9119
2026-04-22 10:04:48,242 | INFO | r-net saved to: ./r_nets/dutch/iter_1/beta_04/r_net_inaccurate_not_trusting.pth
2026-04-22 10:04:48,262 | INFO | --- Training r-net for Beta: 0.45
2026-04-22 10:04:48,262 | INFO | Training r-net | User: inaccurate_not_trusting | Beta: 0.45 | Iter: 1
2026-04-22 10:04:48,792 | DEBUG | Input Tensor Shape: torch.Size([2406, 11])
2026-04-22 10:04:49,024 | INFO | Epoch 1/20 - Loss: 0.8912
2026-04-22 10:04:49,602 | INFO | Epoch 2/20 - Loss: 0.8858
2026-04-22 10:04:50,150 | INFO | Epoch 3/20 - Loss: 0.8797
2026-04-22 10:04:50,198 | INFO | Epoch 4/20 - Loss: 0.8770
2026-04-22 10:04:50,633 | INFO | Epoch 5/20 - Loss: 0.8762
2026-04-22 10:04:50,998 | INFO | Epoch 6/20 - Loss: 0.8746
2026-04-22 10:04:51,092 | INFO | Epoch 7/20 - Loss: 0.8740
2026-04-22 10:04:51,482 | INFO | Epoch 8/20 - Loss: 0.8747
2026-04-22 10:04:52,149 | INFO | Epoch 9/20 - Loss: 0.8744
2026-04-22 10:04:52,196 | INFO | Epoch 10/20 - Loss: 0.8738
2026-04-22 10:04:52,242 | INFO | Epoch 11/20 - Loss: 0.8749
2026-04-22 10:04:52,912 | INFO | Epoch 12/20 - Loss: 0.8729
2026-04-22 10:04:52,949 | INFO | Epoch 13/20 - Loss: 0.8734
2026-04-22 10:04:53,197 | INFO | Epoch 14/20 - Loss: 0.8725
2026-04-22 10:04:53,289 | INFO | Epoch 15/20 - Loss: 0.8730
2026-04-22 10:04:53,330 | INFO | Epoch 16/20 - Loss: 0.8724
2026-04-22 10:04:53,367 | INFO | Epoch 17/20 - Loss: 0.8726
2026-04-22 10:04:53,403 | INFO | Epoch 18/20 - Loss: 0.8724
2026-04-22 10:04:53,439 | INFO | Epoch 19/20 - Loss: 0.8721
2026-04-22 10:04:53,475 | INFO | Epoch 20/20 - Loss: 0.8715
2026-04-22 10:04:53,477 | INFO | r-net saved to: ./r_nets/dutch/iter_1/beta_045/r_net_inaccurate_not_trusting.pth
2026-04-22 10:04:53,494 | INFO | --- Training r-net for Beta: 0.5
2026-04-22 10:04:53,494 | INFO | Training r-net | User: inaccurate_not_trusting | Beta: 0.5 | Iter: 1
2026-04-22 10:04:54,025 | DEBUG | Input Tensor Shape: torch.Size([2406, 11])
2026-04-22 10:04:54,154 | INFO | Epoch 1/20 - Loss: 0.8707
2026-04-22 10:04:54,751 | INFO | Epoch 2/20 - Loss: 0.8521
2026-04-22 10:04:54,992 | INFO | Epoch 3/20 - Loss: 0.8397
2026-04-22 10:04:55,034 | INFO | Epoch 4/20 - Loss: 0.8380
2026-04-22 10:04:55,070 | INFO | Epoch 5/20 - Loss: 0.8360
2026-04-22 10:04:55,106 | INFO | Epoch 6/20 - Loss: 0.8347
2026-04-22 10:04:55,143 | INFO | Epoch 7/20 - Loss: 0.8345
2026-04-22 10:04:55,180 | INFO | Epoch 8/20 - Loss: 0.8344
2026-04-22 10:04:55,217 | INFO | Epoch 9/20 - Loss: 0.8343
2026-04-22 10:04:55,253 | INFO | Epoch 10/20 - Loss: 0.8326
2026-04-22 10:04:55,324 | INFO | Epoch 11/20 - Loss: 0.8330
2026-04-22 10:04:55,374 | INFO | Epoch 12/20 - Loss: 0.8338
2026-04-22 10:04:55,411 | INFO | Epoch 13/20 - Loss: 0.8323
2026-04-22 10:04:55,448 | INFO | Epoch 14/20 - Loss: 0.8321
2026-04-22 10:04:55,484 | INFO | Epoch 15/20 - Loss: 0.8311
2026-04-22 10:04:55,520 | INFO | Epoch 16/20 - Loss: 0.8315
2026-04-22 10:04:55,558 | INFO | Epoch 17/20 - Loss: 0.8305
2026-04-22 10:04:55,594 | INFO | Epoch 18/20 - Loss: 0.8313
2026-04-22 10:04:55,632 | INFO | Epoch 19/20 - Loss: 0.8321
2026-04-22 10:04:55,668 | INFO | Epoch 20/20 - Loss: 0.8303
2026-04-22 10:04:55,672 | INFO | r-net saved to: ./r_nets/dutch/iter_1/beta_05/r_net_inaccurate_not_trusting.pth
2026-04-22 10:04:55,870 | INFO | --- R-NET TRAINING FINISHED | User: inaccurate_not_trusting | DS: dutch
2026-04-22 10:04:55,889 | INFO | STARTING R-NETS TRAINING | User: inaccurate_not_trusting | DS: dutch
2026-04-22 10:04:55,891 | INFO | --- Calibrating for iteration 2 ---
2026-04-22 10:04:55,891 | INFO | --- Training r-net for Beta: 0.2
2026-04-22 10:04:55,892 | INFO | Training r-net | User: inaccurate_not_trusting | Beta: 0.2 | Iter: 2
2026-04-22 10:04:56,476 | DEBUG | Input Tensor Shape: torch.Size([2418, 11])
2026-04-22 10:04:56,792 | INFO | Epoch 1/20 - Loss: 1.0582
2026-04-22 10:04:56,884 | INFO | Epoch 2/20 - Loss: 1.0560
2026-04-22 10:04:56,922 | INFO | Epoch 3/20 - Loss: 1.0557
2026-04-22 10:04:56,960 | INFO | Epoch 4/20 - Loss: 1.0554
2026-04-22 10:04:56,997 | INFO | Epoch 5/20 - Loss: 1.0562
2026-04-22 10:04:57,035 | INFO | Epoch 6/20 - Loss: 1.0552
2026-04-22 10:04:57,074 | INFO | Epoch 7/20 - Loss: 1.0550
2026-04-22 10:04:57,295 | INFO | Epoch 8/20 - Loss: 1.0549
2026-04-22 10:04:57,332 | INFO | Epoch 9/20 - Loss: 1.0549
2026-04-22 10:04:57,369 | INFO | Epoch 10/20 - Loss: 1.0548
2026-04-22 10:04:57,406 | INFO | Epoch 11/20 - Loss: 1.0546
2026-04-22 10:04:57,443 | INFO | Epoch 12/20 - Loss: 1.0544
2026-04-22 10:04:57,478 | INFO | Epoch 13/20 - Loss: 1.0540
2026-04-22 10:04:57,514 | INFO | Epoch 14/20 - Loss: 1.0539
2026-04-22 10:04:57,551 | INFO | Epoch 15/20 - Loss: 1.0538
2026-04-22 10:04:57,588 | INFO | Epoch 16/20 - Loss: 1.0536
2026-04-22 10:04:57,626 | INFO | Epoch 17/20 - Loss: 1.0536
2026-04-22 10:04:57,955 | INFO | Epoch 18/20 - Loss: 1.0534
2026-04-22 10:04:58,309 | INFO | Epoch 19/20 - Loss: 1.0536
2026-04-22 10:04:59,357 | INFO | Epoch 20/20 - Loss: 1.0532
2026-04-22 10:04:59,359 | INFO | r-net saved to: ./r_nets/dutch/iter_2/beta_02/r_net_inaccurate_not_trusting.pth
2026-04-22 10:04:59,555 | INFO | --- Training r-net for Beta: 0.25
2026-04-22 10:04:59,555 | INFO | Training r-net | User: inaccurate_not_trusting | Beta: 0.25 | Iter: 2
2026-04-22 10:05:00,142 | DEBUG | Input Tensor Shape: torch.Size([2418, 11])
2026-04-22 10:05:00,343 | INFO | Epoch 1/20 - Loss: 1.0417
2026-04-22 10:05:00,713 | INFO | Epoch 2/20 - Loss: 1.0302
2026-04-22 10:05:00,757 | INFO | Epoch 3/20 - Loss: 1.0257
2026-04-22 10:05:00,794 | INFO | Epoch 4/20 - Loss: 1.0251
2026-04-22 10:05:00,831 | INFO | Epoch 5/20 - Loss: 1.0249
2026-04-22 10:05:01,493 | INFO | Epoch 6/20 - Loss: 1.0244
2026-04-22 10:05:02,271 | INFO | Epoch 7/20 - Loss: 1.0232
2026-04-22 10:05:02,307 | INFO | Epoch 8/20 - Loss: 1.0219
2026-04-22 10:05:02,344 | INFO | Epoch 9/20 - Loss: 1.0222
2026-04-22 10:05:02,380 | INFO | Epoch 10/20 - Loss: 1.0225
2026-04-22 10:05:02,657 | INFO | Epoch 11/20 - Loss: 1.0220
2026-04-22 10:05:02,694 | INFO | Epoch 12/20 - Loss: 1.0221
2026-04-22 10:05:02,730 | INFO | Epoch 13/20 - Loss: 1.0205
2026-04-22 10:05:02,766 | INFO | Epoch 14/20 - Loss: 1.0218
2026-04-22 10:05:02,802 | INFO | Epoch 15/20 - Loss: 1.0215
2026-04-22 10:05:02,837 | INFO | Epoch 16/20 - Loss: 1.0207
2026-04-22 10:05:02,872 | INFO | Epoch 17/20 - Loss: 1.0211
2026-04-22 10:05:02,909 | INFO | Epoch 18/20 - Loss: 1.0213
2026-04-22 10:05:02,945 | INFO | Epoch 19/20 - Loss: 1.0205
2026-04-22 10:05:02,982 | INFO | Epoch 20/20 - Loss: 1.0206
2026-04-22 10:05:02,983 | INFO | r-net saved to: ./r_nets/dutch/iter_2/beta_025/r_net_inaccurate_not_trusting.pth
2026-04-22 10:05:03,002 | INFO | --- Training r-net for Beta: 0.3
2026-04-22 10:05:03,002 | INFO | Training r-net | User: inaccurate_not_trusting | Beta: 0.3 | Iter: 2
2026-04-22 10:05:03,579 | DEBUG | Input Tensor Shape: torch.Size([2418, 11])
2026-04-22 10:05:04,086 | INFO | Epoch 1/20 - Loss: 0.9966
2026-04-22 10:05:04,475 | INFO | Epoch 2/20 - Loss: 0.9924
2026-04-22 10:05:04,511 | INFO | Epoch 3/20 - Loss: 0.9894
2026-04-22 10:05:04,622 | INFO | Epoch 4/20 - Loss: 0.9877
2026-04-22 10:05:04,658 | INFO | Epoch 5/20 - Loss: 0.9878
2026-04-22 10:05:04,748 | INFO | Epoch 6/20 - Loss: 0.9870
2026-04-22 10:05:05,411 | INFO | Epoch 7/20 - Loss: 0.9868
2026-04-22 10:05:06,073 | INFO | Epoch 8/20 - Loss: 0.9867
2026-04-22 10:05:06,385 | INFO | Epoch 9/20 - Loss: 0.9862
2026-04-22 10:05:06,900 | INFO | Epoch 10/20 - Loss: 0.9860
2026-04-22 10:05:06,936 | INFO | Epoch 11/20 - Loss: 0.9868
2026-04-22 10:05:07,198 | INFO | Epoch 12/20 - Loss: 0.9860
2026-04-22 10:05:07,383 | INFO | Epoch 13/20 - Loss: 0.9858
2026-04-22 10:05:07,418 | INFO | Epoch 14/20 - Loss: 0.9857
2026-04-22 10:05:07,453 | INFO | Epoch 15/20 - Loss: 0.9850
2026-04-22 10:05:07,490 | INFO | Epoch 16/20 - Loss: 0.9853
2026-04-22 10:05:07,526 | INFO | Epoch 17/20 - Loss: 0.9850
2026-04-22 10:05:07,562 | INFO | Epoch 18/20 - Loss: 0.9847
2026-04-22 10:05:07,634 | INFO | Epoch 19/20 - Loss: 0.9847
2026-04-22 10:05:07,996 | INFO | Epoch 20/20 - Loss: 0.9847
2026-04-22 10:05:07,997 | INFO | r-net saved to: ./r_nets/dutch/iter_2/beta_03/r_net_inaccurate_not_trusting.pth
2026-04-22 10:05:08,025 | INFO | --- Training r-net for Beta: 0.35
2026-04-22 10:05:08,025 | INFO | Training r-net | User: inaccurate_not_trusting | Beta: 0.35 | Iter: 2
2026-04-22 10:05:08,560 | DEBUG | Input Tensor Shape: torch.Size([2418, 11])
2026-04-22 10:05:08,865 | INFO | Epoch 1/20 - Loss: 0.9524
2026-04-22 10:05:08,903 | INFO | Epoch 2/20 - Loss: 0.9513
2026-04-22 10:05:08,941 | INFO | Epoch 3/20 - Loss: 0.9505
2026-04-22 10:05:08,997 | INFO | Epoch 4/20 - Loss: 0.9502
2026-04-22 10:05:09,775 | INFO | Epoch 5/20 - Loss: 0.9502
2026-04-22 10:05:10,645 | INFO | Epoch 6/20 - Loss: 0.9501
2026-04-22 10:05:10,685 | INFO | Epoch 7/20 - Loss: 0.9503
2026-04-22 10:05:10,722 | INFO | Epoch 8/20 - Loss: 0.9499
2026-04-22 10:05:10,762 | INFO | Epoch 9/20 - Loss: 0.9495
2026-04-22 10:05:10,799 | INFO | Epoch 10/20 - Loss: 0.9497
2026-04-22 10:05:10,836 | INFO | Epoch 11/20 - Loss: 0.9489
2026-04-22 10:05:10,872 | INFO | Epoch 12/20 - Loss: 0.9489
2026-04-22 10:05:10,908 | INFO | Epoch 13/20 - Loss: 0.9490
2026-04-22 10:05:10,944 | INFO | Epoch 14/20 - Loss: 0.9482
2026-04-22 10:05:10,980 | INFO | Epoch 15/20 - Loss: 0.9488
2026-04-22 10:05:11,143 | INFO | Epoch 16/20 - Loss: 0.9486
2026-04-22 10:05:11,209 | INFO | Epoch 17/20 - Loss: 0.9484
2026-04-22 10:05:11,245 | INFO | Epoch 18/20 - Loss: 0.9488
2026-04-22 10:05:11,281 | INFO | Epoch 19/20 - Loss: 0.9482
2026-04-22 10:05:11,317 | INFO | Epoch 20/20 - Loss: 0.9481
2026-04-22 10:05:11,319 | INFO | r-net saved to: ./r_nets/dutch/iter_2/beta_035/r_net_inaccurate_not_trusting.pth
2026-04-22 10:05:11,336 | INFO | --- Training r-net for Beta: 0.4
2026-04-22 10:05:11,336 | INFO | Training r-net | User: inaccurate_not_trusting | Beta: 0.4 | Iter: 2
2026-04-22 10:05:11,904 | DEBUG | Input Tensor Shape: torch.Size([2418, 11])
2026-04-22 10:05:11,950 | INFO | Epoch 1/20 - Loss: 0.9126
2026-04-22 10:05:11,986 | INFO | Epoch 2/20 - Loss: 0.9122
2026-04-22 10:05:12,021 | INFO | Epoch 3/20 - Loss: 0.9120
2026-04-22 10:05:12,056 | INFO | Epoch 4/20 - Loss: 0.9119
2026-04-22 10:05:12,092 | INFO | Epoch 5/20 - Loss: 0.9115
2026-04-22 10:05:12,127 | INFO | Epoch 6/20 - Loss: 0.9113
2026-04-22 10:05:12,162 | INFO | Epoch 7/20 - Loss: 0.9110
2026-04-22 10:05:12,713 | INFO | Epoch 8/20 - Loss: 0.9104
2026-04-22 10:05:13,661 | INFO | Epoch 9/20 - Loss: 0.9106
2026-04-22 10:05:13,697 | INFO | Epoch 10/20 - Loss: 0.9102
2026-04-22 10:05:13,733 | INFO | Epoch 11/20 - Loss: 0.9099
2026-04-22 10:05:13,772 | INFO | Epoch 12/20 - Loss: 0.9106
2026-04-22 10:05:13,807 | INFO | Epoch 13/20 - Loss: 0.9101
2026-04-22 10:05:13,842 | INFO | Epoch 14/20 - Loss: 0.9101
2026-04-22 10:05:13,877 | INFO | Epoch 15/20 - Loss: 0.9099
2026-04-22 10:05:13,912 | INFO | Epoch 16/20 - Loss: 0.9097
2026-04-22 10:05:13,947 | INFO | Epoch 17/20 - Loss: 0.9098
2026-04-22 10:05:13,982 | INFO | Epoch 18/20 - Loss: 0.9099
2026-04-22 10:05:14,017 | INFO | Epoch 19/20 - Loss: 0.9095
2026-04-22 10:05:14,053 | INFO | Epoch 20/20 - Loss: 0.9100
2026-04-22 10:05:14,054 | INFO | r-net saved to: ./r_nets/dutch/iter_2/beta_04/r_net_inaccurate_not_trusting.pth
2026-04-22 10:05:14,072 | INFO | --- Training r-net for Beta: 0.45
2026-04-22 10:05:14,072 | INFO | Training r-net | User: inaccurate_not_trusting | Beta: 0.45 | Iter: 2
2026-04-22 10:05:14,605 | DEBUG | Input Tensor Shape: torch.Size([2418, 11])
2026-04-22 10:05:15,770 | INFO | Epoch 1/20 - Loss: 0.8736
2026-04-22 10:05:16,328 | INFO | Epoch 2/20 - Loss: 0.8730
2026-04-22 10:05:17,144 | INFO | Epoch 3/20 - Loss: 0.8725
2026-04-22 10:05:18,508 | INFO | Epoch 4/20 - Loss: 0.8715
2026-04-22 10:05:18,982 | INFO | Epoch 5/20 - Loss: 0.8713
2026-04-22 10:05:19,446 | INFO | Epoch 6/20 - Loss: 0.8716
2026-04-22 10:05:20,463 | INFO | Epoch 7/20 - Loss: 0.8710
2026-04-22 10:05:21,194 | INFO | Epoch 8/20 - Loss: 0.8714
2026-04-22 10:05:21,307 | INFO | Epoch 9/20 - Loss: 0.8710
2026-04-22 10:05:21,939 | INFO | Epoch 10/20 - Loss: 0.8707
2026-04-22 10:05:22,534 | INFO | Epoch 11/20 - Loss: 0.8705
2026-04-22 10:05:22,635 | INFO | Epoch 12/20 - Loss: 0.8706
2026-04-22 10:05:23,601 | INFO | Epoch 13/20 - Loss: 0.8703
2026-04-22 10:05:23,731 | INFO | Epoch 14/20 - Loss: 0.8704
2026-04-22 10:05:24,036 | INFO | Epoch 15/20 - Loss: 0.8704
2026-04-22 10:05:24,350 | INFO | Epoch 16/20 - Loss: 0.8700
2026-04-22 10:05:24,832 | INFO | Epoch 17/20 - Loss: 0.8697
2026-04-22 10:05:25,338 | INFO | Epoch 18/20 - Loss: 0.8699
2026-04-22 10:05:26,444 | INFO | Epoch 19/20 - Loss: 0.8700
2026-04-22 10:05:27,097 | INFO | Epoch 20/20 - Loss: 0.8693
2026-04-22 10:05:27,099 | INFO | r-net saved to: ./r_nets/dutch/iter_2/beta_045/r_net_inaccurate_not_trusting.pth
2026-04-22 10:05:27,143 | INFO | --- Training r-net for Beta: 0.5
2026-04-22 10:05:27,143 | INFO | Training r-net | User: inaccurate_not_trusting | Beta: 0.5 | Iter: 2
2026-04-22 10:05:27,704 | DEBUG | Input Tensor Shape: torch.Size([2418, 11])
2026-04-22 10:05:28,842 | INFO | Epoch 1/20 - Loss: 0.8289
2026-04-22 10:05:29,540 | INFO | Epoch 2/20 - Loss: 0.8281
2026-04-22 10:05:29,576 | INFO | Epoch 3/20 - Loss: 0.8277
2026-04-22 10:05:29,612 | INFO | Epoch 4/20 - Loss: 0.8276
2026-04-22 10:05:29,649 | INFO | Epoch 5/20 - Loss: 0.8275
2026-04-22 10:05:29,685 | INFO | Epoch 6/20 - Loss: 0.8274
2026-04-22 10:05:29,720 | INFO | Epoch 7/20 - Loss: 0.8273
2026-04-22 10:05:29,759 | INFO | Epoch 8/20 - Loss: 0.8273
2026-04-22 10:05:29,794 | INFO | Epoch 9/20 - Loss: 0.8272
2026-04-22 10:05:29,830 | INFO | Epoch 10/20 - Loss: 0.8271
2026-04-22 10:05:29,987 | INFO | Epoch 11/20 - Loss: 0.8268
2026-04-22 10:05:30,024 | INFO | Epoch 12/20 - Loss: 0.8269
2026-04-22 10:05:30,059 | INFO | Epoch 13/20 - Loss: 0.8263
2026-04-22 10:05:30,094 | INFO | Epoch 14/20 - Loss: 0.8266
2026-04-22 10:05:30,544 | INFO | Epoch 15/20 - Loss: 0.8264
2026-04-22 10:05:30,923 | INFO | Epoch 16/20 - Loss: 0.8264
2026-04-22 10:05:30,958 | INFO | Epoch 17/20 - Loss: 0.8263
2026-04-22 10:05:30,995 | INFO | Epoch 18/20 - Loss: 0.8261
2026-04-22 10:05:31,031 | INFO | Epoch 19/20 - Loss: 0.8262
2026-04-22 10:05:31,066 | INFO | Epoch 20/20 - Loss: 0.8259
2026-04-22 10:05:31,068 | INFO | r-net saved to: ./r_nets/dutch/iter_2/beta_05/r_net_inaccurate_not_trusting.pth
2026-04-22 10:05:31,086 | INFO | --- R-NET TRAINING FINISHED | User: inaccurate_not_trusting | DS: dutch
2026-04-22 10:05:31,098 | INFO | STARTING R-NETS TRAINING | User: inaccurate_not_trusting | DS: dutch
2026-04-22 10:05:31,100 | INFO | --- Calibrating for iteration 3 ---
2026-04-22 10:05:31,100 | INFO | --- Training r-net for Beta: 0.2
2026-04-22 10:05:31,100 | INFO | Training r-net | User: inaccurate_not_trusting | Beta: 0.2 | Iter: 3
2026-04-22 10:05:31,686 | DEBUG | Input Tensor Shape: torch.Size([2411, 11])
2026-04-22 10:05:32,525 | INFO | Epoch 1/20 - Loss: 1.0520
2026-04-22 10:05:32,890 | INFO | Epoch 2/20 - Loss: 1.0516
2026-04-22 10:05:32,918 | INFO | Epoch 3/20 - Loss: 1.0514
2026-04-22 10:05:32,978 | INFO | Epoch 4/20 - Loss: 1.0513
2026-04-22 10:05:33,072 | INFO | Epoch 5/20 - Loss: 1.0515
2026-04-22 10:05:33,112 | INFO | Epoch 6/20 - Loss: 1.0513
2026-04-22 10:05:33,163 | INFO | Epoch 7/20 - Loss: 1.0510
2026-04-22 10:05:33,764 | INFO | Epoch 8/20 - Loss: 1.0510
2026-04-22 10:05:34,115 | INFO | Epoch 9/20 - Loss: 1.0508
2026-04-22 10:05:34,897 | INFO | Epoch 10/20 - Loss: 1.0511
2026-04-22 10:05:35,756 | INFO | Epoch 11/20 - Loss: 1.0508
2026-04-22 10:05:36,499 | INFO | Epoch 12/20 - Loss: 1.0505
2026-04-22 10:05:37,149 | INFO | Epoch 13/20 - Loss: 1.0508
2026-04-22 10:05:37,352 | INFO | Epoch 14/20 - Loss: 1.0508
2026-04-22 10:05:37,389 | INFO | Epoch 15/20 - Loss: 1.0505
2026-04-22 10:05:37,425 | INFO | Epoch 16/20 - Loss: 1.0501
2026-04-22 10:05:37,812 | INFO | Epoch 17/20 - Loss: 1.0504
2026-04-22 10:05:38,731 | INFO | Epoch 18/20 - Loss: 1.0503
2026-04-22 10:05:39,041 | INFO | Epoch 19/20 - Loss: 1.0498
2026-04-22 10:05:39,808 | INFO | Epoch 20/20 - Loss: 1.0496
2026-04-22 10:05:39,810 | INFO | r-net saved to: ./r_nets/dutch/iter_3/beta_02/r_net_inaccurate_not_trusting.pth
2026-04-22 10:05:39,999 | INFO | --- Training r-net for Beta: 0.25
2026-04-22 10:05:40,000 | INFO | Training r-net | User: inaccurate_not_trusting | Beta: 0.25 | Iter: 3
2026-04-22 10:05:40,538 | DEBUG | Input Tensor Shape: torch.Size([2411, 11])
2026-04-22 10:05:41,597 | INFO | Epoch 1/20 - Loss: 1.0191
2026-04-22 10:05:42,648 | INFO | Epoch 2/20 - Loss: 1.0190
2026-04-22 10:05:42,764 | INFO | Epoch 3/20 - Loss: 1.0184
2026-04-22 10:05:42,800 | INFO | Epoch 4/20 - Loss: 1.0185
2026-04-22 10:05:42,836 | INFO | Epoch 5/20 - Loss: 1.0185
2026-04-22 10:05:42,873 | INFO | Epoch 6/20 - Loss: 1.0182
2026-04-22 10:05:42,909 | INFO | Epoch 7/20 - Loss: 1.0183
2026-04-22 10:05:42,945 | INFO | Epoch 8/20 - Loss: 1.0180
2026-04-22 10:05:43,152 | INFO | Epoch 9/20 - Loss: 1.0181
2026-04-22 10:05:43,547 | INFO | Epoch 10/20 - Loss: 1.0177
2026-04-22 10:05:43,584 | INFO | Epoch 11/20 - Loss: 1.0177
2026-04-22 10:05:45,012 | INFO | Epoch 12/20 - Loss: 1.0174
2026-04-22 10:05:45,231 | INFO | Epoch 13/20 - Loss: 1.0173
2026-04-22 10:05:45,268 | INFO | Epoch 14/20 - Loss: 1.0174
2026-04-22 10:05:45,303 | INFO | Epoch 15/20 - Loss: 1.0169
2026-04-22 10:05:45,339 | INFO | Epoch 16/20 - Loss: 1.0173
2026-04-22 10:05:45,374 | INFO | Epoch 17/20 - Loss: 1.0167
2026-04-22 10:05:45,409 | INFO | Epoch 18/20 - Loss: 1.0166
2026-04-22 10:05:45,444 | INFO | Epoch 19/20 - Loss: 1.0164
2026-04-22 10:05:45,480 | INFO | Epoch 20/20 - Loss: 1.0163
2026-04-22 10:05:45,482 | INFO | r-net saved to: ./r_nets/dutch/iter_3/beta_025/r_net_inaccurate_not_trusting.pth
2026-04-22 10:05:45,499 | INFO | --- Training r-net for Beta: 0.3
2026-04-22 10:05:45,499 | INFO | Training r-net | User: inaccurate_not_trusting | Beta: 0.3 | Iter: 3
2026-04-22 10:05:46,028 | DEBUG | Input Tensor Shape: torch.Size([2411, 11])
2026-04-22 10:05:46,434 | INFO | Epoch 1/20 - Loss: 0.9879
2026-04-22 10:05:46,762 | INFO | Epoch 2/20 - Loss: 0.9851
2026-04-22 10:05:47,258 | INFO | Epoch 3/20 - Loss: 0.9845
2026-04-22 10:05:47,797 | INFO | Epoch 4/20 - Loss: 0.9842
2026-04-22 10:05:48,775 | INFO | Epoch 5/20 - Loss: 0.9843
2026-04-22 10:05:49,549 | INFO | Epoch 6/20 - Loss: 0.9844
2026-04-22 10:05:49,874 | INFO | Epoch 7/20 - Loss: 0.9839
2026-04-22 10:05:50,117 | INFO | Epoch 8/20 - Loss: 0.9838
2026-04-22 10:05:50,152 | INFO | Epoch 9/20 - Loss: 0.9832
2026-04-22 10:05:50,188 | INFO | Epoch 10/20 - Loss: 0.9838
2026-04-22 10:05:50,224 | INFO | Epoch 11/20 - Loss: 0.9835
2026-04-22 10:05:50,260 | INFO | Epoch 12/20 - Loss: 0.9835
2026-04-22 10:05:50,303 | INFO | Epoch 13/20 - Loss: 0.9831
2026-04-22 10:05:50,381 | INFO | Epoch 14/20 - Loss: 0.9829
2026-04-22 10:05:51,324 | INFO | Epoch 15/20 - Loss: 0.9830
2026-04-22 10:05:51,387 | INFO | Epoch 16/20 - Loss: 0.9832
2026-04-22 10:05:52,312 | INFO | Epoch 17/20 - Loss: 0.9829
2026-04-22 10:05:53,084 | INFO | Epoch 18/20 - Loss: 0.9826
2026-04-22 10:05:53,172 | INFO | Epoch 19/20 - Loss: 0.9823
2026-04-22 10:05:53,210 | INFO | Epoch 20/20 - Loss: 0.9825
2026-04-22 10:05:53,212 | INFO | r-net saved to: ./r_nets/dutch/iter_3/beta_03/r_net_inaccurate_not_trusting.pth
2026-04-22 10:05:53,229 | INFO | --- Training r-net for Beta: 0.35
2026-04-22 10:05:53,229 | INFO | Training r-net | User: inaccurate_not_trusting | Beta: 0.35 | Iter: 3
2026-04-22 10:05:53,797 | DEBUG | Input Tensor Shape: torch.Size([2411, 11])
2026-04-22 10:05:53,839 | INFO | Epoch 1/20 - Loss: 0.9506
2026-04-22 10:05:54,995 | INFO | Epoch 2/20 - Loss: 0.9496
2026-04-22 10:05:55,385 | INFO | Epoch 3/20 - Loss: 0.9485
2026-04-22 10:05:55,446 | INFO | Epoch 4/20 - Loss: 0.9486
2026-04-22 10:05:55,498 | INFO | Epoch 5/20 - Loss: 0.9481
2026-04-22 10:05:56,689 | INFO | Epoch 6/20 - Loss: 0.9481
2026-04-22 10:05:56,725 | INFO | Epoch 7/20 - Loss: 0.9477
2026-04-22 10:05:56,761 | INFO | Epoch 8/20 - Loss: 0.9470
2026-04-22 10:05:56,798 | INFO | Epoch 9/20 - Loss: 0.9477
2026-04-22 10:05:56,834 | INFO | Epoch 10/20 - Loss: 0.9467
2026-04-22 10:05:56,870 | INFO | Epoch 11/20 - Loss: 0.9473
2026-04-22 10:05:56,907 | INFO | Epoch 12/20 - Loss: 0.9472
2026-04-22 10:05:56,991 | INFO | Epoch 13/20 - Loss: 0.9468
2026-04-22 10:05:57,026 | INFO | Epoch 14/20 - Loss: 0.9465
2026-04-22 10:05:57,062 | INFO | Epoch 15/20 - Loss: 0.9462
2026-04-22 10:05:57,098 | INFO | Epoch 16/20 - Loss: 0.9463
2026-04-22 10:05:57,134 | INFO | Epoch 17/20 - Loss: 0.9463
2026-04-22 10:05:57,171 | INFO | Epoch 18/20 - Loss: 0.9461
2026-04-22 10:05:57,207 | INFO | Epoch 19/20 - Loss: 0.9461
2026-04-22 10:05:57,243 | INFO | Epoch 20/20 - Loss: 0.9466
2026-04-22 10:05:57,245 | INFO | r-net saved to: ./r_nets/dutch/iter_3/beta_035/r_net_inaccurate_not_trusting.pth
2026-04-22 10:05:57,263 | INFO | --- Training r-net for Beta: 0.4
2026-04-22 10:05:57,263 | INFO | Training r-net | User: inaccurate_not_trusting | Beta: 0.4 | Iter: 3
2026-04-22 10:05:57,821 | DEBUG | Input Tensor Shape: torch.Size([2411, 11])
2026-04-22 10:05:58,761 | INFO | Epoch 1/20 - Loss: 0.9439
2026-04-22 10:05:59,584 | INFO | Epoch 2/20 - Loss: 0.9313
2026-04-22 10:06:00,120 | INFO | Epoch 3/20 - Loss: 0.9193
2026-04-22 10:06:01,063 | INFO | Epoch 4/20 - Loss: 0.9124
2026-04-22 10:06:01,508 | INFO | Epoch 5/20 - Loss: 0.9118
2026-04-22 10:06:01,832 | INFO | Epoch 6/20 - Loss: 0.9109
2026-04-22 10:06:02,314 | INFO | Epoch 7/20 - Loss: 0.9114
2026-04-22 10:06:02,662 | INFO | Epoch 8/20 - Loss: 0.9106
2026-04-22 10:06:03,428 | INFO | Epoch 9/20 - Loss: 0.9102
2026-04-22 10:06:04,045 | INFO | Epoch 10/20 - Loss: 0.9106
2026-04-22 10:06:04,131 | INFO | Epoch 11/20 - Loss: 0.9091
2026-04-22 10:06:04,169 | INFO | Epoch 12/20 - Loss: 0.9095
2026-04-22 10:06:04,206 | INFO | Epoch 13/20 - Loss: 0.9082
2026-04-22 10:06:04,242 | INFO | Epoch 14/20 - Loss: 0.9084
2026-04-22 10:06:04,278 | INFO | Epoch 15/20 - Loss: 0.9088
2026-04-22 10:06:04,315 | INFO | Epoch 16/20 - Loss: 0.9092
2026-04-22 10:06:04,352 | INFO | Epoch 17/20 - Loss: 0.9083
2026-04-22 10:06:04,389 | INFO | Epoch 18/20 - Loss: 0.9077
2026-04-22 10:06:04,703 | INFO | Epoch 19/20 - Loss: 0.9084
2026-04-22 10:06:05,868 | INFO | Epoch 20/20 - Loss: 0.9080
2026-04-22 10:06:05,870 | INFO | r-net saved to: ./r_nets/dutch/iter_3/beta_04/r_net_inaccurate_not_trusting.pth
2026-04-22 10:06:06,017 | INFO | --- Training r-net for Beta: 0.45
2026-04-22 10:06:06,017 | INFO | Training r-net | User: inaccurate_not_trusting | Beta: 0.45 | Iter: 3
2026-04-22 10:06:06,601 | DEBUG | Input Tensor Shape: torch.Size([2411, 11])
2026-04-22 10:06:07,077 | INFO | Epoch 1/20 - Loss: 0.8686
2026-04-22 10:06:07,569 | INFO | Epoch 2/20 - Loss: 0.8683
2026-04-22 10:06:07,757 | INFO | Epoch 3/20 - Loss: 0.8684
2026-04-22 10:06:07,840 | INFO | Epoch 4/20 - Loss: 0.8682
2026-04-22 10:06:07,937 | INFO | Epoch 5/20 - Loss: 0.8681
2026-04-22 10:06:07,998 | INFO | Epoch 6/20 - Loss: 0.8681
2026-04-22 10:06:08,710 | INFO | Epoch 7/20 - Loss: 0.8679
2026-04-22 10:06:09,176 | INFO | Epoch 8/20 - Loss: 0.8680
2026-04-22 10:06:10,064 | INFO | Epoch 9/20 - Loss: 0.8679
2026-04-22 10:06:10,502 | INFO | Epoch 10/20 - Loss: 0.8678
2026-04-22 10:06:10,926 | INFO | Epoch 11/20 - Loss: 0.8677
2026-04-22 10:06:11,240 | INFO | Epoch 12/20 - Loss: 0.8675
2026-04-22 10:06:12,027 | INFO | Epoch 13/20 - Loss: 0.8675
2026-04-22 10:06:12,571 | INFO | Epoch 14/20 - Loss: 0.8671
2026-04-22 10:06:12,971 | INFO | Epoch 15/20 - Loss: 0.8673
2026-04-22 10:06:13,948 | INFO | Epoch 16/20 - Loss: 0.8671
2026-04-22 10:06:14,200 | INFO | Epoch 17/20 - Loss: 0.8673
2026-04-22 10:06:14,383 | INFO | Epoch 18/20 - Loss: 0.8667
2026-04-22 10:06:14,417 | INFO | Epoch 19/20 - Loss: 0.8667
2026-04-22 10:06:14,446 | INFO | Epoch 20/20 - Loss: 0.8668
2026-04-22 10:06:14,447 | INFO | r-net saved to: ./r_nets/dutch/iter_3/beta_045/r_net_inaccurate_not_trusting.pth
2026-04-22 10:06:14,463 | INFO | --- Training r-net for Beta: 0.5
2026-04-22 10:06:14,463 | INFO | Training r-net | User: inaccurate_not_trusting | Beta: 0.5 | Iter: 3
2026-04-22 10:06:15,010 | DEBUG | Input Tensor Shape: torch.Size([2411, 11])
2026-04-22 10:06:15,306 | INFO | Epoch 1/20 - Loss: 0.8266
2026-04-22 10:06:16,052 | INFO | Epoch 2/20 - Loss: 0.8259
2026-04-22 10:06:16,594 | INFO | Epoch 3/20 - Loss: 0.8259
2026-04-22 10:06:16,632 | INFO | Epoch 4/20 - Loss: 0.8252
2026-04-22 10:06:16,670 | INFO | Epoch 5/20 - Loss: 0.8250
2026-04-22 10:06:16,708 | INFO | Epoch 6/20 - Loss: 0.8245
2026-04-22 10:06:16,745 | INFO | Epoch 7/20 - Loss: 0.8245
2026-04-22 10:06:16,782 | INFO | Epoch 8/20 - Loss: 0.8245
2026-04-22 10:06:16,820 | INFO | Epoch 9/20 - Loss: 0.8243
2026-04-22 10:06:17,334 | INFO | Epoch 10/20 - Loss: 0.8239
2026-04-22 10:06:18,575 | INFO | Epoch 11/20 - Loss: 0.8237
2026-04-22 10:06:19,024 | INFO | Epoch 12/20 - Loss: 0.8237
2026-04-22 10:06:19,535 | INFO | Epoch 13/20 - Loss: 0.8236
2026-04-22 10:06:19,880 | INFO | Epoch 14/20 - Loss: 0.8236
2026-04-22 10:06:19,917 | INFO | Epoch 15/20 - Loss: 0.8230
2026-04-22 10:06:20,222 | INFO | Epoch 16/20 - Loss: 0.8234
2026-04-22 10:06:20,483 | INFO | Epoch 17/20 - Loss: 0.8229
2026-04-22 10:06:20,519 | INFO | Epoch 18/20 - Loss: 0.8229
2026-04-22 10:06:20,589 | INFO | Epoch 19/20 - Loss: 0.8228
2026-04-22 10:06:21,059 | INFO | Epoch 20/20 - Loss: 0.8228
2026-04-22 10:06:21,061 | INFO | r-net saved to: ./r_nets/dutch/iter_3/beta_05/r_net_inaccurate_not_trusting.pth
2026-04-22 10:06:21,078 | INFO | --- R-NET TRAINING FINISHED | User: inaccurate_not_trusting | DS: dutch
