2026-04-19 17:56:02,015 | INFO | STARTING MIC RUN | User: accurate_trusting | DS: dutch
2026-04-19 17:56:02,015 | INFO | ---  ITERATION 1/3 ---
2026-04-19 17:56:02,015 | DEBUG | RETRIEVING NET | User accurate_trusting | Iter 1 | NET 32_16_model_*.pt
2026-04-19 17:56:02,021 | INFO | Loaded Tau: 0.6799999999999999, iter 1
2026-04-19 17:56:02,021 | INFO | STARTING STRAT Confidence | USER accurate_trusting | Iter 1
2026-04-19 17:56:02,021 | INFO | Iteration 1 starting with benchmark: 65.00, delta: 0.05
2026-04-19 18:05:50,394 | INFO | Finished Iteration 1, strat Confidence | System EA: 83.50 | Delta: 0.05
2026-04-19 18:05:50,401 | INFO | Saved Strat 1 results to: ./processed_data/dutch/mic_result_ds/iter_1/results_acc_t/strats/Confidence.parquet
2026-04-19 18:05:50,401 | INFO | STARTING STRAT Mao | USER accurate_trusting | Iter 1
2026-04-19 18:05:50,402 | INFO |  Current Beta 0.1 | Start Perf: 65.00
2026-04-19 18:05:50,402 | DEBUG | RETRIEVING NET | User accurate_trusting | Iter 1
2026-04-19 18:05:50,404 | DEBUG | RETRIEVING R-NET | PATH ./r_nets/dutch/iter_1/beta_01/r_net_accurate_trusting.pth
2026-04-19 18:15:26,377 | INFO | Beta 01 | Iteration 1 | System EA: 89.09
2026-04-19 18:15:26,385 | INFO | Saved Strat 2, Beta 0.1 results to: ./processed_data/dutch/mic_result_ds/iter_1/results_acc_t/strats/Mao_beta_01.parquet
2026-04-19 18:15:26,385 | INFO |  Current Beta 0.3 | Start Perf: 65.00
2026-04-19 18:15:26,385 | DEBUG | RETRIEVING NET | User accurate_trusting | Iter 1
2026-04-19 18:15:26,387 | DEBUG | RETRIEVING R-NET | PATH ./r_nets/dutch/iter_1/beta_03/r_net_accurate_trusting.pth
2026-04-19 18:25:14,144 | INFO | Beta 03 | Iteration 1 | System EA: 80.04
2026-04-19 18:25:14,152 | INFO | Saved Strat 2, Beta 0.3 results to: ./processed_data/dutch/mic_result_ds/iter_1/results_acc_t/strats/Mao_beta_03.parquet
2026-04-19 18:25:14,152 | INFO |  Current Beta 0.5 | Start Perf: 65.00
2026-04-19 18:25:14,152 | DEBUG | RETRIEVING NET | User accurate_trusting | Iter 1
2026-04-19 18:25:14,154 | DEBUG | RETRIEVING R-NET | PATH ./r_nets/dutch/iter_1/beta_05/r_net_accurate_trusting.pth
2026-04-19 18:34:35,829 | INFO | Beta 05 | Iteration 1 | System EA: 70.58
2026-04-19 18:34:35,838 | INFO | Saved Strat 2, Beta 0.5 results to: ./processed_data/dutch/mic_result_ds/iter_1/results_acc_t/strats/Mao_beta_05.parquet
2026-04-19 18:34:35,838 | INFO |  Current Beta 0.7 | Start Perf: 65.00
2026-04-19 18:34:35,838 | DEBUG | RETRIEVING NET | User accurate_trusting | Iter 1
2026-04-19 18:34:35,840 | DEBUG | RETRIEVING R-NET | PATH ./r_nets/dutch/iter_1/beta_07/r_net_accurate_trusting.pth
2026-04-19 18:44:39,822 | INFO | Beta 07 | Iteration 1 | System EA: 70.58
2026-04-19 18:44:39,831 | INFO | Saved Strat 2, Beta 0.7 results to: ./processed_data/dutch/mic_result_ds/iter_1/results_acc_t/strats/Mao_beta_07.parquet
2026-04-19 18:44:39,831 | INFO |  Current Beta 0.9 | Start Perf: 65.00
2026-04-19 18:44:39,831 | DEBUG | RETRIEVING NET | User accurate_trusting | Iter 1
2026-04-19 18:44:39,834 | DEBUG | RETRIEVING R-NET | PATH ./r_nets/dutch/iter_1/beta_09/r_net_accurate_trusting.pth
2026-04-19 18:55:32,232 | INFO | Beta 09 | Iteration 1 | System EA: 70.58
2026-04-19 18:55:32,241 | INFO | Saved Strat 2, Beta 0.9 results to: ./processed_data/dutch/mic_result_ds/iter_1/results_acc_t/strats/Mao_beta_09.parquet
2026-04-19 18:55:32,249 | INFO | STARTING MIC RUN | User: accurate_trusting | DS: dutch
2026-04-19 18:55:32,249 | INFO | ---  ITERATION 2/3 ---
2026-04-19 18:55:32,249 | DEBUG | RETRIEVING NET | User accurate_trusting | Iter 2 | NET 32_16_model_*.pt
2026-04-19 18:55:32,260 | INFO | Loaded Tau: 0.67, iter 2
2026-04-19 18:55:32,260 | INFO | STARTING STRAT Confidence | USER accurate_trusting | Iter 2
2026-04-19 18:55:32,260 | INFO | Iteration 2 starting with benchmark: 83.50, delta: 0.05
2026-04-19 19:06:25,932 | INFO | Finished Iteration 2, strat Confidence | System EA: 84.32 | Delta: 0.05
2026-04-19 19:06:25,941 | INFO | Saved Strat 1 results to: ./processed_data/dutch/mic_result_ds/iter_2/results_acc_t/strats/Confidence.parquet
2026-04-19 19:06:25,941 | INFO | STARTING STRAT Mao | USER accurate_trusting | Iter 2
2026-04-19 19:06:25,941 | INFO |  Current Beta 0.1 | Start Perf: 89.09
2026-04-19 19:06:25,941 | DEBUG | RETRIEVING NET | User accurate_trusting | Iter 2
2026-04-19 19:06:25,943 | DEBUG | RETRIEVING R-NET | PATH ./r_nets/dutch/iter_2/beta_01/r_net_accurate_trusting.pth
2026-04-19 19:23:25,148 | INFO | Beta 01 | Iteration 2 | System EA: 88.99
2026-04-19 19:23:25,157 | INFO | Saved Strat 2, Beta 0.1 results to: ./processed_data/dutch/mic_result_ds/iter_2/results_acc_t/strats/Mao_beta_01.parquet
2026-04-19 19:23:25,157 | INFO |  Current Beta 0.3 | Start Perf: 80.04
2026-04-19 19:23:25,157 | DEBUG | RETRIEVING NET | User accurate_trusting | Iter 2
2026-04-19 19:23:25,160 | DEBUG | RETRIEVING R-NET | PATH ./r_nets/dutch/iter_2/beta_03/r_net_accurate_trusting.pth
2026-04-19 19:26:39,932 | WARNING | Drift here! Record index 817
2026-04-19 19:26:39,962 | WARNING | DRIFT DETECTED | Phase: MiC | Strat: Mao
2026-04-19 19:26:39,962 | INFO | DRIFT METRICS: Current  belief_threshold: 0.7 | Last 5 Machine EA: [0.7383292383292384, 0.7386503067484662, 0.7389705882352942, 0.7392900856793145, 0.7396088019559902]
2026-04-19 19:26:39,965 | INFO | Drift df saved to: processed_data/dutch/drift_checkpoints/MiC/iter_2/MiC_accurate_trusting_Mao_0.3.parquet
2026-04-19 19:26:39,984 | INFO | Beta 03 | Iteration 2 | System EA: 72.30
2026-04-19 19:26:39,989 | INFO | Saved Strat 2, Beta 0.3 results to: ./processed_data/dutch/mic_result_ds/iter_2/results_acc_t/strats/Mao_beta_03.parquet
2026-04-19 19:26:39,989 | INFO |  Current Beta 0.5 | Start Perf: 70.58
2026-04-19 19:26:39,989 | DEBUG | RETRIEVING NET | User accurate_trusting | Iter 2
2026-04-19 19:26:39,991 | DEBUG | RETRIEVING R-NET | PATH ./r_nets/dutch/iter_2/beta_05/r_net_accurate_trusting.pth
2026-04-19 19:42:12,034 | INFO | Beta 05 | Iteration 2 | System EA: 71.01
2026-04-19 19:42:12,042 | INFO | Saved Strat 2, Beta 0.5 results to: ./processed_data/dutch/mic_result_ds/iter_2/results_acc_t/strats/Mao_beta_05.parquet
2026-04-19 19:42:12,042 | INFO |  Current Beta 0.7 | Start Perf: 70.58
2026-04-19 19:42:12,042 | DEBUG | RETRIEVING NET | User accurate_trusting | Iter 2
2026-04-19 19:42:12,044 | DEBUG | RETRIEVING R-NET | PATH ./r_nets/dutch/iter_2/beta_07/r_net_accurate_trusting.pth
2026-04-19 19:59:53,999 | INFO | Beta 07 | Iteration 2 | System EA: 71.01
2026-04-19 19:59:54,010 | INFO | Saved Strat 2, Beta 0.7 results to: ./processed_data/dutch/mic_result_ds/iter_2/results_acc_t/strats/Mao_beta_07.parquet
2026-04-19 19:59:54,010 | INFO |  Current Beta 0.9 | Start Perf: 70.58
2026-04-19 19:59:54,010 | DEBUG | RETRIEVING NET | User accurate_trusting | Iter 2
2026-04-19 19:59:54,013 | DEBUG | RETRIEVING R-NET | PATH ./r_nets/dutch/iter_2/beta_09/r_net_accurate_trusting.pth
2026-04-19 20:16:39,550 | INFO | Beta 09 | Iteration 2 | System EA: 71.01
2026-04-19 20:16:39,558 | INFO | Saved Strat 2, Beta 0.9 results to: ./processed_data/dutch/mic_result_ds/iter_2/results_acc_t/strats/Mao_beta_09.parquet
2026-04-19 20:16:39,567 | INFO | STARTING MIC RUN | User: accurate_trusting | DS: dutch
2026-04-19 20:16:39,567 | INFO | ---  ITERATION 3/3 ---
2026-04-19 20:16:39,567 | DEBUG | RETRIEVING NET | User accurate_trusting | Iter 3 | NET 32_16_model_*.pt
2026-04-19 20:16:39,576 | INFO | Loaded Tau: 0.75, iter 3
2026-04-19 20:16:39,576 | INFO | STARTING STRAT Confidence | USER accurate_trusting | Iter 3
2026-04-19 20:16:39,576 | INFO | Iteration 3 starting with benchmark: 84.32, delta: 0.05
2026-04-19 20:32:46,254 | INFO | Finished Iteration 3, strat Confidence | System EA: 84.27 | Delta: 0.05
2026-04-19 20:32:46,261 | INFO | Saved Strat 1 results to: ./processed_data/dutch/mic_result_ds/iter_3/results_acc_t/strats/Confidence.parquet
2026-04-19 20:32:46,261 | INFO | STARTING STRAT Mao | USER accurate_trusting | Iter 3
2026-04-19 20:32:46,261 | INFO |  Current Beta 0.1 | Start Perf: 88.99
2026-04-19 20:32:46,262 | DEBUG | RETRIEVING NET | User accurate_trusting | Iter 3
2026-04-19 20:32:46,264 | DEBUG | RETRIEVING R-NET | PATH ./r_nets/dutch/iter_3/beta_01/r_net_accurate_trusting.pth
2026-04-19 20:48:06,425 | INFO | Beta 01 | Iteration 3 | System EA: 89.45
2026-04-19 20:48:06,433 | INFO | Saved Strat 2, Beta 0.1 results to: ./processed_data/dutch/mic_result_ds/iter_3/results_acc_t/strats/Mao_beta_01.parquet
2026-04-19 20:48:06,433 | INFO |  Current Beta 0.3 | Start Perf: 72.30
2026-04-19 20:48:06,433 | DEBUG | RETRIEVING NET | User accurate_trusting | Iter 3
2026-04-19 20:48:06,436 | DEBUG | RETRIEVING R-NET | PATH ./r_nets/dutch/iter_3/beta_03/r_net_accurate_trusting.pth
2026-04-19 21:04:09,757 | INFO | Beta 03 | Iteration 3 | System EA: 75.59
2026-04-19 21:04:09,766 | INFO | Saved Strat 2, Beta 0.3 results to: ./processed_data/dutch/mic_result_ds/iter_3/results_acc_t/strats/Mao_beta_03.parquet
2026-04-19 21:04:09,766 | INFO |  Current Beta 0.5 | Start Perf: 71.01
2026-04-19 21:04:09,766 | DEBUG | RETRIEVING NET | User accurate_trusting | Iter 3
2026-04-19 21:04:09,769 | DEBUG | RETRIEVING R-NET | PATH ./r_nets/dutch/iter_3/beta_05/r_net_accurate_trusting.pth
2026-04-19 21:19:11,145 | INFO | Beta 05 | Iteration 3 | System EA: 72.91
2026-04-19 21:19:11,154 | INFO | Saved Strat 2, Beta 0.5 results to: ./processed_data/dutch/mic_result_ds/iter_3/results_acc_t/strats/Mao_beta_05.parquet
2026-04-19 21:19:11,154 | INFO |  Current Beta 0.7 | Start Perf: 71.01
2026-04-19 21:19:11,154 | DEBUG | RETRIEVING NET | User accurate_trusting | Iter 3
2026-04-19 21:19:11,157 | DEBUG | RETRIEVING R-NET | PATH ./r_nets/dutch/iter_3/beta_07/r_net_accurate_trusting.pth
2026-04-19 21:36:23,508 | INFO | Beta 07 | Iteration 3 | System EA: 72.91
2026-04-19 21:36:23,516 | INFO | Saved Strat 2, Beta 0.7 results to: ./processed_data/dutch/mic_result_ds/iter_3/results_acc_t/strats/Mao_beta_07.parquet
2026-04-19 21:36:23,516 | INFO |  Current Beta 0.9 | Start Perf: 71.01
2026-04-19 21:36:23,517 | DEBUG | RETRIEVING NET | User accurate_trusting | Iter 3
2026-04-19 21:36:23,519 | DEBUG | RETRIEVING R-NET | PATH ./r_nets/dutch/iter_3/beta_09/r_net_accurate_trusting.pth
2026-04-19 21:51:36,716 | INFO | Beta 09 | Iteration 3 | System EA: 72.91
2026-04-19 21:51:36,724 | INFO | Saved Strat 2, Beta 0.9 results to: ./processed_data/dutch/mic_result_ds/iter_3/results_acc_t/strats/Mao_beta_09.parquet
