2026-04-20 04:53:44,354 | INFO | STARTING MIC RUN | User: accurate_not_trusting | DS: dutch
2026-04-20 04:53:44,354 | INFO | ---  ITERATION 1/3 ---
2026-04-20 04:53:44,355 | DEBUG | RETRIEVING NET | User accurate_not_trusting | Iter 1 | NET 32_16_model_*.pt
2026-04-20 04:53:44,364 | INFO | Loaded Tau: 0.7, iter 1
2026-04-20 04:53:44,364 | INFO | STARTING STRAT Confidence | USER accurate_not_trusting | Iter 1
2026-04-20 04:53:44,364 | INFO | Iteration 1 starting with benchmark: 65.00, delta: 0.05
2026-04-20 05:04:07,462 | INFO | Finished Iteration 1, strat Confidence | System EA: 83.90 | Delta: 0.05
2026-04-20 05:04:07,470 | INFO | Saved Strat 1 results to: ./processed_data/dutch/mic_result_ds/iter_1/results_acc_nt/strats/Confidence.parquet
2026-04-20 05:04:07,470 | INFO | STARTING STRAT Mao | USER accurate_not_trusting | Iter 1
2026-04-20 05:04:07,470 | INFO |  Current Beta 0.1 | Start Perf: 65.00
2026-04-20 05:04:07,470 | DEBUG | RETRIEVING NET | User accurate_not_trusting | Iter 1
2026-04-20 05:04:07,472 | DEBUG | RETRIEVING R-NET | PATH ./r_nets/dutch/iter_1/beta_01/r_net_accurate_not_trusting.pth
2026-04-20 05:14:03,979 | INFO | Beta 01 | Iteration 1 | System EA: 89.27
2026-04-20 05:14:03,988 | INFO | Saved Strat 2, Beta 0.1 results to: ./processed_data/dutch/mic_result_ds/iter_1/results_acc_nt/strats/Mao_beta_01.parquet
2026-04-20 05:14:03,988 | INFO |  Current Beta 0.3 | Start Perf: 65.00
2026-04-20 05:14:03,988 | DEBUG | RETRIEVING NET | User accurate_not_trusting | Iter 1
2026-04-20 05:14:03,991 | DEBUG | RETRIEVING R-NET | PATH ./r_nets/dutch/iter_1/beta_03/r_net_accurate_not_trusting.pth
2026-04-20 05:23:59,754 | INFO | Beta 03 | Iteration 1 | System EA: 84.08
2026-04-20 05:23:59,763 | INFO | Saved Strat 2, Beta 0.3 results to: ./processed_data/dutch/mic_result_ds/iter_1/results_acc_nt/strats/Mao_beta_03.parquet
2026-04-20 05:23:59,763 | INFO |  Current Beta 0.5 | Start Perf: 65.00
2026-04-20 05:23:59,763 | DEBUG | RETRIEVING NET | User accurate_not_trusting | Iter 1
2026-04-20 05:23:59,765 | DEBUG | RETRIEVING R-NET | PATH ./r_nets/dutch/iter_1/beta_05/r_net_accurate_not_trusting.pth
2026-04-20 05:33:59,184 | INFO | Beta 05 | Iteration 1 | System EA: 71.54
2026-04-20 05:33:59,194 | INFO | Saved Strat 2, Beta 0.5 results to: ./processed_data/dutch/mic_result_ds/iter_1/results_acc_nt/strats/Mao_beta_05.parquet
2026-04-20 05:33:59,194 | INFO |  Current Beta 0.7 | Start Perf: 65.00
2026-04-20 05:33:59,194 | DEBUG | RETRIEVING NET | User accurate_not_trusting | Iter 1
2026-04-20 05:33:59,196 | DEBUG | RETRIEVING R-NET | PATH ./r_nets/dutch/iter_1/beta_07/r_net_accurate_not_trusting.pth
2026-04-20 05:52:16,169 | INFO | Beta 07 | Iteration 1 | System EA: 71.54
2026-04-20 05:52:16,179 | INFO | Saved Strat 2, Beta 0.7 results to: ./processed_data/dutch/mic_result_ds/iter_1/results_acc_nt/strats/Mao_beta_07.parquet
2026-04-20 05:52:16,179 | INFO |  Current Beta 0.9 | Start Perf: 65.00
2026-04-20 05:52:16,179 | DEBUG | RETRIEVING NET | User accurate_not_trusting | Iter 1
2026-04-20 05:52:16,181 | DEBUG | RETRIEVING R-NET | PATH ./r_nets/dutch/iter_1/beta_09/r_net_accurate_not_trusting.pth
2026-04-20 06:08:41,413 | INFO | Beta 09 | Iteration 1 | System EA: 71.54
2026-04-20 06:08:41,421 | INFO | Saved Strat 2, Beta 0.9 results to: ./processed_data/dutch/mic_result_ds/iter_1/results_acc_nt/strats/Mao_beta_09.parquet
2026-04-20 06:08:41,432 | INFO | STARTING MIC RUN | User: accurate_not_trusting | DS: dutch
2026-04-20 06:08:41,432 | INFO | ---  ITERATION 2/3 ---
2026-04-20 06:08:41,433 | DEBUG | RETRIEVING NET | User accurate_not_trusting | Iter 2 | NET 32_16_model_*.pt
2026-04-20 06:08:41,443 | INFO | Loaded Tau: 0.67, iter 2
2026-04-20 06:08:41,444 | INFO | STARTING STRAT Confidence | USER accurate_not_trusting | Iter 2
2026-04-20 06:08:41,444 | INFO | Iteration 2 starting with benchmark: 83.90, delta: 0.05
2026-04-20 06:26:28,126 | INFO | Finished Iteration 2, strat Confidence | System EA: 83.91 | Delta: 0.05
2026-04-20 06:26:28,134 | INFO | Saved Strat 1 results to: ./processed_data/dutch/mic_result_ds/iter_2/results_acc_nt/strats/Confidence.parquet
2026-04-20 06:26:28,134 | INFO | STARTING STRAT Mao | USER accurate_not_trusting | Iter 2
2026-04-20 06:26:28,134 | INFO |  Current Beta 0.1 | Start Perf: 89.27
2026-04-20 06:26:28,134 | DEBUG | RETRIEVING NET | User accurate_not_trusting | Iter 2
2026-04-20 06:26:28,136 | DEBUG | RETRIEVING R-NET | PATH ./r_nets/dutch/iter_2/beta_01/r_net_accurate_not_trusting.pth
2026-04-20 06:42:10,128 | INFO | Beta 01 | Iteration 2 | System EA: 89.32
2026-04-20 06:42:10,137 | INFO | Saved Strat 2, Beta 0.1 results to: ./processed_data/dutch/mic_result_ds/iter_2/results_acc_nt/strats/Mao_beta_01.parquet
2026-04-20 06:42:10,137 | INFO |  Current Beta 0.3 | Start Perf: 84.08
2026-04-20 06:42:10,137 | DEBUG | RETRIEVING NET | User accurate_not_trusting | Iter 2
2026-04-20 06:42:10,139 | DEBUG | RETRIEVING R-NET | PATH ./r_nets/dutch/iter_2/beta_03/r_net_accurate_not_trusting.pth
2026-04-20 06:44:53,693 | WARNING | Drift here! Record index 737
2026-04-20 06:44:53,720 | WARNING | DRIFT DETECTED | Phase: MiC | Strat: Mao
2026-04-20 06:44:53,720 | INFO | DRIFT METRICS: Current  belief_threshold: 0.7 | Last 5 Machine EA: [0.7302452316076294, 0.7292517006802721, 0.7296195652173914, 0.7299864314789688, 0.7303523035230353]
2026-04-20 06:44:53,723 | INFO | Drift df saved to: processed_data/dutch/drift_checkpoints/MiC/iter_2/MiC_accurate_not_trusting_Mao_0.3.parquet
2026-04-20 06:44:53,740 | INFO | Beta 03 | Iteration 2 | System EA: 71.00
2026-04-20 06:44:53,744 | INFO | Saved Strat 2, Beta 0.3 results to: ./processed_data/dutch/mic_result_ds/iter_2/results_acc_nt/strats/Mao_beta_03.parquet
2026-04-20 06:44:53,744 | INFO |  Current Beta 0.5 | Start Perf: 71.54
2026-04-20 06:44:53,744 | DEBUG | RETRIEVING NET | User accurate_not_trusting | Iter 2
2026-04-20 06:44:53,746 | DEBUG | RETRIEVING R-NET | PATH ./r_nets/dutch/iter_2/beta_05/r_net_accurate_not_trusting.pth
2026-04-20 07:01:54,107 | INFO | Beta 05 | Iteration 2 | System EA: 71.52
2026-04-20 07:01:54,116 | INFO | Saved Strat 2, Beta 0.5 results to: ./processed_data/dutch/mic_result_ds/iter_2/results_acc_nt/strats/Mao_beta_05.parquet
2026-04-20 07:01:54,116 | INFO |  Current Beta 0.7 | Start Perf: 71.54
2026-04-20 07:01:54,116 | DEBUG | RETRIEVING NET | User accurate_not_trusting | Iter 2
2026-04-20 07:01:54,119 | DEBUG | RETRIEVING R-NET | PATH ./r_nets/dutch/iter_2/beta_07/r_net_accurate_not_trusting.pth
2026-04-20 07:18:44,978 | INFO | Beta 07 | Iteration 2 | System EA: 71.52
2026-04-20 07:18:44,986 | INFO | Saved Strat 2, Beta 0.7 results to: ./processed_data/dutch/mic_result_ds/iter_2/results_acc_nt/strats/Mao_beta_07.parquet
2026-04-20 07:18:44,986 | INFO |  Current Beta 0.9 | Start Perf: 71.54
2026-04-20 07:18:44,987 | DEBUG | RETRIEVING NET | User accurate_not_trusting | Iter 2
2026-04-20 07:18:44,989 | DEBUG | RETRIEVING R-NET | PATH ./r_nets/dutch/iter_2/beta_09/r_net_accurate_not_trusting.pth
2026-04-20 07:38:25,713 | INFO | Beta 09 | Iteration 2 | System EA: 71.52
2026-04-20 07:38:25,722 | INFO | Saved Strat 2, Beta 0.9 results to: ./processed_data/dutch/mic_result_ds/iter_2/results_acc_nt/strats/Mao_beta_09.parquet
2026-04-20 07:38:25,731 | INFO | STARTING MIC RUN | User: accurate_not_trusting | DS: dutch
2026-04-20 07:38:25,732 | INFO | ---  ITERATION 3/3 ---
2026-04-20 07:38:25,732 | DEBUG | RETRIEVING NET | User accurate_not_trusting | Iter 3 | NET 32_16_model_*.pt
2026-04-20 07:38:25,740 | INFO | Loaded Tau: 0.7, iter 3
2026-04-20 07:38:25,740 | INFO | STARTING STRAT Confidence | USER accurate_not_trusting | Iter 3
2026-04-20 07:38:25,740 | INFO | Iteration 3 starting with benchmark: 83.91, delta: 0.05
2026-04-20 07:56:49,090 | INFO | Finished Iteration 3, strat Confidence | System EA: 84.53 | Delta: 0.05
2026-04-20 07:56:49,096 | INFO | Saved Strat 1 results to: ./processed_data/dutch/mic_result_ds/iter_3/results_acc_nt/strats/Confidence.parquet
2026-04-20 07:56:49,097 | INFO | STARTING STRAT Mao | USER accurate_not_trusting | Iter 3
2026-04-20 07:56:49,097 | INFO |  Current Beta 0.1 | Start Perf: 89.32
2026-04-20 07:56:49,097 | DEBUG | RETRIEVING NET | User accurate_not_trusting | Iter 3
2026-04-20 07:56:49,099 | DEBUG | RETRIEVING R-NET | PATH ./r_nets/dutch/iter_3/beta_01/r_net_accurate_not_trusting.pth
2026-04-20 08:16:29,249 | INFO | Beta 01 | Iteration 3 | System EA: 89.40
2026-04-20 08:16:29,256 | INFO | Saved Strat 2, Beta 0.1 results to: ./processed_data/dutch/mic_result_ds/iter_3/results_acc_nt/strats/Mao_beta_01.parquet
2026-04-20 08:16:29,256 | INFO |  Current Beta 0.3 | Start Perf: 71.00
2026-04-20 08:16:29,257 | DEBUG | RETRIEVING NET | User accurate_not_trusting | Iter 3
2026-04-20 08:16:29,259 | DEBUG | RETRIEVING R-NET | PATH ./r_nets/dutch/iter_3/beta_03/r_net_accurate_not_trusting.pth
2026-04-20 08:34:59,458 | INFO | Beta 03 | Iteration 3 | System EA: 82.44
2026-04-20 08:34:59,466 | INFO | Saved Strat 2, Beta 0.3 results to: ./processed_data/dutch/mic_result_ds/iter_3/results_acc_nt/strats/Mao_beta_03.parquet
2026-04-20 08:34:59,466 | INFO |  Current Beta 0.5 | Start Perf: 71.52
2026-04-20 08:34:59,466 | DEBUG | RETRIEVING NET | User accurate_not_trusting | Iter 3
2026-04-20 08:34:59,469 | DEBUG | RETRIEVING R-NET | PATH ./r_nets/dutch/iter_3/beta_05/r_net_accurate_not_trusting.pth
2026-04-20 08:51:31,827 | INFO | Beta 05 | Iteration 3 | System EA: 72.43
2026-04-20 08:51:31,836 | INFO | Saved Strat 2, Beta 0.5 results to: ./processed_data/dutch/mic_result_ds/iter_3/results_acc_nt/strats/Mao_beta_05.parquet
2026-04-20 08:51:31,836 | INFO |  Current Beta 0.7 | Start Perf: 71.52
2026-04-20 08:51:31,836 | DEBUG | RETRIEVING NET | User accurate_not_trusting | Iter 3
2026-04-20 08:51:31,839 | DEBUG | RETRIEVING R-NET | PATH ./r_nets/dutch/iter_3/beta_07/r_net_accurate_not_trusting.pth
2026-04-20 09:04:01,402 | INFO | Beta 07 | Iteration 3 | System EA: 72.43
2026-04-20 09:04:01,411 | INFO | Saved Strat 2, Beta 0.7 results to: ./processed_data/dutch/mic_result_ds/iter_3/results_acc_nt/strats/Mao_beta_07.parquet
2026-04-20 09:04:01,411 | INFO |  Current Beta 0.9 | Start Perf: 71.52
2026-04-20 09:04:01,411 | DEBUG | RETRIEVING NET | User accurate_not_trusting | Iter 3
2026-04-20 09:04:01,413 | DEBUG | RETRIEVING R-NET | PATH ./r_nets/dutch/iter_3/beta_09/r_net_accurate_not_trusting.pth
2026-04-20 09:17:03,153 | INFO | Beta 09 | Iteration 3 | System EA: 72.43
2026-04-20 09:17:03,161 | INFO | Saved Strat 2, Beta 0.9 results to: ./processed_data/dutch/mic_result_ds/iter_3/results_acc_nt/strats/Mao_beta_09.parquet
