2026-04-20 10:31:29,757 | INFO | STARTING MIC RUN | User: inaccurate_not_trusting | DS: dutch
2026-04-20 10:31:29,757 | INFO | ---  ITERATION 1/3 ---
2026-04-20 10:31:29,758 | DEBUG | RETRIEVING NET | User inaccurate_not_trusting | Iter 1 | NET 32_16_model_*.pt
2026-04-20 10:31:29,766 | INFO | Loaded Tau: 0.59, iter 1
2026-04-20 10:31:29,767 | INFO | STARTING STRAT Confidence | USER inaccurate_not_trusting | Iter 1
2026-04-20 10:31:29,767 | INFO | Iteration 1 starting with benchmark: 65.00, delta: 0.05
2026-04-20 10:44:06,821 | INFO | Finished Iteration 1, strat Confidence | System EA: 74.55 | Delta: 0.05
2026-04-20 10:44:06,831 | INFO | Saved Strat 1 results to: ./processed_data/dutch/mic_result_ds/iter_1/results_inacc_nt/strats/Confidence.parquet
2026-04-20 10:44:06,831 | INFO | STARTING STRAT Mao | USER inaccurate_not_trusting | Iter 1
2026-04-20 10:44:06,831 | INFO |  Current Beta 0.1 | Start Perf: 65.00
2026-04-20 10:44:06,831 | DEBUG | RETRIEVING NET | User inaccurate_not_trusting | Iter 1
2026-04-20 10:44:06,834 | DEBUG | RETRIEVING R-NET | PATH ./r_nets/dutch/iter_1/beta_01/r_net_inaccurate_not_trusting.pth
2026-04-20 10:56:48,693 | INFO | Beta 01 | Iteration 1 | System EA: 68.29
2026-04-20 10:56:48,701 | INFO | Saved Strat 2, Beta 0.1 results to: ./processed_data/dutch/mic_result_ds/iter_1/results_inacc_nt/strats/Mao_beta_01.parquet
2026-04-20 10:56:48,701 | INFO |  Current Beta 0.3 | Start Perf: 65.00
2026-04-20 10:56:48,701 | DEBUG | RETRIEVING NET | User inaccurate_not_trusting | Iter 1
2026-04-20 10:56:48,704 | DEBUG | RETRIEVING R-NET | PATH ./r_nets/dutch/iter_1/beta_03/r_net_inaccurate_not_trusting.pth
2026-04-20 11:09:35,065 | INFO | Beta 03 | Iteration 1 | System EA: 73.98
2026-04-20 11:09:35,074 | INFO | Saved Strat 2, Beta 0.3 results to: ./processed_data/dutch/mic_result_ds/iter_1/results_inacc_nt/strats/Mao_beta_03.parquet
2026-04-20 11:09:35,074 | INFO |  Current Beta 0.5 | Start Perf: 65.00
2026-04-20 11:09:35,074 | DEBUG | RETRIEVING NET | User inaccurate_not_trusting | Iter 1
2026-04-20 11:09:35,077 | DEBUG | RETRIEVING R-NET | PATH ./r_nets/dutch/iter_1/beta_05/r_net_inaccurate_not_trusting.pth
2026-04-20 11:22:02,832 | INFO | Beta 05 | Iteration 1 | System EA: 71.03
2026-04-20 11:22:02,840 | INFO | Saved Strat 2, Beta 0.5 results to: ./processed_data/dutch/mic_result_ds/iter_1/results_inacc_nt/strats/Mao_beta_05.parquet
2026-04-20 11:22:02,840 | INFO |  Current Beta 0.7 | Start Perf: 65.00
2026-04-20 11:22:02,841 | DEBUG | RETRIEVING NET | User inaccurate_not_trusting | Iter 1
2026-04-20 11:22:02,843 | DEBUG | RETRIEVING R-NET | PATH ./r_nets/dutch/iter_1/beta_07/r_net_inaccurate_not_trusting.pth
2026-04-20 11:34:49,781 | INFO | Beta 07 | Iteration 1 | System EA: 71.03
2026-04-20 11:34:49,790 | INFO | Saved Strat 2, Beta 0.7 results to: ./processed_data/dutch/mic_result_ds/iter_1/results_inacc_nt/strats/Mao_beta_07.parquet
2026-04-20 11:34:49,791 | INFO |  Current Beta 0.9 | Start Perf: 65.00
2026-04-20 11:34:49,791 | DEBUG | RETRIEVING NET | User inaccurate_not_trusting | Iter 1
2026-04-20 11:34:49,794 | DEBUG | RETRIEVING R-NET | PATH ./r_nets/dutch/iter_1/beta_09/r_net_inaccurate_not_trusting.pth
2026-04-20 11:47:21,598 | INFO | Beta 09 | Iteration 1 | System EA: 71.03
2026-04-20 11:47:21,607 | INFO | Saved Strat 2, Beta 0.9 results to: ./processed_data/dutch/mic_result_ds/iter_1/results_inacc_nt/strats/Mao_beta_09.parquet
2026-04-20 11:47:21,616 | INFO | STARTING MIC RUN | User: inaccurate_not_trusting | DS: dutch
2026-04-20 11:47:21,616 | INFO | ---  ITERATION 2/3 ---
2026-04-20 11:47:21,617 | DEBUG | RETRIEVING NET | User inaccurate_not_trusting | Iter 2 | NET 32_16_model_*.pt
2026-04-20 11:47:21,626 | INFO | Loaded Tau: 0.7, iter 2
2026-04-20 11:47:21,626 | INFO | STARTING STRAT Confidence | USER inaccurate_not_trusting | Iter 2
2026-04-20 11:47:21,626 | INFO | Iteration 2 starting with benchmark: 74.55, delta: 0.05
2026-04-20 11:59:57,921 | INFO | Finished Iteration 2, strat Confidence | System EA: 75.61 | Delta: 0.05
2026-04-20 11:59:57,928 | INFO | Saved Strat 1 results to: ./processed_data/dutch/mic_result_ds/iter_2/results_inacc_nt/strats/Confidence.parquet
2026-04-20 11:59:57,928 | INFO | STARTING STRAT Mao | USER inaccurate_not_trusting | Iter 2
2026-04-20 11:59:57,928 | INFO |  Current Beta 0.1 | Start Perf: 68.29
2026-04-20 11:59:57,928 | DEBUG | RETRIEVING NET | User inaccurate_not_trusting | Iter 2
2026-04-20 11:59:57,930 | DEBUG | RETRIEVING R-NET | PATH ./r_nets/dutch/iter_2/beta_01/r_net_inaccurate_not_trusting.pth
2026-04-20 12:11:58,521 | INFO | Beta 01 | Iteration 2 | System EA: 68.47
2026-04-20 12:11:58,530 | INFO | Saved Strat 2, Beta 0.1 results to: ./processed_data/dutch/mic_result_ds/iter_2/results_inacc_nt/strats/Mao_beta_01.parquet
2026-04-20 12:11:58,530 | INFO |  Current Beta 0.3 | Start Perf: 73.98
2026-04-20 12:11:58,530 | DEBUG | RETRIEVING NET | User inaccurate_not_trusting | Iter 2
2026-04-20 12:11:58,533 | DEBUG | RETRIEVING R-NET | PATH ./r_nets/dutch/iter_2/beta_03/r_net_inaccurate_not_trusting.pth
2026-04-20 12:24:56,621 | INFO | Beta 03 | Iteration 2 | System EA: 74.37
2026-04-20 12:24:56,629 | INFO | Saved Strat 2, Beta 0.3 results to: ./processed_data/dutch/mic_result_ds/iter_2/results_inacc_nt/strats/Mao_beta_03.parquet
2026-04-20 12:24:56,629 | INFO |  Current Beta 0.5 | Start Perf: 71.03
2026-04-20 12:24:56,630 | DEBUG | RETRIEVING NET | User inaccurate_not_trusting | Iter 2
2026-04-20 12:24:56,632 | DEBUG | RETRIEVING R-NET | PATH ./r_nets/dutch/iter_2/beta_05/r_net_inaccurate_not_trusting.pth
2026-04-20 12:36:54,039 | INFO | Beta 05 | Iteration 2 | System EA: 72.78
2026-04-20 12:36:54,048 | INFO | Saved Strat 2, Beta 0.5 results to: ./processed_data/dutch/mic_result_ds/iter_2/results_inacc_nt/strats/Mao_beta_05.parquet
2026-04-20 12:36:54,048 | INFO |  Current Beta 0.7 | Start Perf: 71.03
2026-04-20 12:36:54,048 | DEBUG | RETRIEVING NET | User inaccurate_not_trusting | Iter 2
2026-04-20 12:36:54,051 | DEBUG | RETRIEVING R-NET | PATH ./r_nets/dutch/iter_2/beta_07/r_net_inaccurate_not_trusting.pth
2026-04-20 12:49:34,924 | INFO | Beta 07 | Iteration 2 | System EA: 72.78
2026-04-20 12:49:34,933 | INFO | Saved Strat 2, Beta 0.7 results to: ./processed_data/dutch/mic_result_ds/iter_2/results_inacc_nt/strats/Mao_beta_07.parquet
2026-04-20 12:49:34,933 | INFO |  Current Beta 0.9 | Start Perf: 71.03
2026-04-20 12:49:34,933 | DEBUG | RETRIEVING NET | User inaccurate_not_trusting | Iter 2
2026-04-20 12:49:34,935 | DEBUG | RETRIEVING R-NET | PATH ./r_nets/dutch/iter_2/beta_09/r_net_inaccurate_not_trusting.pth
2026-04-20 13:02:09,635 | INFO | Beta 09 | Iteration 2 | System EA: 72.78
2026-04-20 13:02:09,645 | INFO | Saved Strat 2, Beta 0.9 results to: ./processed_data/dutch/mic_result_ds/iter_2/results_inacc_nt/strats/Mao_beta_09.parquet
2026-04-20 13:02:09,656 | INFO | STARTING MIC RUN | User: inaccurate_not_trusting | DS: dutch
2026-04-20 13:02:09,656 | INFO | ---  ITERATION 3/3 ---
2026-04-20 13:02:09,656 | DEBUG | RETRIEVING NET | User inaccurate_not_trusting | Iter 3 | NET 32_16_model_*.pt
2026-04-20 13:02:09,665 | INFO | Loaded Tau: 0.59, iter 3
2026-04-20 13:02:09,665 | INFO | STARTING STRAT Confidence | USER inaccurate_not_trusting | Iter 3
2026-04-20 13:02:09,665 | INFO | Iteration 3 starting with benchmark: 75.61, delta: 0.05
2026-04-20 13:15:11,903 | INFO | Finished Iteration 3, strat Confidence | System EA: 74.46 | Delta: 0.05
2026-04-20 13:15:11,911 | INFO | Saved Strat 1 results to: ./processed_data/dutch/mic_result_ds/iter_3/results_inacc_nt/strats/Confidence.parquet
2026-04-20 13:15:11,911 | INFO | STARTING STRAT Mao | USER inaccurate_not_trusting | Iter 3
2026-04-20 13:15:11,911 | INFO |  Current Beta 0.1 | Start Perf: 68.47
2026-04-20 13:15:11,911 | DEBUG | RETRIEVING NET | User inaccurate_not_trusting | Iter 3
2026-04-20 13:15:11,914 | DEBUG | RETRIEVING R-NET | PATH ./r_nets/dutch/iter_3/beta_01/r_net_inaccurate_not_trusting.pth
2026-04-20 13:27:47,468 | INFO | Beta 01 | Iteration 3 | System EA: 68.28
2026-04-20 13:27:47,477 | INFO | Saved Strat 2, Beta 0.1 results to: ./processed_data/dutch/mic_result_ds/iter_3/results_inacc_nt/strats/Mao_beta_01.parquet
2026-04-20 13:27:47,477 | INFO |  Current Beta 0.3 | Start Perf: 74.37
2026-04-20 13:27:47,477 | DEBUG | RETRIEVING NET | User inaccurate_not_trusting | Iter 3
2026-04-20 13:27:47,479 | DEBUG | RETRIEVING R-NET | PATH ./r_nets/dutch/iter_3/beta_03/r_net_inaccurate_not_trusting.pth
2026-04-20 13:37:16,370 | INFO | Beta 03 | Iteration 3 | System EA: 73.45
2026-04-20 13:37:16,379 | INFO | Saved Strat 2, Beta 0.3 results to: ./processed_data/dutch/mic_result_ds/iter_3/results_inacc_nt/strats/Mao_beta_03.parquet
2026-04-20 13:37:16,379 | INFO |  Current Beta 0.5 | Start Perf: 72.78
2026-04-20 13:37:16,379 | DEBUG | RETRIEVING NET | User inaccurate_not_trusting | Iter 3
2026-04-20 13:37:16,382 | DEBUG | RETRIEVING R-NET | PATH ./r_nets/dutch/iter_3/beta_05/r_net_inaccurate_not_trusting.pth
2026-04-20 13:47:03,967 | INFO | Beta 05 | Iteration 3 | System EA: 70.25
2026-04-20 13:47:03,977 | INFO | Saved Strat 2, Beta 0.5 results to: ./processed_data/dutch/mic_result_ds/iter_3/results_inacc_nt/strats/Mao_beta_05.parquet
2026-04-20 13:47:03,977 | INFO |  Current Beta 0.7 | Start Perf: 72.78
2026-04-20 13:47:03,977 | DEBUG | RETRIEVING NET | User inaccurate_not_trusting | Iter 3
2026-04-20 13:47:03,979 | DEBUG | RETRIEVING R-NET | PATH ./r_nets/dutch/iter_3/beta_07/r_net_inaccurate_not_trusting.pth
2026-04-20 13:56:29,840 | INFO | Beta 07 | Iteration 3 | System EA: 70.25
2026-04-20 13:56:29,848 | INFO | Saved Strat 2, Beta 0.7 results to: ./processed_data/dutch/mic_result_ds/iter_3/results_inacc_nt/strats/Mao_beta_07.parquet
2026-04-20 13:56:29,848 | INFO |  Current Beta 0.9 | Start Perf: 72.78
2026-04-20 13:56:29,848 | DEBUG | RETRIEVING NET | User inaccurate_not_trusting | Iter 3
2026-04-20 13:56:29,851 | DEBUG | RETRIEVING R-NET | PATH ./r_nets/dutch/iter_3/beta_09/r_net_inaccurate_not_trusting.pth
2026-04-20 14:06:09,151 | INFO | Beta 09 | Iteration 3 | System EA: 70.25
2026-04-20 14:06:09,160 | INFO | Saved Strat 2, Beta 0.9 results to: ./processed_data/dutch/mic_result_ds/iter_3/results_inacc_nt/strats/Mao_beta_09.parquet
