2026-03-27 17:29:05,507 | INFO | STARTING MIC RUN | User: inaccurate_not_trusting | DS: compas
2026-03-27 17:29:05,508 | INFO | ---  ITERATION 1/3 ---
2026-03-27 17:29:05,508 | DEBUG | RETRIEVING NET | User inaccurate_not_trusting | Iter 1 | NET 32_16_model_*.pt
2026-03-27 17:29:05,516 | INFO | Loaded Tau: 0.53, iter 1
2026-03-27 17:29:05,517 | INFO | STARTING STRAT Confidence | USER inaccurate_not_trusting | Iter 1
2026-03-27 17:29:05,517 | INFO | Iteration 1 starting with benchmark: 63.00, delta: 0.05
2026-03-27 17:29:28,565 | WARNING | Drift here! Record index 270
2026-03-27 17:29:28,583 | WARNING | DRIFT DETECTED | Phase: MiC | Strat: Confidence
2026-03-27 17:29:28,585 | INFO | DRIFT METRICS: Current  belief_threshold: 0.7 | Last 5 FEA: [0.6591760299625468, 0.6604477611940298, 0.6617100371747212, 0.662962962962963, 0.6642066420664207]
2026-03-27 17:29:28,592 | INFO | Drift df saved to: processed_data\compas\drift_checkpoints\MiC\iter_1\MiC_inaccurate_not_trusting_Confidence_None.parquet
2026-03-27 17:29:28,595 | INFO | Finished Iteration 1, strat Confidence | System FEA: 59.62 | Delta: 0.03
2026-03-27 17:29:28,600 | INFO | Saved Strat 1 results to: .\processed_data\compas\mic_result_ds\iter_1\results_inacc_nt\strats\Confidence.parquet
2026-03-27 17:29:28,600 | INFO | STARTING STRAT Mao | USER inaccurate_not_trusting | Iter 1
2026-03-27 17:29:28,600 | INFO |  Current Beta 0.1 | Start Perf: 63.00
2026-03-27 17:29:28,601 | DEBUG | RETRIEVING NET | User inaccurate_not_trusting | Iter 1
2026-03-27 17:29:28,603 | DEBUG | RETRIEVING R-NET | PATH .\r_nets\compas\iter_1\beta_01\r_net_inaccurate_not_trusting.pth
2026-03-27 17:29:28,607 | DEBUG | CURRENT ANQI MAO THRESH: 0.339799331103679 | USER inaccurate_not_trusting | ITER 1
2026-03-27 17:29:51,898 | WARNING | Drift here! Record index 270
2026-03-27 17:29:51,914 | WARNING | DRIFT DETECTED | Phase: MiC | Strat: Mao
2026-03-27 17:29:51,914 | INFO | DRIFT METRICS: Current  belief_threshold: 0.7 | Last 5 FEA: [0.5692883895131086, 0.5708955223880597, 0.5724907063197026, 0.5740740740740741, 0.5719557195571956]
2026-03-27 17:29:51,920 | INFO | Drift df saved to: processed_data\compas\drift_checkpoints\MiC\iter_1\MiC_inaccurate_not_trusting_Mao_0.1.parquet
2026-03-27 17:29:51,923 | INFO | Beta 01 | Iteration 1 | System FEA: 50.96
2026-03-27 17:29:51,929 | INFO | Saved Strat 2, Beta 0.1 results to: .\processed_data\compas\mic_result_ds\iter_1\results_inacc_nt\strats\Mao_beta_01.parquet
2026-03-27 17:29:51,929 | INFO |  Current Beta 0.3 | Start Perf: 63.00
2026-03-27 17:29:51,930 | DEBUG | RETRIEVING NET | User inaccurate_not_trusting | Iter 1
2026-03-27 17:29:51,932 | DEBUG | RETRIEVING R-NET | PATH .\r_nets\compas\iter_1\beta_03\r_net_inaccurate_not_trusting.pth
2026-03-27 17:29:51,936 | DEBUG | CURRENT ANQI MAO THRESH: 0.39866220735785957 | USER inaccurate_not_trusting | ITER 1
2026-03-27 17:30:15,286 | WARNING | Drift here! Record index 270
2026-03-27 17:30:15,308 | WARNING | DRIFT DETECTED | Phase: MiC | Strat: Mao
2026-03-27 17:30:15,308 | INFO | DRIFT METRICS: Current  belief_threshold: 0.7 | Last 5 FEA: [0.5692883895131086, 0.5708955223880597, 0.5724907063197026, 0.5740740740740741, 0.5719557195571956]
2026-03-27 17:30:15,314 | INFO | Drift df saved to: processed_data\compas\drift_checkpoints\MiC\iter_1\MiC_inaccurate_not_trusting_Mao_0.3.parquet
2026-03-27 17:30:15,319 | INFO | Beta 03 | Iteration 1 | System FEA: 51.12
2026-03-27 17:30:15,329 | INFO | Saved Strat 2, Beta 0.3 results to: .\processed_data\compas\mic_result_ds\iter_1\results_inacc_nt\strats\Mao_beta_03.parquet
2026-03-27 17:30:15,329 | INFO |  Current Beta 0.5 | Start Perf: 63.00
2026-03-27 17:30:15,330 | DEBUG | RETRIEVING NET | User inaccurate_not_trusting | Iter 1
2026-03-27 17:30:15,333 | DEBUG | RETRIEVING R-NET | PATH .\r_nets\compas\iter_1\beta_05\r_net_inaccurate_not_trusting.pth
2026-03-27 17:30:15,336 | DEBUG |  Picking closest thresh: 25.604552%
2026-03-27 17:30:15,337 | DEBUG | CURRENT ANQI MAO THRESH: 0.4869565217391305 | USER inaccurate_not_trusting | ITER 1
2026-03-27 17:30:38,612 | WARNING | Drift here! Record index 270
2026-03-27 17:30:38,630 | WARNING | DRIFT DETECTED | Phase: MiC | Strat: Mao
2026-03-27 17:30:38,631 | INFO | DRIFT METRICS: Current  belief_threshold: 0.7 | Last 5 FEA: [0.6591760299625468, 0.6604477611940298, 0.6617100371747212, 0.662962962962963, 0.6642066420664207]
2026-03-27 17:30:38,637 | INFO | Drift df saved to: processed_data\compas\drift_checkpoints\MiC\iter_1\MiC_inaccurate_not_trusting_Mao_0.5.parquet
2026-03-27 17:30:38,645 | INFO | Beta 05 | Iteration 1 | System FEA: 58.99
2026-03-27 17:30:38,652 | INFO | Saved Strat 2, Beta 0.5 results to: .\processed_data\compas\mic_result_ds\iter_1\results_inacc_nt\strats\Mao_beta_05.parquet
2026-03-27 17:30:38,653 | INFO |  Current Beta 0.7 | Start Perf: 63.00
2026-03-27 17:30:38,653 | DEBUG | RETRIEVING NET | User inaccurate_not_trusting | Iter 1
2026-03-27 17:30:38,655 | DEBUG | RETRIEVING R-NET | PATH .\r_nets\compas\iter_1\beta_07\r_net_inaccurate_not_trusting.pth
2026-03-27 17:30:38,660 | DEBUG | CURRENT ANQI MAO THRESH: 0.5672240802675586 | USER inaccurate_not_trusting | ITER 1
2026-03-27 17:31:01,800 | WARNING | Drift here! Record index 270
2026-03-27 17:31:01,818 | WARNING | DRIFT DETECTED | Phase: MiC | Strat: Mao
2026-03-27 17:31:01,819 | INFO | DRIFT METRICS: Current  belief_threshold: 0.7 | Last 5 FEA: [0.6217228464419475, 0.6231343283582089, 0.6245353159851301, 0.6259259259259259, 0.6273062730627307]
2026-03-27 17:31:01,826 | INFO | Drift df saved to: processed_data\compas\drift_checkpoints\MiC\iter_1\MiC_inaccurate_not_trusting_Mao_0.7.parquet
2026-03-27 17:31:01,833 | INFO | Beta 07 | Iteration 1 | System FEA: 55.54
2026-03-27 17:31:01,839 | INFO | Saved Strat 2, Beta 0.7 results to: .\processed_data\compas\mic_result_ds\iter_1\results_inacc_nt\strats\Mao_beta_07.parquet
2026-03-27 17:31:01,839 | INFO |  Current Beta 0.9 | Start Perf: 63.00
2026-03-27 17:31:01,839 | DEBUG | RETRIEVING NET | User inaccurate_not_trusting | Iter 1
2026-03-27 17:31:01,841 | DEBUG | RETRIEVING R-NET | PATH .\r_nets\compas\iter_1\beta_09\r_net_inaccurate_not_trusting.pth
2026-03-27 17:31:01,846 | DEBUG | CURRENT ANQI MAO THRESH: 0.6207357859531774 | USER inaccurate_not_trusting | ITER 1
2026-03-27 17:31:25,258 | WARNING | Drift here! Record index 270
2026-03-27 17:31:25,277 | WARNING | DRIFT DETECTED | Phase: MiC | Strat: Mao
2026-03-27 17:31:25,278 | INFO | DRIFT METRICS: Current  belief_threshold: 0.7 | Last 5 FEA: [0.6329588014981273, 0.6343283582089553, 0.6356877323420075, 0.6370370370370371, 0.6383763837638377]
2026-03-27 17:31:25,282 | INFO | Drift df saved to: processed_data\compas\drift_checkpoints\MiC\iter_1\MiC_inaccurate_not_trusting_Mao_0.9.parquet
2026-03-27 17:31:25,287 | INFO | Beta 09 | Iteration 1 | System FEA: 57.38
2026-03-27 17:31:25,293 | INFO | Saved Strat 2, Beta 0.9 results to: .\processed_data\compas\mic_result_ds\iter_1\results_inacc_nt\strats\Mao_beta_09.parquet
2026-03-27 17:31:25,296 | INFO | STARTING MIC RUN | User: inaccurate_not_trusting | DS: compas
2026-03-27 17:31:25,296 | INFO | ---  ITERATION 2/3 ---
2026-03-27 17:31:25,297 | DEBUG | RETRIEVING NET | User inaccurate_not_trusting | Iter 2 | NET 32_16_model_*.pt
2026-03-27 17:31:25,306 | INFO | Loaded Tau: 0.52, iter 2
2026-03-27 17:31:25,307 | INFO | STARTING STRAT Confidence | USER inaccurate_not_trusting | Iter 2
2026-03-27 17:31:25,307 | INFO | Iteration 2 starting with benchmark: 59.62, delta: 0.03
2026-03-27 17:31:50,375 | WARNING | Drift here! Record index 270
2026-03-27 17:31:50,422 | WARNING | DRIFT DETECTED | Phase: MiC | Strat: Confidence
2026-03-27 17:31:50,423 | INFO | DRIFT METRICS: Current  belief_threshold: 0.7 | Last 5 FEA: [0.5243445692883895, 0.5261194029850746, 0.5278810408921933, 0.5296296296296297, 0.5313653136531366]
2026-03-27 17:31:50,429 | INFO | Drift df saved to: processed_data\compas\drift_checkpoints\MiC\iter_2\MiC_inaccurate_not_trusting_Confidence_None.parquet
2026-03-27 17:31:50,433 | INFO | Finished Iteration 2, strat Confidence | System FEA: 47.16 | Delta: 0.03
2026-03-27 17:31:50,439 | INFO | Saved Strat 1 results to: .\processed_data\compas\mic_result_ds\iter_2\results_inacc_nt\strats\Confidence.parquet
2026-03-27 17:31:50,440 | INFO | STARTING STRAT Mao | USER inaccurate_not_trusting | Iter 2
2026-03-27 17:31:50,440 | INFO |  Current Beta 0.1 | Start Perf: 50.96
2026-03-27 17:31:50,440 | DEBUG | RETRIEVING NET | User inaccurate_not_trusting | Iter 2
2026-03-27 17:31:50,442 | DEBUG | RETRIEVING R-NET | PATH .\r_nets\compas\iter_2\beta_01\r_net_inaccurate_not_trusting.pth
2026-03-27 17:31:50,446 | DEBUG | CURRENT ANQI MAO THRESH: 0.3505016722408027 | USER inaccurate_not_trusting | ITER 2
2026-03-27 17:32:15,817 | WARNING | Drift here! Record index 270
2026-03-27 17:32:15,837 | WARNING | DRIFT DETECTED | Phase: MiC | Strat: Mao
2026-03-27 17:32:15,838 | INFO | DRIFT METRICS: Current  belief_threshold: 0.7 | Last 5 FEA: [0.47191011235955055, 0.47388059701492535, 0.4721189591078067, 0.4740740740740741, 0.47232472324723246]
2026-03-27 17:32:15,842 | INFO | Drift df saved to: processed_data\compas\drift_checkpoints\MiC\iter_2\MiC_inaccurate_not_trusting_Mao_0.1.parquet
2026-03-27 17:32:15,849 | INFO | Beta 01 | Iteration 2 | System FEA: 44.65
2026-03-27 17:32:15,857 | INFO | Saved Strat 2, Beta 0.1 results to: .\processed_data\compas\mic_result_ds\iter_2\results_inacc_nt\strats\Mao_beta_01.parquet
2026-03-27 17:32:15,858 | INFO |  Current Beta 0.3 | Start Perf: 51.12
2026-03-27 17:32:15,858 | DEBUG | RETRIEVING NET | User inaccurate_not_trusting | Iter 2
2026-03-27 17:32:15,860 | DEBUG | RETRIEVING R-NET | PATH .\r_nets\compas\iter_2\beta_03\r_net_inaccurate_not_trusting.pth
2026-03-27 17:32:15,863 | DEBUG |  Picking closest thresh: 35.915493%
2026-03-27 17:32:15,863 | DEBUG | CURRENT ANQI MAO THRESH: 0.40133779264214053 | USER inaccurate_not_trusting | ITER 2
2026-03-27 17:33:55,312 | INFO | Beta 03 | Iteration 2 | System FEA: 55.83
2026-03-27 17:33:55,320 | INFO | Saved Strat 2, Beta 0.3 results to: .\processed_data\compas\mic_result_ds\iter_2\results_inacc_nt\strats\Mao_beta_03.parquet
2026-03-27 17:33:55,321 | INFO |  Current Beta 0.5 | Start Perf: 58.99
2026-03-27 17:33:55,321 | DEBUG | RETRIEVING NET | User inaccurate_not_trusting | Iter 2
2026-03-27 17:33:55,323 | DEBUG | RETRIEVING R-NET | PATH .\r_nets\compas\iter_2\beta_05\r_net_inaccurate_not_trusting.pth
2026-03-27 17:33:55,325 | DEBUG |  Picking closest thresh: 25.915493%
2026-03-27 17:33:55,326 | DEBUG | CURRENT ANQI MAO THRESH: 0.5003344481605352 | USER inaccurate_not_trusting | ITER 2
2026-03-27 17:34:20,596 | WARNING | Drift here! Record index 270
2026-03-27 17:34:20,614 | WARNING | DRIFT DETECTED | Phase: MiC | Strat: Mao
2026-03-27 17:34:20,615 | INFO | DRIFT METRICS: Current  belief_threshold: 0.7 | Last 5 FEA: [0.5280898876404494, 0.5298507462686567, 0.5278810408921933, 0.5296296296296297, 0.5313653136531366]
2026-03-27 17:34:20,619 | INFO | Drift df saved to: processed_data\compas\drift_checkpoints\MiC\iter_2\MiC_inaccurate_not_trusting_Mao_0.5.parquet
2026-03-27 17:34:20,624 | INFO | Beta 05 | Iteration 2 | System FEA: 47.82
2026-03-27 17:34:20,629 | INFO | Saved Strat 2, Beta 0.5 results to: .\processed_data\compas\mic_result_ds\iter_2\results_inacc_nt\strats\Mao_beta_05.parquet
2026-03-27 17:34:20,630 | INFO |  Current Beta 0.7 | Start Perf: 55.54
2026-03-27 17:34:20,630 | DEBUG | RETRIEVING NET | User inaccurate_not_trusting | Iter 2
2026-03-27 17:34:20,632 | DEBUG | RETRIEVING R-NET | PATH .\r_nets\compas\iter_2\beta_07\r_net_inaccurate_not_trusting.pth
2026-03-27 17:34:20,635 | DEBUG |  Picking closest thresh: 25.211268%
2026-03-27 17:34:20,635 | DEBUG | CURRENT ANQI MAO THRESH: 0.5725752508361205 | USER inaccurate_not_trusting | ITER 2
2026-03-27 17:34:45,860 | WARNING | Drift here! Record index 270
2026-03-27 17:34:45,880 | WARNING | DRIFT DETECTED | Phase: MiC | Strat: Mao
2026-03-27 17:34:45,881 | INFO | DRIFT METRICS: Current  belief_threshold: 0.7 | Last 5 FEA: [0.5355805243445693, 0.5373134328358209, 0.5353159851301115, 0.5370370370370371, 0.5387453874538746]
2026-03-27 17:34:45,887 | INFO | Drift df saved to: processed_data\compas\drift_checkpoints\MiC\iter_2\MiC_inaccurate_not_trusting_Mao_0.7.parquet
2026-03-27 17:34:45,892 | INFO | Beta 07 | Iteration 2 | System FEA: 49.53
2026-03-27 17:34:45,902 | INFO | Saved Strat 2, Beta 0.7 results to: .\processed_data\compas\mic_result_ds\iter_2\results_inacc_nt\strats\Mao_beta_07.parquet
2026-03-27 17:34:45,902 | INFO |  Current Beta 0.9 | Start Perf: 57.38
2026-03-27 17:34:45,902 | DEBUG | RETRIEVING NET | User inaccurate_not_trusting | Iter 2
2026-03-27 17:34:45,905 | DEBUG | RETRIEVING R-NET | PATH .\r_nets\compas\iter_2\beta_09\r_net_inaccurate_not_trusting.pth
2026-03-27 17:34:45,910 | DEBUG | CURRENT ANQI MAO THRESH: 0.6314381270903011 | USER inaccurate_not_trusting | ITER 2
2026-03-27 17:35:11,144 | WARNING | Drift here! Record index 270
2026-03-27 17:35:11,163 | WARNING | DRIFT DETECTED | Phase: MiC | Strat: Mao
2026-03-27 17:35:11,164 | INFO | DRIFT METRICS: Current  belief_threshold: 0.7 | Last 5 FEA: [0.5205992509363296, 0.5223880597014925, 0.5204460966542751, 0.5222222222222223, 0.5239852398523985]
2026-03-27 17:35:11,171 | INFO | Drift df saved to: processed_data\compas\drift_checkpoints\MiC\iter_2\MiC_inaccurate_not_trusting_Mao_0.9.parquet
2026-03-27 17:35:11,176 | INFO | Beta 09 | Iteration 2 | System FEA: 48.87
2026-03-27 17:35:11,183 | INFO | Saved Strat 2, Beta 0.9 results to: .\processed_data\compas\mic_result_ds\iter_2\results_inacc_nt\strats\Mao_beta_09.parquet
2026-03-27 17:35:11,186 | INFO | STARTING MIC RUN | User: inaccurate_not_trusting | DS: compas
2026-03-27 17:35:11,186 | INFO | ---  ITERATION 3/3 ---
2026-03-27 17:35:11,186 | DEBUG | RETRIEVING NET | User inaccurate_not_trusting | Iter 3 | NET 32_16_model_*.pt
2026-03-27 17:35:11,196 | INFO | Loaded Tau: 0.55, iter 3
2026-03-27 17:35:11,198 | INFO | STARTING STRAT Confidence | USER inaccurate_not_trusting | Iter 3
2026-03-27 17:35:11,198 | INFO | Iteration 3 starting with benchmark: 47.16, delta: 0.03
2026-03-27 17:36:53,948 | INFO | Finished Iteration 3, strat Confidence | System FEA: 53.23 | Delta: 0.05
2026-03-27 17:36:53,959 | INFO | Saved Strat 1 results to: .\processed_data\compas\mic_result_ds\iter_3\results_inacc_nt\strats\Confidence.parquet
2026-03-27 17:36:53,960 | INFO | STARTING STRAT Mao | USER inaccurate_not_trusting | Iter 3
2026-03-27 17:36:53,960 | INFO |  Current Beta 0.1 | Start Perf: 44.65
2026-03-27 17:36:53,960 | DEBUG | RETRIEVING NET | User inaccurate_not_trusting | Iter 3
2026-03-27 17:36:53,962 | DEBUG | RETRIEVING R-NET | PATH .\r_nets\compas\iter_3\beta_01\r_net_inaccurate_not_trusting.pth
2026-03-27 17:36:53,965 | DEBUG |  Picking closest thresh: 8.146067%
2026-03-27 17:36:53,965 | DEBUG | CURRENT ANQI MAO THRESH: 0.3906354515050168 | USER inaccurate_not_trusting | ITER 3
2026-03-27 17:38:35,837 | INFO | Beta 01 | Iteration 3 | System FEA: 47.64
2026-03-27 17:38:35,845 | INFO | Saved Strat 2, Beta 0.1 results to: .\processed_data\compas\mic_result_ds\iter_3\results_inacc_nt\strats\Mao_beta_01.parquet
2026-03-27 17:38:35,845 | INFO |  Current Beta 0.3 | Start Perf: 55.83
2026-03-27 17:38:35,845 | DEBUG | RETRIEVING NET | User inaccurate_not_trusting | Iter 3
2026-03-27 17:38:35,847 | DEBUG | RETRIEVING R-NET | PATH .\r_nets\compas\iter_3\beta_03\r_net_inaccurate_not_trusting.pth
2026-03-27 17:38:35,850 | DEBUG |  Picking closest thresh: 1.123596%
2026-03-27 17:38:35,851 | DEBUG | CURRENT ANQI MAO THRESH: 0.4280936454849499 | USER inaccurate_not_trusting | ITER 3
2026-03-27 17:39:02,020 | WARNING | Drift here! Record index 270
2026-03-27 17:39:02,034 | WARNING | DRIFT DETECTED | Phase: MiC | Strat: Mao
2026-03-27 17:39:02,034 | INFO | DRIFT METRICS: Current  belief_threshold: 0.7 | Last 5 FEA: [0.49812734082397003, 0.5, 0.49814126394052044, 0.5, 0.5018450184501845]
2026-03-27 17:39:02,039 | INFO | Drift df saved to: processed_data\compas\drift_checkpoints\MiC\iter_3\MiC_inaccurate_not_trusting_Mao_0.3.parquet
2026-03-27 17:39:02,044 | INFO | Beta 03 | Iteration 3 | System FEA: 46.56
2026-03-27 17:39:02,049 | INFO | Saved Strat 2, Beta 0.3 results to: .\processed_data\compas\mic_result_ds\iter_3\results_inacc_nt\strats\Mao_beta_03.parquet
2026-03-27 17:39:02,049 | INFO |  Current Beta 0.5 | Start Perf: 47.82
2026-03-27 17:39:02,050 | DEBUG | RETRIEVING NET | User inaccurate_not_trusting | Iter 3
2026-03-27 17:39:02,052 | DEBUG | RETRIEVING R-NET | PATH .\r_nets\compas\iter_3\beta_05\r_net_inaccurate_not_trusting.pth
2026-03-27 17:39:02,056 | DEBUG |  Picking closest thresh: 10.112360%
2026-03-27 17:39:02,057 | DEBUG | CURRENT ANQI MAO THRESH: 0.5270903010033445 | USER inaccurate_not_trusting | ITER 3
2026-03-27 17:40:44,076 | INFO | Beta 05 | Iteration 3 | System FEA: 49.96
2026-03-27 17:40:44,086 | INFO | Saved Strat 2, Beta 0.5 results to: .\processed_data\compas\mic_result_ds\iter_3\results_inacc_nt\strats\Mao_beta_05.parquet
2026-03-27 17:40:44,086 | INFO |  Current Beta 0.7 | Start Perf: 49.53
2026-03-27 17:40:44,086 | DEBUG | RETRIEVING NET | User inaccurate_not_trusting | Iter 3
2026-03-27 17:40:44,088 | DEBUG | RETRIEVING R-NET | PATH .\r_nets\compas\iter_3\beta_07\r_net_inaccurate_not_trusting.pth
2026-03-27 17:40:44,091 | DEBUG | CURRENT ANQI MAO THRESH: 0.593979933110368 | USER inaccurate_not_trusting | ITER 3
2026-03-27 17:42:26,517 | INFO | Beta 07 | Iteration 3 | System FEA: 50.35
2026-03-27 17:42:26,524 | INFO | Saved Strat 2, Beta 0.7 results to: .\processed_data\compas\mic_result_ds\iter_3\results_inacc_nt\strats\Mao_beta_07.parquet
2026-03-27 17:42:26,524 | INFO |  Current Beta 0.9 | Start Perf: 48.87
2026-03-27 17:42:26,524 | DEBUG | RETRIEVING NET | User inaccurate_not_trusting | Iter 3
2026-03-27 17:42:26,526 | DEBUG | RETRIEVING R-NET | PATH .\r_nets\compas\iter_3\beta_09\r_net_inaccurate_not_trusting.pth
2026-03-27 17:42:26,529 | DEBUG | CURRENT ANQI MAO THRESH: 0.6528428093645485 | USER inaccurate_not_trusting | ITER 3
2026-03-27 17:44:08,652 | INFO | Beta 09 | Iteration 3 | System FEA: 49.52
2026-03-27 17:44:08,660 | INFO | Saved Strat 2, Beta 0.9 results to: .\processed_data\compas\mic_result_ds\iter_3\results_inacc_nt\strats\Mao_beta_09.parquet
